22:25:13.407 [DEBUG] [Preparing][main][c.d.cover.ui.a.u] Client heap size: 4028 MB
22:25:13.416 [INFO]  [Preparing][main][c.d.cover.ui.a.u] Diffblue Cover 2023.08.02-1086ce8-unrestricted
22:25:13.417 [INFO]  [Preparing][main][c.d.cover.ui.a.u] 
22:25:13.417 [INFO]  [Preparing][main][c.d.cover.ui.a.u] Running: dcover create --working-directory=app --keep-partial-tests
22:25:15.428 [INFO]  [Checking][main][c.d.cover.ui.a.j] Detecting environment:
22:25:15.428 [INFO]  [Checking][main][c.d.cover.ui.a.j] ----------------------
22:25:15.591 [INFO]  [Checking][main][c.d.cover.ui.a.j] Detected Java version 17.0.6
22:25:17.180 [DEBUG] [Checking][main][c.d.d.g.a] Querying Gradle project info using --init-script C:\Users\cbontoiu\AppData\Local\Temp\diffblueGradleInit13352057693825790812.gradle and plugin C:\Users\cbontoiu\AppData\Local\Temp\diffblueGradlePlugin3642726865002892867.jar
22:25:17.182 [DEBUG] [Checking][gradle][c.d.d.g.a] cmd: gradle --init-script C:\Users\cbontoiu\AppData\Local\Temp\diffblueGradleInit13352057693825790812.gradle --info (equivalent via API)
22:25:17.307 [DEBUG] [Checking][gradle][c.d.d.g.a] out: The client will now receive all logging from the daemon (pid: 18420). The daemon log file: C:\Users\cbontoiu\.gradle\daemon\8.2\daemon-18420.out.log
22:25:17.308 [DEBUG] [Checking][gradle][c.d.d.g.a] out: Starting 6th build in daemon [uptime: 1 mins 45.676 secs, performance: 100%, GC rate: 0.00/s, heap usage: 0% of 512 MiB, non-heap usage: 19% of 384 MiB]
22:25:17.308 [DEBUG] [Checking][gradle][c.d.d.g.a] out: Closing daemon's stdin at end of input.
22:25:17.308 [DEBUG] [Checking][gradle][c.d.d.g.a] out: The daemon will no longer process any standard input.
22:25:17.308 [DEBUG] [Checking][gradle][c.d.d.g.a] out: Using 8 worker leases.
22:25:17.308 [DEBUG] [Checking][gradle][c.d.d.g.a] out: Now considering [C:\Users\cbontoiu\Desktop\DiffblueTutorials\DemoCLI] as hierarchies to watch
22:25:17.308 [DEBUG] [Checking][gradle][c.d.d.g.a] out: Watching the file system is configured to be enabled if available
22:25:17.308 [DEBUG] [Checking][gradle][c.d.d.g.a] out: File system watching is active
22:25:17.308 [DEBUG] [Checking][gradle][c.d.d.g.a] out: Compiling initialization script 'C:\Users\cbontoiu\AppData\Local\Temp\diffblueGradleInit13352057693825790812.gradle' using SubsetScriptTransformer.
22:25:17.401 [DEBUG] [Checking][gradle][c.d.d.g.a] out: The configuration classpath is both resolvable and consumable. This is considered a legacy configuration and it will eventually only be possible to be one of these.
22:25:17.401 [DEBUG] [Checking][gradle][c.d.d.g.a] out: The configuration classpath is both consumable and declarable. This combination is incorrect, only one of these flags should be set.
22:25:17.401 [DEBUG] [Checking][gradle][c.d.d.g.a] out: The configuration classpath is both resolvable and consumable. This is considered a legacy configuration and it will eventually only be possible to be one of these.
22:25:17.401 [DEBUG] [Checking][gradle][c.d.d.g.a] out: The configuration classpath is both consumable and declarable. This combination is incorrect, only one of these flags should be set.
22:25:17.401 [DEBUG] [Checking][gradle][c.d.d.g.a] out: Compiling initialization script 'C:\Users\cbontoiu\AppData\Local\Temp\diffblueGradleInit13352057693825790812.gradle' using BuildScriptTransformer.
22:25:17.696 [DEBUG] [Checking][gradle][c.d.d.g.a] out: Starting Build
22:25:17.696 [DEBUG] [Checking][gradle][c.d.d.g.a] out: Settings evaluated using settings file 'C:\Users\cbontoiu\Desktop\DiffblueTutorials\DemoCLI\settings.gradle'.
22:25:17.696 [DEBUG] [Checking][gradle][c.d.d.g.a] out: Projects loaded. Root project using build file 'C:\Users\cbontoiu\Desktop\DiffblueTutorials\DemoCLI\build.gradle'.
22:25:17.696 [DEBUG] [Checking][gradle][c.d.d.g.a] out: Included projects: [root project 'DemoCLI', project ':app', project ':common']
22:25:17.807 [DEBUG] [Checking][gradle][c.d.d.g.a] out: 
22:25:17.807 [DEBUG] [Checking][gradle][c.d.d.g.a] out: > Configure project :
22:25:17.807 [DEBUG] [Checking][gradle][c.d.d.g.a] out: Evaluating root project 'DemoCLI' using build file 'C:\Users\cbontoiu\Desktop\DiffblueTutorials\DemoCLI\build.gradle'.
22:25:17.807 [DEBUG] [Checking][gradle][c.d.d.g.a] out: Configuring Jacoco Plugin for use with Diffblue Cover
22:25:17.807 [DEBUG] [Checking][gradle][c.d.d.g.a] out: Configuring task :test for use with Diffblue Cover
22:25:17.807 [DEBUG] [Checking][gradle][c.d.d.g.a] out: ignoreFailures: false
22:25:17.807 [DEBUG] [Checking][gradle][c.d.d.g.a] out: excludes: []
22:25:17.807 [DEBUG] [Checking][gradle][c.d.d.g.a] out: includes: []
22:25:17.807 [DEBUG] [Checking][gradle][c.d.d.g.a] out: Configuring task :jacocoTestReport for use with Diffblue Cover
22:25:17.807 [DEBUG] [Checking][gradle][c.d.d.g.a] out: Configuring task :jacocoTestReportDeletePrevious for use with Diffblue Cover
22:25:17.807 [DEBUG] [Checking][gradle][c.d.d.g.a] out: Configuring task :jacocoTestReportPrepareEmptyExec for use with Diffblue Cover
22:25:17.807 [DEBUG] [Checking][gradle][c.d.d.g.a] out: 
22:25:17.807 [DEBUG] [Checking][gradle][c.d.d.g.a] out: > Configure project :app
22:25:17.807 [DEBUG] [Checking][gradle][c.d.d.g.a] out: Evaluating project ':app' using build file 'C:\Users\cbontoiu\Desktop\DiffblueTutorials\DemoCLI\app\build.gradle'.
22:25:17.808 [DEBUG] [Checking][gradle][c.d.d.g.a] out: Configuring Jacoco Plugin for use with Diffblue Cover
22:25:17.808 [DEBUG] [Checking][gradle][c.d.d.g.a] out: Configuring task :app:test for use with Diffblue Cover
22:25:17.808 [DEBUG] [Checking][gradle][c.d.d.g.a] out: ignoreFailures: false
22:25:17.808 [DEBUG] [Checking][gradle][c.d.d.g.a] out: excludes: []
22:25:17.808 [DEBUG] [Checking][gradle][c.d.d.g.a] out: includes: []
22:25:17.808 [DEBUG] [Checking][gradle][c.d.d.g.a] out: Configuring task :app:jacocoTestReport for use with Diffblue Cover
22:25:17.808 [DEBUG] [Checking][gradle][c.d.d.g.a] out: Configuring task :app:jacocoTestReportDeletePrevious for use with Diffblue Cover
22:25:17.808 [DEBUG] [Checking][gradle][c.d.d.g.a] out: Configuring task :app:jacocoTestReportPrepareEmptyExec for use with Diffblue Cover
22:25:17.808 [DEBUG] [Checking][gradle][c.d.d.g.a] out: 
22:25:17.808 [DEBUG] [Checking][gradle][c.d.d.g.a] out: > Configure project :common
22:25:17.808 [DEBUG] [Checking][gradle][c.d.d.g.a] out: Evaluating project ':common' using build file 'C:\Users\cbontoiu\Desktop\DiffblueTutorials\DemoCLI\common\build.gradle'.
22:25:17.808 [DEBUG] [Checking][gradle][c.d.d.g.a] out: Configuring Jacoco Plugin for use with Diffblue Cover
22:25:17.808 [DEBUG] [Checking][gradle][c.d.d.g.a] out: Configuring task :common:test for use with Diffblue Cover
22:25:17.808 [DEBUG] [Checking][gradle][c.d.d.g.a] out: ignoreFailures: false
22:25:17.808 [DEBUG] [Checking][gradle][c.d.d.g.a] out: excludes: []
22:25:17.809 [DEBUG] [Checking][gradle][c.d.d.g.a] out: includes: []
22:25:17.809 [DEBUG] [Checking][gradle][c.d.d.g.a] out: Configuring task :common:jacocoTestReport for use with Diffblue Cover
22:25:17.809 [DEBUG] [Checking][gradle][c.d.d.g.a] out: Configuring task :common:jacocoTestReportDeletePrevious for use with Diffblue Cover
22:25:17.809 [DEBUG] [Checking][gradle][c.d.d.g.a] out: Configuring task :common:jacocoTestReportPrepareEmptyExec for use with Diffblue Cover
22:25:17.809 [DEBUG] [Checking][gradle][c.d.d.g.a] out: All projects evaluated.
22:25:17.809 [DEBUG] [Checking][gradle][c.d.d.g.a] out: The configuration :app:coverageDataElementsForTest is both consumable and declarable. This combination is incorrect, only one of these flags should be set.
22:25:17.809 [DEBUG] [Checking][gradle][c.d.d.g.a] out: The configuration :app:mainSourceElements is both consumable and declarable. This combination is incorrect, only one of these flags should be set.
22:25:17.809 [DEBUG] [Checking][gradle][c.d.d.g.a] out: The configuration :common:coverageDataElementsForTest is both consumable and declarable. This combination is incorrect, only one of these flags should be set.
22:25:17.809 [DEBUG] [Checking][gradle][c.d.d.g.a] out: The configuration :common:mainSourceElements is both consumable and declarable. This combination is incorrect, only one of these flags should be set.
22:25:17.809 [DEBUG] [Checking][gradle][c.d.d.g.a] out: 
22:25:17.809 [DEBUG] [Checking][gradle][c.d.d.g.a] out: CONFIGURE SUCCESSFUL in 572ms
22:25:17.809 [DEBUG] [Checking][gradle][c.d.d.g.a] out: Watched directory hierarchies: [C:\Users\cbontoiu\Desktop\DiffblueTutorials\DemoCLI]
22:25:18.185 [INFO]  [Checking][main][c.d.cover.ui.a.j] Detected build system: Gradle 8.2
22:25:18.190 [INFO]  [Checking][main][c.d.cover.n.a.ag] Operating System: Windows 11 amd64 10.0
22:25:18.190 [INFO]  [Checking][main][c.d.cover.n.a.ag] Default charset: windows-1252
22:25:18.191 [INFO]  [Checking][main][c.d.cover.n.a.ag] Default locale: en_GB
22:25:18.191 [INFO]  [Checking][main][c.d.cover.n.a.ag] Default time zone: Europe/London
22:25:18.193 [INFO]  [Checking][main][c.d.cover.ui.a.j] Selected build system: Gradle
22:25:18.198 [INFO]  [Checking][main][c.d.cover.ui.a.j] Selected classpath from build system Gradle
22:25:18.199 [INFO]  [Checking][main][c.d.cover.n.c.b] Expanded classpath: 
C:\Users\cbontoiu\Desktop\DiffblueTutorials\DemoCLI\app\build\classes\java\test
C:\Users\cbontoiu\Desktop\DiffblueTutorials\DemoCLI\app\build\classes\java\main (code under test)
C:\Users\cbontoiu\Desktop\DiffblueTutorials\DemoCLI\app\build\resources\test
C:\Users\cbontoiu\Desktop\DiffblueTutorials\DemoCLI\app\build\resources\main
C:\Users\cbontoiu\Desktop\DiffblueTutorials\DemoCLI\common\build\libs\common-1.0-SNAPSHOT.jar
C:\Users\cbontoiu\.gradle\caches\modules-2\files-2.1\org.junit.jupiter\junit-jupiter\5.10.0\8fea1d9c58b2156f1b998f2f18da04bc9e087f74\junit-jupiter-5.10.0.jar
C:\Users\cbontoiu\.gradle\caches\modules-2\files-2.1\org.junit.jupiter\junit-jupiter-params\5.10.0\9041c7365495a897a64782ea5a6fdb99dab1814e\junit-jupiter-params-5.10.0.jar
C:\Users\cbontoiu\.gradle\caches\modules-2\files-2.1\org.junit.jupiter\junit-jupiter-engine\5.10.0\90587932d718fc51a48112d33045a18476c542ad\junit-jupiter-engine-5.10.0.jar
C:\Users\cbontoiu\.gradle\caches\modules-2\files-2.1\org.junit.jupiter\junit-jupiter-api\5.10.0\2fe4ba3d31d5067878e468c96aa039005a9134d3\junit-jupiter-api-5.10.0.jar
C:\Users\cbontoiu\.gradle\caches\modules-2\files-2.1\org.junit.platform\junit-platform-engine\1.10.0\276c4edcf64fabb5a139fa7b4f99330d7a93b804\junit-platform-engine-1.10.0.jar
C:\Users\cbontoiu\.gradle\caches\modules-2\files-2.1\org.junit.platform\junit-platform-commons\1.10.0\d533ff2c286eaf963566f92baf5f8a06628d2609\junit-platform-commons-1.10.0.jar
C:\Users\cbontoiu\.gradle\caches\modules-2\files-2.1\org.mockito\mockito-core\5.4.0\30bcbe79f7bd51b53debfc4c6014d0bea4935e37\mockito-core-5.4.0.jar
C:\Users\cbontoiu\.gradle\caches\modules-2\files-2.1\net.bytebuddy\byte-buddy\1.14.5\28a424c0c4f362568e904d992c239c996cf7adc7\byte-buddy-1.14.5.jar
C:\Users\cbontoiu\.gradle\caches\modules-2\files-2.1\net.bytebuddy\byte-buddy-agent\1.14.5\20f4e9b9d0ffb953657bfa4b92c0cceb27907d58\byte-buddy-agent-1.14.5.jar
C:\Users\cbontoiu\.gradle\caches\modules-2\files-2.1\org.objenesis\objenesis\3.3\1049c09f1de4331e8193e579448d0916d75b7631\objenesis-3.3.jar
C:\Users\cbontoiu\.gradle\caches\modules-2\files-2.1\org.opentest4j\opentest4j\1.3.0\152ea56b3a72f655d4fd677fc0ef2596c3dd5e6e\opentest4j-1.3.0.jar
22:25:18.367 [INFO]  [Checking][main][c.d.cover.ui.a.j] Detected test framework: JUnit Jupiter 5.10.0
22:25:18.374 [INFO]  [Checking][main][c.d.cover.ui.a.j] Detected JUnit Jupiter version 5.10.0
22:25:18.381 [INFO]  [Checking][main][c.d.cover.ui.a.j] Detected JUnit Jupiter Params version 5.10.0
22:25:18.441 [INFO]  [Checking][main][c.d.cover.ui.a.j] Detected Mockito version 5.4.0
22:25:19.013 [INFO]  [Checking][main][c.d.cover.ui.a.j] Indexing...
22:25:19.387 [INFO]  [Checking][main][c.d.cover.ui.a.j] Selected test output directory: C:\Users\cbontoiu\Desktop\DiffblueTutorials\DemoCLI\app\src\test\java
22:25:19.395 [INFO]  [Checking][main][c.d.d.g.b] Running: Using JAVA_HOME: C:\Program Files\Java\jdk-17 : in C:\Users\cbontoiu\Desktop\DiffblueTutorials\DemoCLI\app : gradle test -i  DummyJupiterDiffblueTest
22:25:21.989 [DEBUG] [Checking][main][c.d.cover.n.c.m] JUnitJupiter5 is present
22:25:21.989 [DEBUG] [Checking][main][c.d.cover.n.c.m] JUnitJupiter5 is supported
22:25:21.989 [DEBUG] [Checking][main][c.d.cover.n.c.m] JUnit 5 is present and either it's not been specified by the user or it is the same as the version the user specified
22:25:21.990 [INFO]  [Checking][main][c.d.cover.ui.a.j] Selected test framework: JUnit Jupiter
22:25:22.070 [INFO]  [Checking][main][c.d.d.g.b] Running: Using JAVA_HOME: C:\Program Files\Java\jdk-17 : in C:\Users\cbontoiu\Desktop\DiffblueTutorials\DemoCLI\app : gradle test -i  DummyJUnitJupiterLauncherDiffblueTest
22:25:23.443 [INFO]  [Checking][main][c.d.cover.ui.a.j] Detected JVM architecture: 64-Bit
22:25:24.112 [INFO]  [Checking][main][c.d.cover.ui.a.j] Selected Java language compliance level: 17
22:25:24.113 [INFO]  [Checking][main][c.d.cover.ui.a.j] Selected test validation: enabled
22:25:24.136 [INFO]  [Checking][main][c.d.cover.ui.a.j] Prefixes for filtering classes/methods:
22:25:24.138 [INFO]  [Checking][main][c.d.cover.ui.a.j] - org.action
22:25:24.140 [INFO]  [Checking][main][c.d.cover.ui.a.j] - org.base
22:25:24.140 [INFO]  [Checking][main][c.d.cover.ui.a.j] - org.features
22:25:24.141 [INFO]  [Checking][main][c.d.cover.ui.a.j] Gathering methods to test...
22:25:24.814 [INFO]  [Reporting][main][c.d.cover.ui.a.j] 
22:25:24.814 [INFO]  [Reporting][main][c.d.cover.ui.a.j] Environment summary:
22:25:24.814 [INFO]  [Reporting][main][c.d.cover.ui.a.j] --------------------
22:25:24.817 [INFO]  [Reporting][main][c.d.cover.ui.a.j] Java version                  17.0.6                        SUCCESS        
22:25:24.817 [INFO]  [Reporting][main][c.d.cover.ui.a.j] Build system                  Gradle                        SUCCESS        
22:25:24.817 [INFO]  [Reporting][main][c.d.cover.ui.a.j] Mocking Framework             Mockito 5.4.0                 SUCCESS        
22:25:24.817 [DEBUG] [Reporting][main][c.d.cover.ui.a.j] Surefire version              Skipped                       -----          
22:25:24.817 [INFO]  [Reporting][main][c.d.cover.ui.a.j] Testing framework             JUnit Jupiter 5               SUCCESS        
22:25:24.817 [DEBUG] [Reporting][main][c.d.cover.ui.a.j] JavaEE version                Skipped                       -----          
22:25:24.817 [DEBUG] [Reporting][main][c.d.cover.ui.a.j] JaCoCo plugin version         Skipped                       -----          
22:25:24.817 [INFO]  [Reporting][main][c.d.cover.ui.a.j] Launcher                      JUnit Jupiter                 SUCCESS        
22:25:24.817 [INFO]  [Reporting][main][c.d.cover.ui.a.j] Test validation               Enabled                       SUCCESS        
22:25:24.817 [DEBUG] [Reporting][main][c.d.cover.ui.a.j] Hamcrest                      Not Detected                  -----          
22:25:24.817 [DEBUG] [Reporting][main][c.d.cover.ui.a.j] Spring Core                   Not Detected                  -----          
22:25:24.817 [DEBUG] [Reporting][main][c.d.cover.ui.a.j] Spring Boot                   Skipped                       -----          
22:25:24.817 [DEBUG] [Reporting][main][c.d.cover.ui.a.j] Spring Boot Test              Skipped                       -----          
22:25:24.817 [DEBUG] [Reporting][main][c.d.cover.ui.a.j] Spring Web                    Skipped                       -----          
22:25:24.817 [DEBUG] [Reporting][main][c.d.cover.ui.a.j] Spring Security Web           Skipped                       -----          
22:25:24.817 [DEBUG] [Reporting][main][c.d.cover.ui.a.j] Spring Test                   Skipped                       -----          
22:25:24.818 [INFO]  [Reporting][main][c.d.cover.ui.a.j] 
22:25:24.818 [INFO]  [Reporting][main][c.d.cover.ui.a.j] Environment check status: SUCCESS
22:25:24.852 [DEBUG] [Creating][pool-5-thread-1][c.d.cover.k.a.g] Configuration:
Module: 
Configuration: 
 features=[TESTING_FRAMEWORK_JUNIT_JUPITER5, JUNIT_JUPITER_PARAMS, MOCKING, MOCKITO_SESSION, INCLUDE_SYSTEM_ENVIRONMENT_VARIABLES, INLINE_ACT_INTO_ASSERT, INLINE_ARRANGE_INTO_ACT_ASSERT, INLINE_CHAINED_MEMBER_ACCESSES, INLINE_CONSTRUCTORS, INLINE_IMMEDIATE_VALUES, JOIN_SIMPLE_TESTS, SHOW_SECTION_COMMENTS, KEEP_NON_COMPILING_TESTS, KEEP_NONDETERMINISTIC_TESTS, KEEP_TESTS_WITHOUT_ASSERTIONS, KEEP_TESTS_WITH_VIOLATIONS, KEEP_THROWING_TESTS, PREFLIGHT_ENABLE_TEST_EXECUTION, REPORT, SANDBOXING, VALIDATION, ANALYZER_SERVICE, VERIFICATION]
 analyzerServiceIdleTimeout=PT2M
 coverReportsBaseUrl=Optional.empty
 coverReportsGroupName=12/09/2023, 22:25
 coverReportsProject=Optional.empty
 environmentVariables={}
 complianceLevel=17
 fuzzingIterations=1000
 jacocoCommandDiffblue=Optional.empty
 jacocoCommandManual=Optional.empty
 jacocoXmlTestReport=Optional.empty
 jacocoXmlTestReportDiffblue=C:\Users\cbontoiu\Desktop\DiffblueTutorials\DemoCLI\app\.diffblue\reports\diffblue-tests-jacoco-report.xml
 jacocoXmlTestReportManual=C:\Users\cbontoiu\Desktop\DiffblueTutorials\DemoCLI\app\.diffblue\reports\manual-tests-jacoco-report.xml
 sandboxAllowedJavaNativeInterfacePrefixes=[]
 mockingFramework=MOCKITO_5_0_0
 mockClasses=[]
 mockStaticClasses=[]
 workingDirectory=C:\Users\cbontoiu\Desktop\DiffblueTutorials\DemoCLI\app
 classpath=Classpath(16 full entries, 1 code under test entries)
 warningsToSuppress=[]
 perMethodTimeouts=Timeouts{softTimeout=PT20S, initialExecutionTimeout=PT20S, hardTimeout=PT1M, springStartupTimeout=PT4M}
 reportFile=C:\Users\cbontoiu\Desktop\DiffblueTutorials\DemoCLI\app\.diffblue\reports\report.json
 activeProfiles=[]
 classScheme=${CLASS_NAME}DiffblueTest
 methodScheme=test${INNER_CLASS_NAME}${METHOD_NAME}
 springConfigurationClasses=[]
 testOutputDirectory=C:\Users\cbontoiu\Desktop\DiffblueTutorials\DemoCLI\app\src\test\java
 validationCommand=Optional.empty
 validationTimeout=PT30M
 jacocoVersion=null
 observerMethodSpecification=MethodSpecification[excludedPrefixes=[]]
 analyzerServiceRestartFrequency=50

22:25:24.855 [INFO]  [Creating][pool-5-thread-1][c.d.cover.ui.d.b] Found 16 callable methods in 6 classes
22:25:24.856 [INFO]  [Creating][pool-5-thread-1][c.d.cover.k.a.a] 
22:25:24.857 [INFO]  [Creating][pool-5-thread-1][c.d.cover.k.a.a] Creating tests:
22:25:24.857 [INFO]  [Creating][pool-5-thread-1][c.d.cover.k.a.a] ---------------
22:25:24.878 [INFO]  [Creating][pool-5-thread-1][c.d.cover.k.a.a] 
================================================================================
= Starting analysis for class 'org.action.B'
================================================================================
22:25:24.878 [INFO]  [Creating][pool-5-thread-1][c.d.cover.k.a.a] Filtering out non-testable methods...
22:25:26.709 [INFO]  [Creating][pool-5-thread-1][c.d.cover.k.a.a] Filtering of methods complete. Creating analysis request
22:25:26.709 [INFO]  [Creating][pool-5-thread-1][c.d.c.service.c] Attempting to get service client, retry 1.
22:25:26.719 [INFO]  [Creating][pool-5-thread-1][c.d.c.service.c] Starting monitoring server.
22:25:26.907 [INFO]  [Creating][pool-5-thread-1][c.d.c.service.c] Monitoring server listening on localhost/127.0.0.1:51499
22:25:26.924 [INFO]  [Creating][pool-5-thread-1][c.d.c.service.c] Starting analyzer server process...
22:25:26.924 [INFO]  [Creating][pool-5-thread-1][c.d.c.service.c] Server command-line: C:\Program Files\Java\jdk-17\bin\java.exe -XX:+IgnoreUnrecognizedVMOptions -Djdk.attach.allowAttachSelf=true -ea -javaagent:C:\DiffblueCoverProduct\launcher-shared-jar.jar -Dlogback.configurationFile=C:\Users\cbontoiu\AppData\Local\Temp\diffblue\config\logback-remote-service.xml -Dcom.diffblue.springIsolationJar=C:\DiffblueCoverProduct\cover-isolation-layer.jar -Dcover.jar.path=C:\DiffblueCoverProduct\cover-service-analyzer.jar -Dcom.diffblue.assertionSuggestionJar=C:\DiffblueCoverProduct\cover-service-analyzer.jar -Dcover.main.class=com.diffblue.cover.service.analyzer.Main -jar C:\DiffblueCoverProduct\launcher-shared-jar.jar --service-lifespan 120 --monitoring-service-port 51499 --index-service-port 51499 --debug-log
22:25:26.936 [INFO]  [Creating][pool-5-thread-1][c.d.c.service.c] Server started. Waiting up to 300 seconds for a connection to be established...
22:25:27.825 [DEBUG] [Creating][nullmain][c.d.c.s.a.Main] Service heap size: 4028 MB
22:25:27.936 [INFO]  [Creating][nullmain][c.d.c.s.a.a.b] Starting new remote monitor client
22:25:28.766 [INFO]  [Creating][analyzer-service:main][c.d.c.s.a.a.b] Attempting to start remote server.
22:25:29.073 [INFO]  [Creating][analyzer-service:main][c.d.c.s.a.a.a] Server started, listening on localhost/127.0.0.1:51501
22:25:29.950 [INFO]  [Creating][pool-5-thread-1][c.d.c.service.c] Expect analyzer service to be listening on port 51501.
22:25:30.681 [INFO]  [Creating][pool-5-thread-1][c.d.c.service.c] Started analyzer service and client retrieved.
22:25:33.014 [DEBUG] [Creating][analyzer-service:grpc-default-executor-0][c.d.fuzztest.d.a] Class information:
22:25:33.015 [DEBUG] [Creating][analyzer-service:grpc-default-executor-0][c.d.fuzztest.d.a]   Implements: interface org.utils.I
22:25:33.016 [DEBUG] [Creating][analyzer-service:grpc-default-executor-0][c.d.fuzztest.d.a]   Fields: 
22:25:33.017 [DEBUG] [Creating][analyzer-service:grpc-default-executor-0][c.d.fuzztest.d.a]   Constructors: org.action.B()
22:25:33.018 [DEBUG] [Creating][analyzer-service:grpc-default-executor-0][c.d.fuzztest.d.a]   Methods: public double org.action.B.function(double), public double org.action.B.getTemperature(int), public int org.action.B.getTruncatedTemperature(int)
22:25:33.803 [INFO]  [Creating][analyzer-service:TimedExecutor-4][c.d.fuzztest.f.c] 
================================================================================
= Creating tests for 'org.action.B.<init>:()V' using 'TrM (!sp, !fnm, df, !ris)'
================================================================================
22:25:36.324 [INFO]  [Creating][pool-5-thread-1][c.d.cover.ui.d.b]      [1/16] org.action.B.<init>
22:25:36.324 [INFO]  [Creating][pool-5-thread-1][c.d.cover.ui.d.b]      [1/16]   Partial tests created: 1
22:25:36.324 [INFO]  [Creating][pool-5-thread-1][c.d.cover.ui.d.b]      [1/16]   Reasons for partial tests:
22:25:36.324 [INFO]  [Creating][pool-5-thread-1][c.d.cover.ui.d.b]      [1/16]   R002: Missing observers
22:25:36.324 [INFO]  [Creating][pool-5-thread-1][c.d.cover.ui.d.b]      [1/16]     Diffblue Cover was unable to create an assertion.
22:25:36.324 [INFO]  [Creating][pool-5-thread-1][c.d.cover.ui.d.b]      [1/16]     There are no fields that could be asserted on.
22:25:36.328 [INFO]  [Creating][analyzer-service:TimedExecutor-10][c.d.fuzztest.f.c] 
================================================================================
= Creating tests for 'org.action.B.function:(D)D' using 'SiM (!sp, fnm, df, !ris)'
================================================================================
22:25:38.588 [DEBUG] [Creating][analyzer-service:TimedExecutor-10][c.d.fuzztest.b.d] Refinement loop done: 1 seeds, 1+0 new+accumulated tests, 1+0 tests+partial tests, 12/1000 its
22:25:38.735 [INFO]  [Creating][analyzer-service:grpc-default-executor-0][c.d.fuzztest.f.v] Created 1+0 tests and partial tests via 'SiM (!sp, fnm, df, !ris)', 1/2, returning all 1
22:25:39.122 [INFO]  [Creating][pool-5-thread-1][c.d.cover.ui.d.b]      [2/16] org.action.B.function
22:25:39.122 [INFO]  [Creating][pool-5-thread-1][c.d.cover.ui.d.b]      [2/16]   Tests created: 1
22:25:39.126 [INFO]  [Creating][analyzer-service:TimedExecutor-21][c.d.fuzztest.f.c] 
================================================================================
= Creating tests for 'org.action.B.getTemperature:(I)D' using 'SiM (!sp, fnm, df, !ris)'
================================================================================
22:25:39.271 [DEBUG] [Creating][analyzer-service:TimedExecutor-21][c.d.fuzztest.b.d] Refinement loop done: 1 seeds, 1+0 new+accumulated tests, 1+0 tests+partial tests, 10/1000 its
22:25:39.362 [INFO]  [Creating][analyzer-service:grpc-default-executor-0][c.d.fuzztest.f.v] Created 1+0 tests and partial tests via 'SiM (!sp, fnm, df, !ris)', 1/2, returning all 1
22:25:39.479 [INFO]  [Creating][pool-5-thread-1][c.d.cover.ui.d.b]      [3/16] org.action.B.getTemperature
22:25:39.479 [INFO]  [Creating][pool-5-thread-1][c.d.cover.ui.d.b]      [3/16]   Tests created: 1
22:25:39.482 [INFO]  [Creating][analyzer-service:TimedExecutor-31][c.d.fuzztest.f.c] 
================================================================================
= Creating tests for 'org.action.B.getTruncatedTemperature:(I)I' using 'SiM (!sp, fnm, df, !ris)'
================================================================================
22:25:39.588 [DEBUG] [Creating][analyzer-service:TimedExecutor-31][c.d.fuzztest.b.d] Refinement loop done: 1 seeds, 1+0 new+accumulated tests, 1+0 tests+partial tests, 10/1000 its
22:25:39.651 [INFO]  [Creating][analyzer-service:grpc-default-executor-0][c.d.fuzztest.f.v] Created 1+0 tests and partial tests via 'SiM (!sp, fnm, df, !ris)', 1/2, returning all 1
22:25:39.758 [INFO]  [Creating][pool-5-thread-1][c.d.cover.ui.d.b]      [4/16] org.action.B.getTruncatedTemperature
22:25:39.758 [INFO]  [Creating][pool-5-thread-1][c.d.cover.ui.d.b]      [4/16]   Tests created: 1
22:25:39.766 [INFO]  [Creating][pool-5-thread-1][c.d.cover.ui.d.b] [1/6] org.action.B
22:25:39.767 [INFO]  [Creating][pool-5-thread-1][c.d.cover.ui.d.b] [1/6]   Tests created: 3
22:25:39.768 [INFO]  [Creating][pool-5-thread-1][c.d.cover.ui.d.b] [1/6]   Partial tests created: 1
22:25:39.769 [INFO]  [Creating][pool-5-thread-1][c.d.cover.k.a.a] 
================================================================================
= Starting analysis for class 'org.action.MainApp'
================================================================================
22:25:39.769 [INFO]  [Creating][pool-5-thread-1][c.d.cover.k.a.a] Filtering out non-testable methods...
22:25:39.771 [INFO]  [Creating][pool-5-thread-1][c.d.cover.ui.d.b]      [5/16] org.action.MainApp.main
22:25:39.772 [INFO]  [Creating][pool-5-thread-1][c.d.cover.ui.d.b]      [5/16]   T006: Main method
22:25:39.772 [INFO]  [Creating][pool-5-thread-1][c.d.cover.ui.d.b]      [5/16]     It is difficult to assert on side effects of main methods in a unit test.
22:25:39.772 [INFO]  [Creating][pool-5-thread-1][c.d.cover.ui.d.b]      [5/16]     Refactor the main method. E.g. factor out its body into a separate,
22:25:39.772 [INFO]  [Creating][pool-5-thread-1][c.d.cover.ui.d.b]      [5/16]     accessible method that returns the results that should be asserted on.
22:25:39.772 [INFO]  [Creating][pool-5-thread-1][c.d.cover.ui.d.b]      [5/16]     See https://diff.blue/T006 for information on testing main methods.
22:25:39.773 [INFO]  [Creating][pool-5-thread-1][c.d.cover.k.a.a] Filtering of methods complete. Creating analysis request
22:25:39.773 [INFO]  [Creating][pool-5-thread-1][c.d.c.service.c] Attempting to get service client, retry 1.
22:25:39.808 [DEBUG] [Creating][analyzer-service:grpc-default-executor-0][c.d.fuzztest.d.a] Class information:
22:25:39.809 [DEBUG] [Creating][analyzer-service:grpc-default-executor-0][c.d.fuzztest.d.a]   Fields: 
22:25:39.809 [DEBUG] [Creating][analyzer-service:grpc-default-executor-0][c.d.fuzztest.d.a]   Constructors: public org.action.MainApp()
22:25:39.811 [DEBUG] [Creating][analyzer-service:grpc-default-executor-0][c.d.fuzztest.d.a]   Methods: public static void org.action.MainApp.main(java.lang.String[])
22:25:39.845 [INFO]  [Creating][analyzer-service:TimedExecutor-45][c.d.fuzztest.f.c] 
================================================================================
= Creating tests for 'org.action.MainApp.<init>:()V' using 'TrM (!sp, !fnm, df, !ris)'
================================================================================
22:25:39.886 [INFO]  [Creating][pool-5-thread-1][c.d.cover.ui.d.b]      [6/16] org.action.MainApp.<init>
22:25:39.886 [INFO]  [Creating][pool-5-thread-1][c.d.cover.ui.d.b]      [6/16]   T005: Trivial constructor
22:25:39.886 [INFO]  [Creating][pool-5-thread-1][c.d.cover.ui.d.b]      [6/16]     See https://diff.blue/T005
22:25:39.902 [INFO]  [Creating][pool-5-thread-1][c.d.cover.ui.d.b] [2/6] org.action.MainApp
22:25:39.908 [INFO]  [Creating][pool-5-thread-1][c.d.cover.ui.d.b] [2/6]   Tests created: 0
22:25:39.910 [INFO]  [Creating][pool-5-thread-1][c.d.cover.k.a.a] 
================================================================================
= Starting analysis for class 'org.features.Bear'
================================================================================
22:25:39.910 [INFO]  [Creating][pool-5-thread-1][c.d.cover.k.a.a] Filtering out non-testable methods...
22:25:39.919 [INFO]  [Creating][pool-5-thread-1][c.d.cover.k.a.a] Filtering of methods complete. Creating analysis request
22:25:39.919 [INFO]  [Creating][pool-5-thread-1][c.d.c.service.c] Attempting to get service client, retry 1.
22:25:40.016 [DEBUG] [Creating][analyzer-service:grpc-default-executor-2][c.d.fuzztest.d.a] Class information:
22:25:40.017 [DEBUG] [Creating][analyzer-service:grpc-default-executor-2][c.d.fuzztest.d.a]   Fields: private int org.features.Bear.N
22:25:40.018 [DEBUG] [Creating][analyzer-service:grpc-default-executor-2][c.d.fuzztest.d.a]   Constructors: protected org.features.Bear(int)
22:25:40.018 [DEBUG] [Creating][analyzer-service:grpc-default-executor-2][c.d.fuzztest.d.a]   Methods: public int org.features.Bear.getIt()
22:25:40.065 [INFO]  [Creating][analyzer-service:TimedExecutor-50][c.d.fuzztest.f.c] 
================================================================================
= Creating tests for 'org.features.Bear.<init>:(I)V, org.features.Bear.getIt:()I' using 'TrM (!sp, !fnm, df, !ris)'
================================================================================
22:25:40.234 [INFO]  [Creating][pool-5-thread-1][c.d.cover.ui.d.b]      [7/16] org.features.Bear.<init>
22:25:40.234 [INFO]  [Creating][pool-5-thread-1][c.d.cover.ui.d.b]      [8/16] org.features.Bear.getIt
22:25:40.234 [INFO]  [Creating][pool-5-thread-1][c.d.cover.ui.d.b]      [8/16]   Tests created: 1
22:25:40.242 [INFO]  [Creating][pool-5-thread-1][c.d.cover.ui.d.b] [3/6] org.features.Bear
22:25:40.243 [INFO]  [Creating][pool-5-thread-1][c.d.cover.ui.d.b] [3/6]   Tests created: 1
22:25:40.244 [INFO]  [Creating][pool-5-thread-1][c.d.cover.k.a.a] 
================================================================================
= Starting analysis for class 'org.features.Koala'
================================================================================
22:25:40.244 [INFO]  [Creating][pool-5-thread-1][c.d.cover.k.a.a] Filtering out non-testable methods...
22:25:40.245 [INFO]  [Creating][pool-5-thread-1][c.d.cover.k.a.a] Filtering of methods complete. Creating analysis request
22:25:40.245 [INFO]  [Creating][pool-5-thread-1][c.d.c.service.c] Attempting to get service client, retry 1.
22:25:40.285 [DEBUG] [Creating][analyzer-service:grpc-default-executor-2][c.d.fuzztest.d.a] Class information:
22:25:40.286 [DEBUG] [Creating][analyzer-service:grpc-default-executor-2][c.d.fuzztest.d.a]   Extends: class org.features.Bear
22:25:40.286 [DEBUG] [Creating][analyzer-service:grpc-default-executor-2][c.d.fuzztest.d.a]   Fields: private int org.features.Koala.M
22:25:40.286 [DEBUG] [Creating][analyzer-service:grpc-default-executor-2][c.d.fuzztest.d.a]   Constructors: org.features.Koala(int)
22:25:40.287 [DEBUG] [Creating][analyzer-service:grpc-default-executor-2][c.d.fuzztest.d.a]   Methods: public int org.features.Koala.getIt()
22:25:40.330 [INFO]  [Creating][analyzer-service:TimedExecutor-62][c.d.fuzztest.f.c] 
================================================================================
= Creating tests for 'org.features.Koala.<init>:(I)V, org.features.Koala.getIt:()I' using 'TrM (!sp, !fnm, df, !ris)'
================================================================================
22:25:40.510 [INFO]  [Creating][pool-5-thread-1][c.d.cover.ui.d.b]      [9/16] org.features.Koala.<init>
22:25:40.511 [INFO]  [Creating][pool-5-thread-1][c.d.cover.ui.d.b]     [10/16] org.features.Koala.getIt
22:25:40.511 [INFO]  [Creating][pool-5-thread-1][c.d.cover.ui.d.b]     [10/16]   Tests created: 1
22:25:40.519 [INFO]  [Creating][pool-5-thread-1][c.d.cover.ui.d.b] [4/6] org.features.Koala
22:25:40.520 [INFO]  [Creating][pool-5-thread-1][c.d.cover.ui.d.b] [4/6]   Tests created: 1
22:25:40.521 [INFO]  [Creating][pool-5-thread-1][c.d.cover.k.a.a] 
================================================================================
= Starting analysis for class 'org.features.Kodiak'
================================================================================
22:25:40.521 [INFO]  [Creating][pool-5-thread-1][c.d.cover.k.a.a] Filtering out non-testable methods...
22:25:40.523 [INFO]  [Creating][pool-5-thread-1][c.d.cover.k.a.a] Filtering of methods complete. Creating analysis request
22:25:40.524 [INFO]  [Creating][pool-5-thread-1][c.d.c.service.c] Attempting to get service client, retry 1.
22:25:40.565 [DEBUG] [Creating][analyzer-service:grpc-default-executor-2][c.d.fuzztest.d.a] Class information:
22:25:40.566 [DEBUG] [Creating][analyzer-service:grpc-default-executor-2][c.d.fuzztest.d.a]   Extends: class org.features.Bear
22:25:40.566 [DEBUG] [Creating][analyzer-service:grpc-default-executor-2][c.d.fuzztest.d.a]   Fields: private int org.features.Kodiak.K
22:25:40.566 [DEBUG] [Creating][analyzer-service:grpc-default-executor-2][c.d.fuzztest.d.a]   Constructors: org.features.Kodiak(int)
22:25:40.566 [DEBUG] [Creating][analyzer-service:grpc-default-executor-2][c.d.fuzztest.d.a]   Methods: public int org.features.Kodiak.getIt()
22:25:40.609 [INFO]  [Creating][analyzer-service:TimedExecutor-74][c.d.fuzztest.f.c] 
================================================================================
= Creating tests for 'org.features.Kodiak.<init>:(I)V, org.features.Kodiak.getIt:()I' using 'TrM (!sp, !fnm, df, !ris)'
================================================================================
22:25:40.785 [INFO]  [Creating][pool-5-thread-1][c.d.cover.ui.d.b]     [11/16] org.features.Kodiak.<init>
22:25:40.786 [INFO]  [Creating][pool-5-thread-1][c.d.cover.ui.d.b]     [12/16] org.features.Kodiak.getIt
22:25:40.786 [INFO]  [Creating][pool-5-thread-1][c.d.cover.ui.d.b]     [12/16]   Tests created: 1
22:25:40.793 [INFO]  [Creating][pool-5-thread-1][c.d.cover.ui.d.b] [5/6] org.features.Kodiak
22:25:40.794 [INFO]  [Creating][pool-5-thread-1][c.d.cover.ui.d.b] [5/6]   Tests created: 1
22:25:40.795 [INFO]  [Creating][pool-5-thread-1][c.d.cover.k.a.a] 
================================================================================
= Starting analysis for class 'org.features.Operation'
================================================================================
22:25:40.795 [INFO]  [Creating][pool-5-thread-1][c.d.cover.k.a.a] Filtering out non-testable methods...
22:25:40.798 [INFO]  [Creating][pool-5-thread-1][c.d.cover.k.a.a] Filtering of methods complete. Creating analysis request
22:25:40.798 [INFO]  [Creating][pool-5-thread-1][c.d.c.service.c] Attempting to get service client, retry 1.
22:25:40.837 [DEBUG] [Creating][analyzer-service:grpc-default-executor-2][c.d.fuzztest.d.a] Class information:
22:25:40.837 [DEBUG] [Creating][analyzer-service:grpc-default-executor-2][c.d.fuzztest.d.a]   Extends: class java.lang.Record
22:25:40.838 [DEBUG] [Creating][analyzer-service:grpc-default-executor-2][c.d.fuzztest.d.a]   Fields: 
22:25:40.838 [DEBUG] [Creating][analyzer-service:grpc-default-executor-2][c.d.fuzztest.d.a]   Constructors: public org.features.Operation()
22:25:40.839 [DEBUG] [Creating][analyzer-service:grpc-default-executor-2][c.d.fuzztest.d.a]   Methods: public final boolean org.features.Operation.equals(java.lang.Object), public final int org.features.Operation.hashCode(), public final java.lang.String org.features.Operation.toString()
22:25:40.869 [INFO]  [Creating][analyzer-service:TimedExecutor-86][c.d.fuzztest.f.c] 
================================================================================
= Creating tests for 'org.features.Operation.<init>:()V, org.features.Operation.toString:()Ljava/lang/String;' using 'TrM (!sp, !fnm, df, !ris)'
================================================================================
22:25:41.128 [INFO]  [Creating][pool-5-thread-1][c.d.cover.ui.d.b]     [13/16] org.features.Operation.<init>
22:25:41.128 [INFO]  [Creating][pool-5-thread-1][c.d.cover.ui.d.b]     [14/16] org.features.Operation.toString
22:25:41.128 [INFO]  [Creating][pool-5-thread-1][c.d.cover.ui.d.b]     [14/16]   Tests created: 1
22:25:41.131 [INFO]  [Creating][analyzer-service:TimedExecutor-94][c.d.fuzztest.f.c] 
================================================================================
= Creating tests for 'org.features.Operation.equals:(Ljava/lang/Object;)Z, org.features.Operation.hashCode:()I' using 'EqH (!sp, !fnm, df, !ris)'
================================================================================
22:25:41.339 [DEBUG] [Creating][analyzer-service:TimedExecutor-94][c.d.fuzztest.b.d] Refinement loop done: 1 seeds, 2+0 new+accumulated tests, 2+0 tests+partial tests, 22/1000 its
22:25:41.821 [INFO]  [Creating][pool-5-thread-1][c.d.cover.ui.d.b]     [15/16] org.features.Operation.equals
22:25:41.821 [INFO]  [Creating][pool-5-thread-1][c.d.cover.ui.d.b]     [16/16] org.features.Operation.hashCode
22:25:41.821 [INFO]  [Creating][pool-5-thread-1][c.d.cover.ui.d.b]     [16/16]   Tests created: 5
22:25:41.826 [INFO]  [Creating][pool-5-thread-1][c.d.cover.ui.d.b] [6/6] org.features.Operation
22:25:41.826 [INFO]  [Creating][pool-5-thread-1][c.d.cover.ui.d.b] [6/6]   Tests created: 6
22:25:41.834 [INFO]  [Reporting][pool-5-thread-1][c.d.cover.ui.d.b] 
22:25:41.835 [INFO]  [Reporting][pool-5-thread-1][c.d.cover.ui.d.b] Summary:
22:25:41.836 [INFO]  [Reporting][pool-5-thread-1][c.d.cover.ui.d.b] --------
22:25:41.836 [INFO]  [Reporting][pool-5-thread-1][c.d.cover.ui.d.b] Total:                                              16 methods
22:25:41.837 [INFO]  [Reporting][pool-5-thread-1][c.d.cover.ui.d.b] 12 tests created for:                               13 methods
22:25:41.838 [INFO]  [Reporting][pool-5-thread-1][c.d.cover.ui.d.b] 1 partial test created for:                          1 method
22:25:41.838 [INFO]  [Reporting][pool-5-thread-1][c.d.cover.ui.d.b] 
22:25:41.839 [INFO]  [Reporting][pool-5-thread-1][c.d.cover.ui.d.b] Tested indirectly via other methods:                 1 method
22:25:41.839 [INFO]  [Reporting][pool-5-thread-1][c.d.cover.ui.d.b]     1 T005: Trivial constructor
22:25:41.840 [INFO]  [Reporting][pool-5-thread-1][c.d.cover.ui.d.b] Not unit-testable:                                   1 method
22:25:41.841 [INFO]  [Reporting][pool-5-thread-1][c.d.cover.ui.d.b]     1 T006: Main method
22:25:41.841 [INFO]  [Reporting][pool-5-thread-1][c.d.cover.ui.d.b] No tests created for:                                1 method
22:25:41.842 [INFO]  [Reporting][pool-5-thread-1][c.d.cover.ui.d.b]     1 R002: Missing observers
22:25:42.054 [INFO]  [Validating][main][c.d.cover.ui.a.j] 
22:25:42.055 [INFO]  [Validating][main][c.d.cover.ui.a.j] Running validation command.
22:25:42.059 [DEBUG] [Validating][main][c.d.cover.k.c.f] Validating tests with default internal Gradle "test" task: gradle test
22:25:42.061 [INFO]  [Validating][main][c.d.d.g.b] Running: Using JAVA_HOME: C:\Program Files\Java\jdk-17 : in C:\Users\cbontoiu\Desktop\DiffblueTutorials\DemoCLI\app : gradle test -i  
22:25:44.132 [INFO]  [Validating][main][c.d.d.b.a] Standard output of build tool (gradle)
22:25:44.132 [INFO]  [Validating][main][c.d.d.b.a] > The client will now receive all logging from the daemon (pid: 8492). The daemon log file: C:\Users\cbontoiu\.gradle\daemon\8.2\daemon-8492.out.log
22:25:44.132 [INFO]  [Validating][main][c.d.d.b.a] > Starting 5th build in daemon [uptime: 1 mins 5.081 secs, performance: 100%, GC rate: 0.00/s, heap usage: 0% of 3.9 GiB]
22:25:44.132 [INFO]  [Validating][main][c.d.d.b.a] > Closing daemon's stdin at end of input.
22:25:44.132 [INFO]  [Validating][main][c.d.d.b.a] > The daemon will no longer process any standard input.
22:25:44.132 [INFO]  [Validating][main][c.d.d.b.a] > Using 8 worker leases.
22:25:44.132 [INFO]  [Validating][main][c.d.d.b.a] > Now considering [C:\Users\cbontoiu\Desktop\DiffblueTutorials\DemoCLI] as hierarchies to watch
22:25:44.132 [INFO]  [Validating][main][c.d.d.b.a] > Watching the file system is configured to be enabled if available
22:25:44.132 [INFO]  [Validating][main][c.d.d.b.a] > File system watching is active
22:25:44.132 [INFO]  [Validating][main][c.d.d.b.a] > Starting Build
22:25:44.133 [INFO]  [Validating][main][c.d.d.b.a] > Settings evaluated using settings file 'C:\Users\cbontoiu\Desktop\DiffblueTutorials\DemoCLI\settings.gradle'.
22:25:44.133 [INFO]  [Validating][main][c.d.d.b.a] > Projects loaded. Root project using build file 'C:\Users\cbontoiu\Desktop\DiffblueTutorials\DemoCLI\build.gradle'.
22:25:44.133 [INFO]  [Validating][main][c.d.d.b.a] > Included projects: [root project 'DemoCLI', project ':app', project ':common']
22:25:44.133 [INFO]  [Validating][main][c.d.d.b.a] > 
22:25:44.133 [INFO]  [Validating][main][c.d.d.b.a] > > Configure project :
22:25:44.133 [INFO]  [Validating][main][c.d.d.b.a] > Evaluating root project 'DemoCLI' using build file 'C:\Users\cbontoiu\Desktop\DiffblueTutorials\DemoCLI\build.gradle'.
22:25:44.133 [INFO]  [Validating][main][c.d.d.b.a] > 
22:25:44.133 [INFO]  [Validating][main][c.d.d.b.a] > > Configure project :app
22:25:44.133 [INFO]  [Validating][main][c.d.d.b.a] > Evaluating project ':app' using build file 'C:\Users\cbontoiu\Desktop\DiffblueTutorials\DemoCLI\app\build.gradle'.
22:25:44.133 [INFO]  [Validating][main][c.d.d.b.a] > 
22:25:44.133 [INFO]  [Validating][main][c.d.d.b.a] > > Configure project :common
22:25:44.133 [INFO]  [Validating][main][c.d.d.b.a] > Evaluating project ':common' using build file 'C:\Users\cbontoiu\Desktop\DiffblueTutorials\DemoCLI\common\build.gradle'.
22:25:44.133 [INFO]  [Validating][main][c.d.d.b.a] > All projects evaluated.
22:25:44.133 [INFO]  [Validating][main][c.d.d.b.a] > Task path ':app:test' matched project ':app'
22:25:44.133 [INFO]  [Validating][main][c.d.d.b.a] > Task name matched 'test'
22:25:44.133 [INFO]  [Validating][main][c.d.d.b.a] > Selected primary task 'test' from project :app
22:25:44.133 [INFO]  [Validating][main][c.d.d.b.a] > The configuration :app:mainSourceElements is both consumable and declarable. This combination is incorrect, only one of these flags should be set.
22:25:44.133 [INFO]  [Validating][main][c.d.d.b.a] > The configuration :common:coverageDataElementsForTest is both consumable and declarable. This combination is incorrect, only one of these flags should be set.
22:25:44.133 [INFO]  [Validating][main][c.d.d.b.a] > The configuration :common:mainSourceElements is both consumable and declarable. This combination is incorrect, only one of these flags should be set.
22:25:44.133 [INFO]  [Validating][main][c.d.d.b.a] > Tasks to be executed: [task ':common:compileJava', task ':common:processResources', task ':common:classes', task ':common:jar', task ':app:compileJava', task ':app:processResources', task ':app:classes', task ':app:compileTestJava', task ':app:processTestResources', task ':app:testClasses', task ':app:test']
22:25:44.133 [INFO]  [Validating][main][c.d.d.b.a] > Tasks that were excluded: []
22:25:44.133 [INFO]  [Validating][main][c.d.d.b.a] > Resolve mutations for :common:compileJava (Thread[Execution worker,5,main]) started.
22:25:44.133 [INFO]  [Validating][main][c.d.d.b.a] > :common:compileJava (Thread[Execution worker,5,main]) started.
22:25:44.133 [INFO]  [Validating][main][c.d.d.b.a] > 
22:25:44.133 [INFO]  [Validating][main][c.d.d.b.a] > > Task :common:compileJava UP-TO-DATE
22:25:44.134 [INFO]  [Validating][main][c.d.d.b.a] > Caching disabled for task ':common:compileJava' because:
22:25:44.134 [INFO]  [Validating][main][c.d.d.b.a] >   Build cache is disabled
22:25:44.134 [INFO]  [Validating][main][c.d.d.b.a] > Skipping task ':common:compileJava' as it is up-to-date.
22:25:44.134 [INFO]  [Validating][main][c.d.d.b.a] > Resolve mutations for :common:processResources (Thread[Execution worker,5,main]) started.
22:25:44.134 [INFO]  [Validating][main][c.d.d.b.a] > :common:processResources (Thread[Execution worker,5,main]) started.
22:25:44.134 [INFO]  [Validating][main][c.d.d.b.a] > 
22:25:44.134 [INFO]  [Validating][main][c.d.d.b.a] > > Task :common:processResources NO-SOURCE
22:25:44.134 [INFO]  [Validating][main][c.d.d.b.a] > Skipping task ':common:processResources' as it has no source files and no previous output files.
22:25:44.134 [INFO]  [Validating][main][c.d.d.b.a] > Resolve mutations for :common:classes (Thread[Execution worker,5,main]) started.
22:25:44.134 [INFO]  [Validating][main][c.d.d.b.a] > :common:classes (Thread[Execution worker,5,main]) started.
22:25:44.134 [INFO]  [Validating][main][c.d.d.b.a] > 
22:25:44.134 [INFO]  [Validating][main][c.d.d.b.a] > > Task :common:classes UP-TO-DATE
22:25:44.134 [INFO]  [Validating][main][c.d.d.b.a] > Skipping task ':common:classes' as it has no actions.
22:25:44.134 [INFO]  [Validating][main][c.d.d.b.a] > Resolve mutations for :common:jar (Thread[Execution worker,5,main]) started.
22:25:44.134 [INFO]  [Validating][main][c.d.d.b.a] > :common:jar (Thread[Execution worker,5,main]) started.
22:25:44.134 [INFO]  [Validating][main][c.d.d.b.a] > 
22:25:44.134 [INFO]  [Validating][main][c.d.d.b.a] > > Task :common:jar UP-TO-DATE
22:25:44.134 [INFO]  [Validating][main][c.d.d.b.a] > Caching disabled for task ':common:jar' because:
22:25:44.135 [INFO]  [Validating][main][c.d.d.b.a] >   Build cache is disabled
22:25:44.135 [INFO]  [Validating][main][c.d.d.b.a] > Skipping task ':common:jar' as it is up-to-date.
22:25:44.135 [INFO]  [Validating][main][c.d.d.b.a] > work action resolve common.jar (project :common) (Thread[Execution worker,5,main]) started.
22:25:44.135 [INFO]  [Validating][main][c.d.d.b.a] > Resolve mutations for :app:compileJava (Thread[Execution worker,5,main]) started.
22:25:44.135 [INFO]  [Validating][main][c.d.d.b.a] > :app:compileJava (Thread[Execution worker,5,main]) started.
22:25:44.135 [INFO]  [Validating][main][c.d.d.b.a] > 
22:25:44.135 [INFO]  [Validating][main][c.d.d.b.a] > > Task :app:compileJava UP-TO-DATE
22:25:44.135 [INFO]  [Validating][main][c.d.d.b.a] > Caching disabled for task ':app:compileJava' because:
22:25:44.135 [INFO]  [Validating][main][c.d.d.b.a] >   Build cache is disabled
22:25:44.135 [INFO]  [Validating][main][c.d.d.b.a] > Skipping task ':app:compileJava' as it is up-to-date.
22:25:44.135 [INFO]  [Validating][main][c.d.d.b.a] > Resolve mutations for :app:processResources (Thread[Execution worker,5,main]) started.
22:25:44.135 [INFO]  [Validating][main][c.d.d.b.a] > :app:processResources (Thread[Execution worker,5,main]) started.
22:25:44.135 [INFO]  [Validating][main][c.d.d.b.a] > 
22:25:44.135 [INFO]  [Validating][main][c.d.d.b.a] > > Task :app:processResources NO-SOURCE
22:25:44.135 [INFO]  [Validating][main][c.d.d.b.a] > Skipping task ':app:processResources' as it has no source files and no previous output files.
22:25:44.135 [INFO]  [Validating][main][c.d.d.b.a] > Resolve mutations for :app:classes (Thread[Execution worker,5,main]) started.
22:25:44.135 [INFO]  [Validating][main][c.d.d.b.a] > :app:classes (Thread[Execution worker,5,main]) started.
22:25:44.135 [INFO]  [Validating][main][c.d.d.b.a] > 
22:25:44.135 [INFO]  [Validating][main][c.d.d.b.a] > > Task :app:classes UP-TO-DATE
22:25:44.135 [INFO]  [Validating][main][c.d.d.b.a] > Skipping task ':app:classes' as it has no actions.
22:25:44.135 [INFO]  [Validating][main][c.d.d.b.a] > Resolve mutations for :app:compileTestJava (Thread[Execution worker,5,main]) started.
22:25:44.135 [INFO]  [Validating][main][c.d.d.b.a] > :app:compileTestJava (Thread[Execution worker,5,main]) started.
22:25:44.135 [INFO]  [Validating][main][c.d.d.b.a] > 
22:25:44.135 [INFO]  [Validating][main][c.d.d.b.a] > > Task :app:compileTestJava
22:25:44.135 [INFO]  [Validating][main][c.d.d.b.a] > Invalidating in-memory cache of C:\Users\cbontoiu\.gradle\caches\journal-1\file-access.bin
22:25:44.135 [INFO]  [Validating][main][c.d.d.b.a] > Caching disabled for task ':app:compileTestJava' because:
22:25:44.135 [INFO]  [Validating][main][c.d.d.b.a] >   Build cache is disabled
22:25:44.135 [INFO]  [Validating][main][c.d.d.b.a] > Task ':app:compileTestJava' is not up-to-date because:
22:25:44.135 [INFO]  [Validating][main][c.d.d.b.a] >   Input property 'stableSources' file C:\Users\cbontoiu\Desktop\DiffblueTutorials\DemoCLI\app\src\test\java\DummyJUnitJupiterLauncherDiffblueTest.java has been removed.
22:25:44.135 [INFO]  [Validating][main][c.d.d.b.a] >   Input property 'stableSources' file C:\Users\cbontoiu\Desktop\DiffblueTutorials\DemoCLI\app\src\test\java\org\action\BDiffblueTest.java has been added.
22:25:44.135 [INFO]  [Validating][main][c.d.d.b.a] >   Input property 'stableSources' file C:\Users\cbontoiu\Desktop\DiffblueTutorials\DemoCLI\app\src\test\java\org\base\BearDiffblueTest.java has been added.
22:25:44.135 [INFO]  [Validating][main][c.d.d.b.a] > Created classpath snapshot for incremental compilation in 0.004 secs.
22:25:44.135 [INFO]  [Validating][main][c.d.d.b.a] > Compiling with toolchain 'C:\Program Files\Java\jdk-17'.
22:25:44.135 [INFO]  [Validating][main][c.d.d.b.a] > Compiling with JDK Java compiler API.
22:25:44.135 [INFO]  [Validating][main][c.d.d.b.a] > Incremental compilation of 7 classes completed in 0.234 secs.
22:25:44.135 [INFO]  [Validating][main][c.d.d.b.a] > Class dependency analysis for incremental compilation took 0.029 secs.
22:25:44.135 [INFO]  [Validating][main][c.d.d.b.a] > Resolve mutations for :app:processTestResources (Thread[Execution worker,5,main]) started.
22:25:44.135 [INFO]  [Validating][main][c.d.d.b.a] > :app:processTestResources (Thread[Execution worker,5,main]) started.
22:25:44.135 [INFO]  [Validating][main][c.d.d.b.a] > 
22:25:44.135 [INFO]  [Validating][main][c.d.d.b.a] > > Task :app:processTestResources NO-SOURCE
22:25:44.135 [INFO]  [Validating][main][c.d.d.b.a] > Skipping task ':app:processTestResources' as it has no source files and no previous output files.
22:25:44.135 [INFO]  [Validating][main][c.d.d.b.a] > Resolve mutations for :app:testClasses (Thread[Execution worker,5,main]) started.
22:25:44.135 [INFO]  [Validating][main][c.d.d.b.a] > :app:testClasses (Thread[Execution worker,5,main]) started.
22:25:44.135 [INFO]  [Validating][main][c.d.d.b.a] > 
22:25:44.135 [INFO]  [Validating][main][c.d.d.b.a] > > Task :app:testClasses
22:25:44.135 [INFO]  [Validating][main][c.d.d.b.a] > Skipping task ':app:testClasses' as it has no actions.
22:25:44.136 [INFO]  [Validating][main][c.d.d.b.a] > Resolve mutations for :app:test (Thread[Execution worker,5,main]) started.
22:25:44.136 [INFO]  [Validating][main][c.d.d.b.a] > :app:test (Thread[Execution worker,5,main]) started.
22:25:44.136 [INFO]  [Validating][main][c.d.d.b.a] > Gradle Test Executor 5 started executing tests.
22:25:44.136 [INFO]  [Validating][main][c.d.d.b.a] > Gradle Test Executor 5 finished executing tests.
22:25:44.137 [INFO]  [Validating][main][c.d.d.b.a] > 
22:25:44.137 [INFO]  [Validating][main][c.d.d.b.a] > > Task :app:test
22:25:44.137 [INFO]  [Validating][main][c.d.d.b.a] > Caching disabled for task ':app:test' because:
22:25:44.137 [INFO]  [Validating][main][c.d.d.b.a] >   Build cache is disabled
22:25:44.137 [INFO]  [Validating][main][c.d.d.b.a] > Task ':app:test' is not up-to-date because:
22:25:44.137 [INFO]  [Validating][main][c.d.d.b.a] >   Value of input property 'filter.failOnNoMatchingTests' has changed for task ':app:test'
22:25:44.137 [INFO]  [Validating][main][c.d.d.b.a] >   Value of input property 'filter.includePatterns' has changed for task ':app:test'
22:25:44.137 [INFO]  [Validating][main][c.d.d.b.a] > Starting process 'Gradle Test Executor 5'. Working directory: C:\Users\cbontoiu\Desktop\DiffblueTutorials\DemoCLI\app Command: C:\Program Files\Java\jdk-17\bin\java.exe -Dorg.gradle.internal.worker.tmpdir=C:\Users\cbontoiu\Desktop\DiffblueTutorials\DemoCLI\app\build\tmp\test\work -Dorg.gradle.native=false @C:\Users\cbontoiu\.gradle\.tmp\gradle-worker-classpath1391071583172516727txt -Xmx512m -Dfile.encoding=windows-1252 -Duser.country=GB -Duser.language=en -Duser.variant -ea worker.org.gradle.process.internal.worker.GradleWorkerMain 'Gradle Test Executor 5'
22:25:44.137 [INFO]  [Validating][main][c.d.d.b.a] > Successfully started process 'Gradle Test Executor 5'
22:25:44.137 [INFO]  [Validating][main][c.d.d.b.a] > Finished generating test XML results (0.011 secs) into: C:\Users\cbontoiu\Desktop\DiffblueTutorials\DemoCLI\app\build\test-results\test
22:25:44.137 [INFO]  [Validating][main][c.d.d.b.a] > Generating HTML test report...
22:25:44.137 [INFO]  [Validating][main][c.d.d.b.a] > Finished generating test html results (0.019 secs) into: C:\Users\cbontoiu\Desktop\DiffblueTutorials\DemoCLI\app\build\reports\tests\test
22:25:44.137 [INFO]  [Validating][main][c.d.d.b.a] > 
22:25:44.137 [INFO]  [Validating][main][c.d.d.b.a] > Deprecated Gradle features were used in this build, making it incompatible with Gradle 9.0.
22:25:44.137 [INFO]  [Validating][main][c.d.d.b.a] > 
22:25:44.137 [INFO]  [Validating][main][c.d.d.b.a] > You can use '--warning-mode all' to show the individual deprecation warnings and determine if they come from your own scripts or plugins.
22:25:44.137 [INFO]  [Validating][main][c.d.d.b.a] > 
22:25:44.137 [INFO]  [Validating][main][c.d.d.b.a] > For more on this, please refer to https://docs.gradle.org/8.2/userguide/command_line_interface.html#sec:command_line_warnings in the Gradle documentation.
22:25:44.137 [INFO]  [Validating][main][c.d.d.b.a] > 
22:25:44.137 [INFO]  [Validating][main][c.d.d.b.a] > BUILD SUCCESSFUL in 2s
22:25:44.137 [INFO]  [Validating][main][c.d.d.b.a] > 5 actionable tasks: 2 executed, 3 up-to-date
22:25:44.137 [INFO]  [Validating][main][c.d.d.b.a] > Watched directory hierarchies: [C:\Users\cbontoiu\Desktop\DiffblueTutorials\DemoCLI]
22:25:44.137 [INFO]  [Validating][main][c.d.d.b.a] Standard error of build tool (gradle)
22:25:44.138 [INFO]  [Validating][main][c.d.d.b.a] > 
22:25:44.141 [DEBUG] [Validating][main][c.d.cover.k.c.f] Parsing test reports from default dir: C:\Users\cbontoiu\Desktop\DiffblueTutorials\DemoCLI\app\build\test-results\test
22:25:44.158 [INFO]  [Validating][main][c.d.cover.ui.a.j] All 12 created tests were successfully validated.
22:25:44.246 [DEBUG] [Reporting][main][c.d.c.r.StructuredReportManager] Run metrics:
Total time:                30.6s
Environment detection:      0.7s ( 2.3%)
Indexing:                   0.4s ( 1.2%)
Entry points:               0.7s ( 2.2%)
Test generation:           14.0s (45.7%)
  - Index query:            3.7s (12.3%)
Test verification:          3.0s ( 9.7%)
Test validation:            2.1s ( 6.9%)
Other:                      9.8s (31.9%)
Time to first test:        22.7s (74.1%)
Time to last test:         28.2s (92.1%)
22:25:44.250 [INFO]  [Reporting][main][c.d.cover.ui.a.j] Writing JSON report to C:\Users\cbontoiu\Desktop\DiffblueTutorials\DemoCLI\app\.diffblue\reports\report.json
22:25:44.306 [INFO]  [Reporting][main][c.d.cover.ui.a.b] Log file: C:\Users\cbontoiu\Desktop\DiffblueTutorials\DemoCLI\app\.diffblue\log\user-20230912T222513.log
22:25:44.307 [INFO]  [Reporting][main][c.d.cover.ui.a.u] Finished in 30s
