23:30:16.406 [DEBUG] [Preparing][main][c.d.cover.ui.a.u] Client heap size: 4028 MB
23:30:16.419 [INFO]  [Preparing][main][c.d.cover.ui.a.u] Diffblue Cover 2023.08.02-1086ce8-unrestricted
23:30:16.420 [INFO]  [Preparing][main][c.d.cover.ui.a.u] 
23:30:16.420 [INFO]  [Preparing][main][c.d.cover.ui.a.u] Running: dcover create --working-directory=app --keep-partial-tests --cover-all-enums
23:30:18.364 [INFO]  [Checking][main][c.d.cover.ui.a.j] Detecting environment:
23:30:18.365 [INFO]  [Checking][main][c.d.cover.ui.a.j] ----------------------
23:30:18.454 [INFO]  [Checking][main][c.d.cover.ui.a.j] Detected Java version 17.0.6
23:30:19.970 [DEBUG] [Checking][main][c.d.d.g.a] Querying Gradle project info using --init-script C:\Users\cbontoiu\AppData\Local\Temp\diffblueGradleInit5569751613130686331.gradle and plugin C:\Users\cbontoiu\AppData\Local\Temp\diffblueGradlePlugin2308409239350137277.jar
23:30:19.972 [DEBUG] [Checking][gradle][c.d.d.g.a] cmd: gradle --init-script C:\Users\cbontoiu\AppData\Local\Temp\diffblueGradleInit5569751613130686331.gradle --info (equivalent via API)
23:30:20.093 [DEBUG] [Checking][gradle][c.d.d.g.a] out: The client will now receive all logging from the daemon (pid: 18380). The daemon log file: C:\Users\cbontoiu\.gradle\daemon\8.2\daemon-18380.out.log
23:30:20.093 [DEBUG] [Checking][gradle][c.d.d.g.a] out: Starting 22nd build in daemon [uptime: 15 mins 46.217 secs, performance: 99%, GC rate: 0.00/s, heap usage: 0% of 512 MiB, non-heap usage: 20% of 384 MiB]
23:30:20.093 [DEBUG] [Checking][gradle][c.d.d.g.a] out: Closing daemon's stdin at end of input.
23:30:20.093 [DEBUG] [Checking][gradle][c.d.d.g.a] out: The daemon will no longer process any standard input.
23:30:20.093 [DEBUG] [Checking][gradle][c.d.d.g.a] out: Using 8 worker leases.
23:30:20.094 [DEBUG] [Checking][gradle][c.d.d.g.a] out: Now considering [C:\Users\cbontoiu\Desktop\DiffblueTutorials\DemoCLI] as hierarchies to watch
23:30:20.094 [DEBUG] [Checking][gradle][c.d.d.g.a] out: Watching the file system is configured to be enabled if available
23:30:20.094 [DEBUG] [Checking][gradle][c.d.d.g.a] out: File system watching is active
23:30:20.094 [DEBUG] [Checking][gradle][c.d.d.g.a] out: Compiling initialization script 'C:\Users\cbontoiu\AppData\Local\Temp\diffblueGradleInit5569751613130686331.gradle' using SubsetScriptTransformer.
23:30:20.094 [DEBUG] [Checking][gradle][c.d.d.g.a] out: Invalidating in-memory cache of C:\Users\cbontoiu\.gradle\caches\8.2\fileHashes\fileHashes.bin
23:30:20.094 [DEBUG] [Checking][gradle][c.d.d.g.a] out: Invalidating in-memory cache of C:\Users\cbontoiu\.gradle\caches\8.2\fileHashes\resourceHashesCache.bin
23:30:20.186 [DEBUG] [Checking][gradle][c.d.d.g.a] out: Invalidating in-memory cache of C:\Users\cbontoiu\.gradle\caches\journal-1\file-access.bin
23:30:20.186 [DEBUG] [Checking][gradle][c.d.d.g.a] out: The configuration classpath is both resolvable and consumable. This is considered a legacy configuration and it will eventually only be possible to be one of these.
23:30:20.186 [DEBUG] [Checking][gradle][c.d.d.g.a] out: The configuration classpath is both consumable and declarable. This combination is incorrect, only one of these flags should be set.
23:30:20.186 [DEBUG] [Checking][gradle][c.d.d.g.a] out: The configuration classpath is both resolvable and consumable. This is considered a legacy configuration and it will eventually only be possible to be one of these.
23:30:20.186 [DEBUG] [Checking][gradle][c.d.d.g.a] out: The configuration classpath is both consumable and declarable. This combination is incorrect, only one of these flags should be set.
23:30:20.186 [DEBUG] [Checking][gradle][c.d.d.g.a] out: Compiling initialization script 'C:\Users\cbontoiu\AppData\Local\Temp\diffblueGradleInit5569751613130686331.gradle' using BuildScriptTransformer.
23:30:20.486 [DEBUG] [Checking][gradle][c.d.d.g.a] out: Starting Build
23:30:20.486 [DEBUG] [Checking][gradle][c.d.d.g.a] out: Settings evaluated using settings file 'C:\Users\cbontoiu\Desktop\DiffblueTutorials\DemoCLI\settings.gradle'.
23:30:20.486 [DEBUG] [Checking][gradle][c.d.d.g.a] out: Projects loaded. Root project using build file 'C:\Users\cbontoiu\Desktop\DiffblueTutorials\DemoCLI\build.gradle'.
23:30:20.487 [DEBUG] [Checking][gradle][c.d.d.g.a] out: Included projects: [root project 'DemoCLI', project ':app', project ':common']
23:30:20.487 [DEBUG] [Checking][gradle][c.d.d.g.a] out: 
23:30:20.487 [DEBUG] [Checking][gradle][c.d.d.g.a] out: > Configure project :
23:30:20.487 [DEBUG] [Checking][gradle][c.d.d.g.a] out: Evaluating root project 'DemoCLI' using build file 'C:\Users\cbontoiu\Desktop\DiffblueTutorials\DemoCLI\build.gradle'.
23:30:20.487 [DEBUG] [Checking][gradle][c.d.d.g.a] out: Configuring Jacoco Plugin for use with Diffblue Cover
23:30:20.487 [DEBUG] [Checking][gradle][c.d.d.g.a] out: Configuring task :test for use with Diffblue Cover
23:30:20.487 [DEBUG] [Checking][gradle][c.d.d.g.a] out: ignoreFailures: false
23:30:20.487 [DEBUG] [Checking][gradle][c.d.d.g.a] out: excludes: []
23:30:20.487 [DEBUG] [Checking][gradle][c.d.d.g.a] out: includes: []
23:30:20.488 [DEBUG] [Checking][gradle][c.d.d.g.a] out: Configuring task :jacocoTestReport for use with Diffblue Cover
23:30:20.488 [DEBUG] [Checking][gradle][c.d.d.g.a] out: Configuring task :jacocoTestReportDeletePrevious for use with Diffblue Cover
23:30:20.488 [DEBUG] [Checking][gradle][c.d.d.g.a] out: Configuring task :jacocoTestReportPrepareEmptyExec for use with Diffblue Cover
23:30:20.488 [DEBUG] [Checking][gradle][c.d.d.g.a] out: 
23:30:20.488 [DEBUG] [Checking][gradle][c.d.d.g.a] out: > Configure project :app
23:30:20.488 [DEBUG] [Checking][gradle][c.d.d.g.a] out: Evaluating project ':app' using build file 'C:\Users\cbontoiu\Desktop\DiffblueTutorials\DemoCLI\app\build.gradle'.
23:30:20.488 [DEBUG] [Checking][gradle][c.d.d.g.a] out: Configuring Jacoco Plugin for use with Diffblue Cover
23:30:20.488 [DEBUG] [Checking][gradle][c.d.d.g.a] out: Configuring task :app:test for use with Diffblue Cover
23:30:20.488 [DEBUG] [Checking][gradle][c.d.d.g.a] out: ignoreFailures: false
23:30:20.488 [DEBUG] [Checking][gradle][c.d.d.g.a] out: excludes: []
23:30:20.488 [DEBUG] [Checking][gradle][c.d.d.g.a] out: includes: []
23:30:20.488 [DEBUG] [Checking][gradle][c.d.d.g.a] out: Configuring task :app:jacocoTestReport for use with Diffblue Cover
23:30:20.488 [DEBUG] [Checking][gradle][c.d.d.g.a] out: Configuring task :app:jacocoTestReportDeletePrevious for use with Diffblue Cover
23:30:20.488 [DEBUG] [Checking][gradle][c.d.d.g.a] out: Configuring task :app:jacocoTestReportPrepareEmptyExec for use with Diffblue Cover
23:30:20.583 [DEBUG] [Checking][gradle][c.d.d.g.a] out: 
23:30:20.583 [DEBUG] [Checking][gradle][c.d.d.g.a] out: > Configure project :common
23:30:20.583 [DEBUG] [Checking][gradle][c.d.d.g.a] out: Evaluating project ':common' using build file 'C:\Users\cbontoiu\Desktop\DiffblueTutorials\DemoCLI\common\build.gradle'.
23:30:20.583 [DEBUG] [Checking][gradle][c.d.d.g.a] out: Configuring Jacoco Plugin for use with Diffblue Cover
23:30:20.584 [DEBUG] [Checking][gradle][c.d.d.g.a] out: Configuring task :common:test for use with Diffblue Cover
23:30:20.584 [DEBUG] [Checking][gradle][c.d.d.g.a] out: ignoreFailures: false
23:30:20.584 [DEBUG] [Checking][gradle][c.d.d.g.a] out: excludes: []
23:30:20.584 [DEBUG] [Checking][gradle][c.d.d.g.a] out: includes: []
23:30:20.584 [DEBUG] [Checking][gradle][c.d.d.g.a] out: Configuring task :common:jacocoTestReport for use with Diffblue Cover
23:30:20.584 [DEBUG] [Checking][gradle][c.d.d.g.a] out: Configuring task :common:jacocoTestReportDeletePrevious for use with Diffblue Cover
23:30:20.584 [DEBUG] [Checking][gradle][c.d.d.g.a] out: Configuring task :common:jacocoTestReportPrepareEmptyExec for use with Diffblue Cover
23:30:20.584 [DEBUG] [Checking][gradle][c.d.d.g.a] out: All projects evaluated.
23:30:20.584 [DEBUG] [Checking][gradle][c.d.d.g.a] out: The configuration :app:coverageDataElementsForTest is both consumable and declarable. This combination is incorrect, only one of these flags should be set.
23:30:20.584 [DEBUG] [Checking][gradle][c.d.d.g.a] out: The configuration :app:mainSourceElements is both consumable and declarable. This combination is incorrect, only one of these flags should be set.
23:30:20.584 [DEBUG] [Checking][gradle][c.d.d.g.a] out: The configuration :common:coverageDataElementsForTest is both consumable and declarable. This combination is incorrect, only one of these flags should be set.
23:30:20.584 [DEBUG] [Checking][gradle][c.d.d.g.a] out: The configuration :common:mainSourceElements is both consumable and declarable. This combination is incorrect, only one of these flags should be set.
23:30:20.584 [DEBUG] [Checking][gradle][c.d.d.g.a] out: 
23:30:20.584 [DEBUG] [Checking][gradle][c.d.d.g.a] out: CONFIGURE SUCCESSFUL in 552ms
23:30:20.584 [DEBUG] [Checking][gradle][c.d.d.g.a] out: Watched directory hierarchies: [C:\Users\cbontoiu\Desktop\DiffblueTutorials\DemoCLI]
23:30:20.982 [INFO]  [Checking][main][c.d.cover.ui.a.j] Detected build system: Gradle 8.2
23:30:20.986 [INFO]  [Checking][main][c.d.cover.n.a.ag] Operating System: Windows 11 amd64 10.0
23:30:20.987 [INFO]  [Checking][main][c.d.cover.n.a.ag] Default charset: windows-1252
23:30:20.987 [INFO]  [Checking][main][c.d.cover.n.a.ag] Default locale: en_GB
23:30:20.987 [INFO]  [Checking][main][c.d.cover.n.a.ag] Default time zone: Europe/London
23:30:20.991 [INFO]  [Checking][main][c.d.cover.ui.a.j] Selected build system: Gradle
23:30:20.995 [INFO]  [Checking][main][c.d.cover.ui.a.j] Selected classpath from build system Gradle
23:30:20.996 [INFO]  [Checking][main][c.d.cover.n.c.b] Expanded classpath: 
C:\Users\cbontoiu\Desktop\DiffblueTutorials\DemoCLI\app\build\classes\java\test
C:\Users\cbontoiu\Desktop\DiffblueTutorials\DemoCLI\app\build\classes\java\main (code under test)
C:\Users\cbontoiu\Desktop\DiffblueTutorials\DemoCLI\app\build\resources\test
C:\Users\cbontoiu\Desktop\DiffblueTutorials\DemoCLI\app\build\resources\main
C:\Users\cbontoiu\Desktop\DiffblueTutorials\DemoCLI\common\build\libs\common-1.0-SNAPSHOT.jar
C:\Users\cbontoiu\.gradle\caches\modules-2\files-2.1\org.junit.jupiter\junit-jupiter\5.10.0\8fea1d9c58b2156f1b998f2f18da04bc9e087f74\junit-jupiter-5.10.0.jar
C:\Users\cbontoiu\.gradle\caches\modules-2\files-2.1\org.junit.jupiter\junit-jupiter-params\5.10.0\9041c7365495a897a64782ea5a6fdb99dab1814e\junit-jupiter-params-5.10.0.jar
C:\Users\cbontoiu\.gradle\caches\modules-2\files-2.1\org.junit.jupiter\junit-jupiter-engine\5.10.0\90587932d718fc51a48112d33045a18476c542ad\junit-jupiter-engine-5.10.0.jar
C:\Users\cbontoiu\.gradle\caches\modules-2\files-2.1\org.junit.jupiter\junit-jupiter-api\5.10.0\2fe4ba3d31d5067878e468c96aa039005a9134d3\junit-jupiter-api-5.10.0.jar
C:\Users\cbontoiu\.gradle\caches\modules-2\files-2.1\org.junit.platform\junit-platform-engine\1.10.0\276c4edcf64fabb5a139fa7b4f99330d7a93b804\junit-platform-engine-1.10.0.jar
C:\Users\cbontoiu\.gradle\caches\modules-2\files-2.1\org.junit.platform\junit-platform-commons\1.10.0\d533ff2c286eaf963566f92baf5f8a06628d2609\junit-platform-commons-1.10.0.jar
C:\Users\cbontoiu\.gradle\caches\modules-2\files-2.1\org.mockito\mockito-core\5.4.0\30bcbe79f7bd51b53debfc4c6014d0bea4935e37\mockito-core-5.4.0.jar
C:\Users\cbontoiu\.gradle\caches\modules-2\files-2.1\net.bytebuddy\byte-buddy\1.14.5\28a424c0c4f362568e904d992c239c996cf7adc7\byte-buddy-1.14.5.jar
C:\Users\cbontoiu\.gradle\caches\modules-2\files-2.1\net.bytebuddy\byte-buddy-agent\1.14.5\20f4e9b9d0ffb953657bfa4b92c0cceb27907d58\byte-buddy-agent-1.14.5.jar
C:\Users\cbontoiu\.gradle\caches\modules-2\files-2.1\org.objenesis\objenesis\3.3\1049c09f1de4331e8193e579448d0916d75b7631\objenesis-3.3.jar
C:\Users\cbontoiu\.gradle\caches\modules-2\files-2.1\org.opentest4j\opentest4j\1.3.0\152ea56b3a72f655d4fd677fc0ef2596c3dd5e6e\opentest4j-1.3.0.jar
23:30:21.165 [INFO]  [Checking][main][c.d.cover.ui.a.j] Detected test framework: JUnit Jupiter 5.10.0
23:30:21.173 [INFO]  [Checking][main][c.d.cover.ui.a.j] Detected JUnit Jupiter version 5.10.0
23:30:21.198 [INFO]  [Checking][main][c.d.cover.ui.a.j] Detected JUnit Jupiter Params version 5.10.0
23:30:21.325 [INFO]  [Checking][main][c.d.cover.ui.a.j] Detected Mockito version 5.4.0
23:30:21.876 [INFO]  [Checking][main][c.d.cover.ui.a.j] Indexing...
23:30:22.192 [INFO]  [Checking][main][c.d.cover.ui.a.j] Selected test output directory: C:\Users\cbontoiu\Desktop\DiffblueTutorials\DemoCLI\app\src\test\java
23:30:22.199 [INFO]  [Checking][main][c.d.d.g.b] Running: Using JAVA_HOME: C:\Program Files\Java\jdk-17 : in C:\Users\cbontoiu\Desktop\DiffblueTutorials\DemoCLI\app : gradle test -i  DummyJupiterDiffblueTest
23:30:24.092 [DEBUG] [Checking][main][c.d.cover.n.c.m] JUnitJupiter5 is present
23:30:24.092 [DEBUG] [Checking][main][c.d.cover.n.c.m] JUnitJupiter5 is supported
23:30:24.092 [DEBUG] [Checking][main][c.d.cover.n.c.m] JUnit 5 is present and either it's not been specified by the user or it is the same as the version the user specified
23:30:24.093 [INFO]  [Checking][main][c.d.cover.ui.a.j] Selected test framework: JUnit Jupiter
23:30:24.159 [INFO]  [Checking][main][c.d.d.g.b] Running: Using JAVA_HOME: C:\Program Files\Java\jdk-17 : in C:\Users\cbontoiu\Desktop\DiffblueTutorials\DemoCLI\app : gradle test -i  DummyJUnitJupiterLauncherDiffblueTest
23:30:25.807 [INFO]  [Checking][main][c.d.cover.ui.a.j] Detected JVM architecture: 64-Bit
23:30:27.065 [INFO]  [Checking][main][c.d.cover.ui.a.j] Selected Java language compliance level: 17
23:30:27.067 [INFO]  [Checking][main][c.d.cover.ui.a.j] Selected test validation: enabled
23:30:27.110 [INFO]  [Checking][main][c.d.cover.ui.a.j] Prefixes for filtering classes/methods:
23:30:27.114 [INFO]  [Checking][main][c.d.cover.ui.a.j] - org.action
23:30:27.116 [INFO]  [Checking][main][c.d.cover.ui.a.j] - org.features
23:30:27.118 [INFO]  [Checking][main][c.d.cover.ui.a.j] Gathering methods to test...
23:30:28.728 [INFO]  [Reporting][main][c.d.cover.ui.a.j] 
23:30:28.728 [INFO]  [Reporting][main][c.d.cover.ui.a.j] Environment summary:
23:30:28.729 [INFO]  [Reporting][main][c.d.cover.ui.a.j] --------------------
23:30:28.738 [INFO]  [Reporting][main][c.d.cover.ui.a.j] Java version                  17.0.6                        SUCCESS        
23:30:28.739 [INFO]  [Reporting][main][c.d.cover.ui.a.j] Build system                  Gradle                        SUCCESS        
23:30:28.739 [INFO]  [Reporting][main][c.d.cover.ui.a.j] Mocking Framework             Mockito 5.4.0                 SUCCESS        
23:30:28.739 [DEBUG] [Reporting][main][c.d.cover.ui.a.j] Surefire version              Skipped                       -----          
23:30:28.739 [INFO]  [Reporting][main][c.d.cover.ui.a.j] Testing framework             JUnit Jupiter 5               SUCCESS        
23:30:28.740 [DEBUG] [Reporting][main][c.d.cover.ui.a.j] JavaEE version                Skipped                       -----          
23:30:28.741 [DEBUG] [Reporting][main][c.d.cover.ui.a.j] JaCoCo plugin version         Skipped                       -----          
23:30:28.742 [INFO]  [Reporting][main][c.d.cover.ui.a.j] Launcher                      JUnit Jupiter                 SUCCESS        
23:30:28.742 [INFO]  [Reporting][main][c.d.cover.ui.a.j] Test validation               Enabled                       SUCCESS        
23:30:28.742 [DEBUG] [Reporting][main][c.d.cover.ui.a.j] Hamcrest                      Not Detected                  -----          
23:30:28.742 [DEBUG] [Reporting][main][c.d.cover.ui.a.j] Spring Core                   Not Detected                  -----          
23:30:28.742 [DEBUG] [Reporting][main][c.d.cover.ui.a.j] Spring Boot                   Skipped                       -----          
23:30:28.743 [DEBUG] [Reporting][main][c.d.cover.ui.a.j] Spring Boot Test              Skipped                       -----          
23:30:28.743 [DEBUG] [Reporting][main][c.d.cover.ui.a.j] Spring Web                    Skipped                       -----          
23:30:28.743 [DEBUG] [Reporting][main][c.d.cover.ui.a.j] Spring Security Web           Skipped                       -----          
23:30:28.743 [DEBUG] [Reporting][main][c.d.cover.ui.a.j] Spring Test                   Skipped                       -----          
23:30:28.743 [INFO]  [Reporting][main][c.d.cover.ui.a.j] 
23:30:28.744 [INFO]  [Reporting][main][c.d.cover.ui.a.j] Environment check status: SUCCESS
23:30:28.837 [DEBUG] [Creating][pool-5-thread-1][c.d.cover.k.a.g] Configuration:
Module: 
Configuration: 
 features=[TESTING_FRAMEWORK_JUNIT_JUPITER5, JUNIT_JUPITER_PARAMS, MOCKING, MOCKITO_SESSION, COVER_ALL_ENUMS, INCLUDE_SYSTEM_ENVIRONMENT_VARIABLES, INLINE_ACT_INTO_ASSERT, INLINE_ARRANGE_INTO_ACT_ASSERT, INLINE_CHAINED_MEMBER_ACCESSES, INLINE_CONSTRUCTORS, INLINE_IMMEDIATE_VALUES, JOIN_SIMPLE_TESTS, SHOW_SECTION_COMMENTS, KEEP_NON_COMPILING_TESTS, KEEP_NONDETERMINISTIC_TESTS, KEEP_TESTS_WITHOUT_ASSERTIONS, KEEP_TESTS_WITH_VIOLATIONS, KEEP_THROWING_TESTS, PREFLIGHT_ENABLE_TEST_EXECUTION, REPORT, SANDBOXING, VALIDATION, ANALYZER_SERVICE, VERIFICATION]
 analyzerServiceIdleTimeout=PT2M
 coverReportsBaseUrl=Optional.empty
 coverReportsGroupName=12/09/2023, 23:30
 coverReportsProject=Optional.empty
 environmentVariables={}
 complianceLevel=17
 fuzzingIterations=1000
 jacocoCommandDiffblue=Optional.empty
 jacocoCommandManual=Optional.empty
 jacocoXmlTestReport=Optional.empty
 jacocoXmlTestReportDiffblue=C:\Users\cbontoiu\Desktop\DiffblueTutorials\DemoCLI\app\.diffblue\reports\diffblue-tests-jacoco-report.xml
 jacocoXmlTestReportManual=C:\Users\cbontoiu\Desktop\DiffblueTutorials\DemoCLI\app\.diffblue\reports\manual-tests-jacoco-report.xml
 sandboxAllowedJavaNativeInterfacePrefixes=[]
 mockingFramework=MOCKITO_5_0_0
 mockClasses=[]
 mockStaticClasses=[]
 workingDirectory=C:\Users\cbontoiu\Desktop\DiffblueTutorials\DemoCLI\app
 classpath=Classpath(16 full entries, 1 code under test entries)
 warningsToSuppress=[]
 perMethodTimeouts=Timeouts{softTimeout=PT20S, initialExecutionTimeout=PT20S, hardTimeout=PT1M, springStartupTimeout=PT4M}
 reportFile=C:\Users\cbontoiu\Desktop\DiffblueTutorials\DemoCLI\app\.diffblue\reports\report.json
 activeProfiles=[]
 classScheme=${CLASS_NAME}DiffblueTest
 methodScheme=test${INNER_CLASS_NAME}${METHOD_NAME}
 springConfigurationClasses=[]
 testOutputDirectory=C:\Users\cbontoiu\Desktop\DiffblueTutorials\DemoCLI\app\src\test\java
 validationCommand=Optional.empty
 validationTimeout=PT30M
 jacocoVersion=null
 observerMethodSpecification=MethodSpecification[excludedPrefixes=[]]
 analyzerServiceRestartFrequency=50

23:30:28.849 [INFO]  [Creating][pool-5-thread-1][c.d.cover.ui.d.b] Found 14 callable methods in 5 classes
23:30:28.853 [INFO]  [Creating][pool-5-thread-1][c.d.cover.k.a.a] 
23:30:28.858 [INFO]  [Creating][pool-5-thread-1][c.d.cover.k.a.a] Creating tests:
23:30:28.860 [INFO]  [Creating][pool-5-thread-1][c.d.cover.k.a.a] ---------------
23:30:28.959 [INFO]  [Creating][pool-5-thread-1][c.d.cover.k.a.a] 
================================================================================
= Starting analysis for class 'org.action.B'
================================================================================
23:30:28.960 [INFO]  [Creating][pool-5-thread-1][c.d.cover.k.a.a] Filtering out non-testable methods...
23:30:31.435 [INFO]  [Creating][pool-5-thread-1][c.d.cover.k.a.a] Filtering of methods complete. Creating analysis request
23:30:31.436 [INFO]  [Creating][pool-5-thread-1][c.d.c.service.c] Attempting to get service client, retry 1.
23:30:31.445 [INFO]  [Creating][pool-5-thread-1][c.d.c.service.c] Starting monitoring server.
23:30:31.660 [INFO]  [Creating][pool-5-thread-1][c.d.c.service.c] Monitoring server listening on localhost/127.0.0.1:52699
23:30:31.662 [INFO]  [Creating][pool-5-thread-1][c.d.c.service.c] Starting analyzer server process...
23:30:31.663 [INFO]  [Creating][pool-5-thread-1][c.d.c.service.c] Server command-line: C:\Program Files\Java\jdk-17\bin\java.exe -XX:+IgnoreUnrecognizedVMOptions -Djdk.attach.allowAttachSelf=true -ea -javaagent:C:\DiffblueCoverProduct\launcher-shared-jar.jar -Dlogback.configurationFile=C:\Users\cbontoiu\AppData\Local\Temp\diffblue\config\logback-remote-service.xml -Dcom.diffblue.springIsolationJar=C:\DiffblueCoverProduct\cover-isolation-layer.jar -Dcover.jar.path=C:\DiffblueCoverProduct\cover-service-analyzer.jar -Dcom.diffblue.assertionSuggestionJar=C:\DiffblueCoverProduct\cover-service-analyzer.jar -Dcover.main.class=com.diffblue.cover.service.analyzer.Main -jar C:\DiffblueCoverProduct\launcher-shared-jar.jar --service-lifespan 120 --monitoring-service-port 52699 --index-service-port 52699 --debug-log
23:30:31.676 [INFO]  [Creating][pool-5-thread-1][c.d.c.service.c] Server started. Waiting up to 300 seconds for a connection to be established...
23:30:32.683 [DEBUG] [Creating][nullmain][c.d.c.s.a.Main] Service heap size: 4028 MB
23:30:32.816 [INFO]  [Creating][nullmain][c.d.c.s.a.a.b] Starting new remote monitor client
23:30:33.808 [INFO]  [Creating][analyzer-service:main][c.d.c.s.a.a.b] Attempting to start remote server.
23:30:34.155 [INFO]  [Creating][analyzer-service:main][c.d.c.s.a.a.a] Server started, listening on localhost/127.0.0.1:52701
23:30:34.711 [INFO]  [Creating][pool-5-thread-1][c.d.c.service.c] Expect analyzer service to be listening on port 52701.
23:30:35.445 [INFO]  [Creating][pool-5-thread-1][c.d.c.service.c] Started analyzer service and client retrieved.
23:30:38.411 [DEBUG] [Creating][analyzer-service:grpc-default-executor-0][c.d.fuzztest.d.a] Class information:
23:30:38.412 [DEBUG] [Creating][analyzer-service:grpc-default-executor-0][c.d.fuzztest.d.a]   Implements: interface org.utils.I
23:30:38.413 [DEBUG] [Creating][analyzer-service:grpc-default-executor-0][c.d.fuzztest.d.a]   Fields: 
23:30:38.415 [DEBUG] [Creating][analyzer-service:grpc-default-executor-0][c.d.fuzztest.d.a]   Constructors: org.action.B()
23:30:38.417 [DEBUG] [Creating][analyzer-service:grpc-default-executor-0][c.d.fuzztest.d.a]   Methods: public double org.action.B.function(double), public double org.action.B.getTemperature(int), public int org.action.B.getTruncatedTemperature(int)
23:30:39.437 [INFO]  [Creating][analyzer-service:TimedExecutor-4][c.d.fuzztest.f.c] 
================================================================================
= Creating tests for 'org.action.B.<init>:()V' using 'TrM (!sp, !fnm, df, !ris)'
================================================================================
23:30:42.690 [INFO]  [Creating][pool-5-thread-1][c.d.cover.ui.d.b]      [1/14] org.action.B.<init>
23:30:42.690 [INFO]  [Creating][pool-5-thread-1][c.d.cover.ui.d.b]      [1/14]   Partial tests created: 1
23:30:42.690 [INFO]  [Creating][pool-5-thread-1][c.d.cover.ui.d.b]      [1/14]   Reasons for partial tests:
23:30:42.690 [INFO]  [Creating][pool-5-thread-1][c.d.cover.ui.d.b]      [1/14]   R002: Missing observers
23:30:42.690 [INFO]  [Creating][pool-5-thread-1][c.d.cover.ui.d.b]      [1/14]     Diffblue Cover was unable to create an assertion.
23:30:42.690 [INFO]  [Creating][pool-5-thread-1][c.d.cover.ui.d.b]      [1/14]     There are no fields that could be asserted on.
23:30:42.694 [INFO]  [Creating][analyzer-service:TimedExecutor-10][c.d.fuzztest.f.c] 
================================================================================
= Creating tests for 'org.action.B.function:(D)D' using 'SiM (!sp, fnm, df, !ris)'
================================================================================
23:30:45.413 [DEBUG] [Creating][analyzer-service:TimedExecutor-10][c.d.fuzztest.b.d] Refinement loop done: 1 seeds, 1+0 new+accumulated tests, 1+0 tests+partial tests, 12/1000 its
23:30:45.583 [INFO]  [Creating][analyzer-service:grpc-default-executor-0][c.d.fuzztest.f.v] Created 1+0 tests and partial tests via 'SiM (!sp, fnm, df, !ris)', 1/2, returning all 1
23:30:45.955 [INFO]  [Creating][pool-5-thread-1][c.d.cover.ui.d.b]      [2/14] org.action.B.function
23:30:45.956 [INFO]  [Creating][pool-5-thread-1][c.d.cover.ui.d.b]      [2/14]   Tests created: 1
23:30:45.959 [INFO]  [Creating][analyzer-service:TimedExecutor-21][c.d.fuzztest.f.c] 
================================================================================
= Creating tests for 'org.action.B.getTemperature:(I)D' using 'SiM (!sp, fnm, df, !ris)'
================================================================================
23:30:46.090 [DEBUG] [Creating][analyzer-service:TimedExecutor-21][c.d.fuzztest.b.d] Refinement loop done: 1 seeds, 1+0 new+accumulated tests, 1+0 tests+partial tests, 10/1000 its
23:30:46.179 [INFO]  [Creating][analyzer-service:grpc-default-executor-0][c.d.fuzztest.f.v] Created 1+0 tests and partial tests via 'SiM (!sp, fnm, df, !ris)', 1/2, returning all 1
23:30:46.331 [INFO]  [Creating][pool-5-thread-1][c.d.cover.ui.d.b]      [3/14] org.action.B.getTemperature
23:30:46.331 [INFO]  [Creating][pool-5-thread-1][c.d.cover.ui.d.b]      [3/14]   Tests created: 1
23:30:46.334 [INFO]  [Creating][analyzer-service:TimedExecutor-31][c.d.fuzztest.f.c] 
================================================================================
= Creating tests for 'org.action.B.getTruncatedTemperature:(I)I' using 'SiM (!sp, fnm, df, !ris)'
================================================================================
23:30:46.427 [DEBUG] [Creating][analyzer-service:TimedExecutor-31][c.d.fuzztest.b.d] Refinement loop done: 1 seeds, 1+0 new+accumulated tests, 1+0 tests+partial tests, 10/1000 its
23:30:46.522 [INFO]  [Creating][analyzer-service:grpc-default-executor-0][c.d.fuzztest.f.v] Created 1+0 tests and partial tests via 'SiM (!sp, fnm, df, !ris)', 1/2, returning all 1
23:30:46.691 [INFO]  [Creating][pool-5-thread-1][c.d.cover.ui.d.b]      [4/14] org.action.B.getTruncatedTemperature
23:30:46.691 [INFO]  [Creating][pool-5-thread-1][c.d.cover.ui.d.b]      [4/14]   Tests created: 1
23:30:46.701 [INFO]  [Creating][pool-5-thread-1][c.d.cover.ui.d.b] [1/5] org.action.B
23:30:46.702 [INFO]  [Creating][pool-5-thread-1][c.d.cover.ui.d.b] [1/5]   Tests created: 3
23:30:46.703 [INFO]  [Creating][pool-5-thread-1][c.d.cover.ui.d.b] [1/5]   Partial tests created: 1
23:30:46.704 [INFO]  [Creating][pool-5-thread-1][c.d.cover.k.a.a] 
================================================================================
= Starting analysis for class 'org.action.MainApp'
================================================================================
23:30:46.704 [INFO]  [Creating][pool-5-thread-1][c.d.cover.k.a.a] Filtering out non-testable methods...
23:30:46.708 [INFO]  [Creating][pool-5-thread-1][c.d.cover.ui.d.b]      [5/14] org.action.MainApp.main
23:30:46.709 [INFO]  [Creating][pool-5-thread-1][c.d.cover.ui.d.b]      [5/14]   T006: Main method
23:30:46.709 [INFO]  [Creating][pool-5-thread-1][c.d.cover.ui.d.b]      [5/14]     It is difficult to assert on side effects of main methods in a unit test.
23:30:46.709 [INFO]  [Creating][pool-5-thread-1][c.d.cover.ui.d.b]      [5/14]     Refactor the main method. E.g. factor out its body into a separate,
23:30:46.709 [INFO]  [Creating][pool-5-thread-1][c.d.cover.ui.d.b]      [5/14]     accessible method that returns the results that should be asserted on.
23:30:46.709 [INFO]  [Creating][pool-5-thread-1][c.d.cover.ui.d.b]      [5/14]     See https://diff.blue/T006 for information on testing main methods.
23:30:46.710 [INFO]  [Creating][pool-5-thread-1][c.d.cover.k.a.a] Filtering of methods complete. Creating analysis request
23:30:46.710 [INFO]  [Creating][pool-5-thread-1][c.d.c.service.c] Attempting to get service client, retry 1.
23:30:46.755 [DEBUG] [Creating][analyzer-service:grpc-default-executor-0][c.d.fuzztest.d.a] Class information:
23:30:46.756 [DEBUG] [Creating][analyzer-service:grpc-default-executor-0][c.d.fuzztest.d.a]   Fields: 
23:30:46.756 [DEBUG] [Creating][analyzer-service:grpc-default-executor-0][c.d.fuzztest.d.a]   Constructors: public org.action.MainApp()
23:30:46.757 [DEBUG] [Creating][analyzer-service:grpc-default-executor-0][c.d.fuzztest.d.a]   Methods: public static void org.action.MainApp.main(java.lang.String[])
23:30:46.792 [INFO]  [Creating][analyzer-service:TimedExecutor-45][c.d.fuzztest.f.c] 
================================================================================
= Creating tests for 'org.action.MainApp.<init>:()V' using 'TrM (!sp, !fnm, df, !ris)'
================================================================================
23:30:46.842 [INFO]  [Creating][pool-5-thread-1][c.d.cover.ui.d.b]      [6/14] org.action.MainApp.<init>
23:30:46.843 [INFO]  [Creating][pool-5-thread-1][c.d.cover.ui.d.b]      [6/14]   T005: Trivial constructor
23:30:46.843 [INFO]  [Creating][pool-5-thread-1][c.d.cover.ui.d.b]      [6/14]     See https://diff.blue/T005
23:30:46.857 [INFO]  [Creating][pool-5-thread-1][c.d.cover.ui.d.b] [2/5] org.action.MainApp
23:30:46.859 [INFO]  [Creating][pool-5-thread-1][c.d.cover.ui.d.b] [2/5]   Tests created: 0
23:30:46.860 [INFO]  [Creating][pool-5-thread-1][c.d.cover.k.a.a] 
================================================================================
= Starting analysis for class 'org.features.Bear'
================================================================================
23:30:46.860 [INFO]  [Creating][pool-5-thread-1][c.d.cover.k.a.a] Filtering out non-testable methods...
23:30:46.862 [INFO]  [Creating][pool-5-thread-1][c.d.cover.k.a.a] Filtering of methods complete. Creating analysis request
23:30:46.862 [INFO]  [Creating][pool-5-thread-1][c.d.c.service.c] Attempting to get service client, retry 1.
23:30:46.913 [DEBUG] [Creating][analyzer-service:grpc-default-executor-0][c.d.fuzztest.d.a] Class information:
23:30:46.915 [DEBUG] [Creating][analyzer-service:grpc-default-executor-0][c.d.fuzztest.d.a]   Fields: private int org.features.Bear.N
23:30:46.920 [DEBUG] [Creating][analyzer-service:grpc-default-executor-0][c.d.fuzztest.d.a]   Constructors: protected org.features.Bear(int)
23:30:46.920 [DEBUG] [Creating][analyzer-service:grpc-default-executor-0][c.d.fuzztest.d.a]   Methods: public int org.features.Bear.getIt()
23:30:46.965 [INFO]  [Creating][analyzer-service:TimedExecutor-50][c.d.fuzztest.f.c] 
================================================================================
= Creating tests for 'org.features.Bear.<init>:(I)V, org.features.Bear.getIt:()I' using 'TrM (!sp, !fnm, df, !ris)'
================================================================================
23:30:47.199 [INFO]  [Creating][pool-5-thread-1][c.d.cover.ui.d.b]      [7/14] org.features.Bear.<init>
23:30:47.199 [INFO]  [Creating][pool-5-thread-1][c.d.cover.ui.d.b]      [8/14] org.features.Bear.getIt
23:30:47.200 [INFO]  [Creating][pool-5-thread-1][c.d.cover.ui.d.b]      [8/14]   Tests created: 1
23:30:47.209 [INFO]  [Creating][pool-5-thread-1][c.d.cover.ui.d.b] [3/5] org.features.Bear
23:30:47.210 [INFO]  [Creating][pool-5-thread-1][c.d.cover.ui.d.b] [3/5]   Tests created: 1
23:30:47.212 [INFO]  [Creating][pool-5-thread-1][c.d.cover.k.a.a] 
================================================================================
= Starting analysis for class 'org.features.Koala'
================================================================================
23:30:47.212 [INFO]  [Creating][pool-5-thread-1][c.d.cover.k.a.a] Filtering out non-testable methods...
23:30:47.214 [INFO]  [Creating][pool-5-thread-1][c.d.cover.k.a.a] Filtering of methods complete. Creating analysis request
23:30:47.215 [INFO]  [Creating][pool-5-thread-1][c.d.c.service.c] Attempting to get service client, retry 1.
23:30:47.271 [DEBUG] [Creating][analyzer-service:grpc-default-executor-0][c.d.fuzztest.d.a] Class information:
23:30:47.272 [DEBUG] [Creating][analyzer-service:grpc-default-executor-0][c.d.fuzztest.d.a]   Extends: class org.features.Bear
23:30:47.272 [DEBUG] [Creating][analyzer-service:grpc-default-executor-0][c.d.fuzztest.d.a]   Fields: private int org.features.Koala.M
23:30:47.273 [DEBUG] [Creating][analyzer-service:grpc-default-executor-0][c.d.fuzztest.d.a]   Constructors: org.features.Koala(int)
23:30:47.273 [DEBUG] [Creating][analyzer-service:grpc-default-executor-0][c.d.fuzztest.d.a]   Methods: public int org.features.Koala.getIt()
23:30:47.329 [INFO]  [Creating][analyzer-service:TimedExecutor-62][c.d.fuzztest.f.c] 
================================================================================
= Creating tests for 'org.features.Koala.<init>:(I)V, org.features.Koala.getIt:()I' using 'TrM (!sp, !fnm, df, !ris)'
================================================================================
23:30:47.555 [INFO]  [Creating][pool-5-thread-1][c.d.cover.ui.d.b]      [9/14] org.features.Koala.<init>
23:30:47.556 [INFO]  [Creating][pool-5-thread-1][c.d.cover.ui.d.b]     [10/14] org.features.Koala.getIt
23:30:47.556 [INFO]  [Creating][pool-5-thread-1][c.d.cover.ui.d.b]     [10/14]   Tests created: 1
23:30:47.563 [INFO]  [Creating][pool-5-thread-1][c.d.cover.ui.d.b] [4/5] org.features.Koala
23:30:47.565 [INFO]  [Creating][pool-5-thread-1][c.d.cover.ui.d.b] [4/5]   Tests created: 1
23:30:47.565 [INFO]  [Creating][pool-5-thread-1][c.d.cover.k.a.a] 
================================================================================
= Starting analysis for class 'org.features.Operation'
================================================================================
23:30:47.565 [INFO]  [Creating][pool-5-thread-1][c.d.cover.k.a.a] Filtering out non-testable methods...
23:30:47.571 [INFO]  [Creating][pool-5-thread-1][c.d.cover.k.a.a] Filtering of methods complete. Creating analysis request
23:30:47.571 [INFO]  [Creating][pool-5-thread-1][c.d.c.service.c] Attempting to get service client, retry 1.
23:30:47.622 [DEBUG] [Creating][analyzer-service:grpc-default-executor-0][c.d.fuzztest.d.a] Class information:
23:30:47.623 [DEBUG] [Creating][analyzer-service:grpc-default-executor-0][c.d.fuzztest.d.a]   Extends: class java.lang.Record
23:30:47.623 [DEBUG] [Creating][analyzer-service:grpc-default-executor-0][c.d.fuzztest.d.a]   Fields: 
23:30:47.624 [DEBUG] [Creating][analyzer-service:grpc-default-executor-0][c.d.fuzztest.d.a]   Constructors: public org.features.Operation()
23:30:47.625 [DEBUG] [Creating][analyzer-service:grpc-default-executor-0][c.d.fuzztest.d.a]   Methods: public final boolean org.features.Operation.equals(java.lang.Object), public final int org.features.Operation.hashCode(), public final java.lang.String org.features.Operation.toString()
23:30:47.672 [INFO]  [Creating][analyzer-service:TimedExecutor-74][c.d.fuzztest.f.c] 
================================================================================
= Creating tests for 'org.features.Operation.<init>:()V, org.features.Operation.toString:()Ljava/lang/String;' using 'TrM (!sp, !fnm, df, !ris)'
================================================================================
23:30:47.974 [INFO]  [Creating][pool-5-thread-1][c.d.cover.ui.d.b]     [11/14] org.features.Operation.<init>
23:30:47.974 [INFO]  [Creating][pool-5-thread-1][c.d.cover.ui.d.b]     [12/14] org.features.Operation.toString
23:30:47.974 [INFO]  [Creating][pool-5-thread-1][c.d.cover.ui.d.b]     [12/14]   Tests created: 1
23:30:47.978 [INFO]  [Creating][analyzer-service:TimedExecutor-82][c.d.fuzztest.f.c] 
================================================================================
= Creating tests for 'org.features.Operation.equals:(Ljava/lang/Object;)Z, org.features.Operation.hashCode:()I' using 'EqH (!sp, !fnm, df, !ris)'
================================================================================
23:30:48.203 [DEBUG] [Creating][analyzer-service:TimedExecutor-82][c.d.fuzztest.b.d] Refinement loop done: 1 seeds, 2+0 new+accumulated tests, 2+0 tests+partial tests, 22/1000 its
23:30:48.824 [INFO]  [Creating][pool-5-thread-1][c.d.cover.ui.d.b]     [13/14] org.features.Operation.equals
23:30:48.824 [INFO]  [Creating][pool-5-thread-1][c.d.cover.ui.d.b]     [14/14] org.features.Operation.hashCode
23:30:48.824 [INFO]  [Creating][pool-5-thread-1][c.d.cover.ui.d.b]     [14/14]   Tests created: 5
23:30:48.830 [INFO]  [Creating][pool-5-thread-1][c.d.cover.ui.d.b] [5/5] org.features.Operation
23:30:48.832 [INFO]  [Creating][pool-5-thread-1][c.d.cover.ui.d.b] [5/5]   Tests created: 6
23:30:48.844 [INFO]  [Reporting][pool-5-thread-1][c.d.cover.ui.d.b] 
23:30:48.845 [INFO]  [Reporting][pool-5-thread-1][c.d.cover.ui.d.b] Summary:
23:30:48.846 [INFO]  [Reporting][pool-5-thread-1][c.d.cover.ui.d.b] --------
23:30:48.847 [INFO]  [Reporting][pool-5-thread-1][c.d.cover.ui.d.b] Total:                                              14 methods
23:30:48.848 [INFO]  [Reporting][pool-5-thread-1][c.d.cover.ui.d.b] 11 tests created for:                               11 methods
23:30:48.849 [INFO]  [Reporting][pool-5-thread-1][c.d.cover.ui.d.b] 1 partial test created for:                          1 method
23:30:48.850 [INFO]  [Reporting][pool-5-thread-1][c.d.cover.ui.d.b] 
23:30:48.851 [INFO]  [Reporting][pool-5-thread-1][c.d.cover.ui.d.b] Tested indirectly via other methods:                 1 method
23:30:48.852 [INFO]  [Reporting][pool-5-thread-1][c.d.cover.ui.d.b]     1 T005: Trivial constructor
23:30:48.853 [INFO]  [Reporting][pool-5-thread-1][c.d.cover.ui.d.b] Not unit-testable:                                   1 method
23:30:48.854 [INFO]  [Reporting][pool-5-thread-1][c.d.cover.ui.d.b]     1 T006: Main method
23:30:48.855 [INFO]  [Reporting][pool-5-thread-1][c.d.cover.ui.d.b] No tests created for:                                1 method
23:30:48.855 [INFO]  [Reporting][pool-5-thread-1][c.d.cover.ui.d.b]     1 R002: Missing observers
23:30:49.069 [INFO]  [Validating][main][c.d.cover.ui.a.j] 
23:30:49.070 [INFO]  [Validating][main][c.d.cover.ui.a.j] Running validation command.
23:30:49.073 [DEBUG] [Validating][main][c.d.cover.k.c.f] Validating tests with default internal Gradle "test" task: gradle test
23:30:49.075 [INFO]  [Validating][main][c.d.d.g.b] Running: Using JAVA_HOME: C:\Program Files\Java\jdk-17 : in C:\Users\cbontoiu\Desktop\DiffblueTutorials\DemoCLI\app : gradle test -i  
23:30:50.943 [INFO]  [Validating][main][c.d.d.b.a] Standard output of build tool (gradle)
23:30:50.943 [INFO]  [Validating][main][c.d.d.b.a] > The client will now receive all logging from the daemon (pid: 8492). The daemon log file: C:\Users\cbontoiu\.gradle\daemon\8.2\daemon-8492.out.log
23:30:50.943 [INFO]  [Validating][main][c.d.d.b.a] > Starting 22nd build in daemon [uptime: 1 hrs 6 mins 12.089 secs, performance: 100%, GC rate: 0.00/s, heap usage: 0% of 3.9 GiB]
23:30:50.943 [INFO]  [Validating][main][c.d.d.b.a] > Closing daemon's stdin at end of input.
23:30:50.943 [INFO]  [Validating][main][c.d.d.b.a] > The daemon will no longer process any standard input.
23:30:50.943 [INFO]  [Validating][main][c.d.d.b.a] > Using 8 worker leases.
23:30:50.944 [INFO]  [Validating][main][c.d.d.b.a] > Now considering [C:\Users\cbontoiu\Desktop\DiffblueTutorials\DemoCLI] as hierarchies to watch
23:30:50.944 [INFO]  [Validating][main][c.d.d.b.a] > Watching the file system is configured to be enabled if available
23:30:50.944 [INFO]  [Validating][main][c.d.d.b.a] > File system watching is active
23:30:50.944 [INFO]  [Validating][main][c.d.d.b.a] > Starting Build
23:30:50.944 [INFO]  [Validating][main][c.d.d.b.a] > Settings evaluated using settings file 'C:\Users\cbontoiu\Desktop\DiffblueTutorials\DemoCLI\settings.gradle'.
23:30:50.944 [INFO]  [Validating][main][c.d.d.b.a] > Projects loaded. Root project using build file 'C:\Users\cbontoiu\Desktop\DiffblueTutorials\DemoCLI\build.gradle'.
23:30:50.944 [INFO]  [Validating][main][c.d.d.b.a] > Included projects: [root project 'DemoCLI', project ':app', project ':common']
23:30:50.944 [INFO]  [Validating][main][c.d.d.b.a] > 
23:30:50.944 [INFO]  [Validating][main][c.d.d.b.a] > > Configure project :
23:30:50.944 [INFO]  [Validating][main][c.d.d.b.a] > Evaluating root project 'DemoCLI' using build file 'C:\Users\cbontoiu\Desktop\DiffblueTutorials\DemoCLI\build.gradle'.
23:30:50.944 [INFO]  [Validating][main][c.d.d.b.a] > 
23:30:50.944 [INFO]  [Validating][main][c.d.d.b.a] > > Configure project :app
23:30:50.944 [INFO]  [Validating][main][c.d.d.b.a] > Evaluating project ':app' using build file 'C:\Users\cbontoiu\Desktop\DiffblueTutorials\DemoCLI\app\build.gradle'.
23:30:50.944 [INFO]  [Validating][main][c.d.d.b.a] > 
23:30:50.944 [INFO]  [Validating][main][c.d.d.b.a] > > Configure project :common
23:30:50.945 [INFO]  [Validating][main][c.d.d.b.a] > Evaluating project ':common' using build file 'C:\Users\cbontoiu\Desktop\DiffblueTutorials\DemoCLI\common\build.gradle'.
23:30:50.945 [INFO]  [Validating][main][c.d.d.b.a] > All projects evaluated.
23:30:50.945 [INFO]  [Validating][main][c.d.d.b.a] > Task path ':app:test' matched project ':app'
23:30:50.945 [INFO]  [Validating][main][c.d.d.b.a] > Task name matched 'test'
23:30:50.945 [INFO]  [Validating][main][c.d.d.b.a] > Selected primary task 'test' from project :app
23:30:50.945 [INFO]  [Validating][main][c.d.d.b.a] > The configuration :app:mainSourceElements is both consumable and declarable. This combination is incorrect, only one of these flags should be set.
23:30:50.945 [INFO]  [Validating][main][c.d.d.b.a] > The configuration :common:coverageDataElementsForTest is both consumable and declarable. This combination is incorrect, only one of these flags should be set.
23:30:50.945 [INFO]  [Validating][main][c.d.d.b.a] > The configuration :common:mainSourceElements is both consumable and declarable. This combination is incorrect, only one of these flags should be set.
23:30:50.945 [INFO]  [Validating][main][c.d.d.b.a] > Tasks to be executed: [task ':common:compileJava', task ':common:processResources', task ':common:classes', task ':common:jar', task ':app:compileJava', task ':app:processResources', task ':app:classes', task ':app:compileTestJava', task ':app:processTestResources', task ':app:testClasses', task ':app:test']
23:30:50.945 [INFO]  [Validating][main][c.d.d.b.a] > Tasks that were excluded: []
23:30:50.945 [INFO]  [Validating][main][c.d.d.b.a] > Resolve mutations for :common:compileJava (Thread[Execution worker,5,main]) started.
23:30:50.945 [INFO]  [Validating][main][c.d.d.b.a] > :common:compileJava (Thread[Execution worker,5,main]) started.
23:30:50.945 [INFO]  [Validating][main][c.d.d.b.a] > 
23:30:50.945 [INFO]  [Validating][main][c.d.d.b.a] > > Task :common:compileJava UP-TO-DATE
23:30:50.945 [INFO]  [Validating][main][c.d.d.b.a] > Caching disabled for task ':common:compileJava' because:
23:30:50.945 [INFO]  [Validating][main][c.d.d.b.a] >   Build cache is disabled
23:30:50.945 [INFO]  [Validating][main][c.d.d.b.a] > Skipping task ':common:compileJava' as it is up-to-date.
23:30:50.945 [INFO]  [Validating][main][c.d.d.b.a] > Resolve mutations for :common:processResources (Thread[Execution worker,5,main]) started.
23:30:50.945 [INFO]  [Validating][main][c.d.d.b.a] > :common:processResources (Thread[Execution worker,5,main]) started.
23:30:50.945 [INFO]  [Validating][main][c.d.d.b.a] > 
23:30:50.945 [INFO]  [Validating][main][c.d.d.b.a] > > Task :common:processResources NO-SOURCE
23:30:50.945 [INFO]  [Validating][main][c.d.d.b.a] > Skipping task ':common:processResources' as it has no source files and no previous output files.
23:30:50.945 [INFO]  [Validating][main][c.d.d.b.a] > Resolve mutations for :common:classes (Thread[Execution worker,5,main]) started.
23:30:50.946 [INFO]  [Validating][main][c.d.d.b.a] > :common:classes (Thread[Execution worker,5,main]) started.
23:30:50.946 [INFO]  [Validating][main][c.d.d.b.a] > 
23:30:50.946 [INFO]  [Validating][main][c.d.d.b.a] > > Task :common:classes UP-TO-DATE
23:30:50.946 [INFO]  [Validating][main][c.d.d.b.a] > Skipping task ':common:classes' as it has no actions.
23:30:50.946 [INFO]  [Validating][main][c.d.d.b.a] > Resolve mutations for :common:jar (Thread[Execution worker,5,main]) started.
23:30:50.946 [INFO]  [Validating][main][c.d.d.b.a] > :common:jar (Thread[included builds,5,main]) started.
23:30:50.946 [INFO]  [Validating][main][c.d.d.b.a] > 
23:30:50.946 [INFO]  [Validating][main][c.d.d.b.a] > > Task :common:jar UP-TO-DATE
23:30:50.946 [INFO]  [Validating][main][c.d.d.b.a] > Caching disabled for task ':common:jar' because:
23:30:50.946 [INFO]  [Validating][main][c.d.d.b.a] >   Build cache is disabled
23:30:50.946 [INFO]  [Validating][main][c.d.d.b.a] > Skipping task ':common:jar' as it is up-to-date.
23:30:50.946 [INFO]  [Validating][main][c.d.d.b.a] > work action resolve common.jar (project :common) (Thread[included builds,5,main]) started.
23:30:50.946 [INFO]  [Validating][main][c.d.d.b.a] > Resolve mutations for :app:compileJava (Thread[included builds,5,main]) started.
23:30:50.946 [INFO]  [Validating][main][c.d.d.b.a] > :app:compileJava (Thread[included builds,5,main]) started.
23:30:50.946 [INFO]  [Validating][main][c.d.d.b.a] > 
23:30:50.946 [INFO]  [Validating][main][c.d.d.b.a] > > Task :app:compileJava UP-TO-DATE
23:30:50.946 [INFO]  [Validating][main][c.d.d.b.a] > Caching disabled for task ':app:compileJava' because:
23:30:50.946 [INFO]  [Validating][main][c.d.d.b.a] >   Build cache is disabled
23:30:50.946 [INFO]  [Validating][main][c.d.d.b.a] > Skipping task ':app:compileJava' as it is up-to-date.
23:30:50.946 [INFO]  [Validating][main][c.d.d.b.a] > Resolve mutations for :app:processResources (Thread[included builds,5,main]) started.
23:30:50.947 [INFO]  [Validating][main][c.d.d.b.a] > :app:processResources (Thread[included builds,5,main]) started.
23:30:50.947 [INFO]  [Validating][main][c.d.d.b.a] > 
23:30:50.947 [INFO]  [Validating][main][c.d.d.b.a] > > Task :app:processResources NO-SOURCE
23:30:50.947 [INFO]  [Validating][main][c.d.d.b.a] > Skipping task ':app:processResources' as it has no source files and no previous output files.
23:30:50.947 [INFO]  [Validating][main][c.d.d.b.a] > Resolve mutations for :app:classes (Thread[included builds,5,main]) started.
23:30:50.947 [INFO]  [Validating][main][c.d.d.b.a] > :app:classes (Thread[included builds,5,main]) started.
23:30:50.947 [INFO]  [Validating][main][c.d.d.b.a] > 
23:30:50.947 [INFO]  [Validating][main][c.d.d.b.a] > > Task :app:classes UP-TO-DATE
23:30:50.947 [INFO]  [Validating][main][c.d.d.b.a] > Skipping task ':app:classes' as it has no actions.
23:30:50.947 [INFO]  [Validating][main][c.d.d.b.a] > Resolve mutations for :app:compileTestJava (Thread[included builds,5,main]) started.
23:30:50.947 [INFO]  [Validating][main][c.d.d.b.a] > :app:compileTestJava (Thread[included builds,5,main]) started.
23:30:50.947 [INFO]  [Validating][main][c.d.d.b.a] > 
23:30:50.947 [INFO]  [Validating][main][c.d.d.b.a] > > Task :app:compileTestJava UP-TO-DATE
23:30:50.947 [INFO]  [Validating][main][c.d.d.b.a] > Caching disabled for task ':app:compileTestJava' because:
23:30:50.947 [INFO]  [Validating][main][c.d.d.b.a] >   Build cache is disabled
23:30:50.947 [INFO]  [Validating][main][c.d.d.b.a] > Task ':app:compileTestJava' is not up-to-date because:
23:30:50.947 [INFO]  [Validating][main][c.d.d.b.a] >   Input property 'stableSources' file C:\Users\cbontoiu\Desktop\DiffblueTutorials\DemoCLI\app\src\test\java\DummyJUnitJupiterLauncherDiffblueTest.java has been removed.
23:30:50.947 [INFO]  [Validating][main][c.d.d.b.a] > Created classpath snapshot for incremental compilation in 0.002 secs.
23:30:50.947 [INFO]  [Validating][main][c.d.d.b.a] > None of the classes needs to be compiled! Analysis took 0.009 secs. 
23:30:50.947 [INFO]  [Validating][main][c.d.d.b.a] > Resolve mutations for :app:processTestResources (Thread[included builds,5,main]) started.
23:30:50.947 [INFO]  [Validating][main][c.d.d.b.a] > :app:processTestResources (Thread[included builds,5,main]) started.
23:30:50.947 [INFO]  [Validating][main][c.d.d.b.a] > 
23:30:50.947 [INFO]  [Validating][main][c.d.d.b.a] > > Task :app:processTestResources NO-SOURCE
23:30:50.948 [INFO]  [Validating][main][c.d.d.b.a] > Skipping task ':app:processTestResources' as it has no source files and no previous output files.
23:30:50.948 [INFO]  [Validating][main][c.d.d.b.a] > Resolve mutations for :app:testClasses (Thread[included builds,5,main]) started.
23:30:50.948 [INFO]  [Validating][main][c.d.d.b.a] > :app:testClasses (Thread[included builds,5,main]) started.
23:30:50.948 [INFO]  [Validating][main][c.d.d.b.a] > 
23:30:50.948 [INFO]  [Validating][main][c.d.d.b.a] > > Task :app:testClasses UP-TO-DATE
23:30:50.948 [INFO]  [Validating][main][c.d.d.b.a] > Skipping task ':app:testClasses' as it has no actions.
23:30:50.948 [INFO]  [Validating][main][c.d.d.b.a] > Resolve mutations for :app:test (Thread[included builds,5,main]) started.
23:30:50.948 [INFO]  [Validating][main][c.d.d.b.a] > :app:test (Thread[included builds,5,main]) started.
23:30:50.948 [INFO]  [Validating][main][c.d.d.b.a] > Gradle Test Executor 21 started executing tests.
23:30:50.948 [INFO]  [Validating][main][c.d.d.b.a] > Gradle Test Executor 21 finished executing tests.
23:30:50.948 [INFO]  [Validating][main][c.d.d.b.a] > 
23:30:50.948 [INFO]  [Validating][main][c.d.d.b.a] > > Task :app:test
23:30:50.948 [INFO]  [Validating][main][c.d.d.b.a] > Caching disabled for task ':app:test' because:
23:30:50.948 [INFO]  [Validating][main][c.d.d.b.a] >   Build cache is disabled
23:30:50.949 [INFO]  [Validating][main][c.d.d.b.a] > Task ':app:test' is not up-to-date because:
23:30:50.949 [INFO]  [Validating][main][c.d.d.b.a] >   Value of input property 'filter.failOnNoMatchingTests' has changed for task ':app:test'
23:30:50.949 [INFO]  [Validating][main][c.d.d.b.a] >   Value of input property 'filter.includePatterns' has changed for task ':app:test'
23:30:50.949 [INFO]  [Validating][main][c.d.d.b.a] > Starting process 'Gradle Test Executor 21'. Working directory: C:\Users\cbontoiu\Desktop\DiffblueTutorials\DemoCLI\app Command: C:\Program Files\Java\jdk-17\bin\java.exe -Dorg.gradle.internal.worker.tmpdir=C:\Users\cbontoiu\Desktop\DiffblueTutorials\DemoCLI\app\build\tmp\test\work -Dorg.gradle.native=false @C:\Users\cbontoiu\.gradle\.tmp\gradle-worker-classpath1264741817540091210txt -Xmx512m -Dfile.encoding=windows-1252 -Duser.country=GB -Duser.language=en -Duser.variant -ea worker.org.gradle.process.internal.worker.GradleWorkerMain 'Gradle Test Executor 21'
23:30:50.949 [INFO]  [Validating][main][c.d.d.b.a] > Successfully started process 'Gradle Test Executor 21'
23:30:50.949 [INFO]  [Validating][main][c.d.d.b.a] > Finished generating test XML results (0.013 secs) into: C:\Users\cbontoiu\Desktop\DiffblueTutorials\DemoCLI\app\build\test-results\test
23:30:50.949 [INFO]  [Validating][main][c.d.d.b.a] > Generating HTML test report...
23:30:50.949 [INFO]  [Validating][main][c.d.d.b.a] > Finished generating test html results (0.023 secs) into: C:\Users\cbontoiu\Desktop\DiffblueTutorials\DemoCLI\app\build\reports\tests\test
23:30:50.949 [INFO]  [Validating][main][c.d.d.b.a] > 
23:30:50.949 [INFO]  [Validating][main][c.d.d.b.a] > Deprecated Gradle features were used in this build, making it incompatible with Gradle 9.0.
23:30:50.949 [INFO]  [Validating][main][c.d.d.b.a] > 
23:30:50.949 [INFO]  [Validating][main][c.d.d.b.a] > You can use '--warning-mode all' to show the individual deprecation warnings and determine if they come from your own scripts or plugins.
23:30:50.949 [INFO]  [Validating][main][c.d.d.b.a] > 
23:30:50.949 [INFO]  [Validating][main][c.d.d.b.a] > For more on this, please refer to https://docs.gradle.org/8.2/userguide/command_line_interface.html#sec:command_line_warnings in the Gradle documentation.
23:30:50.949 [INFO]  [Validating][main][c.d.d.b.a] > 
23:30:50.949 [INFO]  [Validating][main][c.d.d.b.a] > BUILD SUCCESSFUL in 1s
23:30:50.949 [INFO]  [Validating][main][c.d.d.b.a] > 5 actionable tasks: 1 executed, 4 up-to-date
23:30:50.950 [INFO]  [Validating][main][c.d.d.b.a] > Watched directory hierarchies: [C:\Users\cbontoiu\Desktop\DiffblueTutorials\DemoCLI]
23:30:50.950 [INFO]  [Validating][main][c.d.d.b.a] Standard error of build tool (gradle)
23:30:50.950 [INFO]  [Validating][main][c.d.d.b.a] > 
23:30:50.954 [DEBUG] [Validating][main][c.d.cover.k.c.f] Parsing test reports from default dir: C:\Users\cbontoiu\Desktop\DiffblueTutorials\DemoCLI\app\build\test-results\test
23:30:50.968 [INFO]  [Validating][main][c.d.cover.ui.a.j] All 11 created tests were successfully validated.
23:30:51.070 [DEBUG] [Reporting][main][c.d.c.r.StructuredReportManager] Run metrics:
Total time:                34.4s
Environment detection:      1.7s ( 4.9%)
Indexing:                   0.3s ( 0.9%)
Entry points:               1.5s ( 4.2%)
Test generation:           16.3s (47.5%)
  - Index query:            5.9s (17.1%)
Test verification:          3.7s (10.6%)
Test validation:            1.9s ( 5.5%)
Other:                      9.1s (26.4%)
Time to first test:        26.0s (75.6%)
Time to last test:         32.2s (93.5%)
23:30:51.072 [INFO]  [Reporting][main][c.d.cover.ui.a.j] Writing JSON report to C:\Users\cbontoiu\Desktop\DiffblueTutorials\DemoCLI\app\.diffblue\reports\report.json
23:30:51.139 [INFO]  [Reporting][main][c.d.cover.ui.a.b] Log file: C:\Users\cbontoiu\Desktop\DiffblueTutorials\DemoCLI\app\.diffblue\log\user-20230912T233016.log
23:30:51.139 [INFO]  [Reporting][main][c.d.cover.ui.a.u] Finished in 34s
