22:25:13.416 [INFO]  [Preparing] Diffblue Cover 2023.08.02-1086ce8-unrestricted
22:25:13.417 [INFO]  [Preparing] 
22:25:13.417 [INFO]  [Preparing] Running: dcover create --working-directory=app --keep-partial-tests
22:25:15.428 [INFO]  [Checking] Detecting environment:
22:25:15.428 [INFO]  [Checking] ----------------------
22:25:15.591 [INFO]  [Checking] Detected Java version 17.0.6
22:25:18.185 [INFO]  [Checking] Detected build system: Gradle 8.2
22:25:18.190 [INFO]  [Checking] Operating System: Windows 11 amd64 10.0
22:25:18.190 [INFO]  [Checking] Default charset: windows-1252
22:25:18.191 [INFO]  [Checking] Default locale: en_GB
22:25:18.191 [INFO]  [Checking] Default time zone: Europe/London
22:25:18.193 [INFO]  [Checking] Selected build system: Gradle
22:25:18.198 [INFO]  [Checking] Selected classpath from build system Gradle
22:25:18.199 [INFO]  [Checking] Expanded classpath: 
C:\Users\cbontoiu\Desktop\DiffblueTutorials\DemoCLI\app\build\classes\java\test
C:\Users\cbontoiu\Desktop\DiffblueTutorials\DemoCLI\app\build\classes\java\main (code under test)
C:\Users\cbontoiu\Desktop\DiffblueTutorials\DemoCLI\app\build\resources\test
C:\Users\cbontoiu\Desktop\DiffblueTutorials\DemoCLI\app\build\resources\main
C:\Users\cbontoiu\Desktop\DiffblueTutorials\DemoCLI\common\build\libs\common-1.0-SNAPSHOT.jar
C:\Users\cbontoiu\.gradle\caches\modules-2\files-2.1\org.junit.jupiter\junit-jupiter\5.10.0\8fea1d9c58b2156f1b998f2f18da04bc9e087f74\junit-jupiter-5.10.0.jar
C:\Users\cbontoiu\.gradle\caches\modules-2\files-2.1\org.junit.jupiter\junit-jupiter-params\5.10.0\9041c7365495a897a64782ea5a6fdb99dab1814e\junit-jupiter-params-5.10.0.jar
C:\Users\cbontoiu\.gradle\caches\modules-2\files-2.1\org.junit.jupiter\junit-jupiter-engine\5.10.0\90587932d718fc51a48112d33045a18476c542ad\junit-jupiter-engine-5.10.0.jar
C:\Users\cbontoiu\.gradle\caches\modules-2\files-2.1\org.junit.jupiter\junit-jupiter-api\5.10.0\2fe4ba3d31d5067878e468c96aa039005a9134d3\junit-jupiter-api-5.10.0.jar
C:\Users\cbontoiu\.gradle\caches\modules-2\files-2.1\org.junit.platform\junit-platform-engine\1.10.0\276c4edcf64fabb5a139fa7b4f99330d7a93b804\junit-platform-engine-1.10.0.jar
C:\Users\cbontoiu\.gradle\caches\modules-2\files-2.1\org.junit.platform\junit-platform-commons\1.10.0\d533ff2c286eaf963566f92baf5f8a06628d2609\junit-platform-commons-1.10.0.jar
C:\Users\cbontoiu\.gradle\caches\modules-2\files-2.1\org.mockito\mockito-core\5.4.0\30bcbe79f7bd51b53debfc4c6014d0bea4935e37\mockito-core-5.4.0.jar
C:\Users\cbontoiu\.gradle\caches\modules-2\files-2.1\net.bytebuddy\byte-buddy\1.14.5\28a424c0c4f362568e904d992c239c996cf7adc7\byte-buddy-1.14.5.jar
C:\Users\cbontoiu\.gradle\caches\modules-2\files-2.1\net.bytebuddy\byte-buddy-agent\1.14.5\20f4e9b9d0ffb953657bfa4b92c0cceb27907d58\byte-buddy-agent-1.14.5.jar
C:\Users\cbontoiu\.gradle\caches\modules-2\files-2.1\org.objenesis\objenesis\3.3\1049c09f1de4331e8193e579448d0916d75b7631\objenesis-3.3.jar
C:\Users\cbontoiu\.gradle\caches\modules-2\files-2.1\org.opentest4j\opentest4j\1.3.0\152ea56b3a72f655d4fd677fc0ef2596c3dd5e6e\opentest4j-1.3.0.jar
22:25:18.367 [INFO]  [Checking] Detected test framework: JUnit Jupiter 5.10.0
22:25:18.374 [INFO]  [Checking] Detected JUnit Jupiter version 5.10.0
22:25:18.381 [INFO]  [Checking] Detected JUnit Jupiter Params version 5.10.0
22:25:18.441 [INFO]  [Checking] Detected Mockito version 5.4.0
22:25:19.013 [INFO]  [Checking] Indexing...
22:25:19.387 [INFO]  [Checking] Selected test output directory: C:\Users\cbontoiu\Desktop\DiffblueTutorials\DemoCLI\app\src\test\java
22:25:19.395 [INFO]  [Checking] Running: Using JAVA_HOME: C:\Program Files\Java\jdk-17 : in C:\Users\cbontoiu\Desktop\DiffblueTutorials\DemoCLI\app : gradle test -i  DummyJupiterDiffblueTest
22:25:21.990 [INFO]  [Checking] Selected test framework: JUnit Jupiter
22:25:22.070 [INFO]  [Checking] Running: Using JAVA_HOME: C:\Program Files\Java\jdk-17 : in C:\Users\cbontoiu\Desktop\DiffblueTutorials\DemoCLI\app : gradle test -i  DummyJUnitJupiterLauncherDiffblueTest
22:25:23.443 [INFO]  [Checking] Detected JVM architecture: 64-Bit
22:25:24.112 [INFO]  [Checking] Selected Java language compliance level: 17
22:25:24.113 [INFO]  [Checking] Selected test validation: enabled
22:25:24.136 [INFO]  [Checking] Prefixes for filtering classes/methods:
22:25:24.138 [INFO]  [Checking] - org.action
22:25:24.140 [INFO]  [Checking] - org.base
22:25:24.140 [INFO]  [Checking] - org.features
22:25:24.141 [INFO]  [Checking] Gathering methods to test...
22:25:24.814 [INFO]  [Reporting] 
22:25:24.814 [INFO]  [Reporting] Environment summary:
22:25:24.814 [INFO]  [Reporting] --------------------
22:25:24.817 [INFO]  [Reporting] Java version                  17.0.6                        SUCCESS        
22:25:24.817 [INFO]  [Reporting] Build system                  Gradle                        SUCCESS        
22:25:24.817 [INFO]  [Reporting] Mocking Framework             Mockito 5.4.0                 SUCCESS        
22:25:24.817 [INFO]  [Reporting] Testing framework             JUnit Jupiter 5               SUCCESS        
22:25:24.817 [INFO]  [Reporting] Launcher                      JUnit Jupiter                 SUCCESS        
22:25:24.817 [INFO]  [Reporting] Test validation               Enabled                       SUCCESS        
22:25:24.818 [INFO]  [Reporting] 
22:25:24.818 [INFO]  [Reporting] Environment check status: SUCCESS
22:25:24.855 [INFO]  [Creating] Found 16 callable methods in 6 classes
22:25:24.856 [INFO]  [Creating] 
22:25:24.857 [INFO]  [Creating] Creating tests:
22:25:24.857 [INFO]  [Creating] ---------------
22:25:24.878 [INFO]  [Creating] 
================================================================================
= Starting analysis for class 'org.action.B'
================================================================================
22:25:24.878 [INFO]  [Creating] Filtering out non-testable methods...
22:25:26.709 [INFO]  [Creating] Filtering of methods complete. Creating analysis request
22:25:26.709 [INFO]  [Creating] Attempting to get service client, retry 1.
22:25:26.719 [INFO]  [Creating] Starting monitoring server.
22:25:26.907 [INFO]  [Creating] Monitoring server listening on localhost/127.0.0.1:51499
22:25:26.924 [INFO]  [Creating] Starting analyzer server process...
22:25:26.924 [INFO]  [Creating] Server command-line: C:\Program Files\Java\jdk-17\bin\java.exe -XX:+IgnoreUnrecognizedVMOptions -Djdk.attach.allowAttachSelf=true -ea -javaagent:C:\DiffblueCoverProduct\launcher-shared-jar.jar -Dlogback.configurationFile=C:\Users\cbontoiu\AppData\Local\Temp\diffblue\config\logback-remote-service.xml -Dcom.diffblue.springIsolationJar=C:\DiffblueCoverProduct\cover-isolation-layer.jar -Dcover.jar.path=C:\DiffblueCoverProduct\cover-service-analyzer.jar -Dcom.diffblue.assertionSuggestionJar=C:\DiffblueCoverProduct\cover-service-analyzer.jar -Dcover.main.class=com.diffblue.cover.service.analyzer.Main -jar C:\DiffblueCoverProduct\launcher-shared-jar.jar --service-lifespan 120 --monitoring-service-port 51499 --index-service-port 51499 --debug-log
22:25:26.936 [INFO]  [Creating] Server started. Waiting up to 300 seconds for a connection to be established...
22:25:27.936 [INFO]  [Creating] Starting new remote monitor client
22:25:28.766 [INFO]  [Creating] Attempting to start remote server.
22:25:29.073 [INFO]  [Creating] Server started, listening on localhost/127.0.0.1:51501
22:25:29.950 [INFO]  [Creating] Expect analyzer service to be listening on port 51501.
22:25:30.681 [INFO]  [Creating] Started analyzer service and client retrieved.
22:25:33.803 [INFO]  [Creating] 
================================================================================
= Creating tests for 'org.action.B.<init>:()V' using 'TrM (!sp, !fnm, df, !ris)'
================================================================================
22:25:36.324 [INFO]  [Creating]      [1/16] org.action.B.<init>
22:25:36.324 [INFO]  [Creating]      [1/16]   Partial tests created: 1
22:25:36.324 [INFO]  [Creating]      [1/16]   Reasons for partial tests:
22:25:36.324 [INFO]  [Creating]      [1/16]   R002: Missing observers
22:25:36.324 [INFO]  [Creating]      [1/16]     Diffblue Cover was unable to create an assertion.
22:25:36.324 [INFO]  [Creating]      [1/16]     There are no fields that could be asserted on.
22:25:36.328 [INFO]  [Creating] 
================================================================================
= Creating tests for 'org.action.B.function:(D)D' using 'SiM (!sp, fnm, df, !ris)'
================================================================================
22:25:38.735 [INFO]  [Creating] Created 1+0 tests and partial tests via 'SiM (!sp, fnm, df, !ris)', 1/2, returning all 1
22:25:39.122 [INFO]  [Creating]      [2/16] org.action.B.function
22:25:39.122 [INFO]  [Creating]      [2/16]   Tests created: 1
22:25:39.126 [INFO]  [Creating] 
================================================================================
= Creating tests for 'org.action.B.getTemperature:(I)D' using 'SiM (!sp, fnm, df, !ris)'
================================================================================
22:25:39.362 [INFO]  [Creating] Created 1+0 tests and partial tests via 'SiM (!sp, fnm, df, !ris)', 1/2, returning all 1
22:25:39.479 [INFO]  [Creating]      [3/16] org.action.B.getTemperature
22:25:39.479 [INFO]  [Creating]      [3/16]   Tests created: 1
22:25:39.482 [INFO]  [Creating] 
================================================================================
= Creating tests for 'org.action.B.getTruncatedTemperature:(I)I' using 'SiM (!sp, fnm, df, !ris)'
================================================================================
22:25:39.651 [INFO]  [Creating] Created 1+0 tests and partial tests via 'SiM (!sp, fnm, df, !ris)', 1/2, returning all 1
22:25:39.758 [INFO]  [Creating]      [4/16] org.action.B.getTruncatedTemperature
22:25:39.758 [INFO]  [Creating]      [4/16]   Tests created: 1
22:25:39.766 [INFO]  [Creating] [1/6] org.action.B
22:25:39.767 [INFO]  [Creating] [1/6]   Tests created: 3
22:25:39.768 [INFO]  [Creating] [1/6]   Partial tests created: 1
22:25:39.769 [INFO]  [Creating] 
================================================================================
= Starting analysis for class 'org.action.MainApp'
================================================================================
22:25:39.769 [INFO]  [Creating] Filtering out non-testable methods...
22:25:39.771 [INFO]  [Creating]      [5/16] org.action.MainApp.main
22:25:39.772 [INFO]  [Creating]      [5/16]   T006: Main method
22:25:39.772 [INFO]  [Creating]      [5/16]     It is difficult to assert on side effects of main methods in a unit test.
22:25:39.772 [INFO]  [Creating]      [5/16]     Refactor the main method. E.g. factor out its body into a separate,
22:25:39.772 [INFO]  [Creating]      [5/16]     accessible method that returns the results that should be asserted on.
22:25:39.772 [INFO]  [Creating]      [5/16]     See https://diff.blue/T006 for information on testing main methods.
22:25:39.773 [INFO]  [Creating] Filtering of methods complete. Creating analysis request
22:25:39.773 [INFO]  [Creating] Attempting to get service client, retry 1.
22:25:39.845 [INFO]  [Creating] 
================================================================================
= Creating tests for 'org.action.MainApp.<init>:()V' using 'TrM (!sp, !fnm, df, !ris)'
================================================================================
22:25:39.886 [INFO]  [Creating]      [6/16] org.action.MainApp.<init>
22:25:39.886 [INFO]  [Creating]      [6/16]   T005: Trivial constructor
22:25:39.886 [INFO]  [Creating]      [6/16]     See https://diff.blue/T005
22:25:39.902 [INFO]  [Creating] [2/6] org.action.MainApp
22:25:39.908 [INFO]  [Creating] [2/6]   Tests created: 0
22:25:39.910 [INFO]  [Creating] 
================================================================================
= Starting analysis for class 'org.features.Bear'
================================================================================
22:25:39.910 [INFO]  [Creating] Filtering out non-testable methods...
22:25:39.919 [INFO]  [Creating] Filtering of methods complete. Creating analysis request
22:25:39.919 [INFO]  [Creating] Attempting to get service client, retry 1.
22:25:40.065 [INFO]  [Creating] 
================================================================================
= Creating tests for 'org.features.Bear.<init>:(I)V, org.features.Bear.getIt:()I' using 'TrM (!sp, !fnm, df, !ris)'
================================================================================
22:25:40.234 [INFO]  [Creating]      [7/16] org.features.Bear.<init>
22:25:40.234 [INFO]  [Creating]      [8/16] org.features.Bear.getIt
22:25:40.234 [INFO]  [Creating]      [8/16]   Tests created: 1
22:25:40.242 [INFO]  [Creating] [3/6] org.features.Bear
22:25:40.243 [INFO]  [Creating] [3/6]   Tests created: 1
22:25:40.244 [INFO]  [Creating] 
================================================================================
= Starting analysis for class 'org.features.Koala'
================================================================================
22:25:40.244 [INFO]  [Creating] Filtering out non-testable methods...
22:25:40.245 [INFO]  [Creating] Filtering of methods complete. Creating analysis request
22:25:40.245 [INFO]  [Creating] Attempting to get service client, retry 1.
22:25:40.330 [INFO]  [Creating] 
================================================================================
= Creating tests for 'org.features.Koala.<init>:(I)V, org.features.Koala.getIt:()I' using 'TrM (!sp, !fnm, df, !ris)'
================================================================================
22:25:40.510 [INFO]  [Creating]      [9/16] org.features.Koala.<init>
22:25:40.511 [INFO]  [Creating]     [10/16] org.features.Koala.getIt
22:25:40.511 [INFO]  [Creating]     [10/16]   Tests created: 1
22:25:40.519 [INFO]  [Creating] [4/6] org.features.Koala
22:25:40.520 [INFO]  [Creating] [4/6]   Tests created: 1
22:25:40.521 [INFO]  [Creating] 
================================================================================
= Starting analysis for class 'org.features.Kodiak'
================================================================================
22:25:40.521 [INFO]  [Creating] Filtering out non-testable methods...
22:25:40.523 [INFO]  [Creating] Filtering of methods complete. Creating analysis request
22:25:40.524 [INFO]  [Creating] Attempting to get service client, retry 1.
22:25:40.609 [INFO]  [Creating] 
================================================================================
= Creating tests for 'org.features.Kodiak.<init>:(I)V, org.features.Kodiak.getIt:()I' using 'TrM (!sp, !fnm, df, !ris)'
================================================================================
22:25:40.785 [INFO]  [Creating]     [11/16] org.features.Kodiak.<init>
22:25:40.786 [INFO]  [Creating]     [12/16] org.features.Kodiak.getIt
22:25:40.786 [INFO]  [Creating]     [12/16]   Tests created: 1
22:25:40.793 [INFO]  [Creating] [5/6] org.features.Kodiak
22:25:40.794 [INFO]  [Creating] [5/6]   Tests created: 1
22:25:40.795 [INFO]  [Creating] 
================================================================================
= Starting analysis for class 'org.features.Operation'
================================================================================
22:25:40.795 [INFO]  [Creating] Filtering out non-testable methods...
22:25:40.798 [INFO]  [Creating] Filtering of methods complete. Creating analysis request
22:25:40.798 [INFO]  [Creating] Attempting to get service client, retry 1.
22:25:40.869 [INFO]  [Creating] 
================================================================================
= Creating tests for 'org.features.Operation.<init>:()V, org.features.Operation.toString:()Ljava/lang/String;' using 'TrM (!sp, !fnm, df, !ris)'
================================================================================
22:25:41.128 [INFO]  [Creating]     [13/16] org.features.Operation.<init>
22:25:41.128 [INFO]  [Creating]     [14/16] org.features.Operation.toString
22:25:41.128 [INFO]  [Creating]     [14/16]   Tests created: 1
22:25:41.131 [INFO]  [Creating] 
================================================================================
= Creating tests for 'org.features.Operation.equals:(Ljava/lang/Object;)Z, org.features.Operation.hashCode:()I' using 'EqH (!sp, !fnm, df, !ris)'
================================================================================
22:25:41.821 [INFO]  [Creating]     [15/16] org.features.Operation.equals
22:25:41.821 [INFO]  [Creating]     [16/16] org.features.Operation.hashCode
22:25:41.821 [INFO]  [Creating]     [16/16]   Tests created: 5
22:25:41.826 [INFO]  [Creating] [6/6] org.features.Operation
22:25:41.826 [INFO]  [Creating] [6/6]   Tests created: 6
22:25:41.834 [INFO]  [Reporting] 
22:25:41.835 [INFO]  [Reporting] Summary:
22:25:41.836 [INFO]  [Reporting] --------
22:25:41.836 [INFO]  [Reporting] Total:                                              16 methods
22:25:41.837 [INFO]  [Reporting] 12 tests created for:                               13 methods
22:25:41.838 [INFO]  [Reporting] 1 partial test created for:                          1 method
22:25:41.838 [INFO]  [Reporting] 
22:25:41.839 [INFO]  [Reporting] Tested indirectly via other methods:                 1 method
22:25:41.839 [INFO]  [Reporting]     1 T005: Trivial constructor
22:25:41.840 [INFO]  [Reporting] Not unit-testable:                                   1 method
22:25:41.841 [INFO]  [Reporting]     1 T006: Main method
22:25:41.841 [INFO]  [Reporting] No tests created for:                                1 method
22:25:41.842 [INFO]  [Reporting]     1 R002: Missing observers
22:25:42.054 [INFO]  [Validating] 
22:25:42.055 [INFO]  [Validating] Running validation command.
22:25:42.061 [INFO]  [Validating] Running: Using JAVA_HOME: C:\Program Files\Java\jdk-17 : in C:\Users\cbontoiu\Desktop\DiffblueTutorials\DemoCLI\app : gradle test -i  
22:25:44.132 [INFO]  [Validating] Standard output of build tool (gradle)
22:25:44.132 [INFO]  [Validating] > The client will now receive all logging from the daemon (pid: 8492). The daemon log file: C:\Users\cbontoiu\.gradle\daemon\8.2\daemon-8492.out.log
22:25:44.132 [INFO]  [Validating] > Starting 5th build in daemon [uptime: 1 mins 5.081 secs, performance: 100%, GC rate: 0.00/s, heap usage: 0% of 3.9 GiB]
22:25:44.132 [INFO]  [Validating] > Closing daemon's stdin at end of input.
22:25:44.132 [INFO]  [Validating] > The daemon will no longer process any standard input.
22:25:44.132 [INFO]  [Validating] > Using 8 worker leases.
22:25:44.132 [INFO]  [Validating] > Now considering [C:\Users\cbontoiu\Desktop\DiffblueTutorials\DemoCLI] as hierarchies to watch
22:25:44.132 [INFO]  [Validating] > Watching the file system is configured to be enabled if available
22:25:44.132 [INFO]  [Validating] > File system watching is active
22:25:44.132 [INFO]  [Validating] > Starting Build
22:25:44.133 [INFO]  [Validating] > Settings evaluated using settings file 'C:\Users\cbontoiu\Desktop\DiffblueTutorials\DemoCLI\settings.gradle'.
22:25:44.133 [INFO]  [Validating] > Projects loaded. Root project using build file 'C:\Users\cbontoiu\Desktop\DiffblueTutorials\DemoCLI\build.gradle'.
22:25:44.133 [INFO]  [Validating] > Included projects: [root project 'DemoCLI', project ':app', project ':common']
22:25:44.133 [INFO]  [Validating] > 
22:25:44.133 [INFO]  [Validating] > > Configure project :
22:25:44.133 [INFO]  [Validating] > Evaluating root project 'DemoCLI' using build file 'C:\Users\cbontoiu\Desktop\DiffblueTutorials\DemoCLI\build.gradle'.
22:25:44.133 [INFO]  [Validating] > 
22:25:44.133 [INFO]  [Validating] > > Configure project :app
22:25:44.133 [INFO]  [Validating] > Evaluating project ':app' using build file 'C:\Users\cbontoiu\Desktop\DiffblueTutorials\DemoCLI\app\build.gradle'.
22:25:44.133 [INFO]  [Validating] > 
22:25:44.133 [INFO]  [Validating] > > Configure project :common
22:25:44.133 [INFO]  [Validating] > Evaluating project ':common' using build file 'C:\Users\cbontoiu\Desktop\DiffblueTutorials\DemoCLI\common\build.gradle'.
22:25:44.133 [INFO]  [Validating] > All projects evaluated.
22:25:44.133 [INFO]  [Validating] > Task path ':app:test' matched project ':app'
22:25:44.133 [INFO]  [Validating] > Task name matched 'test'
22:25:44.133 [INFO]  [Validating] > Selected primary task 'test' from project :app
22:25:44.133 [INFO]  [Validating] > The configuration :app:mainSourceElements is both consumable and declarable. This combination is incorrect, only one of these flags should be set.
22:25:44.133 [INFO]  [Validating] > The configuration :common:coverageDataElementsForTest is both consumable and declarable. This combination is incorrect, only one of these flags should be set.
22:25:44.133 [INFO]  [Validating] > The configuration :common:mainSourceElements is both consumable and declarable. This combination is incorrect, only one of these flags should be set.
22:25:44.133 [INFO]  [Validating] > Tasks to be executed: [task ':common:compileJava', task ':common:processResources', task ':common:classes', task ':common:jar', task ':app:compileJava', task ':app:processResources', task ':app:classes', task ':app:compileTestJava', task ':app:processTestResources', task ':app:testClasses', task ':app:test']
22:25:44.133 [INFO]  [Validating] > Tasks that were excluded: []
22:25:44.133 [INFO]  [Validating] > Resolve mutations for :common:compileJava (Thread[Execution worker,5,main]) started.
22:25:44.133 [INFO]  [Validating] > :common:compileJava (Thread[Execution worker,5,main]) started.
22:25:44.133 [INFO]  [Validating] > 
22:25:44.133 [INFO]  [Validating] > > Task :common:compileJava UP-TO-DATE
22:25:44.134 [INFO]  [Validating] > Caching disabled for task ':common:compileJava' because:
22:25:44.134 [INFO]  [Validating] >   Build cache is disabled
22:25:44.134 [INFO]  [Validating] > Skipping task ':common:compileJava' as it is up-to-date.
22:25:44.134 [INFO]  [Validating] > Resolve mutations for :common:processResources (Thread[Execution worker,5,main]) started.
22:25:44.134 [INFO]  [Validating] > :common:processResources (Thread[Execution worker,5,main]) started.
22:25:44.134 [INFO]  [Validating] > 
22:25:44.134 [INFO]  [Validating] > > Task :common:processResources NO-SOURCE
22:25:44.134 [INFO]  [Validating] > Skipping task ':common:processResources' as it has no source files and no previous output files.
22:25:44.134 [INFO]  [Validating] > Resolve mutations for :common:classes (Thread[Execution worker,5,main]) started.
22:25:44.134 [INFO]  [Validating] > :common:classes (Thread[Execution worker,5,main]) started.
22:25:44.134 [INFO]  [Validating] > 
22:25:44.134 [INFO]  [Validating] > > Task :common:classes UP-TO-DATE
22:25:44.134 [INFO]  [Validating] > Skipping task ':common:classes' as it has no actions.
22:25:44.134 [INFO]  [Validating] > Resolve mutations for :common:jar (Thread[Execution worker,5,main]) started.
22:25:44.134 [INFO]  [Validating] > :common:jar (Thread[Execution worker,5,main]) started.
22:25:44.134 [INFO]  [Validating] > 
22:25:44.134 [INFO]  [Validating] > > Task :common:jar UP-TO-DATE
22:25:44.134 [INFO]  [Validating] > Caching disabled for task ':common:jar' because:
22:25:44.135 [INFO]  [Validating] >   Build cache is disabled
22:25:44.135 [INFO]  [Validating] > Skipping task ':common:jar' as it is up-to-date.
22:25:44.135 [INFO]  [Validating] > work action resolve common.jar (project :common) (Thread[Execution worker,5,main]) started.
22:25:44.135 [INFO]  [Validating] > Resolve mutations for :app:compileJava (Thread[Execution worker,5,main]) started.
22:25:44.135 [INFO]  [Validating] > :app:compileJava (Thread[Execution worker,5,main]) started.
22:25:44.135 [INFO]  [Validating] > 
22:25:44.135 [INFO]  [Validating] > > Task :app:compileJava UP-TO-DATE
22:25:44.135 [INFO]  [Validating] > Caching disabled for task ':app:compileJava' because:
22:25:44.135 [INFO]  [Validating] >   Build cache is disabled
22:25:44.135 [INFO]  [Validating] > Skipping task ':app:compileJava' as it is up-to-date.
22:25:44.135 [INFO]  [Validating] > Resolve mutations for :app:processResources (Thread[Execution worker,5,main]) started.
22:25:44.135 [INFO]  [Validating] > :app:processResources (Thread[Execution worker,5,main]) started.
22:25:44.135 [INFO]  [Validating] > 
22:25:44.135 [INFO]  [Validating] > > Task :app:processResources NO-SOURCE
22:25:44.135 [INFO]  [Validating] > Skipping task ':app:processResources' as it has no source files and no previous output files.
22:25:44.135 [INFO]  [Validating] > Resolve mutations for :app:classes (Thread[Execution worker,5,main]) started.
22:25:44.135 [INFO]  [Validating] > :app:classes (Thread[Execution worker,5,main]) started.
22:25:44.135 [INFO]  [Validating] > 
22:25:44.135 [INFO]  [Validating] > > Task :app:classes UP-TO-DATE
22:25:44.135 [INFO]  [Validating] > Skipping task ':app:classes' as it has no actions.
22:25:44.135 [INFO]  [Validating] > Resolve mutations for :app:compileTestJava (Thread[Execution worker,5,main]) started.
22:25:44.135 [INFO]  [Validating] > :app:compileTestJava (Thread[Execution worker,5,main]) started.
22:25:44.135 [INFO]  [Validating] > 
22:25:44.135 [INFO]  [Validating] > > Task :app:compileTestJava
22:25:44.135 [INFO]  [Validating] > Invalidating in-memory cache of C:\Users\cbontoiu\.gradle\caches\journal-1\file-access.bin
22:25:44.135 [INFO]  [Validating] > Caching disabled for task ':app:compileTestJava' because:
22:25:44.135 [INFO]  [Validating] >   Build cache is disabled
22:25:44.135 [INFO]  [Validating] > Task ':app:compileTestJava' is not up-to-date because:
22:25:44.135 [INFO]  [Validating] >   Input property 'stableSources' file C:\Users\cbontoiu\Desktop\DiffblueTutorials\DemoCLI\app\src\test\java\DummyJUnitJupiterLauncherDiffblueTest.java has been removed.
22:25:44.135 [INFO]  [Validating] >   Input property 'stableSources' file C:\Users\cbontoiu\Desktop\DiffblueTutorials\DemoCLI\app\src\test\java\org\action\BDiffblueTest.java has been added.
22:25:44.135 [INFO]  [Validating] >   Input property 'stableSources' file C:\Users\cbontoiu\Desktop\DiffblueTutorials\DemoCLI\app\src\test\java\org\base\BearDiffblueTest.java has been added.
22:25:44.135 [INFO]  [Validating] > Created classpath snapshot for incremental compilation in 0.004 secs.
22:25:44.135 [INFO]  [Validating] > Compiling with toolchain 'C:\Program Files\Java\jdk-17'.
22:25:44.135 [INFO]  [Validating] > Compiling with JDK Java compiler API.
22:25:44.135 [INFO]  [Validating] > Incremental compilation of 7 classes completed in 0.234 secs.
22:25:44.135 [INFO]  [Validating] > Class dependency analysis for incremental compilation took 0.029 secs.
22:25:44.135 [INFO]  [Validating] > Resolve mutations for :app:processTestResources (Thread[Execution worker,5,main]) started.
22:25:44.135 [INFO]  [Validating] > :app:processTestResources (Thread[Execution worker,5,main]) started.
22:25:44.135 [INFO]  [Validating] > 
22:25:44.135 [INFO]  [Validating] > > Task :app:processTestResources NO-SOURCE
22:25:44.135 [INFO]  [Validating] > Skipping task ':app:processTestResources' as it has no source files and no previous output files.
22:25:44.135 [INFO]  [Validating] > Resolve mutations for :app:testClasses (Thread[Execution worker,5,main]) started.
22:25:44.135 [INFO]  [Validating] > :app:testClasses (Thread[Execution worker,5,main]) started.
22:25:44.135 [INFO]  [Validating] > 
22:25:44.135 [INFO]  [Validating] > > Task :app:testClasses
22:25:44.135 [INFO]  [Validating] > Skipping task ':app:testClasses' as it has no actions.
22:25:44.136 [INFO]  [Validating] > Resolve mutations for :app:test (Thread[Execution worker,5,main]) started.
22:25:44.136 [INFO]  [Validating] > :app:test (Thread[Execution worker,5,main]) started.
22:25:44.136 [INFO]  [Validating] > Gradle Test Executor 5 started executing tests.
22:25:44.136 [INFO]  [Validating] > Gradle Test Executor 5 finished executing tests.
22:25:44.137 [INFO]  [Validating] > 
22:25:44.137 [INFO]  [Validating] > > Task :app:test
22:25:44.137 [INFO]  [Validating] > Caching disabled for task ':app:test' because:
22:25:44.137 [INFO]  [Validating] >   Build cache is disabled
22:25:44.137 [INFO]  [Validating] > Task ':app:test' is not up-to-date because:
22:25:44.137 [INFO]  [Validating] >   Value of input property 'filter.failOnNoMatchingTests' has changed for task ':app:test'
22:25:44.137 [INFO]  [Validating] >   Value of input property 'filter.includePatterns' has changed for task ':app:test'
22:25:44.137 [INFO]  [Validating] > Starting process 'Gradle Test Executor 5'. Working directory: C:\Users\cbontoiu\Desktop\DiffblueTutorials\DemoCLI\app Command: C:\Program Files\Java\jdk-17\bin\java.exe -Dorg.gradle.internal.worker.tmpdir=C:\Users\cbontoiu\Desktop\DiffblueTutorials\DemoCLI\app\build\tmp\test\work -Dorg.gradle.native=false @C:\Users\cbontoiu\.gradle\.tmp\gradle-worker-classpath1391071583172516727txt -Xmx512m -Dfile.encoding=windows-1252 -Duser.country=GB -Duser.language=en -Duser.variant -ea worker.org.gradle.process.internal.worker.GradleWorkerMain 'Gradle Test Executor 5'
22:25:44.137 [INFO]  [Validating] > Successfully started process 'Gradle Test Executor 5'
22:25:44.137 [INFO]  [Validating] > Finished generating test XML results (0.011 secs) into: C:\Users\cbontoiu\Desktop\DiffblueTutorials\DemoCLI\app\build\test-results\test
22:25:44.137 [INFO]  [Validating] > Generating HTML test report...
22:25:44.137 [INFO]  [Validating] > Finished generating test html results (0.019 secs) into: C:\Users\cbontoiu\Desktop\DiffblueTutorials\DemoCLI\app\build\reports\tests\test
22:25:44.137 [INFO]  [Validating] > 
22:25:44.137 [INFO]  [Validating] > Deprecated Gradle features were used in this build, making it incompatible with Gradle 9.0.
22:25:44.137 [INFO]  [Validating] > 
22:25:44.137 [INFO]  [Validating] > You can use '--warning-mode all' to show the individual deprecation warnings and determine if they come from your own scripts or plugins.
22:25:44.137 [INFO]  [Validating] > 
22:25:44.137 [INFO]  [Validating] > For more on this, please refer to https://docs.gradle.org/8.2/userguide/command_line_interface.html#sec:command_line_warnings in the Gradle documentation.
22:25:44.137 [INFO]  [Validating] > 
22:25:44.137 [INFO]  [Validating] > BUILD SUCCESSFUL in 2s
22:25:44.137 [INFO]  [Validating] > 5 actionable tasks: 2 executed, 3 up-to-date
22:25:44.137 [INFO]  [Validating] > Watched directory hierarchies: [C:\Users\cbontoiu\Desktop\DiffblueTutorials\DemoCLI]
22:25:44.137 [INFO]  [Validating] Standard error of build tool (gradle)
22:25:44.138 [INFO]  [Validating] > 
22:25:44.158 [INFO]  [Validating] All 12 created tests were successfully validated.
22:25:44.250 [INFO]  [Reporting] Writing JSON report to C:\Users\cbontoiu\Desktop\DiffblueTutorials\DemoCLI\app\.diffblue\reports\report.json
22:25:44.306 [INFO]  [Reporting] Log file: C:\Users\cbontoiu\Desktop\DiffblueTutorials\DemoCLI\app\.diffblue\log\user-20230912T222513.log
22:25:44.307 [INFO]  [Reporting] Finished in 30s
