23:29:30.897 [INFO]  [Preparing] Diffblue Cover 2023.08.02-1086ce8-unrestricted
23:29:30.898 [INFO]  [Preparing] 
23:29:30.899 [INFO]  [Preparing] Running: dcover create --working-directory=app --keep-partial-tests
23:29:32.924 [INFO]  [Checking] Detecting environment:
23:29:32.924 [INFO]  [Checking] ----------------------
23:29:33.002 [INFO]  [Checking] Detected Java version 17.0.6
23:29:35.378 [INFO]  [Checking] Detected build system: Gradle 8.2
23:29:35.382 [INFO]  [Checking] Operating System: Windows 11 amd64 10.0
23:29:35.382 [INFO]  [Checking] Default charset: windows-1252
23:29:35.383 [INFO]  [Checking] Default locale: en_GB
23:29:35.383 [INFO]  [Checking] Default time zone: Europe/London
23:29:35.385 [INFO]  [Checking] Selected build system: Gradle
23:29:35.389 [INFO]  [Checking] Selected classpath from build system Gradle
23:29:35.390 [INFO]  [Checking] Expanded classpath: 
C:\Users\cbontoiu\Desktop\DiffblueTutorials\DemoCLI\app\build\classes\java\test
C:\Users\cbontoiu\Desktop\DiffblueTutorials\DemoCLI\app\build\classes\java\main (code under test)
C:\Users\cbontoiu\Desktop\DiffblueTutorials\DemoCLI\app\build\resources\test
C:\Users\cbontoiu\Desktop\DiffblueTutorials\DemoCLI\app\build\resources\main
C:\Users\cbontoiu\Desktop\DiffblueTutorials\DemoCLI\common\build\libs\common-1.0-SNAPSHOT.jar
C:\Users\cbontoiu\.gradle\caches\modules-2\files-2.1\org.junit.jupiter\junit-jupiter\5.10.0\8fea1d9c58b2156f1b998f2f18da04bc9e087f74\junit-jupiter-5.10.0.jar
C:\Users\cbontoiu\.gradle\caches\modules-2\files-2.1\org.junit.jupiter\junit-jupiter-params\5.10.0\9041c7365495a897a64782ea5a6fdb99dab1814e\junit-jupiter-params-5.10.0.jar
C:\Users\cbontoiu\.gradle\caches\modules-2\files-2.1\org.junit.jupiter\junit-jupiter-engine\5.10.0\90587932d718fc51a48112d33045a18476c542ad\junit-jupiter-engine-5.10.0.jar
C:\Users\cbontoiu\.gradle\caches\modules-2\files-2.1\org.junit.jupiter\junit-jupiter-api\5.10.0\2fe4ba3d31d5067878e468c96aa039005a9134d3\junit-jupiter-api-5.10.0.jar
C:\Users\cbontoiu\.gradle\caches\modules-2\files-2.1\org.junit.platform\junit-platform-engine\1.10.0\276c4edcf64fabb5a139fa7b4f99330d7a93b804\junit-platform-engine-1.10.0.jar
C:\Users\cbontoiu\.gradle\caches\modules-2\files-2.1\org.junit.platform\junit-platform-commons\1.10.0\d533ff2c286eaf963566f92baf5f8a06628d2609\junit-platform-commons-1.10.0.jar
C:\Users\cbontoiu\.gradle\caches\modules-2\files-2.1\org.mockito\mockito-core\5.4.0\30bcbe79f7bd51b53debfc4c6014d0bea4935e37\mockito-core-5.4.0.jar
C:\Users\cbontoiu\.gradle\caches\modules-2\files-2.1\net.bytebuddy\byte-buddy\1.14.5\28a424c0c4f362568e904d992c239c996cf7adc7\byte-buddy-1.14.5.jar
C:\Users\cbontoiu\.gradle\caches\modules-2\files-2.1\net.bytebuddy\byte-buddy-agent\1.14.5\20f4e9b9d0ffb953657bfa4b92c0cceb27907d58\byte-buddy-agent-1.14.5.jar
C:\Users\cbontoiu\.gradle\caches\modules-2\files-2.1\org.objenesis\objenesis\3.3\1049c09f1de4331e8193e579448d0916d75b7631\objenesis-3.3.jar
C:\Users\cbontoiu\.gradle\caches\modules-2\files-2.1\org.opentest4j\opentest4j\1.3.0\152ea56b3a72f655d4fd677fc0ef2596c3dd5e6e\opentest4j-1.3.0.jar
23:29:35.528 [INFO]  [Checking] Detected test framework: JUnit Jupiter 5.10.0
23:29:35.534 [INFO]  [Checking] Detected JUnit Jupiter version 5.10.0
23:29:35.539 [INFO]  [Checking] Detected JUnit Jupiter Params version 5.10.0
23:29:35.599 [INFO]  [Checking] Detected Mockito version 5.4.0
23:29:36.127 [INFO]  [Checking] Indexing...
23:29:36.456 [INFO]  [Checking] Selected test output directory: C:\Users\cbontoiu\Desktop\DiffblueTutorials\DemoCLI\app\src\test\java
23:29:36.465 [INFO]  [Checking] Running: Using JAVA_HOME: C:\Program Files\Java\jdk-17 : in C:\Users\cbontoiu\Desktop\DiffblueTutorials\DemoCLI\app : gradle test -i  DummyJupiterDiffblueTest
23:29:37.641 [INFO]  [Checking] Selected test framework: JUnit Jupiter
23:29:37.778 [INFO]  [Checking] Running: Using JAVA_HOME: C:\Program Files\Java\jdk-17 : in C:\Users\cbontoiu\Desktop\DiffblueTutorials\DemoCLI\app : gradle test -i  DummyJUnitJupiterLauncherDiffblueTest
23:29:39.112 [INFO]  [Checking] Detected JVM architecture: 64-Bit
23:29:39.672 [INFO]  [Checking] Selected Java language compliance level: 17
23:29:39.673 [INFO]  [Checking] Selected test validation: enabled
23:29:39.694 [INFO]  [Checking] Prefixes for filtering classes/methods:
23:29:39.697 [INFO]  [Checking] - org.action
23:29:39.697 [INFO]  [Checking] - org.features
23:29:39.698 [INFO]  [Checking] Gathering methods to test...
23:29:40.446 [INFO]  [Reporting] 
23:29:40.446 [INFO]  [Reporting] Environment summary:
23:29:40.446 [INFO]  [Reporting] --------------------
23:29:40.450 [INFO]  [Reporting] Java version                  17.0.6                        SUCCESS        
23:29:40.450 [INFO]  [Reporting] Build system                  Gradle                        SUCCESS        
23:29:40.450 [INFO]  [Reporting] Mocking Framework             Mockito 5.4.0                 SUCCESS        
23:29:40.451 [INFO]  [Reporting] Testing framework             JUnit Jupiter 5               SUCCESS        
23:29:40.451 [INFO]  [Reporting] Launcher                      JUnit Jupiter                 SUCCESS        
23:29:40.451 [INFO]  [Reporting] Test validation               Enabled                       SUCCESS        
23:29:40.451 [INFO]  [Reporting] 
23:29:40.452 [INFO]  [Reporting] Environment check status: SUCCESS
23:29:40.504 [INFO]  [Creating] Found 14 callable methods in 5 classes
23:29:40.506 [INFO]  [Creating] 
23:29:40.506 [INFO]  [Creating] Creating tests:
23:29:40.507 [INFO]  [Creating] ---------------
23:29:40.540 [INFO]  [Creating] 
================================================================================
= Starting analysis for class 'org.action.B'
================================================================================
23:29:40.541 [INFO]  [Creating] Filtering out non-testable methods...
23:29:42.246 [INFO]  [Creating] Filtering of methods complete. Creating analysis request
23:29:42.247 [INFO]  [Creating] Attempting to get service client, retry 1.
23:29:42.255 [INFO]  [Creating] Starting monitoring server.
23:29:42.435 [INFO]  [Creating] Monitoring server listening on localhost/127.0.0.1:52676
23:29:42.437 [INFO]  [Creating] Starting analyzer server process...
23:29:42.438 [INFO]  [Creating] Server command-line: C:\Program Files\Java\jdk-17\bin\java.exe -XX:+IgnoreUnrecognizedVMOptions -Djdk.attach.allowAttachSelf=true -ea -javaagent:C:\DiffblueCoverProduct\launcher-shared-jar.jar -Dlogback.configurationFile=C:\Users\cbontoiu\AppData\Local\Temp\diffblue\config\logback-remote-service.xml -Dcom.diffblue.springIsolationJar=C:\DiffblueCoverProduct\cover-isolation-layer.jar -Dcover.jar.path=C:\DiffblueCoverProduct\cover-service-analyzer.jar -Dcom.diffblue.assertionSuggestionJar=C:\DiffblueCoverProduct\cover-service-analyzer.jar -Dcover.main.class=com.diffblue.cover.service.analyzer.Main -jar C:\DiffblueCoverProduct\launcher-shared-jar.jar --service-lifespan 120 --monitoring-service-port 52676 --index-service-port 52676 --debug-log
23:29:42.448 [INFO]  [Creating] Server started. Waiting up to 300 seconds for a connection to be established...
23:29:43.297 [INFO]  [Creating] Starting new remote monitor client
23:29:43.985 [INFO]  [Creating] Attempting to start remote server.
23:29:44.274 [INFO]  [Creating] Server started, listening on localhost/127.0.0.1:52679
23:29:44.459 [INFO]  [Creating] Expect analyzer service to be listening on port 52679.
23:29:45.119 [INFO]  [Creating] Started analyzer service and client retrieved.
23:29:47.750 [INFO]  [Creating] 
================================================================================
= Creating tests for 'org.action.B.<init>:()V' using 'TrM (!sp, !fnm, df, !ris)'
================================================================================
23:29:49.793 [INFO]  [Creating]      [1/14] org.action.B.<init>
23:29:49.793 [INFO]  [Creating]      [1/14]   Partial tests created: 1
23:29:49.793 [INFO]  [Creating]      [1/14]   Reasons for partial tests:
23:29:49.793 [INFO]  [Creating]      [1/14]   R002: Missing observers
23:29:49.793 [INFO]  [Creating]      [1/14]     Diffblue Cover was unable to create an assertion.
23:29:49.793 [INFO]  [Creating]      [1/14]     There are no fields that could be asserted on.
23:29:49.796 [INFO]  [Creating] 
================================================================================
= Creating tests for 'org.action.B.function:(D)D' using 'SiM (!sp, fnm, df, !ris)'
================================================================================
23:29:51.434 [INFO]  [Creating] Created 1+0 tests and partial tests via 'SiM (!sp, fnm, df, !ris)', 1/2, returning all 1
23:29:51.647 [INFO]  [Creating]      [2/14] org.action.B.function
23:29:51.647 [INFO]  [Creating]      [2/14]   Tests created: 1
23:29:51.656 [INFO]  [Creating] 
================================================================================
= Creating tests for 'org.action.B.getTemperature:(I)D' using 'SiM (!sp, fnm, df, !ris)'
================================================================================
23:29:51.829 [INFO]  [Creating] Created 1+0 tests and partial tests via 'SiM (!sp, fnm, df, !ris)', 1/2, returning all 1
23:29:51.913 [INFO]  [Creating]      [3/14] org.action.B.getTemperature
23:29:51.913 [INFO]  [Creating]      [3/14]   Tests created: 1
23:29:51.917 [INFO]  [Creating] 
================================================================================
= Creating tests for 'org.action.B.getTruncatedTemperature:(I)I' using 'SiM (!sp, fnm, df, !ris)'
================================================================================
23:29:52.104 [INFO]  [Creating] Created 1+0 tests and partial tests via 'SiM (!sp, fnm, df, !ris)', 1/2, returning all 1
23:29:52.202 [INFO]  [Creating]      [4/14] org.action.B.getTruncatedTemperature
23:29:52.202 [INFO]  [Creating]      [4/14]   Tests created: 1
23:29:52.207 [INFO]  [Creating] [1/5] org.action.B
23:29:52.208 [INFO]  [Creating] [1/5]   Tests created: 3
23:29:52.209 [INFO]  [Creating] [1/5]   Partial tests created: 1
23:29:52.209 [INFO]  [Creating] 
================================================================================
= Starting analysis for class 'org.action.MainApp'
================================================================================
23:29:52.209 [INFO]  [Creating] Filtering out non-testable methods...
23:29:52.211 [INFO]  [Creating]      [5/14] org.action.MainApp.main
23:29:52.212 [INFO]  [Creating]      [5/14]   T006: Main method
23:29:52.212 [INFO]  [Creating]      [5/14]     It is difficult to assert on side effects of main methods in a unit test.
23:29:52.212 [INFO]  [Creating]      [5/14]     Refactor the main method. E.g. factor out its body into a separate,
23:29:52.212 [INFO]  [Creating]      [5/14]     accessible method that returns the results that should be asserted on.
23:29:52.212 [INFO]  [Creating]      [5/14]     See https://diff.blue/T006 for information on testing main methods.
23:29:52.212 [INFO]  [Creating] Filtering of methods complete. Creating analysis request
23:29:52.212 [INFO]  [Creating] Attempting to get service client, retry 1.
23:29:52.257 [INFO]  [Creating] 
================================================================================
= Creating tests for 'org.action.MainApp.<init>:()V' using 'TrM (!sp, !fnm, df, !ris)'
================================================================================
23:29:52.287 [INFO]  [Creating]      [6/14] org.action.MainApp.<init>
23:29:52.287 [INFO]  [Creating]      [6/14]   T005: Trivial constructor
23:29:52.287 [INFO]  [Creating]      [6/14]     See https://diff.blue/T005
23:29:52.292 [INFO]  [Creating] [2/5] org.action.MainApp
23:29:52.293 [INFO]  [Creating] [2/5]   Tests created: 0
23:29:52.293 [INFO]  [Creating] 
================================================================================
= Starting analysis for class 'org.features.Bear'
================================================================================
23:29:52.293 [INFO]  [Creating] Filtering out non-testable methods...
23:29:52.295 [INFO]  [Creating] Filtering of methods complete. Creating analysis request
23:29:52.295 [INFO]  [Creating] Attempting to get service client, retry 1.
23:29:52.344 [INFO]  [Creating] 
================================================================================
= Creating tests for 'org.features.Bear.<init>:(I)V, org.features.Bear.getIt:()I' using 'TrM (!sp, !fnm, df, !ris)'
================================================================================
23:29:52.461 [INFO]  [Creating]      [7/14] org.features.Bear.<init>
23:29:52.462 [INFO]  [Creating]      [8/14] org.features.Bear.getIt
23:29:52.462 [INFO]  [Creating]      [8/14]   Tests created: 1
23:29:52.468 [INFO]  [Creating] [3/5] org.features.Bear
23:29:52.468 [INFO]  [Creating] [3/5]   Tests created: 1
23:29:52.469 [INFO]  [Creating] 
================================================================================
= Starting analysis for class 'org.features.Koala'
================================================================================
23:29:52.469 [INFO]  [Creating] Filtering out non-testable methods...
23:29:52.470 [INFO]  [Creating] Filtering of methods complete. Creating analysis request
23:29:52.471 [INFO]  [Creating] Attempting to get service client, retry 1.
23:29:52.518 [INFO]  [Creating] 
================================================================================
= Creating tests for 'org.features.Koala.<init>:(I)V, org.features.Koala.getIt:()I' using 'TrM (!sp, !fnm, df, !ris)'
================================================================================
23:29:52.631 [INFO]  [Creating]      [9/14] org.features.Koala.<init>
23:29:52.631 [INFO]  [Creating]     [10/14] org.features.Koala.getIt
23:29:52.631 [INFO]  [Creating]     [10/14]   Tests created: 1
23:29:52.637 [INFO]  [Creating] [4/5] org.features.Koala
23:29:52.638 [INFO]  [Creating] [4/5]   Tests created: 1
23:29:52.639 [INFO]  [Creating] 
================================================================================
= Starting analysis for class 'org.features.Operation'
================================================================================
23:29:52.639 [INFO]  [Creating] Filtering out non-testable methods...
23:29:52.641 [INFO]  [Creating] Filtering of methods complete. Creating analysis request
23:29:52.642 [INFO]  [Creating] Attempting to get service client, retry 1.
23:29:52.719 [INFO]  [Creating] 
================================================================================
= Creating tests for 'org.features.Operation.<init>:()V, org.features.Operation.toString:()Ljava/lang/String;' using 'TrM (!sp, !fnm, df, !ris)'
================================================================================
23:29:52.867 [INFO]  [Creating]     [11/14] org.features.Operation.<init>
23:29:52.867 [INFO]  [Creating]     [12/14] org.features.Operation.toString
23:29:52.867 [INFO]  [Creating]     [12/14]   Tests created: 1
23:29:52.869 [INFO]  [Creating] 
================================================================================
= Creating tests for 'org.features.Operation.equals:(Ljava/lang/Object;)Z, org.features.Operation.hashCode:()I' using 'EqH (!sp, !fnm, df, !ris)'
================================================================================
23:29:53.434 [INFO]  [Creating]     [13/14] org.features.Operation.equals
23:29:53.435 [INFO]  [Creating]     [14/14] org.features.Operation.hashCode
23:29:53.435 [INFO]  [Creating]     [14/14]   Tests created: 5
23:29:53.439 [INFO]  [Creating] [5/5] org.features.Operation
23:29:53.440 [INFO]  [Creating] [5/5]   Tests created: 6
23:29:53.447 [INFO]  [Reporting] 
23:29:53.448 [INFO]  [Reporting] Summary:
23:29:53.448 [INFO]  [Reporting] --------
23:29:53.449 [INFO]  [Reporting] Total:                                              14 methods
23:29:53.449 [INFO]  [Reporting] 11 tests created for:                               11 methods
23:29:53.450 [INFO]  [Reporting] 1 partial test created for:                          1 method
23:29:53.450 [INFO]  [Reporting] 
23:29:53.451 [INFO]  [Reporting] Tested indirectly via other methods:                 1 method
23:29:53.451 [INFO]  [Reporting]     1 T005: Trivial constructor
23:29:53.452 [INFO]  [Reporting] Not unit-testable:                                   1 method
23:29:53.452 [INFO]  [Reporting]     1 T006: Main method
23:29:53.453 [INFO]  [Reporting] No tests created for:                                1 method
23:29:53.453 [INFO]  [Reporting]     1 R002: Missing observers
23:29:53.581 [INFO]  [Validating] 
23:29:53.582 [INFO]  [Validating] Running validation command.
23:29:53.586 [INFO]  [Validating] Running: Using JAVA_HOME: C:\Program Files\Java\jdk-17 : in C:\Users\cbontoiu\Desktop\DiffblueTutorials\DemoCLI\app : gradle test -i  
23:29:54.714 [INFO]  [Validating] Standard output of build tool (gradle)
23:29:54.715 [INFO]  [Validating] > The client will now receive all logging from the daemon (pid: 8492). The daemon log file: C:\Users\cbontoiu\.gradle\daemon\8.2\daemon-8492.out.log
23:29:54.715 [INFO]  [Validating] > Starting 19th build in daemon [uptime: 1 hrs 5 mins 16.589 secs, performance: 100%, GC rate: 0.00/s, heap usage: 0% of 3.9 GiB]
23:29:54.715 [INFO]  [Validating] > Closing daemon's stdin at end of input.
23:29:54.715 [INFO]  [Validating] > The daemon will no longer process any standard input.
23:29:54.715 [INFO]  [Validating] > Using 8 worker leases.
23:29:54.715 [INFO]  [Validating] > Now considering [C:\Users\cbontoiu\Desktop\DiffblueTutorials\DemoCLI] as hierarchies to watch
23:29:54.715 [INFO]  [Validating] > Watching the file system is configured to be enabled if available
23:29:54.715 [INFO]  [Validating] > File system watching is active
23:29:54.715 [INFO]  [Validating] > Starting Build
23:29:54.715 [INFO]  [Validating] > Settings evaluated using settings file 'C:\Users\cbontoiu\Desktop\DiffblueTutorials\DemoCLI\settings.gradle'.
23:29:54.715 [INFO]  [Validating] > Projects loaded. Root project using build file 'C:\Users\cbontoiu\Desktop\DiffblueTutorials\DemoCLI\build.gradle'.
23:29:54.715 [INFO]  [Validating] > Included projects: [root project 'DemoCLI', project ':app', project ':common']
23:29:54.715 [INFO]  [Validating] > 
23:29:54.715 [INFO]  [Validating] > > Configure project :
23:29:54.715 [INFO]  [Validating] > Evaluating root project 'DemoCLI' using build file 'C:\Users\cbontoiu\Desktop\DiffblueTutorials\DemoCLI\build.gradle'.
23:29:54.715 [INFO]  [Validating] > 
23:29:54.715 [INFO]  [Validating] > > Configure project :app
23:29:54.715 [INFO]  [Validating] > Evaluating project ':app' using build file 'C:\Users\cbontoiu\Desktop\DiffblueTutorials\DemoCLI\app\build.gradle'.
23:29:54.715 [INFO]  [Validating] > 
23:29:54.715 [INFO]  [Validating] > > Configure project :common
23:29:54.715 [INFO]  [Validating] > Evaluating project ':common' using build file 'C:\Users\cbontoiu\Desktop\DiffblueTutorials\DemoCLI\common\build.gradle'.
23:29:54.716 [INFO]  [Validating] > All projects evaluated.
23:29:54.716 [INFO]  [Validating] > Task path ':app:test' matched project ':app'
23:29:54.716 [INFO]  [Validating] > Task name matched 'test'
23:29:54.716 [INFO]  [Validating] > Selected primary task 'test' from project :app
23:29:54.716 [INFO]  [Validating] > The configuration :app:mainSourceElements is both consumable and declarable. This combination is incorrect, only one of these flags should be set.
23:29:54.716 [INFO]  [Validating] > The configuration :common:coverageDataElementsForTest is both consumable and declarable. This combination is incorrect, only one of these flags should be set.
23:29:54.716 [INFO]  [Validating] > The configuration :common:mainSourceElements is both consumable and declarable. This combination is incorrect, only one of these flags should be set.
23:29:54.716 [INFO]  [Validating] > Tasks to be executed: [task ':common:compileJava', task ':common:processResources', task ':common:classes', task ':common:jar', task ':app:compileJava', task ':app:processResources', task ':app:classes', task ':app:compileTestJava', task ':app:processTestResources', task ':app:testClasses', task ':app:test']
23:29:54.716 [INFO]  [Validating] > Tasks that were excluded: []
23:29:54.716 [INFO]  [Validating] > Resolve mutations for :common:compileJava (Thread[Execution worker,5,main]) started.
23:29:54.716 [INFO]  [Validating] > :common:compileJava (Thread[Execution worker,5,main]) started.
23:29:54.717 [INFO]  [Validating] > 
23:29:54.717 [INFO]  [Validating] > > Task :common:compileJava UP-TO-DATE
23:29:54.717 [INFO]  [Validating] > Caching disabled for task ':common:compileJava' because:
23:29:54.717 [INFO]  [Validating] >   Build cache is disabled
23:29:54.717 [INFO]  [Validating] > Skipping task ':common:compileJava' as it is up-to-date.
23:29:54.717 [INFO]  [Validating] > Resolve mutations for :common:processResources (Thread[Execution worker,5,main]) started.
23:29:54.717 [INFO]  [Validating] > :common:processResources (Thread[Execution worker,5,main]) started.
23:29:54.717 [INFO]  [Validating] > 
23:29:54.717 [INFO]  [Validating] > > Task :common:processResources NO-SOURCE
23:29:54.717 [INFO]  [Validating] > Skipping task ':common:processResources' as it has no source files and no previous output files.
23:29:54.717 [INFO]  [Validating] > Resolve mutations for :common:classes (Thread[Execution worker,5,main]) started.
23:29:54.717 [INFO]  [Validating] > :common:classes (Thread[Execution worker Thread 7,5,main]) started.
23:29:54.717 [INFO]  [Validating] > 
23:29:54.717 [INFO]  [Validating] > > Task :common:classes UP-TO-DATE
23:29:54.717 [INFO]  [Validating] > Skipping task ':common:classes' as it has no actions.
23:29:54.717 [INFO]  [Validating] > Resolve mutations for :common:jar (Thread[Execution worker Thread 7,5,main]) started.
23:29:54.717 [INFO]  [Validating] > :common:jar (Thread[Execution worker Thread 7,5,main]) started.
23:29:54.717 [INFO]  [Validating] > 
23:29:54.717 [INFO]  [Validating] > > Task :common:jar UP-TO-DATE
23:29:54.717 [INFO]  [Validating] > Caching disabled for task ':common:jar' because:
23:29:54.717 [INFO]  [Validating] >   Build cache is disabled
23:29:54.717 [INFO]  [Validating] > Skipping task ':common:jar' as it is up-to-date.
23:29:54.717 [INFO]  [Validating] > work action resolve common.jar (project :common) (Thread[Execution worker Thread 7,5,main]) started.
23:29:54.717 [INFO]  [Validating] > Resolve mutations for :app:compileJava (Thread[Execution worker Thread 7,5,main]) started.
23:29:54.717 [INFO]  [Validating] > :app:compileJava (Thread[Execution worker Thread 7,5,main]) started.
23:29:54.717 [INFO]  [Validating] > 
23:29:54.718 [INFO]  [Validating] > > Task :app:compileJava UP-TO-DATE
23:29:54.718 [INFO]  [Validating] > Caching disabled for task ':app:compileJava' because:
23:29:54.718 [INFO]  [Validating] >   Build cache is disabled
23:29:54.718 [INFO]  [Validating] > Skipping task ':app:compileJava' as it is up-to-date.
23:29:54.718 [INFO]  [Validating] > Resolve mutations for :app:processResources (Thread[Execution worker Thread 7,5,main]) started.
23:29:54.718 [INFO]  [Validating] > :app:processResources (Thread[Execution worker Thread 7,5,main]) started.
23:29:54.718 [INFO]  [Validating] > 
23:29:54.718 [INFO]  [Validating] > > Task :app:processResources NO-SOURCE
23:29:54.718 [INFO]  [Validating] > Skipping task ':app:processResources' as it has no source files and no previous output files.
23:29:54.718 [INFO]  [Validating] > Resolve mutations for :app:classes (Thread[Execution worker Thread 7,5,main]) started.
23:29:54.718 [INFO]  [Validating] > :app:classes (Thread[Execution worker Thread 7,5,main]) started.
23:29:54.718 [INFO]  [Validating] > 
23:29:54.718 [INFO]  [Validating] > > Task :app:classes UP-TO-DATE
23:29:54.718 [INFO]  [Validating] > Skipping task ':app:classes' as it has no actions.
23:29:54.718 [INFO]  [Validating] > Resolve mutations for :app:compileTestJava (Thread[Execution worker Thread 7,5,main]) started.
23:29:54.718 [INFO]  [Validating] > :app:compileTestJava (Thread[Execution worker Thread 7,5,main]) started.
23:29:54.718 [INFO]  [Validating] > 
23:29:54.718 [INFO]  [Validating] > > Task :app:compileTestJava
23:29:54.718 [INFO]  [Validating] > Caching disabled for task ':app:compileTestJava' because:
23:29:54.718 [INFO]  [Validating] >   Build cache is disabled
23:29:54.718 [INFO]  [Validating] > Task ':app:compileTestJava' is not up-to-date because:
23:29:54.718 [INFO]  [Validating] >   Input property 'stableSources' file C:\Users\cbontoiu\Desktop\DiffblueTutorials\DemoCLI\app\src\test\java\DummyJUnitJupiterLauncherDiffblueTest.java has been removed.
23:29:54.718 [INFO]  [Validating] >   Input property 'stableSources' file C:\Users\cbontoiu\Desktop\DiffblueTutorials\DemoCLI\app\src\test\java\org\action\BDiffblueTest.java has been added.
23:29:54.718 [INFO]  [Validating] >   Input property 'stableSources' file C:\Users\cbontoiu\Desktop\DiffblueTutorials\DemoCLI\app\src\test\java\org\features\BearDiffblueTest.java has been added.
23:29:54.719 [INFO]  [Validating] > Created classpath snapshot for incremental compilation in 0.001 secs.
23:29:54.719 [INFO]  [Validating] > Compiling with toolchain 'C:\Program Files\Java\jdk-17'.
23:29:54.719 [INFO]  [Validating] > Compiling with JDK Java compiler API.
23:29:54.719 [INFO]  [Validating] > Incremental compilation of 6 classes completed in 0.134 secs.
23:29:54.719 [INFO]  [Validating] > Class dependency analysis for incremental compilation took 0.019 secs.
23:29:54.719 [INFO]  [Validating] > Resolve mutations for :app:processTestResources (Thread[Execution worker Thread 7,5,main]) started.
23:29:54.719 [INFO]  [Validating] > :app:processTestResources (Thread[Execution worker Thread 7,5,main]) started.
23:29:54.719 [INFO]  [Validating] > 
23:29:54.719 [INFO]  [Validating] > > Task :app:processTestResources NO-SOURCE
23:29:54.719 [INFO]  [Validating] > Skipping task ':app:processTestResources' as it has no source files and no previous output files.
23:29:54.719 [INFO]  [Validating] > Resolve mutations for :app:testClasses (Thread[Execution worker Thread 7,5,main]) started.
23:29:54.719 [INFO]  [Validating] > :app:testClasses (Thread[Execution worker Thread 7,5,main]) started.
23:29:54.719 [INFO]  [Validating] > 
23:29:54.719 [INFO]  [Validating] > > Task :app:testClasses
23:29:54.719 [INFO]  [Validating] > Skipping task ':app:testClasses' as it has no actions.
23:29:54.719 [INFO]  [Validating] > Resolve mutations for :app:test (Thread[Execution worker Thread 7,5,main]) started.
23:29:54.719 [INFO]  [Validating] > :app:test (Thread[Execution worker Thread 7,5,main]) started.
23:29:54.719 [INFO]  [Validating] > Gradle Test Executor 18 started executing tests.
23:29:54.719 [INFO]  [Validating] > Gradle Test Executor 18 finished executing tests.
23:29:54.719 [INFO]  [Validating] > 
23:29:54.719 [INFO]  [Validating] > > Task :app:test
23:29:54.719 [INFO]  [Validating] > Caching disabled for task ':app:test' because:
23:29:54.719 [INFO]  [Validating] >   Build cache is disabled
23:29:54.719 [INFO]  [Validating] > Task ':app:test' is not up-to-date because:
23:29:54.719 [INFO]  [Validating] >   Value of input property 'filter.failOnNoMatchingTests' has changed for task ':app:test'
23:29:54.719 [INFO]  [Validating] >   Value of input property 'filter.includePatterns' has changed for task ':app:test'
23:29:54.719 [INFO]  [Validating] > Starting process 'Gradle Test Executor 18'. Working directory: C:\Users\cbontoiu\Desktop\DiffblueTutorials\DemoCLI\app Command: C:\Program Files\Java\jdk-17\bin\java.exe -Dorg.gradle.internal.worker.tmpdir=C:\Users\cbontoiu\Desktop\DiffblueTutorials\DemoCLI\app\build\tmp\test\work -Dorg.gradle.native=false @C:\Users\cbontoiu\.gradle\.tmp\gradle-worker-classpath5690385624704634461txt -Xmx512m -Dfile.encoding=windows-1252 -Duser.country=GB -Duser.language=en -Duser.variant -ea worker.org.gradle.process.internal.worker.GradleWorkerMain 'Gradle Test Executor 18'
23:29:54.719 [INFO]  [Validating] > Successfully started process 'Gradle Test Executor 18'
23:29:54.720 [INFO]  [Validating] > Finished generating test XML results (0.006 secs) into: C:\Users\cbontoiu\Desktop\DiffblueTutorials\DemoCLI\app\build\test-results\test
23:29:54.720 [INFO]  [Validating] > Generating HTML test report...
23:29:54.720 [INFO]  [Validating] > Finished generating test html results (0.011 secs) into: C:\Users\cbontoiu\Desktop\DiffblueTutorials\DemoCLI\app\build\reports\tests\test
23:29:54.720 [INFO]  [Validating] > 
23:29:54.720 [INFO]  [Validating] > Deprecated Gradle features were used in this build, making it incompatible with Gradle 9.0.
23:29:54.720 [INFO]  [Validating] > 
23:29:54.720 [INFO]  [Validating] > You can use '--warning-mode all' to show the individual deprecation warnings and determine if they come from your own scripts or plugins.
23:29:54.720 [INFO]  [Validating] > 
23:29:54.720 [INFO]  [Validating] > For more on this, please refer to https://docs.gradle.org/8.2/userguide/command_line_interface.html#sec:command_line_warnings in the Gradle documentation.
23:29:54.720 [INFO]  [Validating] > 
23:29:54.720 [INFO]  [Validating] > BUILD SUCCESSFUL in 1s
23:29:54.720 [INFO]  [Validating] > 5 actionable tasks: 2 executed, 3 up-to-date
23:29:54.720 [INFO]  [Validating] > Watched directory hierarchies: [C:\Users\cbontoiu\Desktop\DiffblueTutorials\DemoCLI]
23:29:54.720 [INFO]  [Validating] Standard error of build tool (gradle)
23:29:54.720 [INFO]  [Validating] > 
23:29:54.734 [INFO]  [Validating] All 11 created tests were successfully validated.
23:29:54.795 [INFO]  [Reporting] Writing JSON report to C:\Users\cbontoiu\Desktop\DiffblueTutorials\DemoCLI\app\.diffblue\reports\report.json
23:29:54.929 [INFO]  [Reporting] Log file: C:\Users\cbontoiu\Desktop\DiffblueTutorials\DemoCLI\app\.diffblue\log\user-20230912T232930.log
23:29:54.930 [INFO]  [Reporting] Finished in 23s
