21:54:51.015 [DEBUG] [Preparing][main][c.d.cover.ui.a.u] Client heap size: 4028 MB
21:54:51.028 [INFO]  [Preparing][main][c.d.cover.ui.a.u] Diffblue Cover 2023.09.01-9200f07-unrestricted
21:54:51.029 [INFO]  [Preparing][main][c.d.cover.ui.a.u] 
21:54:51.030 [INFO]  [Preparing][main][c.d.cover.ui.a.u] Running: dcover create --working-directory=extra source
21:54:52.960 [INFO]  [Checking][main][c.d.cover.ui.a.j] Detecting environment:
21:54:52.961 [INFO]  [Checking][main][c.d.cover.ui.a.j] ----------------------
21:54:53.042 [INFO]  [Checking][main][c.d.cover.ui.a.j] Detected Java version 17.0.6
21:54:54.476 [DEBUG] [Checking][main][c.d.d.g.a] Querying Gradle project info using --init-script C:\Users\cbontoiu\AppData\Local\Temp\diffblueGradleInit3010808434427650479.gradle and plugin C:\Users\cbontoiu\AppData\Local\Temp\diffblueGradlePlugin3638399875748121455.jar
21:54:54.479 [DEBUG] [Checking][gradle][c.d.d.g.a] cmd: gradle --init-script C:\Users\cbontoiu\AppData\Local\Temp\diffblueGradleInit3010808434427650479.gradle --info (equivalent via API)
21:54:54.607 [DEBUG] [Checking][gradle][c.d.d.g.a] out: The client will now receive all logging from the daemon (pid: 7668). The daemon log file: C:\Users\cbontoiu\.gradle\daemon\8.2\daemon-7668.out.log
21:54:54.608 [DEBUG] [Checking][gradle][c.d.d.g.a] out: Starting 6th build in daemon [uptime: 1 hrs 6 mins 24.121 secs, performance: 99%, GC rate: 0.00/s, heap usage: 0% of 512 MiB, non-heap usage: 18% of 384 MiB]
21:54:54.608 [DEBUG] [Checking][gradle][c.d.d.g.a] out: Closing daemon's stdin at end of input.
21:54:54.608 [DEBUG] [Checking][gradle][c.d.d.g.a] out: The daemon will no longer process any standard input.
21:54:54.608 [DEBUG] [Checking][gradle][c.d.d.g.a] out: Using 8 worker leases.
21:54:54.608 [DEBUG] [Checking][gradle][c.d.d.g.a] out: Now considering [C:\Users\cbontoiu\Desktop\DiffblueTutorials\DemoCLI] as hierarchies to watch
21:54:54.608 [DEBUG] [Checking][gradle][c.d.d.g.a] out: Watching the file system is configured to be enabled if available
21:54:54.608 [DEBUG] [Checking][gradle][c.d.d.g.a] out: File system watching is active
21:54:54.608 [DEBUG] [Checking][gradle][c.d.d.g.a] out: Compiling initialization script 'C:\Users\cbontoiu\AppData\Local\Temp\diffblueGradleInit3010808434427650479.gradle' using SubsetScriptTransformer.
21:54:54.608 [DEBUG] [Checking][gradle][c.d.d.g.a] out: Invalidating in-memory cache of C:\Users\cbontoiu\.gradle\caches\8.2\fileHashes\fileHashes.bin
21:54:54.608 [DEBUG] [Checking][gradle][c.d.d.g.a] out: Invalidating in-memory cache of C:\Users\cbontoiu\.gradle\caches\8.2\fileHashes\resourceHashesCache.bin
21:54:54.702 [DEBUG] [Checking][gradle][c.d.d.g.a] out: Invalidating in-memory cache of C:\Users\cbontoiu\.gradle\caches\journal-1\file-access.bin
21:54:54.702 [DEBUG] [Checking][gradle][c.d.d.g.a] out: The configuration classpath is both resolvable and consumable. This is considered a legacy configuration and it will eventually only be possible to be one of these.
21:54:54.702 [DEBUG] [Checking][gradle][c.d.d.g.a] out: The configuration classpath is both consumable and declarable. This combination is incorrect, only one of these flags should be set.
21:54:54.702 [DEBUG] [Checking][gradle][c.d.d.g.a] out: The configuration classpath is both resolvable and consumable. This is considered a legacy configuration and it will eventually only be possible to be one of these.
21:54:54.702 [DEBUG] [Checking][gradle][c.d.d.g.a] out: The configuration classpath is both consumable and declarable. This combination is incorrect, only one of these flags should be set.
21:54:54.702 [DEBUG] [Checking][gradle][c.d.d.g.a] out: Compiling initialization script 'C:\Users\cbontoiu\AppData\Local\Temp\diffblueGradleInit3010808434427650479.gradle' using BuildScriptTransformer.
21:54:54.998 [DEBUG] [Checking][gradle][c.d.d.g.a] out: Starting Build
21:54:54.998 [DEBUG] [Checking][gradle][c.d.d.g.a] out: Settings evaluated using settings file 'C:\Users\cbontoiu\Desktop\DiffblueTutorials\DemoCLI\settings.gradle'.
21:54:54.998 [DEBUG] [Checking][gradle][c.d.d.g.a] out: Projects loaded. Root project using build file 'C:\Users\cbontoiu\Desktop\DiffblueTutorials\DemoCLI\build.gradle'.
21:54:54.998 [DEBUG] [Checking][gradle][c.d.d.g.a] out: Included projects: [root project 'DemoCLI', project ':app', project ':common', project ':extra']
21:54:54.999 [DEBUG] [Checking][gradle][c.d.d.g.a] out: 
21:54:54.999 [DEBUG] [Checking][gradle][c.d.d.g.a] out: > Configure project :
21:54:54.999 [DEBUG] [Checking][gradle][c.d.d.g.a] out: Evaluating root project 'DemoCLI' using build file 'C:\Users\cbontoiu\Desktop\DiffblueTutorials\DemoCLI\build.gradle'.
21:54:55.094 [DEBUG] [Checking][gradle][c.d.d.g.a] out: 
21:54:55.094 [DEBUG] [Checking][gradle][c.d.d.g.a] out: > Configure project :app
21:54:55.094 [DEBUG] [Checking][gradle][c.d.d.g.a] out: Evaluating project ':app' using build file 'C:\Users\cbontoiu\Desktop\DiffblueTutorials\DemoCLI\app\build.gradle'.
21:54:55.094 [DEBUG] [Checking][gradle][c.d.d.g.a] out: Configuring Jacoco Plugin for use with Diffblue Cover
21:54:55.094 [DEBUG] [Checking][gradle][c.d.d.g.a] out: Configuring task :app:test for use with Diffblue Cover
21:54:55.094 [DEBUG] [Checking][gradle][c.d.d.g.a] out: ignoreFailures: false
21:54:55.094 [DEBUG] [Checking][gradle][c.d.d.g.a] out: excludes: []
21:54:55.094 [DEBUG] [Checking][gradle][c.d.d.g.a] out: includes: []
21:54:55.094 [DEBUG] [Checking][gradle][c.d.d.g.a] out: Configuring task :app:jacocoTestReport for use with Diffblue Cover
21:54:55.094 [DEBUG] [Checking][gradle][c.d.d.g.a] out: Configuring task :app:jacocoTestReportDeletePrevious for use with Diffblue Cover
21:54:55.094 [DEBUG] [Checking][gradle][c.d.d.g.a] out: Configuring task :app:jacocoTestReportPrepareEmptyExec for use with Diffblue Cover
21:54:55.095 [DEBUG] [Checking][gradle][c.d.d.g.a] out: 
21:54:55.095 [DEBUG] [Checking][gradle][c.d.d.g.a] out: > Configure project :common
21:54:55.095 [DEBUG] [Checking][gradle][c.d.d.g.a] out: Evaluating project ':common' using build file 'C:\Users\cbontoiu\Desktop\DiffblueTutorials\DemoCLI\common\build.gradle'.
21:54:55.095 [DEBUG] [Checking][gradle][c.d.d.g.a] out: Configuring Jacoco Plugin for use with Diffblue Cover
21:54:55.095 [DEBUG] [Checking][gradle][c.d.d.g.a] out: Configuring task :common:test for use with Diffblue Cover
21:54:55.095 [DEBUG] [Checking][gradle][c.d.d.g.a] out: ignoreFailures: false
21:54:55.095 [DEBUG] [Checking][gradle][c.d.d.g.a] out: excludes: []
21:54:55.095 [DEBUG] [Checking][gradle][c.d.d.g.a] out: includes: []
21:54:55.095 [DEBUG] [Checking][gradle][c.d.d.g.a] out: Configuring task :common:jacocoTestReport for use with Diffblue Cover
21:54:55.095 [DEBUG] [Checking][gradle][c.d.d.g.a] out: Configuring task :common:jacocoTestReportDeletePrevious for use with Diffblue Cover
21:54:55.095 [DEBUG] [Checking][gradle][c.d.d.g.a] out: Configuring task :common:jacocoTestReportPrepareEmptyExec for use with Diffblue Cover
21:54:55.095 [DEBUG] [Checking][gradle][c.d.d.g.a] out: 
21:54:55.095 [DEBUG] [Checking][gradle][c.d.d.g.a] out: > Configure project :extra
21:54:55.095 [DEBUG] [Checking][gradle][c.d.d.g.a] out: Evaluating project ':extra' using build file 'C:\Users\cbontoiu\Desktop\DiffblueTutorials\DemoCLI\extra\build.gradle'.
21:54:55.095 [DEBUG] [Checking][gradle][c.d.d.g.a] out: Configuring Jacoco Plugin for use with Diffblue Cover
21:54:55.095 [DEBUG] [Checking][gradle][c.d.d.g.a] out: Configuring task :extra:test for use with Diffblue Cover
21:54:55.095 [DEBUG] [Checking][gradle][c.d.d.g.a] out: ignoreFailures: false
21:54:55.095 [DEBUG] [Checking][gradle][c.d.d.g.a] out: excludes: []
21:54:55.095 [DEBUG] [Checking][gradle][c.d.d.g.a] out: includes: []
21:54:55.095 [DEBUG] [Checking][gradle][c.d.d.g.a] out: Configuring task :extra:jacocoTestReport for use with Diffblue Cover
21:54:55.095 [DEBUG] [Checking][gradle][c.d.d.g.a] out: Configuring task :extra:jacocoTestReportDeletePrevious for use with Diffblue Cover
21:54:55.095 [DEBUG] [Checking][gradle][c.d.d.g.a] out: Configuring task :extra:jacocoTestReportPrepareEmptyExec for use with Diffblue Cover
21:54:55.095 [DEBUG] [Checking][gradle][c.d.d.g.a] out: All projects evaluated.
21:54:55.096 [DEBUG] [Checking][gradle][c.d.d.g.a] out: The configuration :extra:coverageDataElementsForTest is both consumable and declarable. This combination is incorrect, only one of these flags should be set.
21:54:55.096 [DEBUG] [Checking][gradle][c.d.d.g.a] out: The configuration :extra:mainSourceElements is both consumable and declarable. This combination is incorrect, only one of these flags should be set.
21:54:55.096 [DEBUG] [Checking][gradle][c.d.d.g.a] out: 
21:54:55.096 [DEBUG] [Checking][gradle][c.d.d.g.a] out: CONFIGURE SUCCESSFUL in 596ms
21:54:55.096 [DEBUG] [Checking][gradle][c.d.d.g.a] out: Watched directory hierarchies: [C:\Users\cbontoiu\Desktop\DiffblueTutorials\DemoCLI]
21:54:55.505 [INFO]  [Checking][main][c.d.cover.ui.a.j] Detected build system: Gradle 8.2
21:54:55.509 [INFO]  [Checking][main][c.d.cover.n.a.ai] Operating System: Windows 11 amd64 10.0
21:54:55.510 [INFO]  [Checking][main][c.d.cover.n.a.ai] Default charset: windows-1252
21:54:55.512 [INFO]  [Checking][main][c.d.cover.n.a.ai] Default locale: en_GB
21:54:55.512 [INFO]  [Checking][main][c.d.cover.n.a.ai] Default time zone: Europe/London
21:54:55.514 [INFO]  [Checking][main][c.d.cover.ui.a.j] Selected build system: Gradle
21:54:55.517 [INFO]  [Checking][main][c.d.cover.ui.a.j] Selected classpath from build system Gradle
21:54:55.519 [INFO]  [Checking][main][c.d.cover.n.c.b] Expanded classpath: 
C:\Users\cbontoiu\Desktop\DiffblueTutorials\DemoCLI\extra\build\classes\java\main (code under test)
C:\Users\cbontoiu\Desktop\DiffblueTutorials\DemoCLI\extra\build\resources\test
C:\Users\cbontoiu\Desktop\DiffblueTutorials\DemoCLI\extra\build\resources\main
C:\Users\cbontoiu\.gradle\caches\modules-2\files-2.1\org.junit.jupiter\junit-jupiter\5.9.1\9274d3757e224bc02eae367bd481062a263c150b\junit-jupiter-5.9.1.jar
C:\Users\cbontoiu\.gradle\caches\modules-2\files-2.1\org.junit.jupiter\junit-jupiter-params\5.9.1\ffcd1013edaeee112be11fcddeb38882d79238de\junit-jupiter-params-5.9.1.jar
C:\Users\cbontoiu\.gradle\caches\modules-2\files-2.1\org.junit.jupiter\junit-jupiter-engine\5.9.1\1bf771097bde296c3ab174861954e8aafaaf2e94\junit-jupiter-engine-5.9.1.jar
C:\Users\cbontoiu\.gradle\caches\modules-2\files-2.1\org.junit.jupiter\junit-jupiter-api\5.9.1\7bb53fbc0173e9f6a9d21d58297af94b1f2f9ce1\junit-jupiter-api-5.9.1.jar
C:\Users\cbontoiu\.gradle\caches\modules-2\files-2.1\org.junit.platform\junit-platform-engine\1.9.1\83591e5089d6cea5f324aa3ecca9b19d5a275803\junit-platform-engine-1.9.1.jar
C:\Users\cbontoiu\.gradle\caches\modules-2\files-2.1\org.junit.platform\junit-platform-commons\1.9.1\3145f821b5cd10abcdc5f925baa5fffa6f1b628f\junit-platform-commons-1.9.1.jar
C:\Users\cbontoiu\.gradle\caches\modules-2\files-2.1\org.mockito\mockito-core\5.4.0\30bcbe79f7bd51b53debfc4c6014d0bea4935e37\mockito-core-5.4.0.jar
C:\Users\cbontoiu\.gradle\caches\modules-2\files-2.1\net.bytebuddy\byte-buddy\1.14.5\28a424c0c4f362568e904d992c239c996cf7adc7\byte-buddy-1.14.5.jar
C:\Users\cbontoiu\.gradle\caches\modules-2\files-2.1\net.bytebuddy\byte-buddy-agent\1.14.5\20f4e9b9d0ffb953657bfa4b92c0cceb27907d58\byte-buddy-agent-1.14.5.jar
C:\Users\cbontoiu\.gradle\caches\modules-2\files-2.1\org.objenesis\objenesis\3.3\1049c09f1de4331e8193e579448d0916d75b7631\objenesis-3.3.jar
C:\Users\cbontoiu\.gradle\caches\modules-2\files-2.1\org.opentest4j\opentest4j\1.2.0\28c11eb91f9b6d8e200631d46e20a7f407f2a046\opentest4j-1.2.0.jar
21:54:55.660 [INFO]  [Checking][main][c.d.cover.ui.a.j] Detected test framework: JUnit Jupiter 5.9.1
21:54:55.664 [INFO]  [Checking][main][c.d.cover.ui.a.j] Detected JUnit Jupiter version 5.9.1
21:54:55.668 [INFO]  [Checking][main][c.d.cover.ui.a.j] Detected JUnit Jupiter Params version 5.9.1
21:54:55.699 [INFO]  [Checking][main][c.d.cover.ui.a.j] Detected Mockito version 5.4.0
21:54:56.208 [INFO]  [Checking][main][c.d.cover.ui.a.j] Indexing...
21:54:56.509 [INFO]  [Checking][main][c.d.cover.ui.a.j] Selected test output directory: C:\Users\cbontoiu\Desktop\DiffblueTutorials\DemoCLI\extra\src\test\java
21:54:56.517 [INFO]  [Checking][main][c.d.d.g.b] Running: Using JAVA_HOME: C:\Program Files\Java\jdk-17 : in C:\Users\cbontoiu\Desktop\DiffblueTutorials\DemoCLI\extra : gradle test -i  DummyJupiterDiffblueTest
21:54:58.523 [DEBUG] [Checking][main][c.d.cover.n.c.m] JUnitJupiter5 is present
21:54:58.523 [DEBUG] [Checking][main][c.d.cover.n.c.m] JUnitJupiter5 is supported
21:54:58.523 [DEBUG] [Checking][main][c.d.cover.n.c.m] JUnit 5 is present and either it's not been specified by the user or it is the same as the version the user specified
21:54:58.523 [INFO]  [Checking][main][c.d.cover.ui.a.j] Selected test framework: JUnit Jupiter
21:54:58.559 [INFO]  [Checking][main][c.d.d.g.b] Running: Using JAVA_HOME: C:\Program Files\Java\jdk-17 : in C:\Users\cbontoiu\Desktop\DiffblueTutorials\DemoCLI\extra : gradle test -i  DummyJUnitJupiterLauncherDiffblueTest
21:54:59.801 [INFO]  [Checking][main][c.d.cover.ui.a.j] Detected JVM architecture: 64-Bit
21:55:00.415 [INFO]  [Checking][main][c.d.cover.ui.a.j] Selected Java language compliance level: 17
21:55:00.416 [INFO]  [Checking][main][c.d.cover.ui.a.j] Selected test validation: enabled
21:55:00.419 [INFO]  [Checking][main][c.d.cover.ui.a.j] Prefixes for filtering classes/methods:
21:55:00.421 [INFO]  [Checking][main][c.d.cover.ui.a.j] - source
21:55:00.422 [INFO]  [Checking][main][c.d.cover.ui.a.j] Gathering methods to test...
21:55:01.168 [INFO]  [Reporting][main][c.d.cover.ui.a.j] 
21:55:01.168 [INFO]  [Reporting][main][c.d.cover.ui.a.j] Environment summary:
21:55:01.168 [INFO]  [Reporting][main][c.d.cover.ui.a.j] --------------------
21:55:01.171 [INFO]  [Reporting][main][c.d.cover.ui.a.j] Java version                  17.0.6                        SUCCESS        
21:55:01.171 [INFO]  [Reporting][main][c.d.cover.ui.a.j] Build system                  Gradle                        SUCCESS        
21:55:01.171 [INFO]  [Reporting][main][c.d.cover.ui.a.j] Mocking Framework             Mockito 5.4.0                 SUCCESS        
21:55:01.171 [DEBUG] [Reporting][main][c.d.cover.ui.a.j] Surefire version              Skipped                       -----          
21:55:01.171 [INFO]  [Reporting][main][c.d.cover.ui.a.j] Testing framework             JUnit Jupiter 5               SUCCESS        
21:55:01.171 [DEBUG] [Reporting][main][c.d.cover.ui.a.j] JavaEE version                Skipped                       -----          
21:55:01.171 [DEBUG] [Reporting][main][c.d.cover.ui.a.j] JaCoCo plugin version         Skipped                       -----          
21:55:01.171 [INFO]  [Reporting][main][c.d.cover.ui.a.j] Launcher                      JUnit Jupiter                 SUCCESS        
21:55:01.171 [INFO]  [Reporting][main][c.d.cover.ui.a.j] Test validation               Enabled                       SUCCESS        
21:55:01.171 [DEBUG] [Reporting][main][c.d.cover.ui.a.j] Hamcrest                      Not Detected                  -----          
21:55:01.171 [DEBUG] [Reporting][main][c.d.cover.ui.a.j] Spring Core                   Not Detected                  -----          
21:55:01.171 [DEBUG] [Reporting][main][c.d.cover.ui.a.j] Spring Boot                   Skipped                       -----          
21:55:01.171 [DEBUG] [Reporting][main][c.d.cover.ui.a.j] Spring Boot Test              Skipped                       -----          
21:55:01.171 [DEBUG] [Reporting][main][c.d.cover.ui.a.j] Spring Web                    Skipped                       -----          
21:55:01.171 [DEBUG] [Reporting][main][c.d.cover.ui.a.j] Spring Security Web           Skipped                       -----          
21:55:01.171 [DEBUG] [Reporting][main][c.d.cover.ui.a.j] Spring Test                   Skipped                       -----          
21:55:01.171 [INFO]  [Reporting][main][c.d.cover.ui.a.j] 
21:55:01.172 [INFO]  [Reporting][main][c.d.cover.ui.a.j] Environment check status: SUCCESS
21:55:01.200 [DEBUG] [Creating][pool-5-thread-1][c.d.cover.k.a.g] Configuration:
Module: 
Configuration: 
 features=[TESTING_FRAMEWORK_JUNIT_JUPITER5, JUNIT_JUPITER_PARAMS, MOCKING, MOCKITO_SESSION, INCLUDE_SYSTEM_ENVIRONMENT_VARIABLES, INLINE_ACT_INTO_ASSERT, INLINE_ARRANGE_INTO_ACT_ASSERT, INLINE_CHAINED_MEMBER_ACCESSES, INLINE_CONSTRUCTORS, INLINE_IMMEDIATE_VALUES, JOIN_SIMPLE_TESTS, SHOW_SECTION_COMMENTS, PREFLIGHT_ENABLE_TEST_EXECUTION, REPORT, SANDBOXING, VALIDATION, ANALYZER_SERVICE, VERIFICATION]
 analyzerServiceIdleTimeout=PT2M
 coverReportsBaseUrl=Optional.empty
 coverReportsGroupName=17/09/2023, 21:55
 coverReportsProject=Optional.empty
 environmentVariables={}
 complianceLevel=17
 fuzzingIterations=1000
 jacocoCommandDiffblue=Optional.empty
 jacocoCommandManual=Optional.empty
 jacocoXmlTestReport=Optional.empty
 jacocoXmlTestReportDiffblue=C:\Users\cbontoiu\Desktop\DiffblueTutorials\DemoCLI\extra\.diffblue\reports\diffblue-tests-jacoco-report.xml
 jacocoXmlTestReportManual=C:\Users\cbontoiu\Desktop\DiffblueTutorials\DemoCLI\extra\.diffblue\reports\manual-tests-jacoco-report.xml
 sandboxAllowedJavaNativeInterfacePrefixes=[]
 mockingFramework=MOCKITO_5_0_0
 mockClasses=[]
 mockStaticClasses=[]
 workingDirectory=C:\Users\cbontoiu\Desktop\DiffblueTutorials\DemoCLI\extra
 classpath=Classpath(14 full entries, 1 code under test entries)
 warningsToSuppress=[]
 perMethodTimeouts=Timeouts{softTimeout=PT20S, initialExecutionTimeout=PT20S, hardTimeout=PT1M, springStartupTimeout=PT4M}
 reportFile=C:\Users\cbontoiu\Desktop\DiffblueTutorials\DemoCLI\extra\.diffblue\reports\report.json
 activeProfiles=[]
 classScheme=${CLASS_NAME}DiffblueTest
 methodScheme=test${INNER_CLASS_NAME}${METHOD_NAME}
 springConfigurationClasses=[]
 testOutputDirectory=C:\Users\cbontoiu\Desktop\DiffblueTutorials\DemoCLI\extra\src\test\java
 validationCommand=Optional.empty
 validationTimeout=PT30M
 jacocoVersion=null
 observerMethodSpecification=MethodSpecification[excludedPrefixes=[]]
 analyzerServiceRestartFrequency=50

21:55:01.204 [INFO]  [Creating][pool-5-thread-1][c.d.cover.ui.d.b] Found 6 callable methods in 3 classes
21:55:01.205 [INFO]  [Creating][pool-5-thread-1][c.d.cover.k.a.a] 
21:55:01.206 [INFO]  [Creating][pool-5-thread-1][c.d.cover.k.a.a] Creating tests:
21:55:01.207 [INFO]  [Creating][pool-5-thread-1][c.d.cover.k.a.a] ---------------
21:55:01.225 [INFO]  [Creating][pool-5-thread-1][c.d.cover.k.a.a] 
================================================================================
= Starting analysis for class 'source.A'
================================================================================
21:55:01.225 [INFO]  [Creating][pool-5-thread-1][c.d.cover.k.a.a] Filtering out non-testable methods...
21:55:02.718 [INFO]  [Creating][pool-5-thread-1][c.d.cover.k.a.a] Filtering of methods complete. Creating analysis request
21:55:02.719 [INFO]  [Creating][pool-5-thread-1][c.d.c.service.c] Attempting to get service client, retry 1.
21:55:02.727 [INFO]  [Creating][pool-5-thread-1][c.d.c.service.c] Starting monitoring server.
21:55:02.895 [INFO]  [Creating][pool-5-thread-1][c.d.c.service.c] Monitoring server listening on localhost/127.0.0.1:54941
21:55:02.898 [INFO]  [Creating][pool-5-thread-1][c.d.c.service.c] Starting analyzer server process...
21:55:02.898 [INFO]  [Creating][pool-5-thread-1][c.d.c.service.c] Server command-line: C:\Program Files\Java\jdk-17\bin\java.exe -XX:+IgnoreUnrecognizedVMOptions -Djdk.attach.allowAttachSelf=true -ea -javaagent:C:\DiffblueCoverProduct\launcher-shared-jar.jar -Dlogback.configurationFile=C:\Users\cbontoiu\AppData\Local\Temp\diffblue\config\logback-remote-service.xml -Dcom.diffblue.springIsolationJar=C:\DiffblueCoverProduct\cover-isolation-layer.jar -Dcover.jar.path=C:\DiffblueCoverProduct\cover-service-analyzer.jar -Dcom.diffblue.assertionSuggestionJar=C:\DiffblueCoverProduct\cover-service-analyzer.jar -Dcover.main.class=com.diffblue.cover.service.analyzer.Main -jar C:\DiffblueCoverProduct\launcher-shared-jar.jar --service-lifespan 120 --monitoring-service-port 54941 --index-service-port 54941 --debug-log
21:55:02.906 [INFO]  [Creating][pool-5-thread-1][c.d.c.service.c] Server started. Waiting up to 300 seconds for a connection to be established...
21:55:03.694 [DEBUG] [Creating][nullmain][c.d.c.s.a.Main] Service heap size: 4028 MB
21:55:03.785 [INFO]  [Creating][nullmain][c.d.c.s.a.a.b] Starting new remote monitor client
21:55:04.506 [INFO]  [Creating][analyzer-service:main][c.d.c.s.a.a.b] Attempting to start remote server.
21:55:04.768 [INFO]  [Creating][analyzer-service:main][c.d.c.s.a.a.a] Server started, listening on localhost/127.0.0.1:54943
21:55:04.923 [INFO]  [Creating][pool-5-thread-1][c.d.c.service.c] Expect analyzer service to be listening on port 54943.
21:55:05.532 [INFO]  [Creating][pool-5-thread-1][c.d.c.service.c] Started analyzer service and client retrieved.
21:55:07.493 [DEBUG] [Creating][analyzer-service:grpc-default-executor-0][c.d.fuzztest.d.a] Class information:
21:55:07.495 [DEBUG] [Creating][analyzer-service:grpc-default-executor-0][c.d.fuzztest.d.a]   Fields: int source.A.a
21:55:07.496 [DEBUG] [Creating][analyzer-service:grpc-default-executor-0][c.d.fuzztest.d.a]   Constructors: public source.A()
21:55:07.497 [DEBUG] [Creating][analyzer-service:grpc-default-executor-0][c.d.fuzztest.d.a]   Methods: int source.A.method(double)
21:55:08.066 [INFO]  [Creating][analyzer-service:TimedExecutor-4][c.d.fuzztest.f.c] 
================================================================================
= Creating tests for 'source.A.<init>:()V' using 'TrM (!sp, !fnm, df, !ris)'
================================================================================
21:55:10.010 [INFO]  [Creating][pool-5-thread-1][c.d.cover.ui.d.b]     [1/6] source.A.<init>
21:55:10.011 [INFO]  [Creating][pool-5-thread-1][c.d.cover.ui.d.b]     [1/6]   Tests created: 1
21:55:10.013 [INFO]  [Creating][analyzer-service:TimedExecutor-11][c.d.fuzztest.f.c] 
================================================================================
= Creating tests for 'source.A.method:(D)I' using 'SiM (!sp, fnm, df, !ris)'
================================================================================
21:55:11.575 [DEBUG] [Creating][analyzer-service:TimedExecutor-11][c.d.fuzztest.b.d] Refinement loop done: 2 seeds, 1+0 new+accumulated tests, 1+0 tests+partial tests, 43/1000 its
21:55:11.638 [INFO]  [Creating][analyzer-service:grpc-default-executor-0][c.d.fuzztest.f.v] Created 1+0 tests and partial tests via 'SiM (!sp, fnm, df, !ris)', 1/2, returning all 1
21:55:11.776 [INFO]  [Creating][pool-5-thread-1][c.d.cover.ui.d.b]     [2/6] source.A.method
21:55:11.776 [INFO]  [Creating][pool-5-thread-1][c.d.cover.ui.d.b]     [2/6]   Tests created: 1
21:55:11.782 [INFO]  [Creating][pool-5-thread-1][c.d.cover.ui.d.b] [1/3] source.A
21:55:11.783 [INFO]  [Creating][pool-5-thread-1][c.d.cover.ui.d.b] [1/3]   Tests created: 2
21:55:11.784 [INFO]  [Creating][pool-5-thread-1][c.d.cover.k.a.a] 
================================================================================
= Starting analysis for class 'source.B'
================================================================================
21:55:11.785 [INFO]  [Creating][pool-5-thread-1][c.d.cover.k.a.a] Filtering out non-testable methods...
21:55:11.785 [INFO]  [Creating][pool-5-thread-1][c.d.cover.k.a.a] Filtering of methods complete. Creating analysis request
21:55:11.785 [INFO]  [Creating][pool-5-thread-1][c.d.c.service.c] Attempting to get service client, retry 1.
21:55:11.811 [DEBUG] [Creating][analyzer-service:grpc-default-executor-0][c.d.fuzztest.d.a] Class information:
21:55:11.812 [DEBUG] [Creating][analyzer-service:grpc-default-executor-0][c.d.fuzztest.d.a]   Extends: class source.A
21:55:11.812 [DEBUG] [Creating][analyzer-service:grpc-default-executor-0][c.d.fuzztest.d.a]   Fields: int source.B.b
21:55:11.812 [DEBUG] [Creating][analyzer-service:grpc-default-executor-0][c.d.fuzztest.d.a]   Constructors: public source.B()
21:55:11.813 [DEBUG] [Creating][analyzer-service:grpc-default-executor-0][c.d.fuzztest.d.a]   Methods: int source.B.method(double)
21:55:11.829 [INFO]  [Creating][analyzer-service:TimedExecutor-36][c.d.fuzztest.f.c] 
================================================================================
= Creating tests for 'source.B.<init>:()V' using 'TrM (!sp, !fnm, df, !ris)'
================================================================================
21:55:11.967 [INFO]  [Creating][pool-5-thread-1][c.d.cover.ui.d.b]     [3/6] source.B.<init>
21:55:11.967 [INFO]  [Creating][pool-5-thread-1][c.d.cover.ui.d.b]     [3/6]   Tests created: 1
21:55:11.970 [INFO]  [Creating][analyzer-service:TimedExecutor-43][c.d.fuzztest.f.c] 
================================================================================
= Creating tests for 'source.B.method:(D)I' using 'SiM (!sp, fnm, df, !ris)'
================================================================================
21:55:12.110 [DEBUG] [Creating][analyzer-service:TimedExecutor-43][c.d.fuzztest.b.d] Refinement loop done: 2 seeds, 1+0 new+accumulated tests, 1+0 tests+partial tests, 31/1000 its
21:55:12.181 [INFO]  [Creating][analyzer-service:grpc-default-executor-0][c.d.fuzztest.f.v] Created 1+0 tests and partial tests via 'SiM (!sp, fnm, df, !ris)', 1/2, returning all 1
21:55:12.270 [INFO]  [Creating][pool-5-thread-1][c.d.cover.ui.d.b]     [4/6] source.B.method
21:55:12.270 [INFO]  [Creating][pool-5-thread-1][c.d.cover.ui.d.b]     [4/6]   Tests created: 1
21:55:12.275 [INFO]  [Creating][pool-5-thread-1][c.d.cover.ui.d.b] [2/3] source.B
21:55:12.277 [INFO]  [Creating][pool-5-thread-1][c.d.cover.ui.d.b] [2/3]   Tests created: 2
21:55:12.277 [INFO]  [Creating][pool-5-thread-1][c.d.cover.k.a.a] 
================================================================================
= Starting analysis for class 'source.C'
================================================================================
21:55:12.278 [INFO]  [Creating][pool-5-thread-1][c.d.cover.k.a.a] Filtering out non-testable methods...
21:55:12.278 [INFO]  [Creating][pool-5-thread-1][c.d.cover.k.a.a] Filtering of methods complete. Creating analysis request
21:55:12.278 [INFO]  [Creating][pool-5-thread-1][c.d.c.service.c] Attempting to get service client, retry 1.
21:55:12.300 [DEBUG] [Creating][analyzer-service:grpc-default-executor-0][c.d.fuzztest.d.a] Class information:
21:55:12.301 [DEBUG] [Creating][analyzer-service:grpc-default-executor-0][c.d.fuzztest.d.a]   Extends: class source.B
21:55:12.301 [DEBUG] [Creating][analyzer-service:grpc-default-executor-0][c.d.fuzztest.d.a]   Fields: int source.C.c
21:55:12.301 [DEBUG] [Creating][analyzer-service:grpc-default-executor-0][c.d.fuzztest.d.a]   Constructors: public source.C()
21:55:12.301 [DEBUG] [Creating][analyzer-service:grpc-default-executor-0][c.d.fuzztest.d.a]   Methods: int source.C.method(double)
21:55:12.319 [INFO]  [Creating][analyzer-service:TimedExecutor-63][c.d.fuzztest.f.c] 
================================================================================
= Creating tests for 'source.C.<init>:()V' using 'TrM (!sp, !fnm, df, !ris)'
================================================================================
21:55:12.458 [INFO]  [Creating][pool-5-thread-1][c.d.cover.ui.d.b]     [5/6] source.C.<init>
21:55:12.458 [INFO]  [Creating][pool-5-thread-1][c.d.cover.ui.d.b]     [5/6]   Tests created: 1
21:55:12.462 [INFO]  [Creating][analyzer-service:TimedExecutor-70][c.d.fuzztest.f.c] 
================================================================================
= Creating tests for 'source.C.method:(D)I' using 'SiM (!sp, fnm, df, !ris)'
================================================================================
21:55:12.570 [DEBUG] [Creating][analyzer-service:TimedExecutor-70][c.d.fuzztest.b.d] Refinement loop done: 2 seeds, 1+0 new+accumulated tests, 1+0 tests+partial tests, 19/1000 its
21:55:12.651 [INFO]  [Creating][analyzer-service:grpc-default-executor-0][c.d.fuzztest.f.v] Created 1+0 tests and partial tests via 'SiM (!sp, fnm, df, !ris)', 1/2, returning all 1
21:55:12.753 [INFO]  [Creating][pool-5-thread-1][c.d.cover.ui.d.b]     [6/6] source.C.method
21:55:12.753 [INFO]  [Creating][pool-5-thread-1][c.d.cover.ui.d.b]     [6/6]   Tests created: 1
21:55:12.759 [INFO]  [Creating][pool-5-thread-1][c.d.cover.ui.d.b] [3/3] source.C
21:55:12.760 [INFO]  [Creating][pool-5-thread-1][c.d.cover.ui.d.b] [3/3]   Tests created: 2
21:55:12.767 [INFO]  [Reporting][pool-5-thread-1][c.d.cover.ui.d.b] 
21:55:12.768 [INFO]  [Reporting][pool-5-thread-1][c.d.cover.ui.d.b] Summary:
21:55:12.769 [INFO]  [Reporting][pool-5-thread-1][c.d.cover.ui.d.b] --------
21:55:12.769 [INFO]  [Reporting][pool-5-thread-1][c.d.cover.ui.d.b] Total:                                               6 methods
21:55:12.770 [INFO]  [Reporting][pool-5-thread-1][c.d.cover.ui.d.b] 6 tests created for:                                 6 methods
21:55:12.771 [INFO]  [Reporting][pool-5-thread-1][c.d.cover.ui.d.b] 
21:55:12.948 [INFO]  [Validating][main][c.d.cover.ui.a.j] 
21:55:12.949 [INFO]  [Validating][main][c.d.cover.ui.a.j] Running validation command.
21:55:12.953 [DEBUG] [Validating][main][c.d.cover.k.c.f] Validating tests with default internal Gradle "test" task: gradle test
21:55:12.955 [INFO]  [Validating][main][c.d.d.g.b] Running: Using JAVA_HOME: C:\Program Files\Java\jdk-17 : in C:\Users\cbontoiu\Desktop\DiffblueTutorials\DemoCLI\extra : gradle test -i  
21:55:14.238 [INFO]  [Validating][main][c.d.d.b.a] Standard output of build tool (gradle)
21:55:14.238 [INFO]  [Validating][main][c.d.d.b.a] > The client will now receive all logging from the daemon (pid: 7736). The daemon log file: C:\Users\cbontoiu\.gradle\daemon\8.2\daemon-7736.out.log
21:55:14.238 [INFO]  [Validating][main][c.d.d.b.a] > Starting 4th build in daemon [uptime: 1 hrs 6 mins 14.427 secs, performance: 100%, GC rate: 0.00/s, heap usage: 0% of 3.9 GiB]
21:55:14.240 [INFO]  [Validating][main][c.d.d.b.a] > Closing daemon's stdin at end of input.
21:55:14.240 [INFO]  [Validating][main][c.d.d.b.a] > The daemon will no longer process any standard input.
21:55:14.240 [INFO]  [Validating][main][c.d.d.b.a] > Using 8 worker leases.
21:55:14.240 [INFO]  [Validating][main][c.d.d.b.a] > Now considering [C:\Users\cbontoiu\Desktop\DiffblueTutorials\DemoCLI] as hierarchies to watch
21:55:14.240 [INFO]  [Validating][main][c.d.d.b.a] > Watching the file system is configured to be enabled if available
21:55:14.240 [INFO]  [Validating][main][c.d.d.b.a] > File system watching is active
21:55:14.240 [INFO]  [Validating][main][c.d.d.b.a] > Starting Build
21:55:14.240 [INFO]  [Validating][main][c.d.d.b.a] > Settings evaluated using settings file 'C:\Users\cbontoiu\Desktop\DiffblueTutorials\DemoCLI\settings.gradle'.
21:55:14.240 [INFO]  [Validating][main][c.d.d.b.a] > Projects loaded. Root project using build file 'C:\Users\cbontoiu\Desktop\DiffblueTutorials\DemoCLI\build.gradle'.
21:55:14.240 [INFO]  [Validating][main][c.d.d.b.a] > Included projects: [root project 'DemoCLI', project ':app', project ':common', project ':extra']
21:55:14.240 [INFO]  [Validating][main][c.d.d.b.a] > 
21:55:14.240 [INFO]  [Validating][main][c.d.d.b.a] > > Configure project :
21:55:14.240 [INFO]  [Validating][main][c.d.d.b.a] > Evaluating root project 'DemoCLI' using build file 'C:\Users\cbontoiu\Desktop\DiffblueTutorials\DemoCLI\build.gradle'.
21:55:14.240 [INFO]  [Validating][main][c.d.d.b.a] > 
21:55:14.240 [INFO]  [Validating][main][c.d.d.b.a] > > Configure project :app
21:55:14.240 [INFO]  [Validating][main][c.d.d.b.a] > Evaluating project ':app' using build file 'C:\Users\cbontoiu\Desktop\DiffblueTutorials\DemoCLI\app\build.gradle'.
21:55:14.240 [INFO]  [Validating][main][c.d.d.b.a] > 
21:55:14.240 [INFO]  [Validating][main][c.d.d.b.a] > > Configure project :common
21:55:14.240 [INFO]  [Validating][main][c.d.d.b.a] > Evaluating project ':common' using build file 'C:\Users\cbontoiu\Desktop\DiffblueTutorials\DemoCLI\common\build.gradle'.
21:55:14.240 [INFO]  [Validating][main][c.d.d.b.a] > 
21:55:14.240 [INFO]  [Validating][main][c.d.d.b.a] > > Configure project :extra
21:55:14.240 [INFO]  [Validating][main][c.d.d.b.a] > Evaluating project ':extra' using build file 'C:\Users\cbontoiu\Desktop\DiffblueTutorials\DemoCLI\extra\build.gradle'.
21:55:14.240 [INFO]  [Validating][main][c.d.d.b.a] > All projects evaluated.
21:55:14.240 [INFO]  [Validating][main][c.d.d.b.a] > Task path ':extra:test' matched project ':extra'
21:55:14.240 [INFO]  [Validating][main][c.d.d.b.a] > Task name matched 'test'
21:55:14.240 [INFO]  [Validating][main][c.d.d.b.a] > Selected primary task 'test' from project :extra
21:55:14.240 [INFO]  [Validating][main][c.d.d.b.a] > The configuration :extra:mainSourceElements is both consumable and declarable. This combination is incorrect, only one of these flags should be set.
21:55:14.240 [INFO]  [Validating][main][c.d.d.b.a] > Tasks to be executed: [task ':extra:compileJava', task ':extra:processResources', task ':extra:classes', task ':extra:compileTestJava', task ':extra:processTestResources', task ':extra:testClasses', task ':extra:test']
21:55:14.240 [INFO]  [Validating][main][c.d.d.b.a] > Tasks that were excluded: []
21:55:14.240 [INFO]  [Validating][main][c.d.d.b.a] > Resolve mutations for :extra:compileJava (Thread[Execution worker,5,main]) started.
21:55:14.240 [INFO]  [Validating][main][c.d.d.b.a] > :extra:compileJava (Thread[Execution worker Thread 6,5,main]) started.
21:55:14.240 [INFO]  [Validating][main][c.d.d.b.a] > 
21:55:14.240 [INFO]  [Validating][main][c.d.d.b.a] > > Task :extra:compileJava UP-TO-DATE
21:55:14.240 [INFO]  [Validating][main][c.d.d.b.a] > Caching disabled for task ':extra:compileJava' because:
21:55:14.240 [INFO]  [Validating][main][c.d.d.b.a] >   Build cache is disabled
21:55:14.240 [INFO]  [Validating][main][c.d.d.b.a] > Skipping task ':extra:compileJava' as it is up-to-date.
21:55:14.240 [INFO]  [Validating][main][c.d.d.b.a] > Resolve mutations for :extra:processResources (Thread[Execution worker Thread 6,5,main]) started.
21:55:14.240 [INFO]  [Validating][main][c.d.d.b.a] > :extra:processResources (Thread[Execution worker Thread 6,5,main]) started.
21:55:14.240 [INFO]  [Validating][main][c.d.d.b.a] > 
21:55:14.240 [INFO]  [Validating][main][c.d.d.b.a] > > Task :extra:processResources NO-SOURCE
21:55:14.240 [INFO]  [Validating][main][c.d.d.b.a] > Skipping task ':extra:processResources' as it has no source files and no previous output files.
21:55:14.240 [INFO]  [Validating][main][c.d.d.b.a] > Resolve mutations for :extra:classes (Thread[Execution worker Thread 6,5,main]) started.
21:55:14.240 [INFO]  [Validating][main][c.d.d.b.a] > :extra:classes (Thread[Execution worker Thread 6,5,main]) started.
21:55:14.240 [INFO]  [Validating][main][c.d.d.b.a] > 
21:55:14.240 [INFO]  [Validating][main][c.d.d.b.a] > > Task :extra:classes UP-TO-DATE
21:55:14.240 [INFO]  [Validating][main][c.d.d.b.a] > Skipping task ':extra:classes' as it has no actions.
21:55:14.240 [INFO]  [Validating][main][c.d.d.b.a] > Resolve mutations for :extra:compileTestJava (Thread[Execution worker Thread 7,5,main]) started.
21:55:14.240 [INFO]  [Validating][main][c.d.d.b.a] > :extra:compileTestJava (Thread[Execution worker Thread 7,5,main]) started.
21:55:14.240 [INFO]  [Validating][main][c.d.d.b.a] > 
21:55:14.240 [INFO]  [Validating][main][c.d.d.b.a] > > Task :extra:compileTestJava
21:55:14.240 [INFO]  [Validating][main][c.d.d.b.a] > Caching disabled for task ':extra:compileTestJava' because:
21:55:14.240 [INFO]  [Validating][main][c.d.d.b.a] >   Build cache is disabled
21:55:14.240 [INFO]  [Validating][main][c.d.d.b.a] > Task ':extra:compileTestJava' is not up-to-date because:
21:55:14.240 [INFO]  [Validating][main][c.d.d.b.a] >   Input property 'stableSources' file C:\Users\cbontoiu\Desktop\DiffblueTutorials\DemoCLI\extra\src\test\java\DummyJUnitJupiterLauncherDiffblueTest.java has been removed.
21:55:14.240 [INFO]  [Validating][main][c.d.d.b.a] >   Input property 'stableSources' file C:\Users\cbontoiu\Desktop\DiffblueTutorials\DemoCLI\extra\src\test\java\source\ADiffblueTest.java has changed.
21:55:14.240 [INFO]  [Validating][main][c.d.d.b.a] >   Input property 'stableSources' file C:\Users\cbontoiu\Desktop\DiffblueTutorials\DemoCLI\extra\src\test\java\source\BDiffblueTest.java has changed.
21:55:14.240 [INFO]  [Validating][main][c.d.d.b.a] > Created classpath snapshot for incremental compilation in 0.002 secs.
21:55:14.240 [INFO]  [Validating][main][c.d.d.b.a] > Compiling with toolchain 'C:\Program Files\Java\jdk-17'.
21:55:14.240 [INFO]  [Validating][main][c.d.d.b.a] > Compiling with JDK Java compiler API.
21:55:14.240 [INFO]  [Validating][main][c.d.d.b.a] > Incremental compilation of 5 classes completed in 0.157 secs.
21:55:14.241 [INFO]  [Validating][main][c.d.d.b.a] > Class dependency analysis for incremental compilation took 0.022 secs.
21:55:14.241 [INFO]  [Validating][main][c.d.d.b.a] > Resolve mutations for :extra:processTestResources (Thread[Execution worker Thread 7,5,main]) started.
21:55:14.241 [INFO]  [Validating][main][c.d.d.b.a] > :extra:processTestResources (Thread[Execution worker Thread 7,5,main]) started.
21:55:14.241 [INFO]  [Validating][main][c.d.d.b.a] > 
21:55:14.241 [INFO]  [Validating][main][c.d.d.b.a] > > Task :extra:processTestResources NO-SOURCE
21:55:14.241 [INFO]  [Validating][main][c.d.d.b.a] > Skipping task ':extra:processTestResources' as it has no source files and no previous output files.
21:55:14.241 [INFO]  [Validating][main][c.d.d.b.a] > Resolve mutations for :extra:testClasses (Thread[Execution worker Thread 7,5,main]) started.
21:55:14.241 [INFO]  [Validating][main][c.d.d.b.a] > :extra:testClasses (Thread[Execution worker Thread 7,5,main]) started.
21:55:14.241 [INFO]  [Validating][main][c.d.d.b.a] > 
21:55:14.241 [INFO]  [Validating][main][c.d.d.b.a] > > Task :extra:testClasses
21:55:14.241 [INFO]  [Validating][main][c.d.d.b.a] > Skipping task ':extra:testClasses' as it has no actions.
21:55:14.241 [INFO]  [Validating][main][c.d.d.b.a] > Resolve mutations for :extra:test (Thread[Execution worker Thread 7,5,main]) started.
21:55:14.241 [INFO]  [Validating][main][c.d.d.b.a] > :extra:test (Thread[Execution worker Thread 4,5,main]) started.
21:55:14.241 [INFO]  [Validating][main][c.d.d.b.a] > Gradle Test Executor 3 started executing tests.
21:55:14.241 [INFO]  [Validating][main][c.d.d.b.a] > Gradle Test Executor 3 finished executing tests.
21:55:14.241 [INFO]  [Validating][main][c.d.d.b.a] > 
21:55:14.241 [INFO]  [Validating][main][c.d.d.b.a] > > Task :extra:test
21:55:14.241 [INFO]  [Validating][main][c.d.d.b.a] > Caching disabled for task ':extra:test' because:
21:55:14.241 [INFO]  [Validating][main][c.d.d.b.a] >   Build cache is disabled
21:55:14.241 [INFO]  [Validating][main][c.d.d.b.a] > Task ':extra:test' is not up-to-date because:
21:55:14.241 [INFO]  [Validating][main][c.d.d.b.a] >   Value of input property 'filter.failOnNoMatchingTests' has changed for task ':extra:test'
21:55:14.241 [INFO]  [Validating][main][c.d.d.b.a] >   Value of input property 'filter.includePatterns' has changed for task ':extra:test'
21:55:14.241 [INFO]  [Validating][main][c.d.d.b.a] > Starting process 'Gradle Test Executor 3'. Working directory: C:\Users\cbontoiu\Desktop\DiffblueTutorials\DemoCLI\extra Command: C:\Program Files\Java\jdk-17\bin\java.exe -Dorg.gradle.internal.worker.tmpdir=C:\Users\cbontoiu\Desktop\DiffblueTutorials\DemoCLI\extra\build\tmp\test\work -Dorg.gradle.native=false @C:\Users\cbontoiu\.gradle\.tmp\gradle-worker-classpath175886024916208201txt -Xmx512m -Dfile.encoding=windows-1252 -Duser.country=GB -Duser.language=en -Duser.variant -ea worker.org.gradle.process.internal.worker.GradleWorkerMain 'Gradle Test Executor 3'
21:55:14.241 [INFO]  [Validating][main][c.d.d.b.a] > Successfully started process 'Gradle Test Executor 3'
21:55:14.241 [INFO]  [Validating][main][c.d.d.b.a] > Finished generating test XML results (0.005 secs) into: C:\Users\cbontoiu\Desktop\DiffblueTutorials\DemoCLI\extra\build\test-results\test
21:55:14.241 [INFO]  [Validating][main][c.d.d.b.a] > Generating HTML test report...
21:55:14.241 [INFO]  [Validating][main][c.d.d.b.a] > Finished generating test html results (0.01 secs) into: C:\Users\cbontoiu\Desktop\DiffblueTutorials\DemoCLI\extra\build\reports\tests\test
21:55:14.241 [INFO]  [Validating][main][c.d.d.b.a] > 
21:55:14.241 [INFO]  [Validating][main][c.d.d.b.a] > Deprecated Gradle features were used in this build, making it incompatible with Gradle 9.0.
21:55:14.241 [INFO]  [Validating][main][c.d.d.b.a] > 
21:55:14.241 [INFO]  [Validating][main][c.d.d.b.a] > You can use '--warning-mode all' to show the individual deprecation warnings and determine if they come from your own scripts or plugins.
21:55:14.241 [INFO]  [Validating][main][c.d.d.b.a] > 
21:55:14.241 [INFO]  [Validating][main][c.d.d.b.a] > For more on this, please refer to https://docs.gradle.org/8.2/userguide/command_line_interface.html#sec:command_line_warnings in the Gradle documentation.
21:55:14.242 [INFO]  [Validating][main][c.d.d.b.a] > 
21:55:14.242 [INFO]  [Validating][main][c.d.d.b.a] > BUILD SUCCESSFUL in 1s
21:55:14.242 [INFO]  [Validating][main][c.d.d.b.a] > 3 actionable tasks: 2 executed, 1 up-to-date
21:55:14.242 [INFO]  [Validating][main][c.d.d.b.a] > Watched directory hierarchies: [C:\Users\cbontoiu\Desktop\DiffblueTutorials\DemoCLI]
21:55:14.242 [INFO]  [Validating][main][c.d.d.b.a] Standard error of build tool (gradle)
21:55:14.242 [INFO]  [Validating][main][c.d.d.b.a] > 
21:55:14.244 [DEBUG] [Validating][main][c.d.cover.k.c.f] Parsing test reports from default dir: C:\Users\cbontoiu\Desktop\DiffblueTutorials\DemoCLI\extra\build\test-results\test
21:55:14.252 [INFO]  [Validating][main][c.d.cover.ui.a.j] All 6 created tests were successfully validated.
21:55:14.319 [DEBUG] [Reporting][main][c.d.c.r.StructuredReportManager] Run metrics:
Total time:                23.0s
Environment detection:      0.8s ( 3.3%)
Indexing:                   0.3s ( 1.3%)
Entry points:               0.7s ( 3.2%)
Test generation:            9.9s (43.0%)
  - Index query:            3.2s (13.9%)
Test verification:          1.7s ( 7.3%)
Test validation:            1.3s ( 5.7%)
Other:                      8.4s (36.3%)
Time to first test:        18.7s (81.3%)
Time to last test:         21.5s (93.2%)
21:55:14.322 [INFO]  [Reporting][main][c.d.cover.ui.a.j] Writing JSON report to C:\Users\cbontoiu\Desktop\DiffblueTutorials\DemoCLI\extra\.diffblue\reports\report.json
21:55:14.359 [INFO]  [Reporting][main][c.d.cover.ui.a.b] Log file: C:\Users\cbontoiu\Desktop\DiffblueTutorials\DemoCLI\extra\.diffblue\log\user-20230917T215450.log
21:55:14.360 [INFO]  [Reporting][main][c.d.cover.ui.a.u] Finished in 23s
