15:02:04.813 [DEBUG] [Preparing][main][c.d.cover.ui.a.u] Client heap size: 4028 MB
15:02:04.825 [INFO]  [Preparing][main][c.d.cover.ui.a.u] Diffblue Cover 2023.09.01-9200f07-unrestricted
15:02:04.826 [INFO]  [Preparing][main][c.d.cover.ui.a.u] 
15:02:04.826 [INFO]  [Preparing][main][c.d.cover.ui.a.u] Running: dcover create --working-directory=extra source --keep-partial-tests
15:02:06.738 [INFO]  [Checking][main][c.d.cover.ui.a.j] Detecting environment:
15:02:06.739 [INFO]  [Checking][main][c.d.cover.ui.a.j] ----------------------
15:02:06.816 [INFO]  [Checking][main][c.d.cover.ui.a.j] Detected Java version 17.0.6
15:02:08.216 [DEBUG] [Checking][main][c.d.d.g.a] Querying Gradle project info using --init-script C:\Users\cbontoiu\AppData\Local\Temp\diffblueGradleInit1163525775988996086.gradle and plugin C:\Users\cbontoiu\AppData\Local\Temp\diffblueGradlePlugin18386881344293406195.jar
15:02:08.218 [DEBUG] [Checking][gradle][c.d.d.g.a] cmd: gradle --init-script C:\Users\cbontoiu\AppData\Local\Temp\diffblueGradleInit1163525775988996086.gradle --info (equivalent via API)
15:02:08.344 [DEBUG] [Checking][gradle][c.d.d.g.a] out: The client will now receive all logging from the daemon (pid: 7968). The daemon log file: C:\Users\cbontoiu\.gradle\daemon\8.2\daemon-7968.out.log
15:02:08.344 [DEBUG] [Checking][gradle][c.d.d.g.a] out: Starting 9th build in daemon [uptime: 23 mins 15.024 secs, performance: 99%, GC rate: 0.00/s, heap usage: 0% of 512 MiB, non-heap usage: 21% of 384 MiB]
15:02:08.345 [DEBUG] [Checking][gradle][c.d.d.g.a] out: Closing daemon's stdin at end of input.
15:02:08.345 [DEBUG] [Checking][gradle][c.d.d.g.a] out: The daemon will no longer process any standard input.
15:02:08.345 [DEBUG] [Checking][gradle][c.d.d.g.a] out: Using 8 worker leases.
15:02:08.345 [DEBUG] [Checking][gradle][c.d.d.g.a] out: Now considering [C:\Users\cbontoiu\Desktop\DiffblueTutorials\DemoCLI] as hierarchies to watch
15:02:08.345 [DEBUG] [Checking][gradle][c.d.d.g.a] out: Watching the file system is configured to be enabled if available
15:02:08.345 [DEBUG] [Checking][gradle][c.d.d.g.a] out: File system watching is active
15:02:08.345 [DEBUG] [Checking][gradle][c.d.d.g.a] out: Compiling initialization script 'C:\Users\cbontoiu\AppData\Local\Temp\diffblueGradleInit1163525775988996086.gradle' using SubsetScriptTransformer.
15:02:08.436 [DEBUG] [Checking][gradle][c.d.d.g.a] out: The configuration classpath is both resolvable and consumable. This is considered a legacy configuration and it will eventually only be possible to be one of these.
15:02:08.436 [DEBUG] [Checking][gradle][c.d.d.g.a] out: The configuration classpath is both consumable and declarable. This combination is incorrect, only one of these flags should be set.
15:02:08.436 [DEBUG] [Checking][gradle][c.d.d.g.a] out: The configuration classpath is both resolvable and consumable. This is considered a legacy configuration and it will eventually only be possible to be one of these.
15:02:08.436 [DEBUG] [Checking][gradle][c.d.d.g.a] out: The configuration classpath is both consumable and declarable. This combination is incorrect, only one of these flags should be set.
15:02:08.436 [DEBUG] [Checking][gradle][c.d.d.g.a] out: Compiling initialization script 'C:\Users\cbontoiu\AppData\Local\Temp\diffblueGradleInit1163525775988996086.gradle' using BuildScriptTransformer.
15:02:08.736 [DEBUG] [Checking][gradle][c.d.d.g.a] out: Starting Build
15:02:08.736 [DEBUG] [Checking][gradle][c.d.d.g.a] out: Settings evaluated using settings file 'C:\Users\cbontoiu\Desktop\DiffblueTutorials\DemoCLI\settings.gradle'.
15:02:08.736 [DEBUG] [Checking][gradle][c.d.d.g.a] out: Projects loaded. Root project using build file 'C:\Users\cbontoiu\Desktop\DiffblueTutorials\DemoCLI\build.gradle'.
15:02:08.736 [DEBUG] [Checking][gradle][c.d.d.g.a] out: Included projects: [root project 'DemoCLI', project ':app', project ':common', project ':extra']
15:02:08.737 [DEBUG] [Checking][gradle][c.d.d.g.a] out: 
15:02:08.737 [DEBUG] [Checking][gradle][c.d.d.g.a] out: > Configure project :
15:02:08.737 [DEBUG] [Checking][gradle][c.d.d.g.a] out: Evaluating root project 'DemoCLI' using build file 'C:\Users\cbontoiu\Desktop\DiffblueTutorials\DemoCLI\build.gradle'.
15:02:08.737 [DEBUG] [Checking][gradle][c.d.d.g.a] out: 
15:02:08.737 [DEBUG] [Checking][gradle][c.d.d.g.a] out: > Configure project :app
15:02:08.737 [DEBUG] [Checking][gradle][c.d.d.g.a] out: Evaluating project ':app' using build file 'C:\Users\cbontoiu\Desktop\DiffblueTutorials\DemoCLI\app\build.gradle'.
15:02:08.737 [DEBUG] [Checking][gradle][c.d.d.g.a] out: Configuring Jacoco Plugin for use with Diffblue Cover
15:02:08.737 [DEBUG] [Checking][gradle][c.d.d.g.a] out: Configuring task :app:test for use with Diffblue Cover
15:02:08.737 [DEBUG] [Checking][gradle][c.d.d.g.a] out: ignoreFailures: false
15:02:08.737 [DEBUG] [Checking][gradle][c.d.d.g.a] out: excludes: []
15:02:08.737 [DEBUG] [Checking][gradle][c.d.d.g.a] out: includes: []
15:02:08.738 [DEBUG] [Checking][gradle][c.d.d.g.a] out: Configuring task :app:jacocoTestReport for use with Diffblue Cover
15:02:08.738 [DEBUG] [Checking][gradle][c.d.d.g.a] out: Configuring task :app:jacocoTestReportDeletePrevious for use with Diffblue Cover
15:02:08.738 [DEBUG] [Checking][gradle][c.d.d.g.a] out: Configuring task :app:jacocoTestReportPrepareEmptyExec for use with Diffblue Cover
15:02:08.738 [DEBUG] [Checking][gradle][c.d.d.g.a] out: 
15:02:08.738 [DEBUG] [Checking][gradle][c.d.d.g.a] out: > Configure project :common
15:02:08.738 [DEBUG] [Checking][gradle][c.d.d.g.a] out: Evaluating project ':common' using build file 'C:\Users\cbontoiu\Desktop\DiffblueTutorials\DemoCLI\common\build.gradle'.
15:02:08.738 [DEBUG] [Checking][gradle][c.d.d.g.a] out: Configuring Jacoco Plugin for use with Diffblue Cover
15:02:08.738 [DEBUG] [Checking][gradle][c.d.d.g.a] out: Configuring task :common:test for use with Diffblue Cover
15:02:08.738 [DEBUG] [Checking][gradle][c.d.d.g.a] out: ignoreFailures: false
15:02:08.738 [DEBUG] [Checking][gradle][c.d.d.g.a] out: excludes: []
15:02:08.738 [DEBUG] [Checking][gradle][c.d.d.g.a] out: includes: []
15:02:08.738 [DEBUG] [Checking][gradle][c.d.d.g.a] out: Configuring task :common:jacocoTestReport for use with Diffblue Cover
15:02:08.738 [DEBUG] [Checking][gradle][c.d.d.g.a] out: Configuring task :common:jacocoTestReportDeletePrevious for use with Diffblue Cover
15:02:08.738 [DEBUG] [Checking][gradle][c.d.d.g.a] out: Configuring task :common:jacocoTestReportPrepareEmptyExec for use with Diffblue Cover
15:02:08.738 [DEBUG] [Checking][gradle][c.d.d.g.a] out: 
15:02:08.738 [DEBUG] [Checking][gradle][c.d.d.g.a] out: > Configure project :extra
15:02:08.738 [DEBUG] [Checking][gradle][c.d.d.g.a] out: Evaluating project ':extra' using build file 'C:\Users\cbontoiu\Desktop\DiffblueTutorials\DemoCLI\extra\build.gradle'.
15:02:08.738 [DEBUG] [Checking][gradle][c.d.d.g.a] out: Configuring Jacoco Plugin for use with Diffblue Cover
15:02:08.738 [DEBUG] [Checking][gradle][c.d.d.g.a] out: Configuring task :extra:test for use with Diffblue Cover
15:02:08.738 [DEBUG] [Checking][gradle][c.d.d.g.a] out: ignoreFailures: false
15:02:08.739 [DEBUG] [Checking][gradle][c.d.d.g.a] out: excludes: []
15:02:08.739 [DEBUG] [Checking][gradle][c.d.d.g.a] out: includes: []
15:02:08.739 [DEBUG] [Checking][gradle][c.d.d.g.a] out: Configuring task :extra:jacocoTestReport for use with Diffblue Cover
15:02:08.739 [DEBUG] [Checking][gradle][c.d.d.g.a] out: Configuring task :extra:jacocoTestReportDeletePrevious for use with Diffblue Cover
15:02:08.739 [DEBUG] [Checking][gradle][c.d.d.g.a] out: Configuring task :extra:jacocoTestReportPrepareEmptyExec for use with Diffblue Cover
15:02:08.739 [DEBUG] [Checking][gradle][c.d.d.g.a] out: All projects evaluated.
15:02:08.739 [DEBUG] [Checking][gradle][c.d.d.g.a] out: The configuration :extra:coverageDataElementsForTest is both consumable and declarable. This combination is incorrect, only one of these flags should be set.
15:02:08.739 [DEBUG] [Checking][gradle][c.d.d.g.a] out: The configuration :extra:mainSourceElements is both consumable and declarable. This combination is incorrect, only one of these flags should be set.
15:02:08.785 [DEBUG] [Checking][gradle][c.d.d.g.a] out: 
15:02:08.785 [DEBUG] [Checking][gradle][c.d.d.g.a] out: CONFIGURE SUCCESSFUL in 517ms
15:02:08.785 [DEBUG] [Checking][gradle][c.d.d.g.a] out: Watched directory hierarchies: [C:\Users\cbontoiu\Desktop\DiffblueTutorials\DemoCLI]
15:02:09.172 [INFO]  [Checking][main][c.d.cover.ui.a.j] Detected build system: Gradle 8.2
15:02:09.176 [INFO]  [Checking][main][c.d.cover.n.a.ai] Operating System: Windows 11 amd64 10.0
15:02:09.176 [INFO]  [Checking][main][c.d.cover.n.a.ai] Default charset: windows-1252
15:02:09.176 [INFO]  [Checking][main][c.d.cover.n.a.ai] Default locale: en_GB
15:02:09.177 [INFO]  [Checking][main][c.d.cover.n.a.ai] Default time zone: Europe/London
15:02:09.179 [INFO]  [Checking][main][c.d.cover.ui.a.j] Selected build system: Gradle
15:02:09.183 [INFO]  [Checking][main][c.d.cover.ui.a.j] Selected classpath from build system Gradle
15:02:09.185 [INFO]  [Checking][main][c.d.cover.n.c.b] Expanded classpath: 
C:\Users\cbontoiu\Desktop\DiffblueTutorials\DemoCLI\extra\build\classes\java\main (code under test)
C:\Users\cbontoiu\Desktop\DiffblueTutorials\DemoCLI\extra\build\resources\test
C:\Users\cbontoiu\Desktop\DiffblueTutorials\DemoCLI\extra\build\resources\main
C:\Users\cbontoiu\.gradle\caches\modules-2\files-2.1\org.junit.jupiter\junit-jupiter\5.9.1\9274d3757e224bc02eae367bd481062a263c150b\junit-jupiter-5.9.1.jar
C:\Users\cbontoiu\.gradle\caches\modules-2\files-2.1\org.junit.jupiter\junit-jupiter-params\5.9.1\ffcd1013edaeee112be11fcddeb38882d79238de\junit-jupiter-params-5.9.1.jar
C:\Users\cbontoiu\.gradle\caches\modules-2\files-2.1\org.junit.jupiter\junit-jupiter-engine\5.9.1\1bf771097bde296c3ab174861954e8aafaaf2e94\junit-jupiter-engine-5.9.1.jar
C:\Users\cbontoiu\.gradle\caches\modules-2\files-2.1\org.junit.jupiter\junit-jupiter-api\5.9.1\7bb53fbc0173e9f6a9d21d58297af94b1f2f9ce1\junit-jupiter-api-5.9.1.jar
C:\Users\cbontoiu\.gradle\caches\modules-2\files-2.1\org.junit.platform\junit-platform-engine\1.9.1\83591e5089d6cea5f324aa3ecca9b19d5a275803\junit-platform-engine-1.9.1.jar
C:\Users\cbontoiu\.gradle\caches\modules-2\files-2.1\org.junit.platform\junit-platform-commons\1.9.1\3145f821b5cd10abcdc5f925baa5fffa6f1b628f\junit-platform-commons-1.9.1.jar
C:\Users\cbontoiu\.gradle\caches\modules-2\files-2.1\org.mockito\mockito-core\5.4.0\30bcbe79f7bd51b53debfc4c6014d0bea4935e37\mockito-core-5.4.0.jar
C:\Users\cbontoiu\.gradle\caches\modules-2\files-2.1\net.bytebuddy\byte-buddy\1.14.5\28a424c0c4f362568e904d992c239c996cf7adc7\byte-buddy-1.14.5.jar
C:\Users\cbontoiu\.gradle\caches\modules-2\files-2.1\net.bytebuddy\byte-buddy-agent\1.14.5\20f4e9b9d0ffb953657bfa4b92c0cceb27907d58\byte-buddy-agent-1.14.5.jar
C:\Users\cbontoiu\.gradle\caches\modules-2\files-2.1\org.objenesis\objenesis\3.3\1049c09f1de4331e8193e579448d0916d75b7631\objenesis-3.3.jar
C:\Users\cbontoiu\.gradle\caches\modules-2\files-2.1\org.opentest4j\opentest4j\1.2.0\28c11eb91f9b6d8e200631d46e20a7f407f2a046\opentest4j-1.2.0.jar
15:02:09.303 [INFO]  [Checking][main][c.d.cover.ui.a.j] Detected test framework: JUnit Jupiter 5.9.1
15:02:09.308 [INFO]  [Checking][main][c.d.cover.ui.a.j] Detected JUnit Jupiter version 5.9.1
15:02:09.312 [INFO]  [Checking][main][c.d.cover.ui.a.j] Detected JUnit Jupiter Params version 5.9.1
15:02:09.341 [INFO]  [Checking][main][c.d.cover.ui.a.j] Detected Mockito version 5.4.0
15:02:09.810 [INFO]  [Checking][main][c.d.cover.ui.a.j] Indexing...
15:02:10.132 [INFO]  [Checking][main][c.d.cover.ui.a.j] Selected test output directory: C:\Users\cbontoiu\Desktop\DiffblueTutorials\DemoCLI\extra\src\test\java
15:02:10.140 [INFO]  [Checking][main][c.d.d.g.b] Running: Using JAVA_HOME: C:\Program Files\Java\jdk-17 : in C:\Users\cbontoiu\Desktop\DiffblueTutorials\DemoCLI\extra : gradle test -i  DummyJupiterDiffblueTest
15:02:11.918 [DEBUG] [Checking][main][c.d.cover.n.c.m] JUnitJupiter5 is present
15:02:11.918 [DEBUG] [Checking][main][c.d.cover.n.c.m] JUnitJupiter5 is supported
15:02:11.918 [DEBUG] [Checking][main][c.d.cover.n.c.m] JUnit 5 is present and either it's not been specified by the user or it is the same as the version the user specified
15:02:11.919 [INFO]  [Checking][main][c.d.cover.ui.a.j] Selected test framework: JUnit Jupiter
15:02:11.953 [INFO]  [Checking][main][c.d.d.g.b] Running: Using JAVA_HOME: C:\Program Files\Java\jdk-17 : in C:\Users\cbontoiu\Desktop\DiffblueTutorials\DemoCLI\extra : gradle test -i  DummyJUnitJupiterLauncherDiffblueTest
15:02:13.142 [INFO]  [Checking][main][c.d.cover.ui.a.j] Detected JVM architecture: 64-Bit
15:02:13.744 [INFO]  [Checking][main][c.d.cover.ui.a.j] Selected Java language compliance level: 17
15:02:13.745 [INFO]  [Checking][main][c.d.cover.ui.a.j] Selected test validation: enabled
15:02:13.749 [INFO]  [Checking][main][c.d.cover.ui.a.j] Prefixes for filtering classes/methods:
15:02:13.753 [INFO]  [Checking][main][c.d.cover.ui.a.j] - source
15:02:13.755 [INFO]  [Checking][main][c.d.cover.ui.a.j] Gathering methods to test...
15:02:14.531 [INFO]  [Reporting][main][c.d.cover.ui.a.j] 
15:02:14.532 [INFO]  [Reporting][main][c.d.cover.ui.a.j] Environment summary:
15:02:14.532 [INFO]  [Reporting][main][c.d.cover.ui.a.j] --------------------
15:02:14.534 [INFO]  [Reporting][main][c.d.cover.ui.a.j] Java version                  17.0.6                        SUCCESS        
15:02:14.534 [INFO]  [Reporting][main][c.d.cover.ui.a.j] Build system                  Gradle                        SUCCESS        
15:02:14.534 [INFO]  [Reporting][main][c.d.cover.ui.a.j] Mocking Framework             Mockito 5.4.0                 SUCCESS        
15:02:14.534 [DEBUG] [Reporting][main][c.d.cover.ui.a.j] Surefire version              Skipped                       -----          
15:02:14.534 [INFO]  [Reporting][main][c.d.cover.ui.a.j] Testing framework             JUnit Jupiter 5               SUCCESS        
15:02:14.534 [DEBUG] [Reporting][main][c.d.cover.ui.a.j] JavaEE version                Skipped                       -----          
15:02:14.534 [DEBUG] [Reporting][main][c.d.cover.ui.a.j] JaCoCo plugin version         Skipped                       -----          
15:02:14.535 [INFO]  [Reporting][main][c.d.cover.ui.a.j] Launcher                      JUnit Jupiter                 SUCCESS        
15:02:14.535 [INFO]  [Reporting][main][c.d.cover.ui.a.j] Test validation               Enabled                       SUCCESS        
15:02:14.535 [DEBUG] [Reporting][main][c.d.cover.ui.a.j] Hamcrest                      Not Detected                  -----          
15:02:14.535 [DEBUG] [Reporting][main][c.d.cover.ui.a.j] Spring Core                   Not Detected                  -----          
15:02:14.535 [DEBUG] [Reporting][main][c.d.cover.ui.a.j] Spring Boot                   Skipped                       -----          
15:02:14.535 [DEBUG] [Reporting][main][c.d.cover.ui.a.j] Spring Boot Test              Skipped                       -----          
15:02:14.535 [DEBUG] [Reporting][main][c.d.cover.ui.a.j] Spring Web                    Skipped                       -----          
15:02:14.535 [DEBUG] [Reporting][main][c.d.cover.ui.a.j] Spring Security Web           Skipped                       -----          
15:02:14.535 [DEBUG] [Reporting][main][c.d.cover.ui.a.j] Spring Test                   Skipped                       -----          
15:02:14.535 [INFO]  [Reporting][main][c.d.cover.ui.a.j] 
15:02:14.535 [INFO]  [Reporting][main][c.d.cover.ui.a.j] Environment check status: SUCCESS
15:02:14.561 [DEBUG] [Creating][pool-5-thread-1][c.d.cover.k.a.g] Configuration:
Module: 
Configuration: 
 features=[TESTING_FRAMEWORK_JUNIT_JUPITER5, JUNIT_JUPITER_PARAMS, MOCKING, MOCKITO_SESSION, INCLUDE_SYSTEM_ENVIRONMENT_VARIABLES, INLINE_ACT_INTO_ASSERT, INLINE_ARRANGE_INTO_ACT_ASSERT, INLINE_CHAINED_MEMBER_ACCESSES, INLINE_CONSTRUCTORS, INLINE_IMMEDIATE_VALUES, JOIN_SIMPLE_TESTS, SHOW_SECTION_COMMENTS, KEEP_NON_COMPILING_TESTS, KEEP_NONDETERMINISTIC_TESTS, KEEP_TESTS_WITHOUT_ASSERTIONS, KEEP_TESTS_WITH_VIOLATIONS, KEEP_THROWING_TESTS, PREFLIGHT_ENABLE_TEST_EXECUTION, REPORT, SANDBOXING, VALIDATION, ANALYZER_SERVICE, VERIFICATION]
 analyzerServiceIdleTimeout=PT2M
 coverReportsBaseUrl=Optional.empty
 coverReportsGroupName=17/09/2023, 15:02
 coverReportsProject=Optional.empty
 environmentVariables={}
 complianceLevel=17
 fuzzingIterations=1000
 jacocoCommandDiffblue=Optional.empty
 jacocoCommandManual=Optional.empty
 jacocoXmlTestReport=Optional.empty
 jacocoXmlTestReportDiffblue=C:\Users\cbontoiu\Desktop\DiffblueTutorials\DemoCLI\extra\.diffblue\reports\diffblue-tests-jacoco-report.xml
 jacocoXmlTestReportManual=C:\Users\cbontoiu\Desktop\DiffblueTutorials\DemoCLI\extra\.diffblue\reports\manual-tests-jacoco-report.xml
 sandboxAllowedJavaNativeInterfacePrefixes=[]
 mockingFramework=MOCKITO_5_0_0
 mockClasses=[]
 mockStaticClasses=[]
 workingDirectory=C:\Users\cbontoiu\Desktop\DiffblueTutorials\DemoCLI\extra
 classpath=Classpath(14 full entries, 1 code under test entries)
 warningsToSuppress=[]
 perMethodTimeouts=Timeouts{softTimeout=PT20S, initialExecutionTimeout=PT20S, hardTimeout=PT1M, springStartupTimeout=PT4M}
 reportFile=C:\Users\cbontoiu\Desktop\DiffblueTutorials\DemoCLI\extra\.diffblue\reports\report.json
 activeProfiles=[]
 classScheme=${CLASS_NAME}DiffblueTest
 methodScheme=test${INNER_CLASS_NAME}${METHOD_NAME}
 springConfigurationClasses=[]
 testOutputDirectory=C:\Users\cbontoiu\Desktop\DiffblueTutorials\DemoCLI\extra\src\test\java
 validationCommand=Optional.empty
 validationTimeout=PT30M
 jacocoVersion=null
 observerMethodSpecification=MethodSpecification[excludedPrefixes=[]]
 analyzerServiceRestartFrequency=50

15:02:14.565 [INFO]  [Creating][pool-5-thread-1][c.d.cover.ui.d.b] Found 3 callable methods in 2 classes
15:02:14.567 [INFO]  [Creating][pool-5-thread-1][c.d.cover.k.a.a] 
15:02:14.568 [INFO]  [Creating][pool-5-thread-1][c.d.cover.k.a.a] Creating tests:
15:02:14.569 [INFO]  [Creating][pool-5-thread-1][c.d.cover.k.a.a] ---------------
15:02:14.585 [INFO]  [Creating][pool-5-thread-1][c.d.cover.k.a.a] 
================================================================================
= Starting analysis for class 'source.A'
================================================================================
15:02:14.585 [INFO]  [Creating][pool-5-thread-1][c.d.cover.k.a.a] Filtering out non-testable methods...
15:02:16.071 [INFO]  [Creating][pool-5-thread-1][c.d.cover.k.a.a] Filtering of methods complete. Creating analysis request
15:02:16.073 [INFO]  [Creating][pool-5-thread-1][c.d.c.service.c] Attempting to get service client, retry 1.
15:02:16.080 [INFO]  [Creating][pool-5-thread-1][c.d.c.service.c] Starting monitoring server.
15:02:16.245 [INFO]  [Creating][pool-5-thread-1][c.d.c.service.c] Monitoring server listening on localhost/127.0.0.1:58928
15:02:16.248 [INFO]  [Creating][pool-5-thread-1][c.d.c.service.c] Starting analyzer server process...
15:02:16.248 [INFO]  [Creating][pool-5-thread-1][c.d.c.service.c] Server command-line: C:\Program Files\Java\jdk-17\bin\java.exe -XX:+IgnoreUnrecognizedVMOptions -Djdk.attach.allowAttachSelf=true -ea -javaagent:C:\DiffblueCoverProduct\launcher-shared-jar.jar -Dlogback.configurationFile=C:\Users\cbontoiu\AppData\Local\Temp\diffblue\config\logback-remote-service.xml -Dcom.diffblue.springIsolationJar=C:\DiffblueCoverProduct\cover-isolation-layer.jar -Dcover.jar.path=C:\DiffblueCoverProduct\cover-service-analyzer.jar -Dcom.diffblue.assertionSuggestionJar=C:\DiffblueCoverProduct\cover-service-analyzer.jar -Dcover.main.class=com.diffblue.cover.service.analyzer.Main -jar C:\DiffblueCoverProduct\launcher-shared-jar.jar --service-lifespan 120 --monitoring-service-port 58928 --index-service-port 58928 --debug-log
15:02:16.258 [INFO]  [Creating][pool-5-thread-1][c.d.c.service.c] Server started. Waiting up to 300 seconds for a connection to be established...
15:02:17.004 [DEBUG] [Creating][nullmain][c.d.c.s.a.Main] Service heap size: 4028 MB
15:02:17.099 [INFO]  [Creating][nullmain][c.d.c.s.a.a.b] Starting new remote monitor client
15:02:17.786 [INFO]  [Creating][analyzer-service:main][c.d.c.s.a.a.b] Attempting to start remote server.
15:02:18.035 [INFO]  [Creating][analyzer-service:main][c.d.c.s.a.a.a] Server started, listening on localhost/127.0.0.1:58930
15:02:18.284 [INFO]  [Creating][pool-5-thread-1][c.d.c.service.c] Expect analyzer service to be listening on port 58930.
15:02:18.931 [INFO]  [Creating][pool-5-thread-1][c.d.c.service.c] Started analyzer service and client retrieved.
15:02:20.902 [DEBUG] [Creating][analyzer-service:grpc-default-executor-0][c.d.fuzztest.d.a] Class information:
15:02:20.903 [DEBUG] [Creating][analyzer-service:grpc-default-executor-0][c.d.fuzztest.d.a]   Fields: protected int source.A.n
15:02:20.906 [DEBUG] [Creating][analyzer-service:grpc-default-executor-0][c.d.fuzztest.d.a]   Constructors: public source.A()
15:02:20.907 [DEBUG] [Creating][analyzer-service:grpc-default-executor-0][c.d.fuzztest.d.a]   Methods: protected int source.A.method(double)
15:02:21.517 [INFO]  [Creating][analyzer-service:TimedExecutor-4][c.d.fuzztest.f.c] 
================================================================================
= Creating tests for 'source.A.<init>:()V' using 'TrM (!sp, !fnm, df, !ris)'
================================================================================
15:02:24.014 [INFO]  [Creating][pool-5-thread-1][c.d.cover.ui.d.b]     [1/3] source.A.<init>
15:02:24.015 [INFO]  [Creating][pool-5-thread-1][c.d.cover.ui.d.b]     [1/3]   Tests created: 1
15:02:24.018 [INFO]  [Creating][analyzer-service:TimedExecutor-11][c.d.fuzztest.f.c] 
================================================================================
= Creating tests for 'source.A.method:(D)I' using 'SiM (!sp, fnm, df, !ris)'
================================================================================
15:02:25.673 [DEBUG] [Creating][analyzer-service:TimedExecutor-11][c.d.fuzztest.b.d] Refinement loop done: 1 seeds, 1+0 new+accumulated tests, 1+0 tests+partial tests, 20/1000 its
15:02:25.739 [INFO]  [Creating][analyzer-service:grpc-default-executor-0][c.d.fuzztest.f.v] Created 1+0 tests and partial tests via 'SiM (!sp, fnm, df, !ris)', 1/2, returning all 1
15:02:25.890 [INFO]  [Creating][pool-5-thread-1][c.d.cover.ui.d.b]     [2/3] source.A.method
15:02:25.891 [INFO]  [Creating][pool-5-thread-1][c.d.cover.ui.d.b]     [2/3]   Tests created: 1
15:02:25.900 [INFO]  [Creating][pool-5-thread-1][c.d.cover.ui.d.b] [1/2] source.A
15:02:25.902 [INFO]  [Creating][pool-5-thread-1][c.d.cover.ui.d.b] [1/2]   Tests created: 2
15:02:25.904 [INFO]  [Creating][pool-5-thread-1][c.d.cover.k.a.a] 
================================================================================
= Starting analysis for class 'source.B'
================================================================================
15:02:25.904 [INFO]  [Creating][pool-5-thread-1][c.d.cover.k.a.a] Filtering out non-testable methods...
15:02:25.904 [INFO]  [Creating][pool-5-thread-1][c.d.cover.k.a.a] Filtering of methods complete. Creating analysis request
15:02:25.904 [INFO]  [Creating][pool-5-thread-1][c.d.c.service.c] Attempting to get service client, retry 1.
15:02:25.946 [DEBUG] [Creating][analyzer-service:grpc-default-executor-0][c.d.fuzztest.d.a] Class information:
15:02:25.946 [DEBUG] [Creating][analyzer-service:grpc-default-executor-0][c.d.fuzztest.d.a]   Extends: class source.A
15:02:25.947 [DEBUG] [Creating][analyzer-service:grpc-default-executor-0][c.d.fuzztest.d.a]   Fields: 
15:02:25.947 [DEBUG] [Creating][analyzer-service:grpc-default-executor-0][c.d.fuzztest.d.a]   Constructors: public source.B()
15:02:25.947 [DEBUG] [Creating][analyzer-service:grpc-default-executor-0][c.d.fuzztest.d.a]   Methods: 
15:02:25.969 [INFO]  [Creating][analyzer-service:TimedExecutor-29][c.d.fuzztest.f.c] 
================================================================================
= Creating tests for 'source.B.<init>:()V' using 'TrM (!sp, !fnm, df, !ris)'
================================================================================
15:02:26.087 [INFO]  [Creating][pool-5-thread-1][c.d.cover.ui.d.b]     [3/3] source.B.<init>
15:02:26.087 [INFO]  [Creating][pool-5-thread-1][c.d.cover.ui.d.b]     [3/3]   Tests created: 1
15:02:26.093 [INFO]  [Creating][pool-5-thread-1][c.d.cover.ui.d.b] [2/2] source.B
15:02:26.094 [INFO]  [Creating][pool-5-thread-1][c.d.cover.ui.d.b] [2/2]   Tests created: 1
15:02:26.101 [INFO]  [Reporting][pool-5-thread-1][c.d.cover.ui.d.b] 
15:02:26.101 [INFO]  [Reporting][pool-5-thread-1][c.d.cover.ui.d.b] Summary:
15:02:26.102 [INFO]  [Reporting][pool-5-thread-1][c.d.cover.ui.d.b] --------
15:02:26.103 [INFO]  [Reporting][pool-5-thread-1][c.d.cover.ui.d.b] Total:                                               3 methods
15:02:26.103 [INFO]  [Reporting][pool-5-thread-1][c.d.cover.ui.d.b] 3 tests created for:                                 3 methods
15:02:26.104 [INFO]  [Reporting][pool-5-thread-1][c.d.cover.ui.d.b] 
15:02:26.272 [INFO]  [Validating][main][c.d.cover.ui.a.j] 
15:02:26.272 [INFO]  [Validating][main][c.d.cover.ui.a.j] Running validation command.
15:02:26.276 [DEBUG] [Validating][main][c.d.cover.k.c.f] Validating tests with default internal Gradle "test" task: gradle test
15:02:26.277 [INFO]  [Validating][main][c.d.d.g.b] Running: Using JAVA_HOME: C:\Program Files\Java\jdk-17 : in C:\Users\cbontoiu\Desktop\DiffblueTutorials\DemoCLI\extra : gradle test -i  
15:02:27.525 [INFO]  [Validating][main][c.d.d.b.a] Standard output of build tool (gradle)
15:02:27.525 [INFO]  [Validating][main][c.d.d.b.a] > The client will now receive all logging from the daemon (pid: 9376). The daemon log file: C:\Users\cbontoiu\.gradle\daemon\8.2\daemon-9376.out.log
15:02:27.525 [INFO]  [Validating][main][c.d.d.b.a] > Starting 6th build in daemon [uptime: 2 mins 26.188 secs, performance: 100%, GC rate: 0.00/s, heap usage: 0% of 3.9 GiB]
15:02:27.525 [INFO]  [Validating][main][c.d.d.b.a] > Closing daemon's stdin at end of input.
15:02:27.525 [INFO]  [Validating][main][c.d.d.b.a] > The daemon will no longer process any standard input.
15:02:27.525 [INFO]  [Validating][main][c.d.d.b.a] > Using 8 worker leases.
15:02:27.526 [INFO]  [Validating][main][c.d.d.b.a] > Now considering [C:\Users\cbontoiu\Desktop\DiffblueTutorials\DemoCLI] as hierarchies to watch
15:02:27.526 [INFO]  [Validating][main][c.d.d.b.a] > Watching the file system is configured to be enabled if available
15:02:27.526 [INFO]  [Validating][main][c.d.d.b.a] > File system watching is active
15:02:27.526 [INFO]  [Validating][main][c.d.d.b.a] > Starting Build
15:02:27.526 [INFO]  [Validating][main][c.d.d.b.a] > Settings evaluated using settings file 'C:\Users\cbontoiu\Desktop\DiffblueTutorials\DemoCLI\settings.gradle'.
15:02:27.526 [INFO]  [Validating][main][c.d.d.b.a] > Projects loaded. Root project using build file 'C:\Users\cbontoiu\Desktop\DiffblueTutorials\DemoCLI\build.gradle'.
15:02:27.526 [INFO]  [Validating][main][c.d.d.b.a] > Included projects: [root project 'DemoCLI', project ':app', project ':common', project ':extra']
15:02:27.526 [INFO]  [Validating][main][c.d.d.b.a] > 
15:02:27.526 [INFO]  [Validating][main][c.d.d.b.a] > > Configure project :
15:02:27.526 [INFO]  [Validating][main][c.d.d.b.a] > Evaluating root project 'DemoCLI' using build file 'C:\Users\cbontoiu\Desktop\DiffblueTutorials\DemoCLI\build.gradle'.
15:02:27.526 [INFO]  [Validating][main][c.d.d.b.a] > 
15:02:27.526 [INFO]  [Validating][main][c.d.d.b.a] > > Configure project :app
15:02:27.526 [INFO]  [Validating][main][c.d.d.b.a] > Evaluating project ':app' using build file 'C:\Users\cbontoiu\Desktop\DiffblueTutorials\DemoCLI\app\build.gradle'.
15:02:27.526 [INFO]  [Validating][main][c.d.d.b.a] > 
15:02:27.526 [INFO]  [Validating][main][c.d.d.b.a] > > Configure project :common
15:02:27.526 [INFO]  [Validating][main][c.d.d.b.a] > Evaluating project ':common' using build file 'C:\Users\cbontoiu\Desktop\DiffblueTutorials\DemoCLI\common\build.gradle'.
15:02:27.526 [INFO]  [Validating][main][c.d.d.b.a] > 
15:02:27.526 [INFO]  [Validating][main][c.d.d.b.a] > > Configure project :extra
15:02:27.526 [INFO]  [Validating][main][c.d.d.b.a] > Evaluating project ':extra' using build file 'C:\Users\cbontoiu\Desktop\DiffblueTutorials\DemoCLI\extra\build.gradle'.
15:02:27.526 [INFO]  [Validating][main][c.d.d.b.a] > All projects evaluated.
15:02:27.526 [INFO]  [Validating][main][c.d.d.b.a] > Task path ':extra:test' matched project ':extra'
15:02:27.526 [INFO]  [Validating][main][c.d.d.b.a] > Task name matched 'test'
15:02:27.526 [INFO]  [Validating][main][c.d.d.b.a] > Selected primary task 'test' from project :extra
15:02:27.526 [INFO]  [Validating][main][c.d.d.b.a] > The configuration :extra:mainSourceElements is both consumable and declarable. This combination is incorrect, only one of these flags should be set.
15:02:27.526 [INFO]  [Validating][main][c.d.d.b.a] > Tasks to be executed: [task ':extra:compileJava', task ':extra:processResources', task ':extra:classes', task ':extra:compileTestJava', task ':extra:processTestResources', task ':extra:testClasses', task ':extra:test']
15:02:27.526 [INFO]  [Validating][main][c.d.d.b.a] > Tasks that were excluded: []
15:02:27.526 [INFO]  [Validating][main][c.d.d.b.a] > Resolve mutations for :extra:compileJava (Thread[Execution worker,5,main]) started.
15:02:27.527 [INFO]  [Validating][main][c.d.d.b.a] > :extra:compileJava (Thread[Execution worker,5,main]) started.
15:02:27.527 [INFO]  [Validating][main][c.d.d.b.a] > 
15:02:27.527 [INFO]  [Validating][main][c.d.d.b.a] > > Task :extra:compileJava UP-TO-DATE
15:02:27.527 [INFO]  [Validating][main][c.d.d.b.a] > Caching disabled for task ':extra:compileJava' because:
15:02:27.527 [INFO]  [Validating][main][c.d.d.b.a] >   Build cache is disabled
15:02:27.527 [INFO]  [Validating][main][c.d.d.b.a] > Skipping task ':extra:compileJava' as it is up-to-date.
15:02:27.527 [INFO]  [Validating][main][c.d.d.b.a] > Resolve mutations for :extra:processResources (Thread[Execution worker,5,main]) started.
15:02:27.527 [INFO]  [Validating][main][c.d.d.b.a] > :extra:processResources (Thread[Execution worker,5,main]) started.
15:02:27.527 [INFO]  [Validating][main][c.d.d.b.a] > 
15:02:27.527 [INFO]  [Validating][main][c.d.d.b.a] > > Task :extra:processResources NO-SOURCE
15:02:27.527 [INFO]  [Validating][main][c.d.d.b.a] > Skipping task ':extra:processResources' as it has no source files and no previous output files.
15:02:27.527 [INFO]  [Validating][main][c.d.d.b.a] > Resolve mutations for :extra:classes (Thread[Execution worker,5,main]) started.
15:02:27.527 [INFO]  [Validating][main][c.d.d.b.a] > :extra:classes (Thread[Execution worker,5,main]) started.
15:02:27.527 [INFO]  [Validating][main][c.d.d.b.a] > 
15:02:27.527 [INFO]  [Validating][main][c.d.d.b.a] > > Task :extra:classes UP-TO-DATE
15:02:27.527 [INFO]  [Validating][main][c.d.d.b.a] > Skipping task ':extra:classes' as it has no actions.
15:02:27.527 [INFO]  [Validating][main][c.d.d.b.a] > Resolve mutations for :extra:compileTestJava (Thread[Execution worker,5,main]) started.
15:02:27.527 [INFO]  [Validating][main][c.d.d.b.a] > :extra:compileTestJava (Thread[Execution worker,5,main]) started.
15:02:27.527 [INFO]  [Validating][main][c.d.d.b.a] > 
15:02:27.527 [INFO]  [Validating][main][c.d.d.b.a] > > Task :extra:compileTestJava
15:02:27.527 [INFO]  [Validating][main][c.d.d.b.a] > Caching disabled for task ':extra:compileTestJava' because:
15:02:27.527 [INFO]  [Validating][main][c.d.d.b.a] >   Build cache is disabled
15:02:27.527 [INFO]  [Validating][main][c.d.d.b.a] > Task ':extra:compileTestJava' is not up-to-date because:
15:02:27.527 [INFO]  [Validating][main][c.d.d.b.a] >   Input property 'stableSources' file C:\Users\cbontoiu\Desktop\DiffblueTutorials\DemoCLI\extra\src\test\java\DummyJUnitJupiterLauncherDiffblueTest.java has been removed.
15:02:27.527 [INFO]  [Validating][main][c.d.d.b.a] >   Input property 'stableSources' file C:\Users\cbontoiu\Desktop\DiffblueTutorials\DemoCLI\extra\src\test\java\source\BDiffblueTest.java has been added.
15:02:27.527 [INFO]  [Validating][main][c.d.d.b.a] > Created classpath snapshot for incremental compilation in 0.002 secs.
15:02:27.527 [INFO]  [Validating][main][c.d.d.b.a] > Compiling with toolchain 'C:\Program Files\Java\jdk-17'.
15:02:27.528 [INFO]  [Validating][main][c.d.d.b.a] > Compiling with JDK Java compiler API.
15:02:27.528 [INFO]  [Validating][main][c.d.d.b.a] > Incremental compilation of 3 classes completed in 0.107 secs.
15:02:27.528 [INFO]  [Validating][main][c.d.d.b.a] > Class dependency analysis for incremental compilation took 0.005 secs.
15:02:27.528 [INFO]  [Validating][main][c.d.d.b.a] > Resolve mutations for :extra:processTestResources (Thread[included builds,5,main]) started.
15:02:27.528 [INFO]  [Validating][main][c.d.d.b.a] > :extra:processTestResources (Thread[included builds,5,main]) started.
15:02:27.528 [INFO]  [Validating][main][c.d.d.b.a] > 
15:02:27.528 [INFO]  [Validating][main][c.d.d.b.a] > > Task :extra:processTestResources NO-SOURCE
15:02:27.528 [INFO]  [Validating][main][c.d.d.b.a] > Skipping task ':extra:processTestResources' as it has no source files and no previous output files.
15:02:27.528 [INFO]  [Validating][main][c.d.d.b.a] > Resolve mutations for :extra:testClasses (Thread[included builds,5,main]) started.
15:02:27.528 [INFO]  [Validating][main][c.d.d.b.a] > :extra:testClasses (Thread[included builds,5,main]) started.
15:02:27.528 [INFO]  [Validating][main][c.d.d.b.a] > 
15:02:27.528 [INFO]  [Validating][main][c.d.d.b.a] > > Task :extra:testClasses
15:02:27.528 [INFO]  [Validating][main][c.d.d.b.a] > Skipping task ':extra:testClasses' as it has no actions.
15:02:27.528 [INFO]  [Validating][main][c.d.d.b.a] > Resolve mutations for :extra:test (Thread[included builds,5,main]) started.
15:02:27.528 [INFO]  [Validating][main][c.d.d.b.a] > :extra:test (Thread[included builds,5,main]) started.
15:02:27.528 [INFO]  [Validating][main][c.d.d.b.a] > Gradle Test Executor 6 started executing tests.
15:02:27.528 [INFO]  [Validating][main][c.d.d.b.a] > Gradle Test Executor 6 finished executing tests.
15:02:27.528 [INFO]  [Validating][main][c.d.d.b.a] > 
15:02:27.528 [INFO]  [Validating][main][c.d.d.b.a] > > Task :extra:test
15:02:27.528 [INFO]  [Validating][main][c.d.d.b.a] > Caching disabled for task ':extra:test' because:
15:02:27.528 [INFO]  [Validating][main][c.d.d.b.a] >   Build cache is disabled
15:02:27.528 [INFO]  [Validating][main][c.d.d.b.a] > Task ':extra:test' is not up-to-date because:
15:02:27.528 [INFO]  [Validating][main][c.d.d.b.a] >   Value of input property 'filter.failOnNoMatchingTests' has changed for task ':extra:test'
15:02:27.528 [INFO]  [Validating][main][c.d.d.b.a] >   Value of input property 'filter.includePatterns' has changed for task ':extra:test'
15:02:27.528 [INFO]  [Validating][main][c.d.d.b.a] > Starting process 'Gradle Test Executor 6'. Working directory: C:\Users\cbontoiu\Desktop\DiffblueTutorials\DemoCLI\extra Command: C:\Program Files\Java\jdk-17\bin\java.exe -Dorg.gradle.internal.worker.tmpdir=C:\Users\cbontoiu\Desktop\DiffblueTutorials\DemoCLI\extra\build\tmp\test\work -Dorg.gradle.native=false @C:\Users\cbontoiu\.gradle\.tmp\gradle-worker-classpath4290572967989952072txt -Xmx512m -Dfile.encoding=windows-1252 -Duser.country=GB -Duser.language=en -Duser.variant -ea worker.org.gradle.process.internal.worker.GradleWorkerMain 'Gradle Test Executor 6'
15:02:27.528 [INFO]  [Validating][main][c.d.d.b.a] > Successfully started process 'Gradle Test Executor 6'
15:02:27.528 [INFO]  [Validating][main][c.d.d.b.a] > Finished generating test XML results (0.004 secs) into: C:\Users\cbontoiu\Desktop\DiffblueTutorials\DemoCLI\extra\build\test-results\test
15:02:27.528 [INFO]  [Validating][main][c.d.d.b.a] > Generating HTML test report...
15:02:27.528 [INFO]  [Validating][main][c.d.d.b.a] > Finished generating test html results (0.009 secs) into: C:\Users\cbontoiu\Desktop\DiffblueTutorials\DemoCLI\extra\build\reports\tests\test
15:02:27.528 [INFO]  [Validating][main][c.d.d.b.a] > 
15:02:27.529 [INFO]  [Validating][main][c.d.d.b.a] > Deprecated Gradle features were used in this build, making it incompatible with Gradle 9.0.
15:02:27.529 [INFO]  [Validating][main][c.d.d.b.a] > 
15:02:27.529 [INFO]  [Validating][main][c.d.d.b.a] > You can use '--warning-mode all' to show the individual deprecation warnings and determine if they come from your own scripts or plugins.
15:02:27.529 [INFO]  [Validating][main][c.d.d.b.a] > 
15:02:27.529 [INFO]  [Validating][main][c.d.d.b.a] > For more on this, please refer to https://docs.gradle.org/8.2/userguide/command_line_interface.html#sec:command_line_warnings in the Gradle documentation.
15:02:27.529 [INFO]  [Validating][main][c.d.d.b.a] > 
15:02:27.529 [INFO]  [Validating][main][c.d.d.b.a] > BUILD SUCCESSFUL in 1s
15:02:27.529 [INFO]  [Validating][main][c.d.d.b.a] > 3 actionable tasks: 2 executed, 1 up-to-date
15:02:27.529 [INFO]  [Validating][main][c.d.d.b.a] > Watched directory hierarchies: [C:\Users\cbontoiu\Desktop\DiffblueTutorials\DemoCLI]
15:02:27.529 [INFO]  [Validating][main][c.d.d.b.a] Standard error of build tool (gradle)
15:02:27.529 [INFO]  [Validating][main][c.d.d.b.a] > 
15:02:27.531 [DEBUG] [Validating][main][c.d.cover.k.c.f] Parsing test reports from default dir: C:\Users\cbontoiu\Desktop\DiffblueTutorials\DemoCLI\extra\build\test-results\test
15:02:27.538 [INFO]  [Validating][main][c.d.cover.ui.a.j] All 3 created tests were successfully validated.
15:02:27.610 [DEBUG] [Reporting][main][c.d.c.r.StructuredReportManager] Run metrics:
Total time:                22.5s
Environment detection:      0.8s ( 3.5%)
Indexing:                   0.3s ( 1.4%)
Entry points:               0.8s ( 3.4%)
Test generation:            9.6s (42.6%)
  - Index query:            3.3s (14.6%)
Test verification:          1.9s ( 8.6%)
Test validation:            1.3s ( 5.6%)
Other:                      7.9s (34.9%)
Time to first test:        18.9s (84.0%)
Time to last test:         21.0s (93.3%)
15:02:27.611 [INFO]  [Reporting][main][c.d.cover.ui.a.j] Writing JSON report to C:\Users\cbontoiu\Desktop\DiffblueTutorials\DemoCLI\extra\.diffblue\reports\report.json
15:02:27.646 [INFO]  [Reporting][main][c.d.cover.ui.a.b] Log file: C:\Users\cbontoiu\Desktop\DiffblueTutorials\DemoCLI\extra\.diffblue\log\user-20230917T150204.log
15:02:27.647 [INFO]  [Reporting][main][c.d.cover.ui.a.u] Finished in 22s
