14:59:45.817 [DEBUG] [Preparing][main][c.d.cover.ui.a.u] Client heap size: 4028 MB
14:59:45.828 [INFO]  [Preparing][main][c.d.cover.ui.a.u] Diffblue Cover 2023.09.01-9200f07-unrestricted
14:59:45.829 [INFO]  [Preparing][main][c.d.cover.ui.a.u] 
14:59:45.830 [INFO]  [Preparing][main][c.d.cover.ui.a.u] Running: dcover create --working-directory=extra source --keep-partial-tests
14:59:47.769 [INFO]  [Checking][main][c.d.cover.ui.a.j] Detecting environment:
14:59:47.771 [INFO]  [Checking][main][c.d.cover.ui.a.j] ----------------------
14:59:47.849 [INFO]  [Checking][main][c.d.cover.ui.a.j] Detected Java version 17.0.6
14:59:49.345 [DEBUG] [Checking][main][c.d.d.g.a] Querying Gradle project info using --init-script C:\Users\cbontoiu\AppData\Local\Temp\diffblueGradleInit11972002775140085623.gradle and plugin C:\Users\cbontoiu\AppData\Local\Temp\diffblueGradlePlugin5400648603085948486.jar
14:59:49.354 [DEBUG] [Checking][gradle][c.d.d.g.a] cmd: gradle --init-script C:\Users\cbontoiu\AppData\Local\Temp\diffblueGradleInit11972002775140085623.gradle --info (equivalent via API)
14:59:49.474 [DEBUG] [Checking][gradle][c.d.d.g.a] out: The client will now receive all logging from the daemon (pid: 7968). The daemon log file: C:\Users\cbontoiu\.gradle\daemon\8.2\daemon-7968.out.log
14:59:49.474 [DEBUG] [Checking][gradle][c.d.d.g.a] out: Starting 5th build in daemon [uptime: 20 mins 56.159 secs, performance: 100%, GC rate: 0.00/s, heap usage: 0% of 512 MiB, non-heap usage: 20% of 384 MiB]
14:59:49.474 [DEBUG] [Checking][gradle][c.d.d.g.a] out: Closing daemon's stdin at end of input.
14:59:49.474 [DEBUG] [Checking][gradle][c.d.d.g.a] out: The daemon will no longer process any standard input.
14:59:49.474 [DEBUG] [Checking][gradle][c.d.d.g.a] out: Using 8 worker leases.
14:59:49.474 [DEBUG] [Checking][gradle][c.d.d.g.a] out: Now considering [C:\Users\cbontoiu\Desktop\DiffblueTutorials\DemoCLI] as hierarchies to watch
14:59:49.474 [DEBUG] [Checking][gradle][c.d.d.g.a] out: Watching the file system is configured to be enabled if available
14:59:49.475 [DEBUG] [Checking][gradle][c.d.d.g.a] out: File system watching is active
14:59:49.475 [DEBUG] [Checking][gradle][c.d.d.g.a] out: Compiling initialization script 'C:\Users\cbontoiu\AppData\Local\Temp\diffblueGradleInit11972002775140085623.gradle' using SubsetScriptTransformer.
14:59:49.568 [DEBUG] [Checking][gradle][c.d.d.g.a] out: The configuration classpath is both resolvable and consumable. This is considered a legacy configuration and it will eventually only be possible to be one of these.
14:59:49.568 [DEBUG] [Checking][gradle][c.d.d.g.a] out: The configuration classpath is both consumable and declarable. This combination is incorrect, only one of these flags should be set.
14:59:49.568 [DEBUG] [Checking][gradle][c.d.d.g.a] out: The configuration classpath is both resolvable and consumable. This is considered a legacy configuration and it will eventually only be possible to be one of these.
14:59:49.568 [DEBUG] [Checking][gradle][c.d.d.g.a] out: The configuration classpath is both consumable and declarable. This combination is incorrect, only one of these flags should be set.
14:59:57.082 [DEBUG] [Checking][gradle][c.d.d.g.a] out: Compiling initialization script 'C:\Users\cbontoiu\AppData\Local\Temp\diffblueGradleInit11972002775140085623.gradle' using BuildScriptTransformer.
14:59:57.472 [DEBUG] [Checking][gradle][c.d.d.g.a] out: Starting Build
14:59:57.472 [DEBUG] [Checking][gradle][c.d.d.g.a] out: Settings evaluated using settings file 'C:\Users\cbontoiu\Desktop\DiffblueTutorials\DemoCLI\settings.gradle'.
14:59:57.473 [DEBUG] [Checking][gradle][c.d.d.g.a] out: Projects loaded. Root project using build file 'C:\Users\cbontoiu\Desktop\DiffblueTutorials\DemoCLI\build.gradle'.
14:59:57.473 [DEBUG] [Checking][gradle][c.d.d.g.a] out: Included projects: [root project 'DemoCLI', project ':app', project ':common', project ':extra']
14:59:57.474 [DEBUG] [Checking][gradle][c.d.d.g.a] out: 
14:59:57.474 [DEBUG] [Checking][gradle][c.d.d.g.a] out: > Configure project :
14:59:57.474 [DEBUG] [Checking][gradle][c.d.d.g.a] out: Evaluating root project 'DemoCLI' using build file 'C:\Users\cbontoiu\Desktop\DiffblueTutorials\DemoCLI\build.gradle'.
14:59:57.568 [DEBUG] [Checking][gradle][c.d.d.g.a] out: 
14:59:57.568 [DEBUG] [Checking][gradle][c.d.d.g.a] out: > Configure project :app
14:59:57.568 [DEBUG] [Checking][gradle][c.d.d.g.a] out: Evaluating project ':app' using build file 'C:\Users\cbontoiu\Desktop\DiffblueTutorials\DemoCLI\app\build.gradle'.
14:59:57.568 [DEBUG] [Checking][gradle][c.d.d.g.a] out: Configuring Jacoco Plugin for use with Diffblue Cover
14:59:57.568 [DEBUG] [Checking][gradle][c.d.d.g.a] out: Configuring task :app:test for use with Diffblue Cover
14:59:57.568 [DEBUG] [Checking][gradle][c.d.d.g.a] out: ignoreFailures: false
14:59:57.568 [DEBUG] [Checking][gradle][c.d.d.g.a] out: excludes: []
14:59:57.568 [DEBUG] [Checking][gradle][c.d.d.g.a] out: includes: []
14:59:57.568 [DEBUG] [Checking][gradle][c.d.d.g.a] out: Configuring task :app:jacocoTestReport for use with Diffblue Cover
14:59:57.568 [DEBUG] [Checking][gradle][c.d.d.g.a] out: Configuring task :app:jacocoTestReportDeletePrevious for use with Diffblue Cover
14:59:57.568 [DEBUG] [Checking][gradle][c.d.d.g.a] out: Configuring task :app:jacocoTestReportPrepareEmptyExec for use with Diffblue Cover
14:59:57.568 [DEBUG] [Checking][gradle][c.d.d.g.a] out: 
14:59:57.568 [DEBUG] [Checking][gradle][c.d.d.g.a] out: > Configure project :common
14:59:57.569 [DEBUG] [Checking][gradle][c.d.d.g.a] out: Evaluating project ':common' using build file 'C:\Users\cbontoiu\Desktop\DiffblueTutorials\DemoCLI\common\build.gradle'.
14:59:57.569 [DEBUG] [Checking][gradle][c.d.d.g.a] out: Configuring Jacoco Plugin for use with Diffblue Cover
14:59:57.569 [DEBUG] [Checking][gradle][c.d.d.g.a] out: Configuring task :common:test for use with Diffblue Cover
14:59:57.569 [DEBUG] [Checking][gradle][c.d.d.g.a] out: ignoreFailures: false
14:59:57.569 [DEBUG] [Checking][gradle][c.d.d.g.a] out: excludes: []
14:59:57.569 [DEBUG] [Checking][gradle][c.d.d.g.a] out: includes: []
14:59:57.569 [DEBUG] [Checking][gradle][c.d.d.g.a] out: Configuring task :common:jacocoTestReport for use with Diffblue Cover
14:59:57.569 [DEBUG] [Checking][gradle][c.d.d.g.a] out: Configuring task :common:jacocoTestReportDeletePrevious for use with Diffblue Cover
14:59:57.569 [DEBUG] [Checking][gradle][c.d.d.g.a] out: Configuring task :common:jacocoTestReportPrepareEmptyExec for use with Diffblue Cover
14:59:57.569 [DEBUG] [Checking][gradle][c.d.d.g.a] out: 
14:59:57.569 [DEBUG] [Checking][gradle][c.d.d.g.a] out: > Configure project :extra
14:59:57.569 [DEBUG] [Checking][gradle][c.d.d.g.a] out: Evaluating project ':extra' using build file 'C:\Users\cbontoiu\Desktop\DiffblueTutorials\DemoCLI\extra\build.gradle'.
14:59:57.569 [DEBUG] [Checking][gradle][c.d.d.g.a] out: Configuring Jacoco Plugin for use with Diffblue Cover
14:59:57.569 [DEBUG] [Checking][gradle][c.d.d.g.a] out: Configuring task :extra:test for use with Diffblue Cover
14:59:57.569 [DEBUG] [Checking][gradle][c.d.d.g.a] out: ignoreFailures: false
14:59:57.569 [DEBUG] [Checking][gradle][c.d.d.g.a] out: excludes: []
14:59:57.569 [DEBUG] [Checking][gradle][c.d.d.g.a] out: includes: []
14:59:57.569 [DEBUG] [Checking][gradle][c.d.d.g.a] out: Configuring task :extra:jacocoTestReport for use with Diffblue Cover
14:59:57.569 [DEBUG] [Checking][gradle][c.d.d.g.a] out: Configuring task :extra:jacocoTestReportDeletePrevious for use with Diffblue Cover
14:59:57.569 [DEBUG] [Checking][gradle][c.d.d.g.a] out: Configuring task :extra:jacocoTestReportPrepareEmptyExec for use with Diffblue Cover
14:59:57.569 [DEBUG] [Checking][gradle][c.d.d.g.a] out: All projects evaluated.
14:59:57.569 [DEBUG] [Checking][gradle][c.d.d.g.a] out: The configuration :extra:coverageDataElementsForTest is both consumable and declarable. This combination is incorrect, only one of these flags should be set.
14:59:57.569 [DEBUG] [Checking][gradle][c.d.d.g.a] out: The configuration :extra:mainSourceElements is both consumable and declarable. This combination is incorrect, only one of these flags should be set.
14:59:57.569 [DEBUG] [Checking][gradle][c.d.d.g.a] out: 
14:59:57.569 [DEBUG] [Checking][gradle][c.d.d.g.a] out: CONFIGURE SUCCESSFUL in 8s
14:59:57.569 [DEBUG] [Checking][gradle][c.d.d.g.a] out: Watched directory hierarchies: [C:\Users\cbontoiu\Desktop\DiffblueTutorials\DemoCLI]
14:59:57.952 [INFO]  [Checking][main][c.d.cover.ui.a.j] Detected build system: Gradle 8.2
14:59:57.957 [INFO]  [Checking][main][c.d.cover.n.a.ai] Operating System: Windows 11 amd64 10.0
14:59:57.957 [INFO]  [Checking][main][c.d.cover.n.a.ai] Default charset: windows-1252
14:59:57.957 [INFO]  [Checking][main][c.d.cover.n.a.ai] Default locale: en_GB
14:59:57.957 [INFO]  [Checking][main][c.d.cover.n.a.ai] Default time zone: Europe/London
14:59:57.959 [INFO]  [Checking][main][c.d.cover.ui.a.j] Selected build system: Gradle
14:59:57.963 [INFO]  [Checking][main][c.d.cover.ui.a.j] Selected classpath from build system Gradle
14:59:57.964 [INFO]  [Checking][main][c.d.cover.n.c.b] Expanded classpath: 
C:\Users\cbontoiu\Desktop\DiffblueTutorials\DemoCLI\extra\build\classes\java\main (code under test)
C:\Users\cbontoiu\Desktop\DiffblueTutorials\DemoCLI\extra\build\resources\test
C:\Users\cbontoiu\Desktop\DiffblueTutorials\DemoCLI\extra\build\resources\main
C:\Users\cbontoiu\.gradle\caches\modules-2\files-2.1\org.junit.jupiter\junit-jupiter\5.9.1\9274d3757e224bc02eae367bd481062a263c150b\junit-jupiter-5.9.1.jar
C:\Users\cbontoiu\.gradle\caches\modules-2\files-2.1\org.junit.jupiter\junit-jupiter-params\5.9.1\ffcd1013edaeee112be11fcddeb38882d79238de\junit-jupiter-params-5.9.1.jar
C:\Users\cbontoiu\.gradle\caches\modules-2\files-2.1\org.junit.jupiter\junit-jupiter-engine\5.9.1\1bf771097bde296c3ab174861954e8aafaaf2e94\junit-jupiter-engine-5.9.1.jar
C:\Users\cbontoiu\.gradle\caches\modules-2\files-2.1\org.junit.jupiter\junit-jupiter-api\5.9.1\7bb53fbc0173e9f6a9d21d58297af94b1f2f9ce1\junit-jupiter-api-5.9.1.jar
C:\Users\cbontoiu\.gradle\caches\modules-2\files-2.1\org.junit.platform\junit-platform-engine\1.9.1\83591e5089d6cea5f324aa3ecca9b19d5a275803\junit-platform-engine-1.9.1.jar
C:\Users\cbontoiu\.gradle\caches\modules-2\files-2.1\org.junit.platform\junit-platform-commons\1.9.1\3145f821b5cd10abcdc5f925baa5fffa6f1b628f\junit-platform-commons-1.9.1.jar
C:\Users\cbontoiu\.gradle\caches\modules-2\files-2.1\org.mockito\mockito-core\5.4.0\30bcbe79f7bd51b53debfc4c6014d0bea4935e37\mockito-core-5.4.0.jar
C:\Users\cbontoiu\.gradle\caches\modules-2\files-2.1\net.bytebuddy\byte-buddy\1.14.5\28a424c0c4f362568e904d992c239c996cf7adc7\byte-buddy-1.14.5.jar
C:\Users\cbontoiu\.gradle\caches\modules-2\files-2.1\net.bytebuddy\byte-buddy-agent\1.14.5\20f4e9b9d0ffb953657bfa4b92c0cceb27907d58\byte-buddy-agent-1.14.5.jar
C:\Users\cbontoiu\.gradle\caches\modules-2\files-2.1\org.objenesis\objenesis\3.3\1049c09f1de4331e8193e579448d0916d75b7631\objenesis-3.3.jar
C:\Users\cbontoiu\.gradle\caches\modules-2\files-2.1\org.opentest4j\opentest4j\1.2.0\28c11eb91f9b6d8e200631d46e20a7f407f2a046\opentest4j-1.2.0.jar
14:59:58.120 [INFO]  [Checking][main][c.d.cover.ui.a.j] Detected test framework: JUnit Jupiter 5.9.1
14:59:58.125 [INFO]  [Checking][main][c.d.cover.ui.a.j] Detected JUnit Jupiter version 5.9.1
14:59:58.129 [INFO]  [Checking][main][c.d.cover.ui.a.j] Detected JUnit Jupiter Params version 5.9.1
14:59:58.161 [INFO]  [Checking][main][c.d.cover.ui.a.j] Detected Mockito version 5.4.0
14:59:58.673 [INFO]  [Checking][main][c.d.cover.ui.a.j] Indexing...
14:59:59.020 [INFO]  [Checking][main][c.d.cover.ui.a.j] Selected test output directory: C:\Users\cbontoiu\Desktop\DiffblueTutorials\DemoCLI\extra\src\test\java
14:59:59.027 [INFO]  [Checking][main][c.d.d.g.b] Running: Using JAVA_HOME: C:\Program Files\Java\jdk-17 : in C:\Users\cbontoiu\Desktop\DiffblueTutorials\DemoCLI\extra : gradle test -i  DummyJupiterDiffblueTest
15:00:05.888 [DEBUG] [Checking][main][c.d.cover.n.c.m] JUnitJupiter5 is present
15:00:05.888 [DEBUG] [Checking][main][c.d.cover.n.c.m] JUnitJupiter5 is supported
15:00:05.888 [DEBUG] [Checking][main][c.d.cover.n.c.m] JUnit 5 is present and either it's not been specified by the user or it is the same as the version the user specified
15:00:05.889 [INFO]  [Checking][main][c.d.cover.ui.a.j] Selected test framework: JUnit Jupiter
15:00:05.924 [INFO]  [Checking][main][c.d.d.g.b] Running: Using JAVA_HOME: C:\Program Files\Java\jdk-17 : in C:\Users\cbontoiu\Desktop\DiffblueTutorials\DemoCLI\extra : gradle test -i  DummyJUnitJupiterLauncherDiffblueTest
15:00:07.277 [INFO]  [Checking][main][c.d.cover.ui.a.j] Detected JVM architecture: 64-Bit
15:00:07.885 [INFO]  [Checking][main][c.d.cover.ui.a.j] Selected Java language compliance level: 17
15:00:07.886 [INFO]  [Checking][main][c.d.cover.ui.a.j] Selected test validation: enabled
15:00:07.889 [INFO]  [Checking][main][c.d.cover.ui.a.j] Prefixes for filtering classes/methods:
15:00:07.891 [INFO]  [Checking][main][c.d.cover.ui.a.j] - source
15:00:07.892 [INFO]  [Checking][main][c.d.cover.ui.a.j] Gathering methods to test...
15:00:08.552 [INFO]  [Reporting][main][c.d.cover.ui.a.j] 
15:00:08.552 [INFO]  [Reporting][main][c.d.cover.ui.a.j] Environment summary:
15:00:08.552 [INFO]  [Reporting][main][c.d.cover.ui.a.j] --------------------
15:00:08.554 [INFO]  [Reporting][main][c.d.cover.ui.a.j] Java version                  17.0.6                        SUCCESS        
15:00:08.555 [INFO]  [Reporting][main][c.d.cover.ui.a.j] Build system                  Gradle                        SUCCESS        
15:00:08.555 [INFO]  [Reporting][main][c.d.cover.ui.a.j] Mocking Framework             Mockito 5.4.0                 SUCCESS        
15:00:08.555 [DEBUG] [Reporting][main][c.d.cover.ui.a.j] Surefire version              Skipped                       -----          
15:00:08.555 [INFO]  [Reporting][main][c.d.cover.ui.a.j] Testing framework             JUnit Jupiter 5               SUCCESS        
15:00:08.555 [DEBUG] [Reporting][main][c.d.cover.ui.a.j] JavaEE version                Skipped                       -----          
15:00:08.555 [DEBUG] [Reporting][main][c.d.cover.ui.a.j] JaCoCo plugin version         Skipped                       -----          
15:00:08.555 [INFO]  [Reporting][main][c.d.cover.ui.a.j] Launcher                      JUnit Jupiter                 SUCCESS        
15:00:08.555 [INFO]  [Reporting][main][c.d.cover.ui.a.j] Test validation               Enabled                       SUCCESS        
15:00:08.555 [DEBUG] [Reporting][main][c.d.cover.ui.a.j] Hamcrest                      Not Detected                  -----          
15:00:08.555 [DEBUG] [Reporting][main][c.d.cover.ui.a.j] Spring Core                   Not Detected                  -----          
15:00:08.555 [DEBUG] [Reporting][main][c.d.cover.ui.a.j] Spring Boot                   Skipped                       -----          
15:00:08.555 [DEBUG] [Reporting][main][c.d.cover.ui.a.j] Spring Boot Test              Skipped                       -----          
15:00:08.555 [DEBUG] [Reporting][main][c.d.cover.ui.a.j] Spring Web                    Skipped                       -----          
15:00:08.555 [DEBUG] [Reporting][main][c.d.cover.ui.a.j] Spring Security Web           Skipped                       -----          
15:00:08.555 [DEBUG] [Reporting][main][c.d.cover.ui.a.j] Spring Test                   Skipped                       -----          
15:00:08.555 [INFO]  [Reporting][main][c.d.cover.ui.a.j] 
15:00:08.555 [INFO]  [Reporting][main][c.d.cover.ui.a.j] Environment check status: SUCCESS
15:00:08.583 [DEBUG] [Creating][pool-5-thread-1][c.d.cover.k.a.g] Configuration:
Module: 
Configuration: 
 features=[TESTING_FRAMEWORK_JUNIT_JUPITER5, JUNIT_JUPITER_PARAMS, MOCKING, MOCKITO_SESSION, INCLUDE_SYSTEM_ENVIRONMENT_VARIABLES, INLINE_ACT_INTO_ASSERT, INLINE_ARRANGE_INTO_ACT_ASSERT, INLINE_CHAINED_MEMBER_ACCESSES, INLINE_CONSTRUCTORS, INLINE_IMMEDIATE_VALUES, JOIN_SIMPLE_TESTS, SHOW_SECTION_COMMENTS, KEEP_NON_COMPILING_TESTS, KEEP_NONDETERMINISTIC_TESTS, KEEP_TESTS_WITHOUT_ASSERTIONS, KEEP_TESTS_WITH_VIOLATIONS, KEEP_THROWING_TESTS, PREFLIGHT_ENABLE_TEST_EXECUTION, REPORT, SANDBOXING, VALIDATION, ANALYZER_SERVICE, VERIFICATION]
 analyzerServiceIdleTimeout=PT2M
 coverReportsBaseUrl=Optional.empty
 coverReportsGroupName=17/09/2023, 15:00
 coverReportsProject=Optional.empty
 environmentVariables={}
 complianceLevel=17
 fuzzingIterations=1000
 jacocoCommandDiffblue=Optional.empty
 jacocoCommandManual=Optional.empty
 jacocoXmlTestReport=Optional.empty
 jacocoXmlTestReportDiffblue=C:\Users\cbontoiu\Desktop\DiffblueTutorials\DemoCLI\extra\.diffblue\reports\diffblue-tests-jacoco-report.xml
 jacocoXmlTestReportManual=C:\Users\cbontoiu\Desktop\DiffblueTutorials\DemoCLI\extra\.diffblue\reports\manual-tests-jacoco-report.xml
 sandboxAllowedJavaNativeInterfacePrefixes=[]
 mockingFramework=MOCKITO_5_0_0
 mockClasses=[]
 mockStaticClasses=[]
 workingDirectory=C:\Users\cbontoiu\Desktop\DiffblueTutorials\DemoCLI\extra
 classpath=Classpath(14 full entries, 1 code under test entries)
 warningsToSuppress=[]
 perMethodTimeouts=Timeouts{softTimeout=PT20S, initialExecutionTimeout=PT20S, hardTimeout=PT1M, springStartupTimeout=PT4M}
 reportFile=C:\Users\cbontoiu\Desktop\DiffblueTutorials\DemoCLI\extra\.diffblue\reports\report.json
 activeProfiles=[]
 classScheme=${CLASS_NAME}DiffblueTest
 methodScheme=test${INNER_CLASS_NAME}${METHOD_NAME}
 springConfigurationClasses=[]
 testOutputDirectory=C:\Users\cbontoiu\Desktop\DiffblueTutorials\DemoCLI\extra\src\test\java
 validationCommand=Optional.empty
 validationTimeout=PT30M
 jacocoVersion=null
 observerMethodSpecification=MethodSpecification[excludedPrefixes=[]]
 analyzerServiceRestartFrequency=50

15:00:08.587 [INFO]  [Creating][pool-5-thread-1][c.d.cover.ui.d.b] Found 2 callable methods in 1 class
15:00:08.589 [INFO]  [Creating][pool-5-thread-1][c.d.cover.k.a.a] 
15:00:08.589 [INFO]  [Creating][pool-5-thread-1][c.d.cover.k.a.a] Creating tests:
15:00:08.590 [INFO]  [Creating][pool-5-thread-1][c.d.cover.k.a.a] ---------------
15:00:08.606 [INFO]  [Creating][pool-5-thread-1][c.d.cover.k.a.a] 
================================================================================
= Starting analysis for class 'source.A'
================================================================================
15:00:08.607 [INFO]  [Creating][pool-5-thread-1][c.d.cover.k.a.a] Filtering out non-testable methods...
15:00:10.184 [INFO]  [Creating][pool-5-thread-1][c.d.cover.k.a.a] Filtering of methods complete. Creating analysis request
15:00:10.186 [INFO]  [Creating][pool-5-thread-1][c.d.c.service.c] Attempting to get service client, retry 1.
15:00:10.193 [INFO]  [Creating][pool-5-thread-1][c.d.c.service.c] Starting monitoring server.
15:00:10.353 [INFO]  [Creating][pool-5-thread-1][c.d.c.service.c] Monitoring server listening on localhost/127.0.0.1:58891
15:00:10.357 [INFO]  [Creating][pool-5-thread-1][c.d.c.service.c] Starting analyzer server process...
15:00:10.357 [INFO]  [Creating][pool-5-thread-1][c.d.c.service.c] Server command-line: C:\Program Files\Java\jdk-17\bin\java.exe -XX:+IgnoreUnrecognizedVMOptions -Djdk.attach.allowAttachSelf=true -ea -javaagent:C:\DiffblueCoverProduct\launcher-shared-jar.jar -Dlogback.configurationFile=C:\Users\cbontoiu\AppData\Local\Temp\diffblue\config\logback-remote-service.xml -Dcom.diffblue.springIsolationJar=C:\DiffblueCoverProduct\cover-isolation-layer.jar -Dcover.jar.path=C:\DiffblueCoverProduct\cover-service-analyzer.jar -Dcom.diffblue.assertionSuggestionJar=C:\DiffblueCoverProduct\cover-service-analyzer.jar -Dcover.main.class=com.diffblue.cover.service.analyzer.Main -jar C:\DiffblueCoverProduct\launcher-shared-jar.jar --service-lifespan 120 --monitoring-service-port 58891 --index-service-port 58891 --debug-log
15:00:10.366 [INFO]  [Creating][pool-5-thread-1][c.d.c.service.c] Server started. Waiting up to 300 seconds for a connection to be established...
15:00:11.171 [DEBUG] [Creating][nullmain][c.d.c.s.a.Main] Service heap size: 4028 MB
15:00:11.273 [INFO]  [Creating][nullmain][c.d.c.s.a.a.b] Starting new remote monitor client
15:00:12.048 [INFO]  [Creating][analyzer-service:main][c.d.c.s.a.a.b] Attempting to start remote server.
15:00:12.340 [INFO]  [Creating][analyzer-service:main][c.d.c.s.a.a.a] Server started, listening on localhost/127.0.0.1:58893
15:00:12.379 [INFO]  [Creating][pool-5-thread-1][c.d.c.service.c] Expect analyzer service to be listening on port 58893.
15:00:13.052 [INFO]  [Creating][pool-5-thread-1][c.d.c.service.c] Started analyzer service and client retrieved.
15:00:15.079 [DEBUG] [Creating][analyzer-service:grpc-default-executor-0][c.d.fuzztest.d.a] Class information:
15:00:15.080 [DEBUG] [Creating][analyzer-service:grpc-default-executor-0][c.d.fuzztest.d.a]   Fields: protected int source.A.n
15:00:15.082 [DEBUG] [Creating][analyzer-service:grpc-default-executor-0][c.d.fuzztest.d.a]   Constructors: public source.A()
15:00:15.082 [DEBUG] [Creating][analyzer-service:grpc-default-executor-0][c.d.fuzztest.d.a]   Methods: protected int source.A.method(double)
15:00:15.658 [INFO]  [Creating][analyzer-service:TimedExecutor-4][c.d.fuzztest.f.c] 
================================================================================
= Creating tests for 'source.A.<init>:()V' using 'TrM (!sp, !fnm, df, !ris)'
================================================================================
15:00:17.552 [INFO]  [Creating][pool-5-thread-1][c.d.cover.ui.d.b]     [1/2] source.A.<init>
15:00:17.552 [INFO]  [Creating][pool-5-thread-1][c.d.cover.ui.d.b]     [1/2]   Tests created: 1
15:00:17.555 [INFO]  [Creating][analyzer-service:TimedExecutor-11][c.d.fuzztest.f.c] 
================================================================================
= Creating tests for 'source.A.method:(D)I' using 'SiM (!sp, fnm, df, !ris)'
================================================================================
15:00:18.937 [DEBUG] [Creating][analyzer-service:TimedExecutor-11][c.d.fuzztest.b.d] Refinement loop done: 1 seeds, 1+0 new+accumulated tests, 1+0 tests+partial tests, 10/1000 its
15:00:19.007 [INFO]  [Creating][analyzer-service:grpc-default-executor-0][c.d.fuzztest.f.v] Created 1+0 tests and partial tests via 'SiM (!sp, fnm, df, !ris)', 1/2, returning all 1
15:00:19.147 [INFO]  [Creating][pool-5-thread-1][c.d.cover.ui.d.b]     [2/2] source.A.method
15:00:19.147 [INFO]  [Creating][pool-5-thread-1][c.d.cover.ui.d.b]     [2/2]   Tests created: 1
15:00:19.156 [INFO]  [Creating][pool-5-thread-1][c.d.cover.ui.d.b] [1/1] source.A
15:00:19.157 [INFO]  [Creating][pool-5-thread-1][c.d.cover.ui.d.b] [1/1]   Tests created: 2
15:00:19.164 [INFO]  [Reporting][pool-5-thread-1][c.d.cover.ui.d.b] 
15:00:19.164 [INFO]  [Reporting][pool-5-thread-1][c.d.cover.ui.d.b] Summary:
15:00:19.166 [INFO]  [Reporting][pool-5-thread-1][c.d.cover.ui.d.b] --------
15:00:19.167 [INFO]  [Reporting][pool-5-thread-1][c.d.cover.ui.d.b] Total:                                               2 methods
15:00:19.168 [INFO]  [Reporting][pool-5-thread-1][c.d.cover.ui.d.b] 2 tests created for:                                 2 methods
15:00:19.169 [INFO]  [Reporting][pool-5-thread-1][c.d.cover.ui.d.b] 
15:00:19.328 [INFO]  [Validating][main][c.d.cover.ui.a.j] 
15:00:19.329 [INFO]  [Validating][main][c.d.cover.ui.a.j] Running validation command.
15:00:19.333 [DEBUG] [Validating][main][c.d.cover.k.c.f] Validating tests with default internal Gradle "test" task: gradle test
15:00:19.335 [INFO]  [Validating][main][c.d.d.g.b] Running: Using JAVA_HOME: C:\Program Files\Java\jdk-17 : in C:\Users\cbontoiu\Desktop\DiffblueTutorials\DemoCLI\extra : gradle test -i  
15:00:20.440 [INFO]  [Validating][main][c.d.d.b.a] Standard output of build tool (gradle)
15:00:20.441 [INFO]  [Validating][main][c.d.d.b.a] > The client will now receive all logging from the daemon (pid: 9376). The daemon log file: C:\Users\cbontoiu\.gradle\daemon\8.2\daemon-9376.out.log
15:00:20.441 [INFO]  [Validating][main][c.d.d.b.a] > Starting 3rd build in daemon [uptime: 19.253 secs, performance: 100%, GC rate: 0.00/s, heap usage: 0% of 3.9 GiB]
15:00:20.441 [INFO]  [Validating][main][c.d.d.b.a] > Closing daemon's stdin at end of input.
15:00:20.441 [INFO]  [Validating][main][c.d.d.b.a] > The daemon will no longer process any standard input.
15:00:20.441 [INFO]  [Validating][main][c.d.d.b.a] > Using 8 worker leases.
15:00:20.441 [INFO]  [Validating][main][c.d.d.b.a] > Now considering [C:\Users\cbontoiu\Desktop\DiffblueTutorials\DemoCLI] as hierarchies to watch
15:00:20.441 [INFO]  [Validating][main][c.d.d.b.a] > Watching the file system is configured to be enabled if available
15:00:20.441 [INFO]  [Validating][main][c.d.d.b.a] > File system watching is active
15:00:20.441 [INFO]  [Validating][main][c.d.d.b.a] > Starting Build
15:00:20.441 [INFO]  [Validating][main][c.d.d.b.a] > Settings evaluated using settings file 'C:\Users\cbontoiu\Desktop\DiffblueTutorials\DemoCLI\settings.gradle'.
15:00:20.441 [INFO]  [Validating][main][c.d.d.b.a] > Projects loaded. Root project using build file 'C:\Users\cbontoiu\Desktop\DiffblueTutorials\DemoCLI\build.gradle'.
15:00:20.441 [INFO]  [Validating][main][c.d.d.b.a] > Included projects: [root project 'DemoCLI', project ':app', project ':common', project ':extra']
15:00:20.441 [INFO]  [Validating][main][c.d.d.b.a] > 
15:00:20.441 [INFO]  [Validating][main][c.d.d.b.a] > > Configure project :
15:00:20.441 [INFO]  [Validating][main][c.d.d.b.a] > Evaluating root project 'DemoCLI' using build file 'C:\Users\cbontoiu\Desktop\DiffblueTutorials\DemoCLI\build.gradle'.
15:00:20.441 [INFO]  [Validating][main][c.d.d.b.a] > 
15:00:20.441 [INFO]  [Validating][main][c.d.d.b.a] > > Configure project :app
15:00:20.441 [INFO]  [Validating][main][c.d.d.b.a] > Evaluating project ':app' using build file 'C:\Users\cbontoiu\Desktop\DiffblueTutorials\DemoCLI\app\build.gradle'.
15:00:20.441 [INFO]  [Validating][main][c.d.d.b.a] > 
15:00:20.441 [INFO]  [Validating][main][c.d.d.b.a] > > Configure project :common
15:00:20.441 [INFO]  [Validating][main][c.d.d.b.a] > Evaluating project ':common' using build file 'C:\Users\cbontoiu\Desktop\DiffblueTutorials\DemoCLI\common\build.gradle'.
15:00:20.441 [INFO]  [Validating][main][c.d.d.b.a] > 
15:00:20.441 [INFO]  [Validating][main][c.d.d.b.a] > > Configure project :extra
15:00:20.441 [INFO]  [Validating][main][c.d.d.b.a] > Evaluating project ':extra' using build file 'C:\Users\cbontoiu\Desktop\DiffblueTutorials\DemoCLI\extra\build.gradle'.
15:00:20.441 [INFO]  [Validating][main][c.d.d.b.a] > All projects evaluated.
15:00:20.441 [INFO]  [Validating][main][c.d.d.b.a] > Task path ':extra:test' matched project ':extra'
15:00:20.441 [INFO]  [Validating][main][c.d.d.b.a] > Task name matched 'test'
15:00:20.442 [INFO]  [Validating][main][c.d.d.b.a] > Selected primary task 'test' from project :extra
15:00:20.442 [INFO]  [Validating][main][c.d.d.b.a] > The configuration :extra:mainSourceElements is both consumable and declarable. This combination is incorrect, only one of these flags should be set.
15:00:20.442 [INFO]  [Validating][main][c.d.d.b.a] > Tasks to be executed: [task ':extra:compileJava', task ':extra:processResources', task ':extra:classes', task ':extra:compileTestJava', task ':extra:processTestResources', task ':extra:testClasses', task ':extra:test']
15:00:20.442 [INFO]  [Validating][main][c.d.d.b.a] > Tasks that were excluded: []
15:00:20.442 [INFO]  [Validating][main][c.d.d.b.a] > Resolve mutations for :extra:compileJava (Thread[Execution worker,5,main]) started.
15:00:20.442 [INFO]  [Validating][main][c.d.d.b.a] > :extra:compileJava (Thread[Execution worker,5,main]) started.
15:00:20.442 [INFO]  [Validating][main][c.d.d.b.a] > 
15:00:20.442 [INFO]  [Validating][main][c.d.d.b.a] > > Task :extra:compileJava UP-TO-DATE
15:00:20.442 [INFO]  [Validating][main][c.d.d.b.a] > Caching disabled for task ':extra:compileJava' because:
15:00:20.442 [INFO]  [Validating][main][c.d.d.b.a] >   Build cache is disabled
15:00:20.442 [INFO]  [Validating][main][c.d.d.b.a] > Skipping task ':extra:compileJava' as it is up-to-date.
15:00:20.442 [INFO]  [Validating][main][c.d.d.b.a] > Resolve mutations for :extra:processResources (Thread[Execution worker,5,main]) started.
15:00:20.442 [INFO]  [Validating][main][c.d.d.b.a] > :extra:processResources (Thread[Execution worker,5,main]) started.
15:00:20.442 [INFO]  [Validating][main][c.d.d.b.a] > 
15:00:20.442 [INFO]  [Validating][main][c.d.d.b.a] > > Task :extra:processResources NO-SOURCE
15:00:20.442 [INFO]  [Validating][main][c.d.d.b.a] > Skipping task ':extra:processResources' as it has no source files and no previous output files.
15:00:20.442 [INFO]  [Validating][main][c.d.d.b.a] > Resolve mutations for :extra:classes (Thread[Execution worker,5,main]) started.
15:00:20.442 [INFO]  [Validating][main][c.d.d.b.a] > :extra:classes (Thread[Execution worker,5,main]) started.
15:00:20.442 [INFO]  [Validating][main][c.d.d.b.a] > 
15:00:20.442 [INFO]  [Validating][main][c.d.d.b.a] > > Task :extra:classes UP-TO-DATE
15:00:20.442 [INFO]  [Validating][main][c.d.d.b.a] > Skipping task ':extra:classes' as it has no actions.
15:00:20.442 [INFO]  [Validating][main][c.d.d.b.a] > Resolve mutations for :extra:compileTestJava (Thread[Execution worker,5,main]) started.
15:00:20.442 [INFO]  [Validating][main][c.d.d.b.a] > :extra:compileTestJava (Thread[Execution worker,5,main]) started.
15:00:20.442 [INFO]  [Validating][main][c.d.d.b.a] > 
15:00:20.442 [INFO]  [Validating][main][c.d.d.b.a] > > Task :extra:compileTestJava
15:00:20.442 [INFO]  [Validating][main][c.d.d.b.a] > Caching disabled for task ':extra:compileTestJava' because:
15:00:20.442 [INFO]  [Validating][main][c.d.d.b.a] >   Build cache is disabled
15:00:20.442 [INFO]  [Validating][main][c.d.d.b.a] > Task ':extra:compileTestJava' is not up-to-date because:
15:00:20.442 [INFO]  [Validating][main][c.d.d.b.a] >   Input property 'stableSources' file C:\Users\cbontoiu\Desktop\DiffblueTutorials\DemoCLI\extra\src\test\java\DummyJUnitJupiterLauncherDiffblueTest.java has been removed.
15:00:20.442 [INFO]  [Validating][main][c.d.d.b.a] >   Input property 'stableSources' file C:\Users\cbontoiu\Desktop\DiffblueTutorials\DemoCLI\extra\src\test\java\source\ADiffblueTest.java has been added.
15:00:20.442 [INFO]  [Validating][main][c.d.d.b.a] > Created classpath snapshot for incremental compilation in 0.003 secs.
15:00:20.442 [INFO]  [Validating][main][c.d.d.b.a] > Compiling with toolchain 'C:\Program Files\Java\jdk-17'.
15:00:20.442 [INFO]  [Validating][main][c.d.d.b.a] > Compiling with JDK Java compiler API.
15:00:20.442 [INFO]  [Validating][main][c.d.d.b.a] > Incremental compilation of 3 classes completed in 0.113 secs.
15:00:20.443 [INFO]  [Validating][main][c.d.d.b.a] > Class dependency analysis for incremental compilation took 0.006 secs.
15:00:20.443 [INFO]  [Validating][main][c.d.d.b.a] > Resolve mutations for :extra:processTestResources (Thread[Execution worker Thread 4,5,main]) started.
15:00:20.443 [INFO]  [Validating][main][c.d.d.b.a] > :extra:processTestResources (Thread[Execution worker Thread 4,5,main]) started.
15:00:20.443 [INFO]  [Validating][main][c.d.d.b.a] > 
15:00:20.443 [INFO]  [Validating][main][c.d.d.b.a] > > Task :extra:processTestResources NO-SOURCE
15:00:20.443 [INFO]  [Validating][main][c.d.d.b.a] > Skipping task ':extra:processTestResources' as it has no source files and no previous output files.
15:00:20.443 [INFO]  [Validating][main][c.d.d.b.a] > Resolve mutations for :extra:testClasses (Thread[Execution worker,5,main]) started.
15:00:20.443 [INFO]  [Validating][main][c.d.d.b.a] > :extra:testClasses (Thread[Execution worker,5,main]) started.
15:00:20.443 [INFO]  [Validating][main][c.d.d.b.a] > 
15:00:20.443 [INFO]  [Validating][main][c.d.d.b.a] > > Task :extra:testClasses
15:00:20.443 [INFO]  [Validating][main][c.d.d.b.a] > Skipping task ':extra:testClasses' as it has no actions.
15:00:20.443 [INFO]  [Validating][main][c.d.d.b.a] > Resolve mutations for :extra:test (Thread[Execution worker,5,main]) started.
15:00:20.443 [INFO]  [Validating][main][c.d.d.b.a] > :extra:test (Thread[Execution worker,5,main]) started.
15:00:20.443 [INFO]  [Validating][main][c.d.d.b.a] > Gradle Test Executor 3 started executing tests.
15:00:20.443 [INFO]  [Validating][main][c.d.d.b.a] > Gradle Test Executor 3 finished executing tests.
15:00:20.443 [INFO]  [Validating][main][c.d.d.b.a] > 
15:00:20.443 [INFO]  [Validating][main][c.d.d.b.a] > > Task :extra:test
15:00:20.443 [INFO]  [Validating][main][c.d.d.b.a] > Caching disabled for task ':extra:test' because:
15:00:20.443 [INFO]  [Validating][main][c.d.d.b.a] >   Build cache is disabled
15:00:20.443 [INFO]  [Validating][main][c.d.d.b.a] > Task ':extra:test' is not up-to-date because:
15:00:20.443 [INFO]  [Validating][main][c.d.d.b.a] >   Value of input property 'filter.failOnNoMatchingTests' has changed for task ':extra:test'
15:00:20.443 [INFO]  [Validating][main][c.d.d.b.a] >   Value of input property 'filter.includePatterns' has changed for task ':extra:test'
15:00:20.443 [INFO]  [Validating][main][c.d.d.b.a] > Starting process 'Gradle Test Executor 3'. Working directory: C:\Users\cbontoiu\Desktop\DiffblueTutorials\DemoCLI\extra Command: C:\Program Files\Java\jdk-17\bin\java.exe -Dorg.gradle.internal.worker.tmpdir=C:\Users\cbontoiu\Desktop\DiffblueTutorials\DemoCLI\extra\build\tmp\test\work -Dorg.gradle.native=false @C:\Users\cbontoiu\.gradle\.tmp\gradle-worker-classpath17766426740049244186txt -Xmx512m -Dfile.encoding=windows-1252 -Duser.country=GB -Duser.language=en -Duser.variant -ea worker.org.gradle.process.internal.worker.GradleWorkerMain 'Gradle Test Executor 3'
15:00:20.443 [INFO]  [Validating][main][c.d.d.b.a] > Successfully started process 'Gradle Test Executor 3'
15:00:20.443 [INFO]  [Validating][main][c.d.d.b.a] > Finished generating test XML results (0.003 secs) into: C:\Users\cbontoiu\Desktop\DiffblueTutorials\DemoCLI\extra\build\test-results\test
15:00:20.443 [INFO]  [Validating][main][c.d.d.b.a] > Generating HTML test report...
15:00:20.443 [INFO]  [Validating][main][c.d.d.b.a] > Finished generating test html results (0.007 secs) into: C:\Users\cbontoiu\Desktop\DiffblueTutorials\DemoCLI\extra\build\reports\tests\test
15:00:20.443 [INFO]  [Validating][main][c.d.d.b.a] > 
15:00:20.443 [INFO]  [Validating][main][c.d.d.b.a] > Deprecated Gradle features were used in this build, making it incompatible with Gradle 9.0.
15:00:20.443 [INFO]  [Validating][main][c.d.d.b.a] > 
15:00:20.443 [INFO]  [Validating][main][c.d.d.b.a] > You can use '--warning-mode all' to show the individual deprecation warnings and determine if they come from your own scripts or plugins.
15:00:20.443 [INFO]  [Validating][main][c.d.d.b.a] > 
15:00:20.444 [INFO]  [Validating][main][c.d.d.b.a] > For more on this, please refer to https://docs.gradle.org/8.2/userguide/command_line_interface.html#sec:command_line_warnings in the Gradle documentation.
15:00:20.444 [INFO]  [Validating][main][c.d.d.b.a] > 
15:00:20.444 [INFO]  [Validating][main][c.d.d.b.a] > BUILD SUCCESSFUL in 1s
15:00:20.444 [INFO]  [Validating][main][c.d.d.b.a] > 3 actionable tasks: 2 executed, 1 up-to-date
15:00:20.444 [INFO]  [Validating][main][c.d.d.b.a] > Watched directory hierarchies: [C:\Users\cbontoiu\Desktop\DiffblueTutorials\DemoCLI]
15:00:20.444 [INFO]  [Validating][main][c.d.d.b.a] Standard error of build tool (gradle)
15:00:20.444 [INFO]  [Validating][main][c.d.d.b.a] > 
15:00:20.446 [DEBUG] [Validating][main][c.d.cover.k.c.f] Parsing test reports from default dir: C:\Users\cbontoiu\Desktop\DiffblueTutorials\DemoCLI\extra\build\test-results\test
15:00:20.451 [INFO]  [Validating][main][c.d.cover.ui.a.j] All 2 created tests were successfully validated.
15:00:20.506 [DEBUG] [Reporting][main][c.d.c.r.StructuredReportManager] Run metrics:
Total time:                34.4s
Environment detection:      0.7s ( 1.9%)
Indexing:                   0.3s ( 1.0%)
Entry points:               0.6s ( 1.9%)
Test generation:            9.3s (27.1%)
  - Index query:            3.2s ( 9.2%)
Test verification:          1.3s ( 3.7%)
Test validation:            1.1s ( 3.3%)
Other:                     21.0s (61.2%)
Time to first test:        31.4s (91.4%)
Time to last test:         33.0s (96.1%)
15:00:20.508 [INFO]  [Reporting][main][c.d.cover.ui.a.j] Writing JSON report to C:\Users\cbontoiu\Desktop\DiffblueTutorials\DemoCLI\extra\.diffblue\reports\report.json
15:00:20.540 [INFO]  [Reporting][main][c.d.cover.ui.a.b] Log file: C:\Users\cbontoiu\Desktop\DiffblueTutorials\DemoCLI\extra\.diffblue\log\user-20230917T145945.log
15:00:20.541 [INFO]  [Reporting][main][c.d.cover.ui.a.u] Finished in 34s
