13:35:17.101 [DEBUG] [Preparing][main][c.d.cover.ui.a.u] Client heap size: 4028 MB
13:35:17.110 [INFO]  [Preparing][main][c.d.cover.ui.a.u] Diffblue Cover 2023.09.01-9200f07-unrestricted
13:35:17.111 [INFO]  [Preparing][main][c.d.cover.ui.a.u] 
13:35:17.112 [INFO]  [Preparing][main][c.d.cover.ui.a.u] Running: dcover create --working-directory=extra org.sandbox --keep-partial-tests
13:35:19.135 [INFO]  [Checking][main][c.d.cover.ui.a.j] Detecting environment:
13:35:19.137 [INFO]  [Checking][main][c.d.cover.ui.a.j] ----------------------
13:35:19.211 [INFO]  [Checking][main][c.d.cover.ui.a.j] Detected Java version 17.0.6
13:35:20.943 [DEBUG] [Checking][main][c.d.d.g.a] Querying Gradle project info using --init-script C:\Users\cbontoiu\AppData\Local\Temp\diffblueGradleInit14148344229153933429.gradle and plugin C:\Users\cbontoiu\AppData\Local\Temp\diffblueGradlePlugin11007413927617052436.jar
13:35:20.946 [DEBUG] [Checking][gradle][c.d.d.g.a] cmd: gradle --init-script C:\Users\cbontoiu\AppData\Local\Temp\diffblueGradleInit14148344229153933429.gradle --info (equivalent via API)
13:35:21.063 [DEBUG] [Checking][gradle][c.d.d.g.a] out: The client will now receive all logging from the daemon (pid: 4812). The daemon log file: C:\Users\cbontoiu\.gradle\daemon\8.2\daemon-4812.out.log
13:35:21.063 [DEBUG] [Checking][gradle][c.d.d.g.a] out: Starting 3rd build in daemon [uptime: 31.152 secs, performance: 100%, GC rate: 0.00/s, heap usage: 0% of 512 MiB, non-heap usage: 16% of 384 MiB]
13:35:21.063 [DEBUG] [Checking][gradle][c.d.d.g.a] out: Closing daemon's stdin at end of input.
13:35:21.063 [DEBUG] [Checking][gradle][c.d.d.g.a] out: The daemon will no longer process any standard input.
13:35:21.063 [DEBUG] [Checking][gradle][c.d.d.g.a] out: Using 8 worker leases.
13:35:21.064 [DEBUG] [Checking][gradle][c.d.d.g.a] out: Now considering [C:\Users\cbontoiu\Desktop\DiffblueTutorials\DemoCLI] as hierarchies to watch
13:35:21.064 [DEBUG] [Checking][gradle][c.d.d.g.a] out: Watching the file system is configured to be enabled if available
13:35:21.064 [DEBUG] [Checking][gradle][c.d.d.g.a] out: File system watching is active
13:35:21.064 [DEBUG] [Checking][gradle][c.d.d.g.a] out: Compiling initialization script 'C:\Users\cbontoiu\AppData\Local\Temp\diffblueGradleInit14148344229153933429.gradle' using SubsetScriptTransformer.
13:35:21.264 [DEBUG] [Checking][gradle][c.d.d.g.a] out: The configuration classpath is both resolvable and consumable. This is considered a legacy configuration and it will eventually only be possible to be one of these.
13:35:21.264 [DEBUG] [Checking][gradle][c.d.d.g.a] out: The configuration classpath is both consumable and declarable. This combination is incorrect, only one of these flags should be set.
13:35:21.264 [DEBUG] [Checking][gradle][c.d.d.g.a] out: The configuration classpath is both resolvable and consumable. This is considered a legacy configuration and it will eventually only be possible to be one of these.
13:35:21.264 [DEBUG] [Checking][gradle][c.d.d.g.a] out: The configuration classpath is both consumable and declarable. This combination is incorrect, only one of these flags should be set.
13:35:21.358 [DEBUG] [Checking][gradle][c.d.d.g.a] out: Compiling initialization script 'C:\Users\cbontoiu\AppData\Local\Temp\diffblueGradleInit14148344229153933429.gradle' using BuildScriptTransformer.
13:35:21.670 [DEBUG] [Checking][gradle][c.d.d.g.a] out: Starting Build
13:35:21.766 [DEBUG] [Checking][gradle][c.d.d.g.a] out: Settings evaluated using settings file 'C:\Users\cbontoiu\Desktop\DiffblueTutorials\DemoCLI\settings.gradle'.
13:35:21.767 [DEBUG] [Checking][gradle][c.d.d.g.a] out: Projects loaded. Root project using build file 'C:\Users\cbontoiu\Desktop\DiffblueTutorials\DemoCLI\build.gradle'.
13:35:21.767 [DEBUG] [Checking][gradle][c.d.d.g.a] out: Included projects: [root project 'DemoCLI', project ':app', project ':common', project ':extra', project ':pre']
13:35:21.768 [DEBUG] [Checking][gradle][c.d.d.g.a] out: 
13:35:21.768 [DEBUG] [Checking][gradle][c.d.d.g.a] out: > Configure project :
13:35:21.768 [DEBUG] [Checking][gradle][c.d.d.g.a] out: Evaluating root project 'DemoCLI' using build file 'C:\Users\cbontoiu\Desktop\DiffblueTutorials\DemoCLI\build.gradle'.
13:35:21.768 [DEBUG] [Checking][gradle][c.d.d.g.a] out: 
13:35:21.768 [DEBUG] [Checking][gradle][c.d.d.g.a] out: > Configure project :app
13:35:21.768 [DEBUG] [Checking][gradle][c.d.d.g.a] out: Evaluating project ':app' using build file 'C:\Users\cbontoiu\Desktop\DiffblueTutorials\DemoCLI\app\build.gradle'.
13:35:21.768 [DEBUG] [Checking][gradle][c.d.d.g.a] out: Configuring Jacoco Plugin for use with Diffblue Cover
13:35:21.768 [DEBUG] [Checking][gradle][c.d.d.g.a] out: Configuring task :app:test for use with Diffblue Cover
13:35:21.768 [DEBUG] [Checking][gradle][c.d.d.g.a] out: ignoreFailures: false
13:35:21.768 [DEBUG] [Checking][gradle][c.d.d.g.a] out: excludes: []
13:35:21.768 [DEBUG] [Checking][gradle][c.d.d.g.a] out: includes: []
13:35:21.769 [DEBUG] [Checking][gradle][c.d.d.g.a] out: Configuring task :app:jacocoTestReport for use with Diffblue Cover
13:35:21.769 [DEBUG] [Checking][gradle][c.d.d.g.a] out: Configuring task :app:jacocoTestReportDeletePrevious for use with Diffblue Cover
13:35:21.769 [DEBUG] [Checking][gradle][c.d.d.g.a] out: Configuring task :app:jacocoTestReportPrepareEmptyExec for use with Diffblue Cover
13:35:21.870 [DEBUG] [Checking][gradle][c.d.d.g.a] out: 
13:35:21.870 [DEBUG] [Checking][gradle][c.d.d.g.a] out: > Configure project :common
13:35:21.870 [DEBUG] [Checking][gradle][c.d.d.g.a] out: Evaluating project ':common' using build file 'C:\Users\cbontoiu\Desktop\DiffblueTutorials\DemoCLI\common\build.gradle'.
13:35:21.871 [DEBUG] [Checking][gradle][c.d.d.g.a] out: Configuring Jacoco Plugin for use with Diffblue Cover
13:35:21.871 [DEBUG] [Checking][gradle][c.d.d.g.a] out: Configuring task :common:test for use with Diffblue Cover
13:35:21.871 [DEBUG] [Checking][gradle][c.d.d.g.a] out: ignoreFailures: false
13:35:21.871 [DEBUG] [Checking][gradle][c.d.d.g.a] out: excludes: []
13:35:21.876 [DEBUG] [Checking][gradle][c.d.d.g.a] out: includes: []
13:35:21.876 [DEBUG] [Checking][gradle][c.d.d.g.a] out: Configuring task :common:jacocoTestReport for use with Diffblue Cover
13:35:21.876 [DEBUG] [Checking][gradle][c.d.d.g.a] out: Configuring task :common:jacocoTestReportDeletePrevious for use with Diffblue Cover
13:35:21.876 [DEBUG] [Checking][gradle][c.d.d.g.a] out: Configuring task :common:jacocoTestReportPrepareEmptyExec for use with Diffblue Cover
13:35:21.876 [DEBUG] [Checking][gradle][c.d.d.g.a] out: 
13:35:21.876 [DEBUG] [Checking][gradle][c.d.d.g.a] out: > Configure project :extra
13:35:21.876 [DEBUG] [Checking][gradle][c.d.d.g.a] out: Evaluating project ':extra' using build file 'C:\Users\cbontoiu\Desktop\DiffblueTutorials\DemoCLI\extra\build.gradle'.
13:35:21.876 [DEBUG] [Checking][gradle][c.d.d.g.a] out: Configuring Jacoco Plugin for use with Diffblue Cover
13:35:21.876 [DEBUG] [Checking][gradle][c.d.d.g.a] out: Configuring task :extra:test for use with Diffblue Cover
13:35:21.876 [DEBUG] [Checking][gradle][c.d.d.g.a] out: ignoreFailures: false
13:35:21.876 [DEBUG] [Checking][gradle][c.d.d.g.a] out: excludes: []
13:35:21.876 [DEBUG] [Checking][gradle][c.d.d.g.a] out: includes: []
13:35:21.876 [DEBUG] [Checking][gradle][c.d.d.g.a] out: Configuring task :extra:jacocoTestReport for use with Diffblue Cover
13:35:21.877 [DEBUG] [Checking][gradle][c.d.d.g.a] out: Configuring task :extra:jacocoTestReportDeletePrevious for use with Diffblue Cover
13:35:21.877 [DEBUG] [Checking][gradle][c.d.d.g.a] out: Configuring task :extra:jacocoTestReportPrepareEmptyExec for use with Diffblue Cover
13:35:21.877 [DEBUG] [Checking][gradle][c.d.d.g.a] out: 
13:35:21.877 [DEBUG] [Checking][gradle][c.d.d.g.a] out: > Configure project :pre
13:35:21.877 [DEBUG] [Checking][gradle][c.d.d.g.a] out: Evaluating project ':pre' using build file 'C:\Users\cbontoiu\Desktop\DiffblueTutorials\DemoCLI\pre\build.gradle'.
13:35:21.877 [DEBUG] [Checking][gradle][c.d.d.g.a] out: All projects evaluated.
13:35:21.877 [DEBUG] [Checking][gradle][c.d.d.g.a] out: The configuration :extra:coverageDataElementsForTest is both consumable and declarable. This combination is incorrect, only one of these flags should be set.
13:35:21.877 [DEBUG] [Checking][gradle][c.d.d.g.a] out: The configuration :extra:mainSourceElements is both consumable and declarable. This combination is incorrect, only one of these flags should be set.
13:35:21.969 [DEBUG] [Checking][gradle][c.d.d.g.a] out: 
13:35:21.969 [DEBUG] [Checking][gradle][c.d.d.g.a] out: CONFIGURE SUCCESSFUL in 992ms
13:35:21.969 [DEBUG] [Checking][gradle][c.d.d.g.a] out: Watched directory hierarchies: [C:\Users\cbontoiu\Desktop\DiffblueTutorials\DemoCLI]
13:35:22.377 [INFO]  [Checking][main][c.d.cover.ui.a.j] Detected build system: Gradle 8.2
13:35:22.381 [INFO]  [Checking][main][c.d.cover.n.a.ai] Operating System: Windows 11 amd64 10.0
13:35:22.382 [INFO]  [Checking][main][c.d.cover.n.a.ai] Default charset: windows-1252
13:35:22.382 [INFO]  [Checking][main][c.d.cover.n.a.ai] Default locale: en_GB
13:35:22.382 [INFO]  [Checking][main][c.d.cover.n.a.ai] Default time zone: Europe/London
13:35:22.383 [INFO]  [Checking][main][c.d.cover.ui.a.j] Selected build system: Gradle
13:35:22.387 [INFO]  [Checking][main][c.d.cover.ui.a.j] Selected classpath from build system Gradle
13:35:22.388 [INFO]  [Checking][main][c.d.cover.n.c.b] Expanded classpath: 
C:\Users\cbontoiu\Desktop\DiffblueTutorials\DemoCLI\extra\build\classes\java\main (code under test)
C:\Users\cbontoiu\Desktop\DiffblueTutorials\DemoCLI\extra\build\resources\test
C:\Users\cbontoiu\Desktop\DiffblueTutorials\DemoCLI\extra\build\resources\main
C:\Users\cbontoiu\.gradle\caches\modules-2\files-2.1\org.junit.jupiter\junit-jupiter\5.10.0\8fea1d9c58b2156f1b998f2f18da04bc9e087f74\junit-jupiter-5.10.0.jar
C:\Users\cbontoiu\.gradle\caches\modules-2\files-2.1\org.junit.jupiter\junit-jupiter-params\5.10.0\9041c7365495a897a64782ea5a6fdb99dab1814e\junit-jupiter-params-5.10.0.jar
C:\Users\cbontoiu\.gradle\caches\modules-2\files-2.1\org.junit.jupiter\junit-jupiter-engine\5.10.0\90587932d718fc51a48112d33045a18476c542ad\junit-jupiter-engine-5.10.0.jar
C:\Users\cbontoiu\.gradle\caches\modules-2\files-2.1\org.junit.jupiter\junit-jupiter-api\5.10.0\2fe4ba3d31d5067878e468c96aa039005a9134d3\junit-jupiter-api-5.10.0.jar
C:\Users\cbontoiu\.gradle\caches\modules-2\files-2.1\org.junit.platform\junit-platform-engine\1.10.0\276c4edcf64fabb5a139fa7b4f99330d7a93b804\junit-platform-engine-1.10.0.jar
C:\Users\cbontoiu\.gradle\caches\modules-2\files-2.1\org.junit.platform\junit-platform-commons\1.10.0\d533ff2c286eaf963566f92baf5f8a06628d2609\junit-platform-commons-1.10.0.jar
C:\Users\cbontoiu\.gradle\caches\modules-2\files-2.1\org.mockito\mockito-core\5.4.0\30bcbe79f7bd51b53debfc4c6014d0bea4935e37\mockito-core-5.4.0.jar
C:\Users\cbontoiu\.gradle\caches\modules-2\files-2.1\net.bytebuddy\byte-buddy\1.14.5\28a424c0c4f362568e904d992c239c996cf7adc7\byte-buddy-1.14.5.jar
C:\Users\cbontoiu\.gradle\caches\modules-2\files-2.1\net.bytebuddy\byte-buddy-agent\1.14.5\20f4e9b9d0ffb953657bfa4b92c0cceb27907d58\byte-buddy-agent-1.14.5.jar
C:\Users\cbontoiu\.gradle\caches\modules-2\files-2.1\org.objenesis\objenesis\3.3\1049c09f1de4331e8193e579448d0916d75b7631\objenesis-3.3.jar
C:\Users\cbontoiu\.gradle\caches\modules-2\files-2.1\org.opentest4j\opentest4j\1.3.0\152ea56b3a72f655d4fd677fc0ef2596c3dd5e6e\opentest4j-1.3.0.jar
13:35:22.517 [INFO]  [Checking][main][c.d.cover.ui.a.j] Detected test framework: JUnit Jupiter 5.10.0
13:35:22.522 [INFO]  [Checking][main][c.d.cover.ui.a.j] Detected JUnit Jupiter version 5.10.0
13:35:22.526 [INFO]  [Checking][main][c.d.cover.ui.a.j] Detected JUnit Jupiter Params version 5.10.0
13:35:22.559 [INFO]  [Checking][main][c.d.cover.ui.a.j] Detected Mockito version 5.4.0
13:35:23.020 [INFO]  [Checking][main][c.d.cover.ui.a.j] Indexing...
13:35:23.334 [INFO]  [Checking][main][c.d.cover.ui.a.j] Selected test output directory: C:\Users\cbontoiu\Desktop\DiffblueTutorials\DemoCLI\extra\src\test\java
13:35:23.343 [INFO]  [Checking][main][c.d.d.g.b] Running: Using JAVA_HOME: C:\Program Files\Java\jdk-17 : in C:\Users\cbontoiu\Desktop\DiffblueTutorials\DemoCLI\extra : gradle test -i  DummyJupiterDiffblueTest
13:35:25.146 [DEBUG] [Checking][main][c.d.cover.n.c.m] JUnitJupiter5 is present
13:35:25.146 [DEBUG] [Checking][main][c.d.cover.n.c.m] JUnitJupiter5 is supported
13:35:25.146 [DEBUG] [Checking][main][c.d.cover.n.c.m] JUnit 5 is present and either it's not been specified by the user or it is the same as the version the user specified
13:35:25.146 [INFO]  [Checking][main][c.d.cover.ui.a.j] Selected test framework: JUnit Jupiter
13:35:25.180 [INFO]  [Checking][main][c.d.d.g.b] Running: Using JAVA_HOME: C:\Program Files\Java\jdk-17 : in C:\Users\cbontoiu\Desktop\DiffblueTutorials\DemoCLI\extra : gradle test -i  DummyJUnitJupiterLauncherDiffblueTest
13:35:26.320 [INFO]  [Checking][main][c.d.cover.ui.a.j] Detected JVM architecture: 64-Bit
13:35:27.000 [INFO]  [Checking][main][c.d.cover.ui.a.j] Selected Java language compliance level: 17
13:35:27.001 [INFO]  [Checking][main][c.d.cover.ui.a.j] Selected test validation: enabled
13:35:27.005 [INFO]  [Checking][main][c.d.cover.ui.a.j] Prefixes for filtering classes/methods:
13:35:27.007 [INFO]  [Checking][main][c.d.cover.ui.a.j] - org.sandbox
13:35:27.008 [INFO]  [Checking][main][c.d.cover.ui.a.j] Gathering methods to test...
13:35:27.868 [INFO]  [Reporting][main][c.d.cover.ui.a.j] 
13:35:27.869 [INFO]  [Reporting][main][c.d.cover.ui.a.j] Environment summary:
13:35:27.869 [INFO]  [Reporting][main][c.d.cover.ui.a.j] --------------------
13:35:27.871 [INFO]  [Reporting][main][c.d.cover.ui.a.j] Java version                  17.0.6                        SUCCESS        
13:35:27.871 [INFO]  [Reporting][main][c.d.cover.ui.a.j] Build system                  Gradle                        SUCCESS        
13:35:27.871 [INFO]  [Reporting][main][c.d.cover.ui.a.j] Mocking Framework             Mockito 5.4.0                 SUCCESS        
13:35:27.871 [DEBUG] [Reporting][main][c.d.cover.ui.a.j] Surefire version              Skipped                       -----          
13:35:27.871 [INFO]  [Reporting][main][c.d.cover.ui.a.j] Testing framework             JUnit Jupiter 5               SUCCESS        
13:35:27.871 [DEBUG] [Reporting][main][c.d.cover.ui.a.j] JavaEE version                Skipped                       -----          
13:35:27.871 [DEBUG] [Reporting][main][c.d.cover.ui.a.j] JaCoCo plugin version         Skipped                       -----          
13:35:27.871 [INFO]  [Reporting][main][c.d.cover.ui.a.j] Launcher                      JUnit Jupiter                 SUCCESS        
13:35:27.871 [INFO]  [Reporting][main][c.d.cover.ui.a.j] Test validation               Enabled                       SUCCESS        
13:35:27.871 [DEBUG] [Reporting][main][c.d.cover.ui.a.j] Hamcrest                      Not Detected                  -----          
13:35:27.871 [DEBUG] [Reporting][main][c.d.cover.ui.a.j] Spring Core                   Not Detected                  -----          
13:35:27.871 [DEBUG] [Reporting][main][c.d.cover.ui.a.j] Spring Boot                   Skipped                       -----          
13:35:27.871 [DEBUG] [Reporting][main][c.d.cover.ui.a.j] Spring Boot Test              Skipped                       -----          
13:35:27.871 [DEBUG] [Reporting][main][c.d.cover.ui.a.j] Spring Web                    Skipped                       -----          
13:35:27.871 [DEBUG] [Reporting][main][c.d.cover.ui.a.j] Spring Security Web           Skipped                       -----          
13:35:27.871 [DEBUG] [Reporting][main][c.d.cover.ui.a.j] Spring Test                   Skipped                       -----          
13:35:27.871 [INFO]  [Reporting][main][c.d.cover.ui.a.j] 
13:35:27.872 [INFO]  [Reporting][main][c.d.cover.ui.a.j] Environment check status: SUCCESS
13:35:27.899 [DEBUG] [Creating][pool-5-thread-1][c.d.cover.k.a.g] Configuration:
Module: 
Configuration: 
 features=[TESTING_FRAMEWORK_JUNIT_JUPITER5, JUNIT_JUPITER_PARAMS, MOCKING, MOCKITO_SESSION, INCLUDE_SYSTEM_ENVIRONMENT_VARIABLES, INLINE_ACT_INTO_ASSERT, INLINE_ARRANGE_INTO_ACT_ASSERT, INLINE_CHAINED_MEMBER_ACCESSES, INLINE_CONSTRUCTORS, INLINE_IMMEDIATE_VALUES, JOIN_SIMPLE_TESTS, SHOW_SECTION_COMMENTS, KEEP_NON_COMPILING_TESTS, KEEP_NONDETERMINISTIC_TESTS, KEEP_TESTS_WITHOUT_ASSERTIONS, KEEP_TESTS_WITH_VIOLATIONS, KEEP_THROWING_TESTS, PREFLIGHT_ENABLE_TEST_EXECUTION, REPORT, SANDBOXING, VALIDATION, ANALYZER_SERVICE, VERIFICATION]
 analyzerServiceIdleTimeout=PT2M
 coverReportsBaseUrl=Optional.empty
 coverReportsGroupName=20/09/2023, 13:35
 coverReportsProject=Optional.empty
 environmentVariables={}
 complianceLevel=17
 fuzzingIterations=1000
 jacocoCommandDiffblue=Optional.empty
 jacocoCommandManual=Optional.empty
 jacocoXmlTestReport=Optional.empty
 jacocoXmlTestReportDiffblue=C:\Users\cbontoiu\Desktop\DiffblueTutorials\DemoCLI\extra\.diffblue\reports\diffblue-tests-jacoco-report.xml
 jacocoXmlTestReportManual=C:\Users\cbontoiu\Desktop\DiffblueTutorials\DemoCLI\extra\.diffblue\reports\manual-tests-jacoco-report.xml
 sandboxAllowedJavaNativeInterfacePrefixes=[]
 mockingFramework=MOCKITO_5_0_0
 mockClasses=[]
 mockStaticClasses=[]
 workingDirectory=C:\Users\cbontoiu\Desktop\DiffblueTutorials\DemoCLI\extra
 classpath=Classpath(14 full entries, 1 code under test entries)
 warningsToSuppress=[]
 perMethodTimeouts=Timeouts{softTimeout=PT20S, initialExecutionTimeout=PT20S, hardTimeout=PT1M, springStartupTimeout=PT4M}
 reportFile=C:\Users\cbontoiu\Desktop\DiffblueTutorials\DemoCLI\extra\.diffblue\reports\report.json
 activeProfiles=[]
 classScheme=${CLASS_NAME}DiffblueTest
 methodScheme=test${INNER_CLASS_NAME}${METHOD_NAME}
 springConfigurationClasses=[]
 testOutputDirectory=C:\Users\cbontoiu\Desktop\DiffblueTutorials\DemoCLI\extra\src\test\java
 validationCommand=Optional.empty
 validationTimeout=PT30M
 jacocoVersion=null
 observerMethodSpecification=MethodSpecification[excludedPrefixes=[]]
 analyzerServiceRestartFrequency=50

13:35:27.903 [INFO]  [Creating][pool-5-thread-1][c.d.cover.ui.d.b] Found 2 callable methods in 1 class
13:35:27.904 [INFO]  [Creating][pool-5-thread-1][c.d.cover.k.a.a] 
13:35:27.905 [INFO]  [Creating][pool-5-thread-1][c.d.cover.k.a.a] Creating tests:
13:35:27.905 [INFO]  [Creating][pool-5-thread-1][c.d.cover.k.a.a] ---------------
13:35:27.924 [INFO]  [Creating][pool-5-thread-1][c.d.cover.k.a.a] 
================================================================================
= Starting analysis for class 'org.sandbox.Security'
================================================================================
13:35:27.925 [INFO]  [Creating][pool-5-thread-1][c.d.cover.k.a.a] Filtering out non-testable methods...
13:35:30.240 [INFO]  [Creating][pool-5-thread-1][c.d.cover.k.a.a] Filtering of methods complete. Creating analysis request
13:35:30.242 [INFO]  [Creating][pool-5-thread-1][c.d.c.service.c] Attempting to get service client, retry 1.
13:35:30.252 [INFO]  [Creating][pool-5-thread-1][c.d.c.service.c] Starting monitoring server.
13:35:30.445 [INFO]  [Creating][pool-5-thread-1][c.d.c.service.c] Monitoring server listening on localhost/127.0.0.1:59146
13:35:30.448 [INFO]  [Creating][pool-5-thread-1][c.d.c.service.c] Starting analyzer server process...
13:35:30.448 [INFO]  [Creating][pool-5-thread-1][c.d.c.service.c] Server command-line: C:\Program Files\Java\jdk-17\bin\java.exe -XX:+IgnoreUnrecognizedVMOptions -Djdk.attach.allowAttachSelf=true -ea -javaagent:C:\DiffblueCoverProduct\launcher-shared-jar.jar -Dlogback.configurationFile=C:\Users\cbontoiu\AppData\Local\Temp\diffblue\config\logback-remote-service.xml -Dcom.diffblue.springIsolationJar=C:\DiffblueCoverProduct\cover-isolation-layer.jar -Dcover.jar.path=C:\DiffblueCoverProduct\cover-service-analyzer.jar -Dcom.diffblue.assertionSuggestionJar=C:\DiffblueCoverProduct\cover-service-analyzer.jar -Dcover.main.class=com.diffblue.cover.service.analyzer.Main -jar C:\DiffblueCoverProduct\launcher-shared-jar.jar --service-lifespan 120 --monitoring-service-port 59146 --index-service-port 59146 --debug-log
13:35:30.457 [INFO]  [Creating][pool-5-thread-1][c.d.c.service.c] Server started. Waiting up to 300 seconds for a connection to be established...
13:35:31.221 [DEBUG] [Creating][nullmain][c.d.c.s.a.Main] Service heap size: 4028 MB
13:35:31.320 [INFO]  [Creating][nullmain][c.d.c.s.a.a.b] Starting new remote monitor client
13:35:32.147 [INFO]  [Creating][analyzer-service:main][c.d.c.s.a.a.b] Attempting to start remote server.
13:35:32.415 [INFO]  [Creating][analyzer-service:main][c.d.c.s.a.a.a] Server started, listening on localhost/127.0.0.1:59148
13:35:32.476 [INFO]  [Creating][pool-5-thread-1][c.d.c.service.c] Expect analyzer service to be listening on port 59148.
13:35:33.234 [INFO]  [Creating][pool-5-thread-1][c.d.c.service.c] Started analyzer service and client retrieved.
13:35:35.273 [DEBUG] [Creating][analyzer-service:grpc-default-executor-0][c.d.fuzztest.d.a] Class information:
13:35:35.274 [DEBUG] [Creating][analyzer-service:grpc-default-executor-0][c.d.fuzztest.d.a]   Fields: 
13:35:35.275 [DEBUG] [Creating][analyzer-service:grpc-default-executor-0][c.d.fuzztest.d.a]   Constructors: public org.sandbox.Security()
13:35:35.276 [DEBUG] [Creating][analyzer-service:grpc-default-executor-0][c.d.fuzztest.d.a]   Methods: public int org.sandbox.Security.getPageSize() throws java.lang.Exception
13:35:35.858 [INFO]  [Creating][analyzer-service:TimedExecutor-4][c.d.fuzztest.f.c] 
================================================================================
= Creating tests for 'org.sandbox.Security.<init>:()V' using 'TrM (!sp, !fnm, df, !ris)'
================================================================================
13:35:38.903 [INFO]  [Creating][pool-5-thread-1][c.d.cover.ui.d.b]     [1/2] org.sandbox.Security.<init>
13:35:38.903 [INFO]  [Creating][pool-5-thread-1][c.d.cover.ui.d.b]     [1/2]   Partial tests created: 1
13:35:38.903 [INFO]  [Creating][pool-5-thread-1][c.d.cover.ui.d.b]     [1/2]   Reasons for partial tests:
13:35:38.903 [INFO]  [Creating][pool-5-thread-1][c.d.cover.ui.d.b]     [1/2]   R002: Missing observers
13:35:38.903 [INFO]  [Creating][pool-5-thread-1][c.d.cover.ui.d.b]     [1/2]     Diffblue Cover was unable to create an assertion.
13:35:38.903 [INFO]  [Creating][pool-5-thread-1][c.d.cover.ui.d.b]     [1/2]     There are no fields that could be asserted on.
13:35:38.906 [INFO]  [Creating][analyzer-service:TimedExecutor-10][c.d.fuzztest.f.c] 
================================================================================
= Creating tests for 'org.sandbox.Security.getPageSize:()I' using 'SiM (!sp, fnm, df, !ris)'
================================================================================
13:35:40.564 [DEBUG] [Creating][analyzer-service:TimedExecutor-10][c.d.fuzztest.b.d] Refinement loop done: 1 seeds, 1+0 new+accumulated tests, 0+1 tests+partial tests, 2/1000 its
13:35:40.578 [INFO]  [Creating][analyzer-service:grpc-default-executor-0][c.d.fuzztest.f.v] Created 1 partial tests via 'SiM (!sp, fnm, df, !ris)', 1/2, here is the last one:
13:35:41.038 [INFO]  [Creating][analyzer-service:grpc-default-executor-0][c.d.fuzztest.f.v] == begin partial test ==
13:35:41.038 [INFO]  [Creating][analyzer-service:grpc-default-executor-0][c.d.fuzztest.f.v] Test:
package org.sandbox;

import org.junit.jupiter.api.Disabled;
import org.junit.jupiter.api.Test;

class SecurityTest {
  /**
  * Method under test: {@link Security#getPageSize()}
  */
  @Test
  @Disabled("TODO: Complete this test")
  void testGetPageSize() throws Exception {
    // TODO: Complete this test.
    //   Reason: R011 Sandboxing policy violation.
    //   Diffblue Cover ran code in your project that tried
    //     to access 'sun.misc'.
    //   Diffblue Cover's default sandboxing policy disallows this in order to prevent
    //   your code from damaging your system environment.
    //   See https://diff.blue/R011 to resolve this issue.

    // Arrange and Act
    (new Security()).getPageSize();
  }
}

13:35:41.038 [INFO]  [Creating][analyzer-service:grpc-default-executor-0][c.d.fuzztest.f.v] == end partial test ==
13:35:41.040 [INFO]  [Creating][analyzer-service:TimedExecutor-13][c.d.fuzztest.f.c] 
================================================================================
= Creating tests for 'org.sandbox.Security.getPageSize:()I' using 'SiM (!sp, !fnm, df, !ris)'
================================================================================
13:35:41.086 [DEBUG] [Creating][analyzer-service:TimedExecutor-13][c.d.fuzztest.b.d] Refinement loop done: 1 seeds, 1+0 new+accumulated tests, 0+1 tests+partial tests, 2/1000 its
13:35:41.098 [INFO]  [Creating][analyzer-service:grpc-default-executor-0][c.d.fuzztest.f.v] Created 1 partial tests via 'SiM (!sp, !fnm, df, !ris)', 2/2, here is the last one:
13:35:41.113 [INFO]  [Creating][analyzer-service:grpc-default-executor-0][c.d.fuzztest.f.v] == begin partial test ==
13:35:41.114 [INFO]  [Creating][analyzer-service:grpc-default-executor-0][c.d.fuzztest.f.v] Test:
package org.sandbox;

import org.junit.jupiter.api.Disabled;
import org.junit.jupiter.api.Test;

class SecurityTest {
  /**
  * Method under test: {@link Security#getPageSize()}
  */
  @Test
  @Disabled("TODO: Complete this test")
  void testGetPageSize() throws Exception {
    // TODO: Complete this test.
    //   Reason: R011 Sandboxing policy violation.
    //   Diffblue Cover ran code in your project that tried
    //     to access 'sun.misc'.
    //   Diffblue Cover's default sandboxing policy disallows this in order to prevent
    //   your code from damaging your system environment.
    //   See https://diff.blue/R011 to resolve this issue.

    // Arrange and Act
    (new Security()).getPageSize();
  }
}

13:35:41.114 [INFO]  [Creating][analyzer-service:grpc-default-executor-0][c.d.fuzztest.f.v] == end partial test ==
13:35:41.114 [INFO]  [Creating][analyzer-service:grpc-default-executor-0][c.d.fuzztest.f.v] All 2 subs either threw or created only partial tests; returning the 1 partial tests created by 'SiM (!sp, fnm, df, !ris)'
13:35:41.277 [INFO]  [Creating][pool-5-thread-1][c.d.cover.ui.d.b]     [2/2] org.sandbox.Security.getPageSize
13:35:41.278 [INFO]  [Creating][pool-5-thread-1][c.d.cover.ui.d.b]     [2/2]   Partial tests created: 1
13:35:41.278 [INFO]  [Creating][pool-5-thread-1][c.d.cover.ui.d.b]     [2/2]   Reasons for partial tests:
13:35:41.278 [INFO]  [Creating][pool-5-thread-1][c.d.cover.ui.d.b]     [2/2]   R011: Sandboxing policy violation
13:35:41.278 [INFO]  [Creating][pool-5-thread-1][c.d.cover.ui.d.b]     [2/2]     Diffblue Cover ran code in your project that tried
13:35:41.278 [INFO]  [Creating][pool-5-thread-1][c.d.cover.ui.d.b]     [2/2]       to access 'sun.misc'.
13:35:41.278 [INFO]  [Creating][pool-5-thread-1][c.d.cover.ui.d.b]     [2/2]     Diffblue Cover's default sandboxing policy disallows this in order to prevent
13:35:41.278 [INFO]  [Creating][pool-5-thread-1][c.d.cover.ui.d.b]     [2/2]     your code from damaging your system environment.
13:35:41.278 [INFO]  [Creating][pool-5-thread-1][c.d.cover.ui.d.b]     [2/2]     See https://diff.blue/R011 to resolve this issue.
13:35:41.285 [INFO]  [Creating][pool-5-thread-1][c.d.cover.ui.d.b] [1/1] org.sandbox.Security
13:35:41.286 [INFO]  [Creating][pool-5-thread-1][c.d.cover.ui.d.b] [1/1]   Tests created: 0
13:35:41.287 [INFO]  [Creating][pool-5-thread-1][c.d.cover.ui.d.b] [1/1]   Partial tests created: 2
13:35:41.293 [INFO]  [Reporting][pool-5-thread-1][c.d.cover.ui.d.b] 
13:35:41.293 [INFO]  [Reporting][pool-5-thread-1][c.d.cover.ui.d.b] Summary:
13:35:41.294 [INFO]  [Reporting][pool-5-thread-1][c.d.cover.ui.d.b] --------
13:35:41.294 [INFO]  [Reporting][pool-5-thread-1][c.d.cover.ui.d.b] Total:                                               2 methods
13:35:41.295 [INFO]  [Reporting][pool-5-thread-1][c.d.cover.ui.d.b] 2 partial tests created for:                         2 methods
13:35:41.295 [INFO]  [Reporting][pool-5-thread-1][c.d.cover.ui.d.b] 
13:35:41.296 [INFO]  [Reporting][pool-5-thread-1][c.d.cover.ui.d.b] No tests created for:                                2 methods
13:35:41.296 [INFO]  [Reporting][pool-5-thread-1][c.d.cover.ui.d.b]     1 R002: Missing observers
13:35:41.297 [INFO]  [Reporting][pool-5-thread-1][c.d.cover.ui.d.b]     1 R011: Sandboxing policy violation
13:35:41.512 [DEBUG] [Reporting][main][c.d.c.r.StructuredReportManager] Run metrics:
Total time:                24.1s
Environment detection:      0.9s ( 3.6%)
Indexing:                   0.3s ( 1.3%)
Entry points:               0.9s ( 3.5%)
Test generation:           12.0s (49.9%)
  - Index query:            4.3s (17.7%)
Test verification:          1.4s ( 5.7%)
Test validation:            0.0s ( 0.0%)
Other:                      8.7s (36.1%)
Time to first test:        21.5s (89.2%)
Time to last test:         23.9s (99.1%)
13:35:41.514 [INFO]  [Reporting][main][c.d.cover.ui.a.j] Writing JSON report to C:\Users\cbontoiu\Desktop\DiffblueTutorials\DemoCLI\extra\.diffblue\reports\report.json
13:35:41.548 [INFO]  [Reporting][main][c.d.cover.ui.a.b] Log file: C:\Users\cbontoiu\Desktop\DiffblueTutorials\DemoCLI\extra\.diffblue\log\user-20230920T133516.log
13:35:41.549 [INFO]  [Reporting][main][c.d.cover.ui.a.u] Finished in 24s
