22:34:29.860 [DEBUG] [Preparing][main][c.d.cover.ui.a.u] Client heap size: 4028 MB
22:34:29.870 [INFO]  [Preparing][main][c.d.cover.ui.a.u] Diffblue Cover 2023.09.01-9200f07-unrestricted
22:34:29.871 [INFO]  [Preparing][main][c.d.cover.ui.a.u] 
22:34:29.871 [INFO]  [Preparing][main][c.d.cover.ui.a.u] Running: dcover create --working-directory=extra source --keep-partial-tests
22:34:31.815 [INFO]  [Checking][main][c.d.cover.ui.a.j] Detecting environment:
22:34:31.816 [INFO]  [Checking][main][c.d.cover.ui.a.j] ----------------------
22:34:31.894 [INFO]  [Checking][main][c.d.cover.ui.a.j] Detected Java version 17.0.6
22:34:33.284 [DEBUG] [Checking][main][c.d.d.g.a] Querying Gradle project info using --init-script C:\Users\cbontoiu\AppData\Local\Temp\diffblueGradleInit9856063697678900658.gradle and plugin C:\Users\cbontoiu\AppData\Local\Temp\diffblueGradlePlugin2667136448809710696.jar
22:34:33.286 [DEBUG] [Checking][gradle][c.d.d.g.a] cmd: gradle --init-script C:\Users\cbontoiu\AppData\Local\Temp\diffblueGradleInit9856063697678900658.gradle --info (equivalent via API)
22:34:33.398 [DEBUG] [Checking][gradle][c.d.d.g.a] out: The client will now receive all logging from the daemon (pid: 7668). The daemon log file: C:\Users\cbontoiu\.gradle\daemon\8.2\daemon-7668.out.log
22:34:33.398 [DEBUG] [Checking][gradle][c.d.d.g.a] out: Starting 36th build in daemon [uptime: 1 hrs 46 mins 2.924 secs, performance: 99%, GC rate: 0.00/s, heap usage: 0% of 512 MiB, non-heap usage: 21% of 384 MiB]
22:34:33.398 [DEBUG] [Checking][gradle][c.d.d.g.a] out: Closing daemon's stdin at end of input.
22:34:33.398 [DEBUG] [Checking][gradle][c.d.d.g.a] out: The daemon will no longer process any standard input.
22:34:33.398 [DEBUG] [Checking][gradle][c.d.d.g.a] out: Using 8 worker leases.
22:34:33.399 [DEBUG] [Checking][gradle][c.d.d.g.a] out: Now considering [C:\Users\cbontoiu\Desktop\DiffblueTutorials\DemoCLI] as hierarchies to watch
22:34:33.399 [DEBUG] [Checking][gradle][c.d.d.g.a] out: Watching the file system is configured to be enabled if available
22:34:33.399 [DEBUG] [Checking][gradle][c.d.d.g.a] out: File system watching is active
22:34:33.399 [DEBUG] [Checking][gradle][c.d.d.g.a] out: Compiling initialization script 'C:\Users\cbontoiu\AppData\Local\Temp\diffblueGradleInit9856063697678900658.gradle' using SubsetScriptTransformer.
22:34:33.399 [DEBUG] [Checking][gradle][c.d.d.g.a] out: Invalidating in-memory cache of C:\Users\cbontoiu\.gradle\caches\8.2\fileHashes\fileHashes.bin
22:34:33.399 [DEBUG] [Checking][gradle][c.d.d.g.a] out: Invalidating in-memory cache of C:\Users\cbontoiu\.gradle\caches\8.2\fileHashes\resourceHashesCache.bin
22:34:33.507 [DEBUG] [Checking][gradle][c.d.d.g.a] out: Invalidating in-memory cache of C:\Users\cbontoiu\.gradle\caches\journal-1\file-access.bin
22:34:33.507 [DEBUG] [Checking][gradle][c.d.d.g.a] out: The configuration classpath is both resolvable and consumable. This is considered a legacy configuration and it will eventually only be possible to be one of these.
22:34:33.507 [DEBUG] [Checking][gradle][c.d.d.g.a] out: The configuration classpath is both consumable and declarable. This combination is incorrect, only one of these flags should be set.
22:34:33.507 [DEBUG] [Checking][gradle][c.d.d.g.a] out: The configuration classpath is both resolvable and consumable. This is considered a legacy configuration and it will eventually only be possible to be one of these.
22:34:33.507 [DEBUG] [Checking][gradle][c.d.d.g.a] out: The configuration classpath is both consumable and declarable. This combination is incorrect, only one of these flags should be set.
22:34:33.507 [DEBUG] [Checking][gradle][c.d.d.g.a] out: Compiling initialization script 'C:\Users\cbontoiu\AppData\Local\Temp\diffblueGradleInit9856063697678900658.gradle' using BuildScriptTransformer.
22:34:33.806 [DEBUG] [Checking][gradle][c.d.d.g.a] out: Starting Build
22:34:33.806 [DEBUG] [Checking][gradle][c.d.d.g.a] out: Settings evaluated using settings file 'C:\Users\cbontoiu\Desktop\DiffblueTutorials\DemoCLI\settings.gradle'.
22:34:33.806 [DEBUG] [Checking][gradle][c.d.d.g.a] out: Projects loaded. Root project using build file 'C:\Users\cbontoiu\Desktop\DiffblueTutorials\DemoCLI\build.gradle'.
22:34:33.806 [DEBUG] [Checking][gradle][c.d.d.g.a] out: Included projects: [root project 'DemoCLI', project ':app', project ':common', project ':extra']
22:34:33.807 [DEBUG] [Checking][gradle][c.d.d.g.a] out: 
22:34:33.807 [DEBUG] [Checking][gradle][c.d.d.g.a] out: > Configure project :
22:34:33.807 [DEBUG] [Checking][gradle][c.d.d.g.a] out: Evaluating root project 'DemoCLI' using build file 'C:\Users\cbontoiu\Desktop\DiffblueTutorials\DemoCLI\build.gradle'.
22:34:33.807 [DEBUG] [Checking][gradle][c.d.d.g.a] out: 
22:34:33.807 [DEBUG] [Checking][gradle][c.d.d.g.a] out: > Configure project :app
22:34:33.807 [DEBUG] [Checking][gradle][c.d.d.g.a] out: Evaluating project ':app' using build file 'C:\Users\cbontoiu\Desktop\DiffblueTutorials\DemoCLI\app\build.gradle'.
22:34:33.807 [DEBUG] [Checking][gradle][c.d.d.g.a] out: Configuring Jacoco Plugin for use with Diffblue Cover
22:34:33.807 [DEBUG] [Checking][gradle][c.d.d.g.a] out: Configuring task :app:test for use with Diffblue Cover
22:34:33.807 [DEBUG] [Checking][gradle][c.d.d.g.a] out: ignoreFailures: false
22:34:33.807 [DEBUG] [Checking][gradle][c.d.d.g.a] out: excludes: []
22:34:33.807 [DEBUG] [Checking][gradle][c.d.d.g.a] out: includes: []
22:34:33.807 [DEBUG] [Checking][gradle][c.d.d.g.a] out: Configuring task :app:jacocoTestReport for use with Diffblue Cover
22:34:33.807 [DEBUG] [Checking][gradle][c.d.d.g.a] out: Configuring task :app:jacocoTestReportDeletePrevious for use with Diffblue Cover
22:34:33.807 [DEBUG] [Checking][gradle][c.d.d.g.a] out: Configuring task :app:jacocoTestReportPrepareEmptyExec for use with Diffblue Cover
22:34:33.807 [DEBUG] [Checking][gradle][c.d.d.g.a] out: 
22:34:33.808 [DEBUG] [Checking][gradle][c.d.d.g.a] out: > Configure project :common
22:34:33.808 [DEBUG] [Checking][gradle][c.d.d.g.a] out: Evaluating project ':common' using build file 'C:\Users\cbontoiu\Desktop\DiffblueTutorials\DemoCLI\common\build.gradle'.
22:34:33.808 [DEBUG] [Checking][gradle][c.d.d.g.a] out: Configuring Jacoco Plugin for use with Diffblue Cover
22:34:33.808 [DEBUG] [Checking][gradle][c.d.d.g.a] out: Configuring task :common:test for use with Diffblue Cover
22:34:33.808 [DEBUG] [Checking][gradle][c.d.d.g.a] out: ignoreFailures: false
22:34:33.808 [DEBUG] [Checking][gradle][c.d.d.g.a] out: excludes: []
22:34:33.808 [DEBUG] [Checking][gradle][c.d.d.g.a] out: includes: []
22:34:33.808 [DEBUG] [Checking][gradle][c.d.d.g.a] out: Configuring task :common:jacocoTestReport for use with Diffblue Cover
22:34:33.808 [DEBUG] [Checking][gradle][c.d.d.g.a] out: Configuring task :common:jacocoTestReportDeletePrevious for use with Diffblue Cover
22:34:33.808 [DEBUG] [Checking][gradle][c.d.d.g.a] out: Configuring task :common:jacocoTestReportPrepareEmptyExec for use with Diffblue Cover
22:34:33.808 [DEBUG] [Checking][gradle][c.d.d.g.a] out: 
22:34:33.808 [DEBUG] [Checking][gradle][c.d.d.g.a] out: > Configure project :extra
22:34:33.808 [DEBUG] [Checking][gradle][c.d.d.g.a] out: Evaluating project ':extra' using build file 'C:\Users\cbontoiu\Desktop\DiffblueTutorials\DemoCLI\extra\build.gradle'.
22:34:33.808 [DEBUG] [Checking][gradle][c.d.d.g.a] out: Configuring Jacoco Plugin for use with Diffblue Cover
22:34:33.808 [DEBUG] [Checking][gradle][c.d.d.g.a] out: Configuring task :extra:test for use with Diffblue Cover
22:34:33.808 [DEBUG] [Checking][gradle][c.d.d.g.a] out: ignoreFailures: false
22:34:33.808 [DEBUG] [Checking][gradle][c.d.d.g.a] out: excludes: []
22:34:33.808 [DEBUG] [Checking][gradle][c.d.d.g.a] out: includes: []
22:34:33.808 [DEBUG] [Checking][gradle][c.d.d.g.a] out: Configuring task :extra:jacocoTestReport for use with Diffblue Cover
22:34:33.808 [DEBUG] [Checking][gradle][c.d.d.g.a] out: Configuring task :extra:jacocoTestReportDeletePrevious for use with Diffblue Cover
22:34:33.808 [DEBUG] [Checking][gradle][c.d.d.g.a] out: Configuring task :extra:jacocoTestReportPrepareEmptyExec for use with Diffblue Cover
22:34:33.808 [DEBUG] [Checking][gradle][c.d.d.g.a] out: All projects evaluated.
22:34:33.808 [DEBUG] [Checking][gradle][c.d.d.g.a] out: The configuration :extra:coverageDataElementsForTest is both consumable and declarable. This combination is incorrect, only one of these flags should be set.
22:34:33.808 [DEBUG] [Checking][gradle][c.d.d.g.a] out: The configuration :extra:mainSourceElements is both consumable and declarable. This combination is incorrect, only one of these flags should be set.
22:34:33.808 [DEBUG] [Checking][gradle][c.d.d.g.a] out: 
22:34:33.808 [DEBUG] [Checking][gradle][c.d.d.g.a] out: CONFIGURE SUCCESSFUL in 495ms
22:34:33.808 [DEBUG] [Checking][gradle][c.d.d.g.a] out: Watched directory hierarchies: [C:\Users\cbontoiu\Desktop\DiffblueTutorials\DemoCLI]
22:34:34.174 [INFO]  [Checking][main][c.d.cover.ui.a.j] Detected build system: Gradle 8.2
22:34:34.178 [INFO]  [Checking][main][c.d.cover.n.a.ai] Operating System: Windows 11 amd64 10.0
22:34:34.179 [INFO]  [Checking][main][c.d.cover.n.a.ai] Default charset: windows-1252
22:34:34.181 [INFO]  [Checking][main][c.d.cover.n.a.ai] Default locale: en_GB
22:34:34.181 [INFO]  [Checking][main][c.d.cover.n.a.ai] Default time zone: Europe/London
22:34:34.183 [INFO]  [Checking][main][c.d.cover.ui.a.j] Selected build system: Gradle
22:34:34.186 [INFO]  [Checking][main][c.d.cover.ui.a.j] Selected classpath from build system Gradle
22:34:34.188 [INFO]  [Checking][main][c.d.cover.n.c.b] Expanded classpath: 
C:\Users\cbontoiu\Desktop\DiffblueTutorials\DemoCLI\extra\build\classes\java\main (code under test)
C:\Users\cbontoiu\Desktop\DiffblueTutorials\DemoCLI\extra\build\resources\test
C:\Users\cbontoiu\Desktop\DiffblueTutorials\DemoCLI\extra\build\resources\main
C:\Users\cbontoiu\.gradle\caches\modules-2\files-2.1\org.junit.jupiter\junit-jupiter\5.9.1\9274d3757e224bc02eae367bd481062a263c150b\junit-jupiter-5.9.1.jar
C:\Users\cbontoiu\.gradle\caches\modules-2\files-2.1\org.junit.jupiter\junit-jupiter-params\5.9.1\ffcd1013edaeee112be11fcddeb38882d79238de\junit-jupiter-params-5.9.1.jar
C:\Users\cbontoiu\.gradle\caches\modules-2\files-2.1\org.junit.jupiter\junit-jupiter-engine\5.9.1\1bf771097bde296c3ab174861954e8aafaaf2e94\junit-jupiter-engine-5.9.1.jar
C:\Users\cbontoiu\.gradle\caches\modules-2\files-2.1\org.junit.jupiter\junit-jupiter-api\5.9.1\7bb53fbc0173e9f6a9d21d58297af94b1f2f9ce1\junit-jupiter-api-5.9.1.jar
C:\Users\cbontoiu\.gradle\caches\modules-2\files-2.1\org.junit.platform\junit-platform-engine\1.9.1\83591e5089d6cea5f324aa3ecca9b19d5a275803\junit-platform-engine-1.9.1.jar
C:\Users\cbontoiu\.gradle\caches\modules-2\files-2.1\org.junit.platform\junit-platform-commons\1.9.1\3145f821b5cd10abcdc5f925baa5fffa6f1b628f\junit-platform-commons-1.9.1.jar
C:\Users\cbontoiu\.gradle\caches\modules-2\files-2.1\org.mockito\mockito-core\5.4.0\30bcbe79f7bd51b53debfc4c6014d0bea4935e37\mockito-core-5.4.0.jar
C:\Users\cbontoiu\.gradle\caches\modules-2\files-2.1\net.bytebuddy\byte-buddy\1.14.5\28a424c0c4f362568e904d992c239c996cf7adc7\byte-buddy-1.14.5.jar
C:\Users\cbontoiu\.gradle\caches\modules-2\files-2.1\net.bytebuddy\byte-buddy-agent\1.14.5\20f4e9b9d0ffb953657bfa4b92c0cceb27907d58\byte-buddy-agent-1.14.5.jar
C:\Users\cbontoiu\.gradle\caches\modules-2\files-2.1\org.objenesis\objenesis\3.3\1049c09f1de4331e8193e579448d0916d75b7631\objenesis-3.3.jar
C:\Users\cbontoiu\.gradle\caches\modules-2\files-2.1\org.opentest4j\opentest4j\1.2.0\28c11eb91f9b6d8e200631d46e20a7f407f2a046\opentest4j-1.2.0.jar
22:34:34.325 [INFO]  [Checking][main][c.d.cover.ui.a.j] Detected test framework: JUnit Jupiter 5.9.1
22:34:34.331 [INFO]  [Checking][main][c.d.cover.ui.a.j] Detected JUnit Jupiter version 5.9.1
22:34:34.336 [INFO]  [Checking][main][c.d.cover.ui.a.j] Detected JUnit Jupiter Params version 5.9.1
22:34:34.366 [INFO]  [Checking][main][c.d.cover.ui.a.j] Detected Mockito version 5.4.0
22:34:34.821 [INFO]  [Checking][main][c.d.cover.ui.a.j] Indexing...
22:34:35.167 [INFO]  [Checking][main][c.d.cover.ui.a.j] Selected test output directory: C:\Users\cbontoiu\Desktop\DiffblueTutorials\DemoCLI\extra\src\test\java
22:34:35.176 [INFO]  [Checking][main][c.d.d.g.b] Running: Using JAVA_HOME: C:\Program Files\Java\jdk-17 : in C:\Users\cbontoiu\Desktop\DiffblueTutorials\DemoCLI\extra : gradle test -i  DummyJupiterDiffblueTest
22:34:36.815 [DEBUG] [Checking][main][c.d.cover.n.c.m] JUnitJupiter5 is present
22:34:36.815 [DEBUG] [Checking][main][c.d.cover.n.c.m] JUnitJupiter5 is supported
22:34:36.815 [DEBUG] [Checking][main][c.d.cover.n.c.m] JUnit 5 is present and either it's not been specified by the user or it is the same as the version the user specified
22:34:36.816 [INFO]  [Checking][main][c.d.cover.ui.a.j] Selected test framework: JUnit Jupiter
22:34:36.862 [INFO]  [Checking][main][c.d.d.g.b] Running: Using JAVA_HOME: C:\Program Files\Java\jdk-17 : in C:\Users\cbontoiu\Desktop\DiffblueTutorials\DemoCLI\extra : gradle test -i  DummyJUnitJupiterLauncherDiffblueTest
22:34:37.963 [INFO]  [Checking][main][c.d.cover.ui.a.j] Detected JVM architecture: 64-Bit
22:34:38.584 [INFO]  [Checking][main][c.d.cover.ui.a.j] Selected Java language compliance level: 17
22:34:38.586 [INFO]  [Checking][main][c.d.cover.ui.a.j] Selected test validation: enabled
22:34:38.589 [INFO]  [Checking][main][c.d.cover.ui.a.j] Prefixes for filtering classes/methods:
22:34:38.592 [INFO]  [Checking][main][c.d.cover.ui.a.j] - source
22:34:38.593 [INFO]  [Checking][main][c.d.cover.ui.a.j] Gathering methods to test...
22:34:39.395 [INFO]  [Reporting][main][c.d.cover.ui.a.j] 
22:34:39.395 [INFO]  [Reporting][main][c.d.cover.ui.a.j] Environment summary:
22:34:39.395 [INFO]  [Reporting][main][c.d.cover.ui.a.j] --------------------
22:34:39.397 [INFO]  [Reporting][main][c.d.cover.ui.a.j] Java version                  17.0.6                        SUCCESS        
22:34:39.397 [INFO]  [Reporting][main][c.d.cover.ui.a.j] Build system                  Gradle                        SUCCESS        
22:34:39.397 [INFO]  [Reporting][main][c.d.cover.ui.a.j] Mocking Framework             Mockito 5.4.0                 SUCCESS        
22:34:39.397 [DEBUG] [Reporting][main][c.d.cover.ui.a.j] Surefire version              Skipped                       -----          
22:34:39.397 [INFO]  [Reporting][main][c.d.cover.ui.a.j] Testing framework             JUnit Jupiter 5               SUCCESS        
22:34:39.397 [DEBUG] [Reporting][main][c.d.cover.ui.a.j] JavaEE version                Skipped                       -----          
22:34:39.397 [DEBUG] [Reporting][main][c.d.cover.ui.a.j] JaCoCo plugin version         Skipped                       -----          
22:34:39.397 [INFO]  [Reporting][main][c.d.cover.ui.a.j] Launcher                      JUnit Jupiter                 SUCCESS        
22:34:39.398 [INFO]  [Reporting][main][c.d.cover.ui.a.j] Test validation               Enabled                       SUCCESS        
22:34:39.398 [DEBUG] [Reporting][main][c.d.cover.ui.a.j] Hamcrest                      Not Detected                  -----          
22:34:39.398 [DEBUG] [Reporting][main][c.d.cover.ui.a.j] Spring Core                   Not Detected                  -----          
22:34:39.398 [DEBUG] [Reporting][main][c.d.cover.ui.a.j] Spring Boot                   Skipped                       -----          
22:34:39.398 [DEBUG] [Reporting][main][c.d.cover.ui.a.j] Spring Boot Test              Skipped                       -----          
22:34:39.398 [DEBUG] [Reporting][main][c.d.cover.ui.a.j] Spring Web                    Skipped                       -----          
22:34:39.398 [DEBUG] [Reporting][main][c.d.cover.ui.a.j] Spring Security Web           Skipped                       -----          
22:34:39.398 [DEBUG] [Reporting][main][c.d.cover.ui.a.j] Spring Test                   Skipped                       -----          
22:34:39.398 [INFO]  [Reporting][main][c.d.cover.ui.a.j] 
22:34:39.398 [INFO]  [Reporting][main][c.d.cover.ui.a.j] Environment check status: SUCCESS
22:34:39.422 [DEBUG] [Creating][pool-5-thread-1][c.d.cover.k.a.g] Configuration:
Module: 
Configuration: 
 features=[TESTING_FRAMEWORK_JUNIT_JUPITER5, JUNIT_JUPITER_PARAMS, MOCKING, MOCKITO_SESSION, INCLUDE_SYSTEM_ENVIRONMENT_VARIABLES, INLINE_ACT_INTO_ASSERT, INLINE_ARRANGE_INTO_ACT_ASSERT, INLINE_CHAINED_MEMBER_ACCESSES, INLINE_CONSTRUCTORS, INLINE_IMMEDIATE_VALUES, JOIN_SIMPLE_TESTS, SHOW_SECTION_COMMENTS, KEEP_NON_COMPILING_TESTS, KEEP_NONDETERMINISTIC_TESTS, KEEP_TESTS_WITHOUT_ASSERTIONS, KEEP_TESTS_WITH_VIOLATIONS, KEEP_THROWING_TESTS, PREFLIGHT_ENABLE_TEST_EXECUTION, REPORT, SANDBOXING, VALIDATION, ANALYZER_SERVICE, VERIFICATION]
 analyzerServiceIdleTimeout=PT2M
 coverReportsBaseUrl=Optional.empty
 coverReportsGroupName=17/09/2023, 22:34
 coverReportsProject=Optional.empty
 environmentVariables={}
 complianceLevel=17
 fuzzingIterations=1000
 jacocoCommandDiffblue=Optional.empty
 jacocoCommandManual=Optional.empty
 jacocoXmlTestReport=Optional.empty
 jacocoXmlTestReportDiffblue=C:\Users\cbontoiu\Desktop\DiffblueTutorials\DemoCLI\extra\.diffblue\reports\diffblue-tests-jacoco-report.xml
 jacocoXmlTestReportManual=C:\Users\cbontoiu\Desktop\DiffblueTutorials\DemoCLI\extra\.diffblue\reports\manual-tests-jacoco-report.xml
 sandboxAllowedJavaNativeInterfacePrefixes=[]
 mockingFramework=MOCKITO_5_0_0
 mockClasses=[]
 mockStaticClasses=[]
 workingDirectory=C:\Users\cbontoiu\Desktop\DiffblueTutorials\DemoCLI\extra
 classpath=Classpath(14 full entries, 1 code under test entries)
 warningsToSuppress=[]
 perMethodTimeouts=Timeouts{softTimeout=PT20S, initialExecutionTimeout=PT20S, hardTimeout=PT1M, springStartupTimeout=PT4M}
 reportFile=C:\Users\cbontoiu\Desktop\DiffblueTutorials\DemoCLI\extra\.diffblue\reports\report.json
 activeProfiles=[]
 classScheme=${CLASS_NAME}DiffblueTest
 methodScheme=test${INNER_CLASS_NAME}${METHOD_NAME}
 springConfigurationClasses=[]
 testOutputDirectory=C:\Users\cbontoiu\Desktop\DiffblueTutorials\DemoCLI\extra\src\test\java
 validationCommand=Optional.empty
 validationTimeout=PT30M
 jacocoVersion=null
 observerMethodSpecification=MethodSpecification[excludedPrefixes=[]]
 analyzerServiceRestartFrequency=50

22:34:39.427 [INFO]  [Creating][pool-5-thread-1][c.d.cover.ui.d.b] Found 14 callable methods in 7 classes
22:34:39.428 [INFO]  [Creating][pool-5-thread-1][c.d.cover.k.a.a] 
22:34:39.429 [INFO]  [Creating][pool-5-thread-1][c.d.cover.k.a.a] Creating tests:
22:34:39.430 [INFO]  [Creating][pool-5-thread-1][c.d.cover.k.a.a] ---------------
22:34:39.447 [INFO]  [Creating][pool-5-thread-1][c.d.cover.k.a.a] 
================================================================================
= Starting analysis for class 'source.A'
================================================================================
22:34:39.447 [INFO]  [Creating][pool-5-thread-1][c.d.cover.k.a.a] Filtering out non-testable methods...
22:34:40.918 [INFO]  [Creating][pool-5-thread-1][c.d.cover.k.a.a] Filtering of methods complete. Creating analysis request
22:34:40.919 [INFO]  [Creating][pool-5-thread-1][c.d.c.service.c] Attempting to get service client, retry 1.
22:34:40.927 [INFO]  [Creating][pool-5-thread-1][c.d.c.service.c] Starting monitoring server.
22:34:41.081 [INFO]  [Creating][pool-5-thread-1][c.d.c.service.c] Monitoring server listening on localhost/127.0.0.1:55826
22:34:41.084 [INFO]  [Creating][pool-5-thread-1][c.d.c.service.c] Starting analyzer server process...
22:34:41.084 [INFO]  [Creating][pool-5-thread-1][c.d.c.service.c] Server command-line: C:\Program Files\Java\jdk-17\bin\java.exe -XX:+IgnoreUnrecognizedVMOptions -Djdk.attach.allowAttachSelf=true -ea -javaagent:C:\DiffblueCoverProduct\launcher-shared-jar.jar -Dlogback.configurationFile=C:\Users\cbontoiu\AppData\Local\Temp\diffblue\config\logback-remote-service.xml -Dcom.diffblue.springIsolationJar=C:\DiffblueCoverProduct\cover-isolation-layer.jar -Dcover.jar.path=C:\DiffblueCoverProduct\cover-service-analyzer.jar -Dcom.diffblue.assertionSuggestionJar=C:\DiffblueCoverProduct\cover-service-analyzer.jar -Dcover.main.class=com.diffblue.cover.service.analyzer.Main -jar C:\DiffblueCoverProduct\launcher-shared-jar.jar --service-lifespan 120 --monitoring-service-port 55826 --index-service-port 55826 --debug-log
22:34:41.093 [INFO]  [Creating][pool-5-thread-1][c.d.c.service.c] Server started. Waiting up to 300 seconds for a connection to be established...
22:34:41.945 [DEBUG] [Creating][nullmain][c.d.c.s.a.Main] Service heap size: 4028 MB
22:34:42.067 [INFO]  [Creating][nullmain][c.d.c.s.a.a.b] Starting new remote monitor client
22:34:42.917 [INFO]  [Creating][analyzer-service:main][c.d.c.s.a.a.b] Attempting to start remote server.
22:34:43.257 [INFO]  [Creating][analyzer-service:main][c.d.c.s.a.a.a] Server started, listening on localhost/127.0.0.1:55828
22:34:44.125 [INFO]  [Creating][pool-5-thread-1][c.d.c.service.c] Expect analyzer service to be listening on port 55828.
22:34:44.786 [INFO]  [Creating][pool-5-thread-1][c.d.c.service.c] Started analyzer service and client retrieved.
22:34:47.666 [DEBUG] [Creating][analyzer-service:grpc-default-executor-0][c.d.fuzztest.d.a] Class information:
22:34:47.668 [DEBUG] [Creating][analyzer-service:grpc-default-executor-0][c.d.fuzztest.d.a]   Fields: int source.A.a
22:34:47.671 [DEBUG] [Creating][analyzer-service:grpc-default-executor-0][c.d.fuzztest.d.a]   Constructors: public source.A()
22:34:47.672 [DEBUG] [Creating][analyzer-service:grpc-default-executor-0][c.d.fuzztest.d.a]   Methods: int source.A.method(double)
22:34:48.546 [INFO]  [Creating][analyzer-service:TimedExecutor-4][c.d.fuzztest.f.c] 
================================================================================
= Creating tests for 'source.A.<init>:()V' using 'TrM (!sp, !fnm, df, !ris)'
================================================================================
22:34:51.468 [INFO]  [Creating][pool-5-thread-1][c.d.cover.ui.d.b]      [1/14] source.A.<init>
22:34:51.469 [INFO]  [Creating][pool-5-thread-1][c.d.cover.ui.d.b]      [1/14]   Tests created: 1
22:34:51.472 [INFO]  [Creating][analyzer-service:TimedExecutor-11][c.d.fuzztest.f.c] 
================================================================================
= Creating tests for 'source.A.method:(D)I' using 'SiM (!sp, fnm, df, !ris)'
================================================================================
22:34:54.287 [DEBUG] [Creating][analyzer-service:TimedExecutor-11][c.d.fuzztest.b.d] Refinement loop done: 2 seeds, 1+0 new+accumulated tests, 1+0 tests+partial tests, 91/1000 its
22:34:54.369 [INFO]  [Creating][analyzer-service:grpc-default-executor-0][c.d.fuzztest.f.v] Created 1+0 tests and partial tests via 'SiM (!sp, fnm, df, !ris)', 1/2, returning all 1
22:34:54.588 [INFO]  [Creating][pool-5-thread-1][c.d.cover.ui.d.b]      [2/14] source.A.method
22:34:54.589 [INFO]  [Creating][pool-5-thread-1][c.d.cover.ui.d.b]      [2/14]   Tests created: 1
22:34:54.598 [INFO]  [Creating][pool-5-thread-1][c.d.cover.ui.d.b] [1/7] source.A
22:34:54.599 [INFO]  [Creating][pool-5-thread-1][c.d.cover.ui.d.b] [1/7]   Tests created: 2
22:34:54.600 [INFO]  [Creating][pool-5-thread-1][c.d.cover.k.a.a] 
================================================================================
= Starting analysis for class 'source.B'
================================================================================
22:34:54.600 [INFO]  [Creating][pool-5-thread-1][c.d.cover.k.a.a] Filtering out non-testable methods...
22:34:54.601 [INFO]  [Creating][pool-5-thread-1][c.d.cover.k.a.a] Filtering of methods complete. Creating analysis request
22:34:54.601 [INFO]  [Creating][pool-5-thread-1][c.d.c.service.c] Attempting to get service client, retry 1.
22:34:54.641 [DEBUG] [Creating][analyzer-service:grpc-default-executor-0][c.d.fuzztest.d.a] Class information:
22:34:54.642 [DEBUG] [Creating][analyzer-service:grpc-default-executor-0][c.d.fuzztest.d.a]   Extends: class source.A
22:34:54.642 [DEBUG] [Creating][analyzer-service:grpc-default-executor-0][c.d.fuzztest.d.a]   Fields: int source.B.b
22:34:54.642 [DEBUG] [Creating][analyzer-service:grpc-default-executor-0][c.d.fuzztest.d.a]   Constructors: public source.B()
22:34:54.643 [DEBUG] [Creating][analyzer-service:grpc-default-executor-0][c.d.fuzztest.d.a]   Methods: int source.B.method(double)
22:34:54.669 [INFO]  [Creating][analyzer-service:TimedExecutor-56][c.d.fuzztest.f.c] 
================================================================================
= Creating tests for 'source.B.<init>:()V' using 'TrM (!sp, !fnm, df, !ris)'
================================================================================
22:34:54.858 [INFO]  [Creating][pool-5-thread-1][c.d.cover.ui.d.b]      [3/14] source.B.<init>
22:34:54.858 [INFO]  [Creating][pool-5-thread-1][c.d.cover.ui.d.b]      [3/14]   Tests created: 1
22:34:54.862 [INFO]  [Creating][analyzer-service:TimedExecutor-63][c.d.fuzztest.f.c] 
================================================================================
= Creating tests for 'source.B.method:(D)I' using 'SiM (!sp, fnm, df, !ris)'
================================================================================
22:34:55.148 [DEBUG] [Creating][analyzer-service:TimedExecutor-63][c.d.fuzztest.b.d] Refinement loop done: 2 seeds, 1+0 new+accumulated tests, 1+0 tests+partial tests, 79/1000 its
22:34:55.215 [INFO]  [Creating][analyzer-service:grpc-default-executor-0][c.d.fuzztest.f.v] Created 1+0 tests and partial tests via 'SiM (!sp, fnm, df, !ris)', 1/2, returning all 1
22:34:55.323 [INFO]  [Creating][pool-5-thread-1][c.d.cover.ui.d.b]      [4/14] source.B.method
22:34:55.323 [INFO]  [Creating][pool-5-thread-1][c.d.cover.ui.d.b]      [4/14]   Tests created: 1
22:34:55.329 [INFO]  [Creating][pool-5-thread-1][c.d.cover.ui.d.b] [2/7] source.B
22:34:55.331 [INFO]  [Creating][pool-5-thread-1][c.d.cover.ui.d.b] [2/7]   Tests created: 2
22:34:55.332 [INFO]  [Creating][pool-5-thread-1][c.d.cover.k.a.a] 
================================================================================
= Starting analysis for class 'source.C'
================================================================================
22:34:55.332 [INFO]  [Creating][pool-5-thread-1][c.d.cover.k.a.a] Filtering out non-testable methods...
22:34:55.332 [INFO]  [Creating][pool-5-thread-1][c.d.cover.k.a.a] Filtering of methods complete. Creating analysis request
22:34:55.332 [INFO]  [Creating][pool-5-thread-1][c.d.c.service.c] Attempting to get service client, retry 1.
22:34:55.357 [DEBUG] [Creating][analyzer-service:grpc-default-executor-0][c.d.fuzztest.d.a] Class information:
22:34:55.357 [DEBUG] [Creating][analyzer-service:grpc-default-executor-0][c.d.fuzztest.d.a]   Extends: class source.B
22:34:55.358 [DEBUG] [Creating][analyzer-service:grpc-default-executor-0][c.d.fuzztest.d.a]   Fields: int source.C.c
22:34:55.358 [DEBUG] [Creating][analyzer-service:grpc-default-executor-0][c.d.fuzztest.d.a]   Constructors: public source.C()
22:34:55.358 [DEBUG] [Creating][analyzer-service:grpc-default-executor-0][c.d.fuzztest.d.a]   Methods: int source.C.method(double)
22:34:55.376 [INFO]  [Creating][analyzer-service:TimedExecutor-103][c.d.fuzztest.f.c] 
================================================================================
= Creating tests for 'source.C.<init>:()V' using 'TrM (!sp, !fnm, df, !ris)'
================================================================================
22:34:55.509 [INFO]  [Creating][pool-5-thread-1][c.d.cover.ui.d.b]      [5/14] source.C.<init>
22:34:55.509 [INFO]  [Creating][pool-5-thread-1][c.d.cover.ui.d.b]      [5/14]   Tests created: 1
22:34:55.512 [INFO]  [Creating][analyzer-service:TimedExecutor-110][c.d.fuzztest.f.c] 
================================================================================
= Creating tests for 'source.C.method:(D)I' using 'SiM (!sp, fnm, df, !ris)'
================================================================================
22:34:55.688 [DEBUG] [Creating][analyzer-service:TimedExecutor-110][c.d.fuzztest.b.d] Refinement loop done: 2 seeds, 1+0 new+accumulated tests, 1+0 tests+partial tests, 67/1000 its
22:34:55.739 [INFO]  [Creating][analyzer-service:grpc-default-executor-0][c.d.fuzztest.f.v] Created 1+0 tests and partial tests via 'SiM (!sp, fnm, df, !ris)', 1/2, returning all 1
22:34:55.835 [INFO]  [Creating][pool-5-thread-1][c.d.cover.ui.d.b]      [6/14] source.C.method
22:34:55.835 [INFO]  [Creating][pool-5-thread-1][c.d.cover.ui.d.b]      [6/14]   Tests created: 1
22:34:55.842 [INFO]  [Creating][pool-5-thread-1][c.d.cover.ui.d.b] [3/7] source.C
22:34:55.843 [INFO]  [Creating][pool-5-thread-1][c.d.cover.ui.d.b] [3/7]   Tests created: 2
22:34:55.844 [INFO]  [Creating][pool-5-thread-1][c.d.cover.k.a.a] 
================================================================================
= Starting analysis for class 'source.D'
================================================================================
22:34:55.844 [INFO]  [Creating][pool-5-thread-1][c.d.cover.k.a.a] Filtering out non-testable methods...
22:34:55.844 [INFO]  [Creating][pool-5-thread-1][c.d.cover.k.a.a] Filtering of methods complete. Creating analysis request
22:34:55.844 [INFO]  [Creating][pool-5-thread-1][c.d.c.service.c] Attempting to get service client, retry 1.
22:34:55.870 [DEBUG] [Creating][analyzer-service:grpc-default-executor-0][c.d.fuzztest.d.a] Class information:
22:34:55.870 [DEBUG] [Creating][analyzer-service:grpc-default-executor-0][c.d.fuzztest.d.a]   Extends: class source.C
22:34:55.870 [DEBUG] [Creating][analyzer-service:grpc-default-executor-0][c.d.fuzztest.d.a]   Fields: int source.D.d
22:34:55.871 [DEBUG] [Creating][analyzer-service:grpc-default-executor-0][c.d.fuzztest.d.a]   Constructors: public source.D()
22:34:55.871 [DEBUG] [Creating][analyzer-service:grpc-default-executor-0][c.d.fuzztest.d.a]   Methods: int source.D.method(double)
22:34:55.901 [INFO]  [Creating][analyzer-service:TimedExecutor-145][c.d.fuzztest.f.c] 
================================================================================
= Creating tests for 'source.D.<init>:()V' using 'TrM (!sp, !fnm, df, !ris)'
================================================================================
22:34:56.067 [INFO]  [Creating][pool-5-thread-1][c.d.cover.ui.d.b]      [7/14] source.D.<init>
22:34:56.068 [INFO]  [Creating][pool-5-thread-1][c.d.cover.ui.d.b]      [7/14]   Tests created: 1
22:34:56.071 [INFO]  [Creating][analyzer-service:TimedExecutor-152][c.d.fuzztest.f.c] 
================================================================================
= Creating tests for 'source.D.method:(D)I' using 'SiM (!sp, fnm, df, !ris)'
================================================================================
22:34:56.305 [DEBUG] [Creating][analyzer-service:TimedExecutor-152][c.d.fuzztest.b.d] Refinement loop done: 2 seeds, 1+0 new+accumulated tests, 1+0 tests+partial tests, 55/1000 its
22:34:56.365 [INFO]  [Creating][analyzer-service:grpc-default-executor-1][c.d.fuzztest.f.v] Created 1+0 tests and partial tests via 'SiM (!sp, fnm, df, !ris)', 1/2, returning all 1
22:34:56.484 [INFO]  [Creating][pool-5-thread-1][c.d.cover.ui.d.b]      [8/14] source.D.method
22:34:56.484 [INFO]  [Creating][pool-5-thread-1][c.d.cover.ui.d.b]      [8/14]   Tests created: 1
22:34:56.490 [INFO]  [Creating][pool-5-thread-1][c.d.cover.ui.d.b] [4/7] source.D
22:34:56.491 [INFO]  [Creating][pool-5-thread-1][c.d.cover.ui.d.b] [4/7]   Tests created: 2
22:34:56.492 [INFO]  [Creating][pool-5-thread-1][c.d.cover.k.a.a] 
================================================================================
= Starting analysis for class 'source.E'
================================================================================
22:34:56.492 [INFO]  [Creating][pool-5-thread-1][c.d.cover.k.a.a] Filtering out non-testable methods...
22:34:56.492 [INFO]  [Creating][pool-5-thread-1][c.d.cover.k.a.a] Filtering of methods complete. Creating analysis request
22:34:56.493 [INFO]  [Creating][pool-5-thread-1][c.d.c.service.c] Attempting to get service client, retry 1.
22:34:56.519 [DEBUG] [Creating][analyzer-service:grpc-default-executor-1][c.d.fuzztest.d.a] Class information:
22:34:56.519 [DEBUG] [Creating][analyzer-service:grpc-default-executor-1][c.d.fuzztest.d.a]   Extends: class source.D
22:34:56.519 [DEBUG] [Creating][analyzer-service:grpc-default-executor-1][c.d.fuzztest.d.a]   Fields: int source.E.e
22:34:56.520 [DEBUG] [Creating][analyzer-service:grpc-default-executor-1][c.d.fuzztest.d.a]   Constructors: public source.E()
22:34:56.520 [DEBUG] [Creating][analyzer-service:grpc-default-executor-1][c.d.fuzztest.d.a]   Methods: int source.E.method(double)
22:34:56.541 [INFO]  [Creating][analyzer-service:TimedExecutor-182][c.d.fuzztest.f.c] 
================================================================================
= Creating tests for 'source.E.<init>:()V' using 'TrM (!sp, !fnm, df, !ris)'
================================================================================
22:34:56.706 [INFO]  [Creating][pool-5-thread-1][c.d.cover.ui.d.b]      [9/14] source.E.<init>
22:34:56.706 [INFO]  [Creating][pool-5-thread-1][c.d.cover.ui.d.b]      [9/14]   Tests created: 1
22:34:56.709 [INFO]  [Creating][analyzer-service:TimedExecutor-189][c.d.fuzztest.f.c] 
================================================================================
= Creating tests for 'source.E.method:(D)I' using 'SiM (!sp, fnm, df, !ris)'
================================================================================
22:34:56.825 [DEBUG] [Creating][analyzer-service:TimedExecutor-189][c.d.fuzztest.b.d] Refinement loop done: 2 seeds, 1+0 new+accumulated tests, 1+0 tests+partial tests, 43/1000 its
22:34:56.875 [INFO]  [Creating][analyzer-service:grpc-default-executor-1][c.d.fuzztest.f.v] Created 1+0 tests and partial tests via 'SiM (!sp, fnm, df, !ris)', 1/2, returning all 1
22:34:56.980 [INFO]  [Creating][pool-5-thread-1][c.d.cover.ui.d.b]     [10/14] source.E.method
22:34:56.980 [INFO]  [Creating][pool-5-thread-1][c.d.cover.ui.d.b]     [10/14]   Tests created: 1
22:34:56.986 [INFO]  [Creating][pool-5-thread-1][c.d.cover.ui.d.b] [5/7] source.E
22:34:56.988 [INFO]  [Creating][pool-5-thread-1][c.d.cover.ui.d.b] [5/7]   Tests created: 2
22:34:56.989 [INFO]  [Creating][pool-5-thread-1][c.d.cover.k.a.a] 
================================================================================
= Starting analysis for class 'source.F'
================================================================================
22:34:56.989 [INFO]  [Creating][pool-5-thread-1][c.d.cover.k.a.a] Filtering out non-testable methods...
22:34:56.989 [INFO]  [Creating][pool-5-thread-1][c.d.cover.k.a.a] Filtering of methods complete. Creating analysis request
22:34:56.989 [INFO]  [Creating][pool-5-thread-1][c.d.c.service.c] Attempting to get service client, retry 1.
22:34:57.016 [DEBUG] [Creating][analyzer-service:grpc-default-executor-1][c.d.fuzztest.d.a] Class information:
22:34:57.017 [DEBUG] [Creating][analyzer-service:grpc-default-executor-1][c.d.fuzztest.d.a]   Extends: class source.E
22:34:57.017 [DEBUG] [Creating][analyzer-service:grpc-default-executor-1][c.d.fuzztest.d.a]   Fields: int source.F.f
22:34:57.017 [DEBUG] [Creating][analyzer-service:grpc-default-executor-1][c.d.fuzztest.d.a]   Constructors: public source.F()
22:34:57.017 [DEBUG] [Creating][analyzer-service:grpc-default-executor-1][c.d.fuzztest.d.a]   Methods: int source.F.method(double)
22:34:57.035 [INFO]  [Creating][analyzer-service:TimedExecutor-214][c.d.fuzztest.f.c] 
================================================================================
= Creating tests for 'source.F.<init>:()V' using 'TrM (!sp, !fnm, df, !ris)'
================================================================================
22:34:57.181 [INFO]  [Creating][pool-5-thread-1][c.d.cover.ui.d.b]     [11/14] source.F.<init>
22:34:57.181 [INFO]  [Creating][pool-5-thread-1][c.d.cover.ui.d.b]     [11/14]   Tests created: 1
22:34:57.184 [INFO]  [Creating][analyzer-service:TimedExecutor-221][c.d.fuzztest.f.c] 
================================================================================
= Creating tests for 'source.F.method:(D)I' using 'SiM (!sp, fnm, df, !ris)'
================================================================================
22:34:57.279 [DEBUG] [Creating][analyzer-service:TimedExecutor-221][c.d.fuzztest.b.d] Refinement loop done: 2 seeds, 1+0 new+accumulated tests, 1+0 tests+partial tests, 31/1000 its
22:34:57.326 [INFO]  [Creating][analyzer-service:grpc-default-executor-1][c.d.fuzztest.f.v] Created 1+0 tests and partial tests via 'SiM (!sp, fnm, df, !ris)', 1/2, returning all 1
22:34:57.414 [INFO]  [Creating][pool-5-thread-1][c.d.cover.ui.d.b]     [12/14] source.F.method
22:34:57.414 [INFO]  [Creating][pool-5-thread-1][c.d.cover.ui.d.b]     [12/14]   Tests created: 1
22:34:57.421 [INFO]  [Creating][pool-5-thread-1][c.d.cover.ui.d.b] [6/7] source.F
22:34:57.422 [INFO]  [Creating][pool-5-thread-1][c.d.cover.ui.d.b] [6/7]   Tests created: 2
22:34:57.423 [INFO]  [Creating][pool-5-thread-1][c.d.cover.k.a.a] 
================================================================================
= Starting analysis for class 'source.G'
================================================================================
22:34:57.423 [INFO]  [Creating][pool-5-thread-1][c.d.cover.k.a.a] Filtering out non-testable methods...
22:34:57.424 [INFO]  [Creating][pool-5-thread-1][c.d.cover.k.a.a] Filtering of methods complete. Creating analysis request
22:34:57.424 [INFO]  [Creating][pool-5-thread-1][c.d.c.service.c] Attempting to get service client, retry 1.
22:34:57.451 [DEBUG] [Creating][analyzer-service:grpc-default-executor-1][c.d.fuzztest.d.a] Class information:
22:34:57.452 [DEBUG] [Creating][analyzer-service:grpc-default-executor-1][c.d.fuzztest.d.a]   Extends: class source.F
22:34:57.452 [DEBUG] [Creating][analyzer-service:grpc-default-executor-1][c.d.fuzztest.d.a]   Fields: int source.G.g
22:34:57.452 [DEBUG] [Creating][analyzer-service:grpc-default-executor-1][c.d.fuzztest.d.a]   Constructors: public source.G()
22:34:57.453 [DEBUG] [Creating][analyzer-service:grpc-default-executor-1][c.d.fuzztest.d.a]   Methods: int source.G.method(double)
22:34:57.475 [INFO]  [Creating][analyzer-service:TimedExecutor-241][c.d.fuzztest.f.c] 
================================================================================
= Creating tests for 'source.G.<init>:()V' using 'TrM (!sp, !fnm, df, !ris)'
================================================================================
22:34:57.654 [INFO]  [Creating][pool-5-thread-1][c.d.cover.ui.d.b]     [13/14] source.G.<init>
22:34:57.654 [INFO]  [Creating][pool-5-thread-1][c.d.cover.ui.d.b]     [13/14]   Tests created: 1
22:34:57.658 [INFO]  [Creating][analyzer-service:TimedExecutor-248][c.d.fuzztest.f.c] 
================================================================================
= Creating tests for 'source.G.method:(D)I' using 'SiM (!sp, fnm, df, !ris)'
================================================================================
22:34:57.738 [DEBUG] [Creating][analyzer-service:TimedExecutor-248][c.d.fuzztest.b.d] Refinement loop done: 2 seeds, 1+0 new+accumulated tests, 1+0 tests+partial tests, 19/1000 its
22:34:57.790 [INFO]  [Creating][analyzer-service:grpc-default-executor-1][c.d.fuzztest.f.v] Created 1+0 tests and partial tests via 'SiM (!sp, fnm, df, !ris)', 1/2, returning all 1
22:34:57.884 [INFO]  [Creating][pool-5-thread-1][c.d.cover.ui.d.b]     [14/14] source.G.method
22:34:57.884 [INFO]  [Creating][pool-5-thread-1][c.d.cover.ui.d.b]     [14/14]   Tests created: 1
22:34:57.892 [INFO]  [Creating][pool-5-thread-1][c.d.cover.ui.d.b] [7/7] source.G
22:34:57.894 [INFO]  [Creating][pool-5-thread-1][c.d.cover.ui.d.b] [7/7]   Tests created: 2
22:34:57.902 [INFO]  [Reporting][pool-5-thread-1][c.d.cover.ui.d.b] 
22:34:57.906 [INFO]  [Reporting][pool-5-thread-1][c.d.cover.ui.d.b] Summary:
22:34:57.906 [INFO]  [Reporting][pool-5-thread-1][c.d.cover.ui.d.b] --------
22:34:57.907 [INFO]  [Reporting][pool-5-thread-1][c.d.cover.ui.d.b] Total:                                              14 methods
22:34:57.908 [INFO]  [Reporting][pool-5-thread-1][c.d.cover.ui.d.b] 14 tests created for:                               14 methods
22:34:57.909 [INFO]  [Reporting][pool-5-thread-1][c.d.cover.ui.d.b] 
22:34:58.099 [INFO]  [Validating][main][c.d.cover.ui.a.j] 
22:34:58.100 [INFO]  [Validating][main][c.d.cover.ui.a.j] Running validation command.
22:34:58.104 [DEBUG] [Validating][main][c.d.cover.k.c.f] Validating tests with default internal Gradle "test" task: gradle test
22:34:58.106 [INFO]  [Validating][main][c.d.d.g.b] Running: Using JAVA_HOME: C:\Program Files\Java\jdk-17 : in C:\Users\cbontoiu\Desktop\DiffblueTutorials\DemoCLI\extra : gradle test -i  
22:34:59.494 [INFO]  [Validating][main][c.d.d.b.a] Standard output of build tool (gradle)
22:34:59.494 [INFO]  [Validating][main][c.d.d.b.a] > The client will now receive all logging from the daemon (pid: 7736). The daemon log file: C:\Users\cbontoiu\.gradle\daemon\8.2\daemon-7736.out.log
22:34:59.494 [INFO]  [Validating][main][c.d.d.b.a] > Starting 31st build in daemon [uptime: 1 hrs 45 mins 59.583 secs, performance: 100%, GC rate: 0.00/s, heap usage: 0% of 3.9 GiB]
22:34:59.494 [INFO]  [Validating][main][c.d.d.b.a] > Closing daemon's stdin at end of input.
22:34:59.494 [INFO]  [Validating][main][c.d.d.b.a] > The daemon will no longer process any standard input.
22:34:59.494 [INFO]  [Validating][main][c.d.d.b.a] > Using 8 worker leases.
22:34:59.494 [INFO]  [Validating][main][c.d.d.b.a] > Now considering [C:\Users\cbontoiu\Desktop\DiffblueTutorials\DemoCLI] as hierarchies to watch
22:34:59.494 [INFO]  [Validating][main][c.d.d.b.a] > Watching the file system is configured to be enabled if available
22:34:59.494 [INFO]  [Validating][main][c.d.d.b.a] > File system watching is active
22:34:59.494 [INFO]  [Validating][main][c.d.d.b.a] > Starting Build
22:34:59.494 [INFO]  [Validating][main][c.d.d.b.a] > Settings evaluated using settings file 'C:\Users\cbontoiu\Desktop\DiffblueTutorials\DemoCLI\settings.gradle'.
22:34:59.495 [INFO]  [Validating][main][c.d.d.b.a] > Projects loaded. Root project using build file 'C:\Users\cbontoiu\Desktop\DiffblueTutorials\DemoCLI\build.gradle'.
22:34:59.495 [INFO]  [Validating][main][c.d.d.b.a] > Included projects: [root project 'DemoCLI', project ':app', project ':common', project ':extra']
22:34:59.495 [INFO]  [Validating][main][c.d.d.b.a] > 
22:34:59.495 [INFO]  [Validating][main][c.d.d.b.a] > > Configure project :
22:34:59.495 [INFO]  [Validating][main][c.d.d.b.a] > Evaluating root project 'DemoCLI' using build file 'C:\Users\cbontoiu\Desktop\DiffblueTutorials\DemoCLI\build.gradle'.
22:34:59.495 [INFO]  [Validating][main][c.d.d.b.a] > 
22:34:59.495 [INFO]  [Validating][main][c.d.d.b.a] > > Configure project :app
22:34:59.495 [INFO]  [Validating][main][c.d.d.b.a] > Evaluating project ':app' using build file 'C:\Users\cbontoiu\Desktop\DiffblueTutorials\DemoCLI\app\build.gradle'.
22:34:59.495 [INFO]  [Validating][main][c.d.d.b.a] > 
22:34:59.495 [INFO]  [Validating][main][c.d.d.b.a] > > Configure project :common
22:34:59.495 [INFO]  [Validating][main][c.d.d.b.a] > Evaluating project ':common' using build file 'C:\Users\cbontoiu\Desktop\DiffblueTutorials\DemoCLI\common\build.gradle'.
22:34:59.495 [INFO]  [Validating][main][c.d.d.b.a] > 
22:34:59.495 [INFO]  [Validating][main][c.d.d.b.a] > > Configure project :extra
22:34:59.495 [INFO]  [Validating][main][c.d.d.b.a] > Evaluating project ':extra' using build file 'C:\Users\cbontoiu\Desktop\DiffblueTutorials\DemoCLI\extra\build.gradle'.
22:34:59.495 [INFO]  [Validating][main][c.d.d.b.a] > All projects evaluated.
22:34:59.495 [INFO]  [Validating][main][c.d.d.b.a] > Task path ':extra:test' matched project ':extra'
22:34:59.495 [INFO]  [Validating][main][c.d.d.b.a] > Task name matched 'test'
22:34:59.495 [INFO]  [Validating][main][c.d.d.b.a] > Selected primary task 'test' from project :extra
22:34:59.495 [INFO]  [Validating][main][c.d.d.b.a] > The configuration :extra:mainSourceElements is both consumable and declarable. This combination is incorrect, only one of these flags should be set.
22:34:59.495 [INFO]  [Validating][main][c.d.d.b.a] > Tasks to be executed: [task ':extra:compileJava', task ':extra:processResources', task ':extra:classes', task ':extra:compileTestJava', task ':extra:processTestResources', task ':extra:testClasses', task ':extra:test']
22:34:59.495 [INFO]  [Validating][main][c.d.d.b.a] > Tasks that were excluded: []
22:34:59.495 [INFO]  [Validating][main][c.d.d.b.a] > Resolve mutations for :extra:compileJava (Thread[Execution worker,5,main]) started.
22:34:59.495 [INFO]  [Validating][main][c.d.d.b.a] > :extra:compileJava (Thread[Execution worker Thread 6,5,main]) started.
22:34:59.495 [INFO]  [Validating][main][c.d.d.b.a] > 
22:34:59.495 [INFO]  [Validating][main][c.d.d.b.a] > > Task :extra:compileJava UP-TO-DATE
22:34:59.495 [INFO]  [Validating][main][c.d.d.b.a] > Caching disabled for task ':extra:compileJava' because:
22:34:59.495 [INFO]  [Validating][main][c.d.d.b.a] >   Build cache is disabled
22:34:59.495 [INFO]  [Validating][main][c.d.d.b.a] > Skipping task ':extra:compileJava' as it is up-to-date.
22:34:59.495 [INFO]  [Validating][main][c.d.d.b.a] > Resolve mutations for :extra:processResources (Thread[Execution worker Thread 6,5,main]) started.
22:34:59.495 [INFO]  [Validating][main][c.d.d.b.a] > :extra:processResources (Thread[Execution worker Thread 6,5,main]) started.
22:34:59.496 [INFO]  [Validating][main][c.d.d.b.a] > 
22:34:59.496 [INFO]  [Validating][main][c.d.d.b.a] > > Task :extra:processResources NO-SOURCE
22:34:59.496 [INFO]  [Validating][main][c.d.d.b.a] > Skipping task ':extra:processResources' as it has no source files and no previous output files.
22:34:59.496 [INFO]  [Validating][main][c.d.d.b.a] > Resolve mutations for :extra:classes (Thread[Execution worker Thread 6,5,main]) started.
22:34:59.496 [INFO]  [Validating][main][c.d.d.b.a] > :extra:classes (Thread[Execution worker Thread 7,5,main]) started.
22:34:59.496 [INFO]  [Validating][main][c.d.d.b.a] > 
22:34:59.496 [INFO]  [Validating][main][c.d.d.b.a] > > Task :extra:classes UP-TO-DATE
22:34:59.496 [INFO]  [Validating][main][c.d.d.b.a] > Skipping task ':extra:classes' as it has no actions.
22:34:59.496 [INFO]  [Validating][main][c.d.d.b.a] > Resolve mutations for :extra:compileTestJava (Thread[Execution worker Thread 7,5,main]) started.
22:34:59.496 [INFO]  [Validating][main][c.d.d.b.a] > :extra:compileTestJava (Thread[Execution worker Thread 7,5,main]) started.
22:34:59.496 [INFO]  [Validating][main][c.d.d.b.a] > 
22:34:59.496 [INFO]  [Validating][main][c.d.d.b.a] > > Task :extra:compileTestJava
22:34:59.496 [INFO]  [Validating][main][c.d.d.b.a] > Caching disabled for task ':extra:compileTestJava' because:
22:34:59.496 [INFO]  [Validating][main][c.d.d.b.a] >   Build cache is disabled
22:34:59.496 [INFO]  [Validating][main][c.d.d.b.a] > Task ':extra:compileTestJava' is not up-to-date because:
22:34:59.496 [INFO]  [Validating][main][c.d.d.b.a] >   Input property 'stableSources' file C:\Users\cbontoiu\Desktop\DiffblueTutorials\DemoCLI\extra\src\test\java\DummyJUnitJupiterLauncherDiffblueTest.java has been removed.
22:34:59.496 [INFO]  [Validating][main][c.d.d.b.a] >   Input property 'stableSources' file C:\Users\cbontoiu\Desktop\DiffblueTutorials\DemoCLI\extra\src\test\java\source\GDiffblueTest.java has been added.
22:34:59.496 [INFO]  [Validating][main][c.d.d.b.a] > Created classpath snapshot for incremental compilation in 0.002 secs.
22:34:59.496 [INFO]  [Validating][main][c.d.d.b.a] > Compiling with toolchain 'C:\Program Files\Java\jdk-17'.
22:34:59.496 [INFO]  [Validating][main][c.d.d.b.a] > Compiling with JDK Java compiler API.
22:34:59.496 [INFO]  [Validating][main][c.d.d.b.a] > Incremental compilation of 3 classes completed in 0.125 secs.
22:34:59.496 [INFO]  [Validating][main][c.d.d.b.a] > Class dependency analysis for incremental compilation took 0.005 secs.
22:34:59.496 [INFO]  [Validating][main][c.d.d.b.a] > Resolve mutations for :extra:processTestResources (Thread[Execution worker Thread 7,5,main]) started.
22:34:59.496 [INFO]  [Validating][main][c.d.d.b.a] > :extra:processTestResources (Thread[Execution worker Thread 7,5,main]) started.
22:34:59.496 [INFO]  [Validating][main][c.d.d.b.a] > 
22:34:59.496 [INFO]  [Validating][main][c.d.d.b.a] > > Task :extra:processTestResources NO-SOURCE
22:34:59.496 [INFO]  [Validating][main][c.d.d.b.a] > Skipping task ':extra:processTestResources' as it has no source files and no previous output files.
22:34:59.496 [INFO]  [Validating][main][c.d.d.b.a] > Resolve mutations for :extra:testClasses (Thread[Execution worker Thread 7,5,main]) started.
22:34:59.496 [INFO]  [Validating][main][c.d.d.b.a] > :extra:testClasses (Thread[Execution worker Thread 7,5,main]) started.
22:34:59.496 [INFO]  [Validating][main][c.d.d.b.a] > 
22:34:59.496 [INFO]  [Validating][main][c.d.d.b.a] > > Task :extra:testClasses
22:34:59.496 [INFO]  [Validating][main][c.d.d.b.a] > Skipping task ':extra:testClasses' as it has no actions.
22:34:59.496 [INFO]  [Validating][main][c.d.d.b.a] > Resolve mutations for :extra:test (Thread[Execution worker Thread 7,5,main]) started.
22:34:59.496 [INFO]  [Validating][main][c.d.d.b.a] > :extra:test (Thread[Execution worker Thread 7,5,main]) started.
22:34:59.497 [INFO]  [Validating][main][c.d.d.b.a] > Gradle Test Executor 30 started executing tests.
22:34:59.497 [INFO]  [Validating][main][c.d.d.b.a] > Gradle Test Executor 30 finished executing tests.
22:34:59.497 [INFO]  [Validating][main][c.d.d.b.a] > 
22:34:59.497 [INFO]  [Validating][main][c.d.d.b.a] > > Task :extra:test
22:34:59.497 [INFO]  [Validating][main][c.d.d.b.a] > Caching disabled for task ':extra:test' because:
22:34:59.497 [INFO]  [Validating][main][c.d.d.b.a] >   Build cache is disabled
22:34:59.497 [INFO]  [Validating][main][c.d.d.b.a] > Task ':extra:test' is not up-to-date because:
22:34:59.497 [INFO]  [Validating][main][c.d.d.b.a] >   Value of input property 'filter.failOnNoMatchingTests' has changed for task ':extra:test'
22:34:59.497 [INFO]  [Validating][main][c.d.d.b.a] >   Value of input property 'filter.includePatterns' has changed for task ':extra:test'
22:34:59.497 [INFO]  [Validating][main][c.d.d.b.a] > Starting process 'Gradle Test Executor 30'. Working directory: C:\Users\cbontoiu\Desktop\DiffblueTutorials\DemoCLI\extra Command: C:\Program Files\Java\jdk-17\bin\java.exe -Dorg.gradle.internal.worker.tmpdir=C:\Users\cbontoiu\Desktop\DiffblueTutorials\DemoCLI\extra\build\tmp\test\work -Dorg.gradle.native=false @C:\Users\cbontoiu\.gradle\.tmp\gradle-worker-classpath10218286719917789575txt -Xmx512m -Dfile.encoding=windows-1252 -Duser.country=GB -Duser.language=en -Duser.variant -ea worker.org.gradle.process.internal.worker.GradleWorkerMain 'Gradle Test Executor 30'
22:34:59.497 [INFO]  [Validating][main][c.d.d.b.a] > Successfully started process 'Gradle Test Executor 30'
22:34:59.497 [INFO]  [Validating][main][c.d.d.b.a] > Finished generating test XML results (0.01 secs) into: C:\Users\cbontoiu\Desktop\DiffblueTutorials\DemoCLI\extra\build\test-results\test
22:34:59.497 [INFO]  [Validating][main][c.d.d.b.a] > Generating HTML test report...
22:34:59.497 [INFO]  [Validating][main][c.d.d.b.a] > Finished generating test html results (0.014 secs) into: C:\Users\cbontoiu\Desktop\DiffblueTutorials\DemoCLI\extra\build\reports\tests\test
22:34:59.497 [INFO]  [Validating][main][c.d.d.b.a] > 
22:34:59.497 [INFO]  [Validating][main][c.d.d.b.a] > Deprecated Gradle features were used in this build, making it incompatible with Gradle 9.0.
22:34:59.497 [INFO]  [Validating][main][c.d.d.b.a] > 
22:34:59.497 [INFO]  [Validating][main][c.d.d.b.a] > You can use '--warning-mode all' to show the individual deprecation warnings and determine if they come from your own scripts or plugins.
22:34:59.497 [INFO]  [Validating][main][c.d.d.b.a] > 
22:34:59.497 [INFO]  [Validating][main][c.d.d.b.a] > For more on this, please refer to https://docs.gradle.org/8.2/userguide/command_line_interface.html#sec:command_line_warnings in the Gradle documentation.
22:34:59.497 [INFO]  [Validating][main][c.d.d.b.a] > 
22:34:59.497 [INFO]  [Validating][main][c.d.d.b.a] > BUILD SUCCESSFUL in 1s
22:34:59.497 [INFO]  [Validating][main][c.d.d.b.a] > 3 actionable tasks: 2 executed, 1 up-to-date
22:34:59.497 [INFO]  [Validating][main][c.d.d.b.a] > Watched directory hierarchies: [C:\Users\cbontoiu\Desktop\DiffblueTutorials\DemoCLI]
22:34:59.497 [INFO]  [Validating][main][c.d.d.b.a] Standard error of build tool (gradle)
22:34:59.497 [INFO]  [Validating][main][c.d.d.b.a] > 
22:34:59.500 [DEBUG] [Validating][main][c.d.cover.k.c.f] Parsing test reports from default dir: C:\Users\cbontoiu\Desktop\DiffblueTutorials\DemoCLI\extra\build\test-results\test
22:34:59.510 [INFO]  [Validating][main][c.d.cover.ui.a.j] All 14 created tests were successfully validated.
22:34:59.585 [DEBUG] [Reporting][main][c.d.c.r.StructuredReportManager] Run metrics:
Total time:                29.5s
Environment detection:      0.8s ( 2.8%)
Indexing:                   0.3s ( 1.1%)
Entry points:               0.8s ( 2.7%)
Test generation:           15.4s (52.2%)
  - Index query:            3.5s (11.9%)
Test verification:          3.1s (10.6%)
Test validation:            1.4s ( 4.8%)
Other:                      7.6s (25.9%)
Time to first test:        21.3s (72.4%)
Time to last test:         27.8s (94.3%)
22:34:59.588 [INFO]  [Reporting][main][c.d.cover.ui.a.j] Writing JSON report to C:\Users\cbontoiu\Desktop\DiffblueTutorials\DemoCLI\extra\.diffblue\reports\report.json
22:34:59.632 [INFO]  [Reporting][main][c.d.cover.ui.a.b] Log file: C:\Users\cbontoiu\Desktop\DiffblueTutorials\DemoCLI\extra\.diffblue\log\user-20230917T223429.log
22:34:59.633 [INFO]  [Reporting][main][c.d.cover.ui.a.u] Finished in 29s
