22:07:42.108 [DEBUG] [Preparing][main][c.d.cover.ui.a.u] Client heap size: 4028 MB
22:07:42.117 [INFO]  [Preparing][main][c.d.cover.ui.a.u] Diffblue Cover 2023.09.01-9200f07-unrestricted
22:07:42.118 [INFO]  [Preparing][main][c.d.cover.ui.a.u] 
22:07:42.119 [INFO]  [Preparing][main][c.d.cover.ui.a.u] Running: dcover create --working-directory=extra source --keep-partial-tests
22:07:44.058 [INFO]  [Checking][main][c.d.cover.ui.a.j] Detecting environment:
22:07:44.059 [INFO]  [Checking][main][c.d.cover.ui.a.j] ----------------------
22:07:44.132 [INFO]  [Checking][main][c.d.cover.ui.a.j] Detected Java version 17.0.6
22:07:45.508 [DEBUG] [Checking][main][c.d.d.g.a] Querying Gradle project info using --init-script C:\Users\cbontoiu\AppData\Local\Temp\diffblueGradleInit5134820045744552653.gradle and plugin C:\Users\cbontoiu\AppData\Local\Temp\diffblueGradlePlugin10685849174318894720.jar
22:07:45.510 [DEBUG] [Checking][gradle][c.d.d.g.a] cmd: gradle --init-script C:\Users\cbontoiu\AppData\Local\Temp\diffblueGradleInit5134820045744552653.gradle --info (equivalent via API)
22:07:45.625 [DEBUG] [Checking][gradle][c.d.d.g.a] out: The client will now receive all logging from the daemon (pid: 7668). The daemon log file: C:\Users\cbontoiu\.gradle\daemon\8.2\daemon-7668.out.log
22:07:45.625 [DEBUG] [Checking][gradle][c.d.d.g.a] out: Starting 15th build in daemon [uptime: 1 hrs 19 mins 15.148 secs, performance: 99%, GC rate: 0.00/s, heap usage: 0% of 512 MiB, non-heap usage: 19% of 384 MiB]
22:07:45.626 [DEBUG] [Checking][gradle][c.d.d.g.a] out: Closing daemon's stdin at end of input.
22:07:45.626 [DEBUG] [Checking][gradle][c.d.d.g.a] out: The daemon will no longer process any standard input.
22:07:45.626 [DEBUG] [Checking][gradle][c.d.d.g.a] out: Using 8 worker leases.
22:07:45.626 [DEBUG] [Checking][gradle][c.d.d.g.a] out: Now considering [C:\Users\cbontoiu\Desktop\DiffblueTutorials\DemoCLI] as hierarchies to watch
22:07:45.626 [DEBUG] [Checking][gradle][c.d.d.g.a] out: Watching the file system is configured to be enabled if available
22:07:45.626 [DEBUG] [Checking][gradle][c.d.d.g.a] out: File system watching is active
22:07:45.626 [DEBUG] [Checking][gradle][c.d.d.g.a] out: Compiling initialization script 'C:\Users\cbontoiu\AppData\Local\Temp\diffblueGradleInit5134820045744552653.gradle' using SubsetScriptTransformer.
22:07:45.626 [DEBUG] [Checking][gradle][c.d.d.g.a] out: Invalidating in-memory cache of C:\Users\cbontoiu\.gradle\caches\8.2\fileHashes\fileHashes.bin
22:07:45.626 [DEBUG] [Checking][gradle][c.d.d.g.a] out: Invalidating in-memory cache of C:\Users\cbontoiu\.gradle\caches\8.2\fileHashes\resourceHashesCache.bin
22:07:45.720 [DEBUG] [Checking][gradle][c.d.d.g.a] out: Invalidating in-memory cache of C:\Users\cbontoiu\.gradle\caches\journal-1\file-access.bin
22:07:45.720 [DEBUG] [Checking][gradle][c.d.d.g.a] out: The configuration classpath is both resolvable and consumable. This is considered a legacy configuration and it will eventually only be possible to be one of these.
22:07:45.720 [DEBUG] [Checking][gradle][c.d.d.g.a] out: The configuration classpath is both consumable and declarable. This combination is incorrect, only one of these flags should be set.
22:07:45.720 [DEBUG] [Checking][gradle][c.d.d.g.a] out: The configuration classpath is both resolvable and consumable. This is considered a legacy configuration and it will eventually only be possible to be one of these.
22:07:45.720 [DEBUG] [Checking][gradle][c.d.d.g.a] out: The configuration classpath is both consumable and declarable. This combination is incorrect, only one of these flags should be set.
22:07:45.720 [DEBUG] [Checking][gradle][c.d.d.g.a] out: Compiling initialization script 'C:\Users\cbontoiu\AppData\Local\Temp\diffblueGradleInit5134820045744552653.gradle' using BuildScriptTransformer.
22:07:46.047 [DEBUG] [Checking][gradle][c.d.d.g.a] out: Starting Build
22:07:46.047 [DEBUG] [Checking][gradle][c.d.d.g.a] out: Settings evaluated using settings file 'C:\Users\cbontoiu\Desktop\DiffblueTutorials\DemoCLI\settings.gradle'.
22:07:46.047 [DEBUG] [Checking][gradle][c.d.d.g.a] out: Projects loaded. Root project using build file 'C:\Users\cbontoiu\Desktop\DiffblueTutorials\DemoCLI\build.gradle'.
22:07:46.047 [DEBUG] [Checking][gradle][c.d.d.g.a] out: Included projects: [root project 'DemoCLI', project ':app', project ':common', project ':extra']
22:07:46.048 [DEBUG] [Checking][gradle][c.d.d.g.a] out: 
22:07:46.048 [DEBUG] [Checking][gradle][c.d.d.g.a] out: > Configure project :
22:07:46.049 [DEBUG] [Checking][gradle][c.d.d.g.a] out: Evaluating root project 'DemoCLI' using build file 'C:\Users\cbontoiu\Desktop\DiffblueTutorials\DemoCLI\build.gradle'.
22:07:46.049 [DEBUG] [Checking][gradle][c.d.d.g.a] out: 
22:07:46.049 [DEBUG] [Checking][gradle][c.d.d.g.a] out: > Configure project :app
22:07:46.049 [DEBUG] [Checking][gradle][c.d.d.g.a] out: Evaluating project ':app' using build file 'C:\Users\cbontoiu\Desktop\DiffblueTutorials\DemoCLI\app\build.gradle'.
22:07:46.049 [DEBUG] [Checking][gradle][c.d.d.g.a] out: Configuring Jacoco Plugin for use with Diffblue Cover
22:07:46.049 [DEBUG] [Checking][gradle][c.d.d.g.a] out: Configuring task :app:test for use with Diffblue Cover
22:07:46.049 [DEBUG] [Checking][gradle][c.d.d.g.a] out: ignoreFailures: false
22:07:46.049 [DEBUG] [Checking][gradle][c.d.d.g.a] out: excludes: []
22:07:46.049 [DEBUG] [Checking][gradle][c.d.d.g.a] out: includes: []
22:07:46.049 [DEBUG] [Checking][gradle][c.d.d.g.a] out: Configuring task :app:jacocoTestReport for use with Diffblue Cover
22:07:46.049 [DEBUG] [Checking][gradle][c.d.d.g.a] out: Configuring task :app:jacocoTestReportDeletePrevious for use with Diffblue Cover
22:07:46.049 [DEBUG] [Checking][gradle][c.d.d.g.a] out: Configuring task :app:jacocoTestReportPrepareEmptyExec for use with Diffblue Cover
22:07:46.049 [DEBUG] [Checking][gradle][c.d.d.g.a] out: 
22:07:46.049 [DEBUG] [Checking][gradle][c.d.d.g.a] out: > Configure project :common
22:07:46.049 [DEBUG] [Checking][gradle][c.d.d.g.a] out: Evaluating project ':common' using build file 'C:\Users\cbontoiu\Desktop\DiffblueTutorials\DemoCLI\common\build.gradle'.
22:07:46.049 [DEBUG] [Checking][gradle][c.d.d.g.a] out: Configuring Jacoco Plugin for use with Diffblue Cover
22:07:46.049 [DEBUG] [Checking][gradle][c.d.d.g.a] out: Configuring task :common:test for use with Diffblue Cover
22:07:46.049 [DEBUG] [Checking][gradle][c.d.d.g.a] out: ignoreFailures: false
22:07:46.050 [DEBUG] [Checking][gradle][c.d.d.g.a] out: excludes: []
22:07:46.050 [DEBUG] [Checking][gradle][c.d.d.g.a] out: includes: []
22:07:46.050 [DEBUG] [Checking][gradle][c.d.d.g.a] out: Configuring task :common:jacocoTestReport for use with Diffblue Cover
22:07:46.050 [DEBUG] [Checking][gradle][c.d.d.g.a] out: Configuring task :common:jacocoTestReportDeletePrevious for use with Diffblue Cover
22:07:46.050 [DEBUG] [Checking][gradle][c.d.d.g.a] out: Configuring task :common:jacocoTestReportPrepareEmptyExec for use with Diffblue Cover
22:07:46.050 [DEBUG] [Checking][gradle][c.d.d.g.a] out: 
22:07:46.050 [DEBUG] [Checking][gradle][c.d.d.g.a] out: > Configure project :extra
22:07:46.050 [DEBUG] [Checking][gradle][c.d.d.g.a] out: Evaluating project ':extra' using build file 'C:\Users\cbontoiu\Desktop\DiffblueTutorials\DemoCLI\extra\build.gradle'.
22:07:46.050 [DEBUG] [Checking][gradle][c.d.d.g.a] out: Configuring Jacoco Plugin for use with Diffblue Cover
22:07:46.050 [DEBUG] [Checking][gradle][c.d.d.g.a] out: Configuring task :extra:test for use with Diffblue Cover
22:07:46.050 [DEBUG] [Checking][gradle][c.d.d.g.a] out: ignoreFailures: false
22:07:46.050 [DEBUG] [Checking][gradle][c.d.d.g.a] out: excludes: []
22:07:46.050 [DEBUG] [Checking][gradle][c.d.d.g.a] out: includes: []
22:07:46.050 [DEBUG] [Checking][gradle][c.d.d.g.a] out: Configuring task :extra:jacocoTestReport for use with Diffblue Cover
22:07:46.050 [DEBUG] [Checking][gradle][c.d.d.g.a] out: Configuring task :extra:jacocoTestReportDeletePrevious for use with Diffblue Cover
22:07:46.050 [DEBUG] [Checking][gradle][c.d.d.g.a] out: Configuring task :extra:jacocoTestReportPrepareEmptyExec for use with Diffblue Cover
22:07:46.050 [DEBUG] [Checking][gradle][c.d.d.g.a] out: All projects evaluated.
22:07:46.050 [DEBUG] [Checking][gradle][c.d.d.g.a] out: The configuration :extra:coverageDataElementsForTest is both consumable and declarable. This combination is incorrect, only one of these flags should be set.
22:07:46.050 [DEBUG] [Checking][gradle][c.d.d.g.a] out: The configuration :extra:mainSourceElements is both consumable and declarable. This combination is incorrect, only one of these flags should be set.
22:07:46.113 [DEBUG] [Checking][gradle][c.d.d.g.a] out: 
22:07:46.113 [DEBUG] [Checking][gradle][c.d.d.g.a] out: CONFIGURE SUCCESSFUL in 556ms
22:07:46.113 [DEBUG] [Checking][gradle][c.d.d.g.a] out: Watched directory hierarchies: [C:\Users\cbontoiu\Desktop\DiffblueTutorials\DemoCLI]
22:07:46.511 [INFO]  [Checking][main][c.d.cover.ui.a.j] Detected build system: Gradle 8.2
22:07:46.515 [INFO]  [Checking][main][c.d.cover.n.a.ai] Operating System: Windows 11 amd64 10.0
22:07:46.515 [INFO]  [Checking][main][c.d.cover.n.a.ai] Default charset: windows-1252
22:07:46.516 [INFO]  [Checking][main][c.d.cover.n.a.ai] Default locale: en_GB
22:07:46.516 [INFO]  [Checking][main][c.d.cover.n.a.ai] Default time zone: Europe/London
22:07:46.517 [INFO]  [Checking][main][c.d.cover.ui.a.j] Selected build system: Gradle
22:07:46.521 [INFO]  [Checking][main][c.d.cover.ui.a.j] Selected classpath from build system Gradle
22:07:46.522 [INFO]  [Checking][main][c.d.cover.n.c.b] Expanded classpath: 
C:\Users\cbontoiu\Desktop\DiffblueTutorials\DemoCLI\extra\build\classes\java\main (code under test)
C:\Users\cbontoiu\Desktop\DiffblueTutorials\DemoCLI\extra\build\resources\test
C:\Users\cbontoiu\Desktop\DiffblueTutorials\DemoCLI\extra\build\resources\main
C:\Users\cbontoiu\.gradle\caches\modules-2\files-2.1\org.junit.jupiter\junit-jupiter\5.9.1\9274d3757e224bc02eae367bd481062a263c150b\junit-jupiter-5.9.1.jar
C:\Users\cbontoiu\.gradle\caches\modules-2\files-2.1\org.junit.jupiter\junit-jupiter-params\5.9.1\ffcd1013edaeee112be11fcddeb38882d79238de\junit-jupiter-params-5.9.1.jar
C:\Users\cbontoiu\.gradle\caches\modules-2\files-2.1\org.junit.jupiter\junit-jupiter-engine\5.9.1\1bf771097bde296c3ab174861954e8aafaaf2e94\junit-jupiter-engine-5.9.1.jar
C:\Users\cbontoiu\.gradle\caches\modules-2\files-2.1\org.junit.jupiter\junit-jupiter-api\5.9.1\7bb53fbc0173e9f6a9d21d58297af94b1f2f9ce1\junit-jupiter-api-5.9.1.jar
C:\Users\cbontoiu\.gradle\caches\modules-2\files-2.1\org.junit.platform\junit-platform-engine\1.9.1\83591e5089d6cea5f324aa3ecca9b19d5a275803\junit-platform-engine-1.9.1.jar
C:\Users\cbontoiu\.gradle\caches\modules-2\files-2.1\org.junit.platform\junit-platform-commons\1.9.1\3145f821b5cd10abcdc5f925baa5fffa6f1b628f\junit-platform-commons-1.9.1.jar
C:\Users\cbontoiu\.gradle\caches\modules-2\files-2.1\org.mockito\mockito-core\5.4.0\30bcbe79f7bd51b53debfc4c6014d0bea4935e37\mockito-core-5.4.0.jar
C:\Users\cbontoiu\.gradle\caches\modules-2\files-2.1\net.bytebuddy\byte-buddy\1.14.5\28a424c0c4f362568e904d992c239c996cf7adc7\byte-buddy-1.14.5.jar
C:\Users\cbontoiu\.gradle\caches\modules-2\files-2.1\net.bytebuddy\byte-buddy-agent\1.14.5\20f4e9b9d0ffb953657bfa4b92c0cceb27907d58\byte-buddy-agent-1.14.5.jar
C:\Users\cbontoiu\.gradle\caches\modules-2\files-2.1\org.objenesis\objenesis\3.3\1049c09f1de4331e8193e579448d0916d75b7631\objenesis-3.3.jar
C:\Users\cbontoiu\.gradle\caches\modules-2\files-2.1\org.opentest4j\opentest4j\1.2.0\28c11eb91f9b6d8e200631d46e20a7f407f2a046\opentest4j-1.2.0.jar
22:07:46.646 [INFO]  [Checking][main][c.d.cover.ui.a.j] Detected test framework: JUnit Jupiter 5.9.1
22:07:46.650 [INFO]  [Checking][main][c.d.cover.ui.a.j] Detected JUnit Jupiter version 5.9.1
22:07:46.655 [INFO]  [Checking][main][c.d.cover.ui.a.j] Detected JUnit Jupiter Params version 5.9.1
22:07:46.686 [INFO]  [Checking][main][c.d.cover.ui.a.j] Detected Mockito version 5.4.0
22:07:47.191 [INFO]  [Checking][main][c.d.cover.ui.a.j] Indexing...
22:07:47.522 [INFO]  [Checking][main][c.d.cover.ui.a.j] Selected test output directory: C:\Users\cbontoiu\Desktop\DiffblueTutorials\DemoCLI\extra\src\test\java
22:07:47.530 [INFO]  [Checking][main][c.d.d.g.b] Running: Using JAVA_HOME: C:\Program Files\Java\jdk-17 : in C:\Users\cbontoiu\Desktop\DiffblueTutorials\DemoCLI\extra : gradle test -i  DummyJupiterDiffblueTest
22:07:49.241 [DEBUG] [Checking][main][c.d.cover.n.c.m] JUnitJupiter5 is present
22:07:49.241 [DEBUG] [Checking][main][c.d.cover.n.c.m] JUnitJupiter5 is supported
22:07:49.241 [DEBUG] [Checking][main][c.d.cover.n.c.m] JUnit 5 is present and either it's not been specified by the user or it is the same as the version the user specified
22:07:49.242 [INFO]  [Checking][main][c.d.cover.ui.a.j] Selected test framework: JUnit Jupiter
22:07:49.273 [INFO]  [Checking][main][c.d.d.g.b] Running: Using JAVA_HOME: C:\Program Files\Java\jdk-17 : in C:\Users\cbontoiu\Desktop\DiffblueTutorials\DemoCLI\extra : gradle test -i  DummyJUnitJupiterLauncherDiffblueTest
22:07:50.411 [INFO]  [Checking][main][c.d.cover.ui.a.j] Detected JVM architecture: 64-Bit
22:07:51.030 [INFO]  [Checking][main][c.d.cover.ui.a.j] Selected Java language compliance level: 17
22:07:51.031 [INFO]  [Checking][main][c.d.cover.ui.a.j] Selected test validation: enabled
22:07:51.034 [INFO]  [Checking][main][c.d.cover.ui.a.j] Prefixes for filtering classes/methods:
22:07:51.037 [INFO]  [Checking][main][c.d.cover.ui.a.j] - source
22:07:51.038 [INFO]  [Checking][main][c.d.cover.ui.a.j] Gathering methods to test...
22:07:51.769 [INFO]  [Reporting][main][c.d.cover.ui.a.j] 
22:07:51.769 [INFO]  [Reporting][main][c.d.cover.ui.a.j] Environment summary:
22:07:51.769 [INFO]  [Reporting][main][c.d.cover.ui.a.j] --------------------
22:07:51.772 [INFO]  [Reporting][main][c.d.cover.ui.a.j] Java version                  17.0.6                        SUCCESS        
22:07:51.772 [INFO]  [Reporting][main][c.d.cover.ui.a.j] Build system                  Gradle                        SUCCESS        
22:07:51.772 [INFO]  [Reporting][main][c.d.cover.ui.a.j] Mocking Framework             Mockito 5.4.0                 SUCCESS        
22:07:51.772 [DEBUG] [Reporting][main][c.d.cover.ui.a.j] Surefire version              Skipped                       -----          
22:07:51.772 [INFO]  [Reporting][main][c.d.cover.ui.a.j] Testing framework             JUnit Jupiter 5               SUCCESS        
22:07:51.772 [DEBUG] [Reporting][main][c.d.cover.ui.a.j] JavaEE version                Skipped                       -----          
22:07:51.772 [DEBUG] [Reporting][main][c.d.cover.ui.a.j] JaCoCo plugin version         Skipped                       -----          
22:07:51.772 [INFO]  [Reporting][main][c.d.cover.ui.a.j] Launcher                      JUnit Jupiter                 SUCCESS        
22:07:51.772 [INFO]  [Reporting][main][c.d.cover.ui.a.j] Test validation               Enabled                       SUCCESS        
22:07:51.772 [DEBUG] [Reporting][main][c.d.cover.ui.a.j] Hamcrest                      Not Detected                  -----          
22:07:51.772 [DEBUG] [Reporting][main][c.d.cover.ui.a.j] Spring Core                   Not Detected                  -----          
22:07:51.772 [DEBUG] [Reporting][main][c.d.cover.ui.a.j] Spring Boot                   Skipped                       -----          
22:07:51.772 [DEBUG] [Reporting][main][c.d.cover.ui.a.j] Spring Boot Test              Skipped                       -----          
22:07:51.772 [DEBUG] [Reporting][main][c.d.cover.ui.a.j] Spring Web                    Skipped                       -----          
22:07:51.772 [DEBUG] [Reporting][main][c.d.cover.ui.a.j] Spring Security Web           Skipped                       -----          
22:07:51.772 [DEBUG] [Reporting][main][c.d.cover.ui.a.j] Spring Test                   Skipped                       -----          
22:07:51.772 [INFO]  [Reporting][main][c.d.cover.ui.a.j] 
22:07:51.773 [INFO]  [Reporting][main][c.d.cover.ui.a.j] Environment check status: SUCCESS
22:07:51.803 [DEBUG] [Creating][pool-5-thread-1][c.d.cover.k.a.g] Configuration:
Module: 
Configuration: 
 features=[TESTING_FRAMEWORK_JUNIT_JUPITER5, JUNIT_JUPITER_PARAMS, MOCKING, MOCKITO_SESSION, INCLUDE_SYSTEM_ENVIRONMENT_VARIABLES, INLINE_ACT_INTO_ASSERT, INLINE_ARRANGE_INTO_ACT_ASSERT, INLINE_CHAINED_MEMBER_ACCESSES, INLINE_CONSTRUCTORS, INLINE_IMMEDIATE_VALUES, JOIN_SIMPLE_TESTS, SHOW_SECTION_COMMENTS, KEEP_NON_COMPILING_TESTS, KEEP_NONDETERMINISTIC_TESTS, KEEP_TESTS_WITHOUT_ASSERTIONS, KEEP_TESTS_WITH_VIOLATIONS, KEEP_THROWING_TESTS, PREFLIGHT_ENABLE_TEST_EXECUTION, REPORT, SANDBOXING, VALIDATION, ANALYZER_SERVICE, VERIFICATION]
 analyzerServiceIdleTimeout=PT2M
 coverReportsBaseUrl=Optional.empty
 coverReportsGroupName=17/09/2023, 22:07
 coverReportsProject=Optional.empty
 environmentVariables={}
 complianceLevel=17
 fuzzingIterations=1000
 jacocoCommandDiffblue=Optional.empty
 jacocoCommandManual=Optional.empty
 jacocoXmlTestReport=Optional.empty
 jacocoXmlTestReportDiffblue=C:\Users\cbontoiu\Desktop\DiffblueTutorials\DemoCLI\extra\.diffblue\reports\diffblue-tests-jacoco-report.xml
 jacocoXmlTestReportManual=C:\Users\cbontoiu\Desktop\DiffblueTutorials\DemoCLI\extra\.diffblue\reports\manual-tests-jacoco-report.xml
 sandboxAllowedJavaNativeInterfacePrefixes=[]
 mockingFramework=MOCKITO_5_0_0
 mockClasses=[]
 mockStaticClasses=[]
 workingDirectory=C:\Users\cbontoiu\Desktop\DiffblueTutorials\DemoCLI\extra
 classpath=Classpath(14 full entries, 1 code under test entries)
 warningsToSuppress=[]
 perMethodTimeouts=Timeouts{softTimeout=PT20S, initialExecutionTimeout=PT20S, hardTimeout=PT1M, springStartupTimeout=PT4M}
 reportFile=C:\Users\cbontoiu\Desktop\DiffblueTutorials\DemoCLI\extra\.diffblue\reports\report.json
 activeProfiles=[]
 classScheme=${CLASS_NAME}DiffblueTest
 methodScheme=test${INNER_CLASS_NAME}${METHOD_NAME}
 springConfigurationClasses=[]
 testOutputDirectory=C:\Users\cbontoiu\Desktop\DiffblueTutorials\DemoCLI\extra\src\test\java
 validationCommand=Optional.empty
 validationTimeout=PT30M
 jacocoVersion=null
 observerMethodSpecification=MethodSpecification[excludedPrefixes=[]]
 analyzerServiceRestartFrequency=50

22:07:51.806 [INFO]  [Creating][pool-5-thread-1][c.d.cover.ui.d.b] Found 8 callable methods in 4 classes
22:07:51.807 [INFO]  [Creating][pool-5-thread-1][c.d.cover.k.a.a] 
22:07:51.808 [INFO]  [Creating][pool-5-thread-1][c.d.cover.k.a.a] Creating tests:
22:07:51.809 [INFO]  [Creating][pool-5-thread-1][c.d.cover.k.a.a] ---------------
22:07:51.825 [INFO]  [Creating][pool-5-thread-1][c.d.cover.k.a.a] 
================================================================================
= Starting analysis for class 'source.A'
================================================================================
22:07:51.826 [INFO]  [Creating][pool-5-thread-1][c.d.cover.k.a.a] Filtering out non-testable methods...
22:07:53.315 [INFO]  [Creating][pool-5-thread-1][c.d.cover.k.a.a] Filtering of methods complete. Creating analysis request
22:07:53.316 [INFO]  [Creating][pool-5-thread-1][c.d.c.service.c] Attempting to get service client, retry 1.
22:07:53.323 [INFO]  [Creating][pool-5-thread-1][c.d.c.service.c] Starting monitoring server.
22:07:53.507 [INFO]  [Creating][pool-5-thread-1][c.d.c.service.c] Monitoring server listening on localhost/127.0.0.1:55344
22:07:53.510 [INFO]  [Creating][pool-5-thread-1][c.d.c.service.c] Starting analyzer server process...
22:07:53.510 [INFO]  [Creating][pool-5-thread-1][c.d.c.service.c] Server command-line: C:\Program Files\Java\jdk-17\bin\java.exe -XX:+IgnoreUnrecognizedVMOptions -Djdk.attach.allowAttachSelf=true -ea -javaagent:C:\DiffblueCoverProduct\launcher-shared-jar.jar -Dlogback.configurationFile=C:\Users\cbontoiu\AppData\Local\Temp\diffblue\config\logback-remote-service.xml -Dcom.diffblue.springIsolationJar=C:\DiffblueCoverProduct\cover-isolation-layer.jar -Dcover.jar.path=C:\DiffblueCoverProduct\cover-service-analyzer.jar -Dcom.diffblue.assertionSuggestionJar=C:\DiffblueCoverProduct\cover-service-analyzer.jar -Dcover.main.class=com.diffblue.cover.service.analyzer.Main -jar C:\DiffblueCoverProduct\launcher-shared-jar.jar --service-lifespan 120 --monitoring-service-port 55344 --index-service-port 55344 --debug-log
22:07:53.521 [INFO]  [Creating][pool-5-thread-1][c.d.c.service.c] Server started. Waiting up to 300 seconds for a connection to be established...
22:07:54.284 [DEBUG] [Creating][nullmain][c.d.c.s.a.Main] Service heap size: 4028 MB
22:07:54.379 [INFO]  [Creating][nullmain][c.d.c.s.a.a.b] Starting new remote monitor client
22:07:55.069 [INFO]  [Creating][analyzer-service:main][c.d.c.s.a.a.b] Attempting to start remote server.
22:07:55.326 [INFO]  [Creating][analyzer-service:main][c.d.c.s.a.a.a] Server started, listening on localhost/127.0.0.1:55346
22:07:55.540 [INFO]  [Creating][pool-5-thread-1][c.d.c.service.c] Expect analyzer service to be listening on port 55346.
22:07:56.124 [INFO]  [Creating][pool-5-thread-1][c.d.c.service.c] Started analyzer service and client retrieved.
22:07:58.094 [DEBUG] [Creating][analyzer-service:grpc-default-executor-0][c.d.fuzztest.d.a] Class information:
22:07:58.095 [DEBUG] [Creating][analyzer-service:grpc-default-executor-0][c.d.fuzztest.d.a]   Fields: int source.A.a
22:07:58.097 [DEBUG] [Creating][analyzer-service:grpc-default-executor-0][c.d.fuzztest.d.a]   Constructors: public source.A()
22:07:58.097 [DEBUG] [Creating][analyzer-service:grpc-default-executor-0][c.d.fuzztest.d.a]   Methods: int source.A.method(double)
22:07:58.678 [INFO]  [Creating][analyzer-service:TimedExecutor-4][c.d.fuzztest.f.c] 
================================================================================
= Creating tests for 'source.A.<init>:()V' using 'TrM (!sp, !fnm, df, !ris)'
================================================================================
22:08:00.653 [INFO]  [Creating][pool-5-thread-1][c.d.cover.ui.d.b]     [1/8] source.A.<init>
22:08:00.654 [INFO]  [Creating][pool-5-thread-1][c.d.cover.ui.d.b]     [1/8]   Tests created: 1
22:08:00.656 [INFO]  [Creating][analyzer-service:TimedExecutor-11][c.d.fuzztest.f.c] 
================================================================================
= Creating tests for 'source.A.method:(D)I' using 'SiM (!sp, fnm, df, !ris)'
================================================================================
22:08:02.130 [DEBUG] [Creating][analyzer-service:TimedExecutor-11][c.d.fuzztest.b.d] Refinement loop done: 2 seeds, 1+0 new+accumulated tests, 1+0 tests+partial tests, 43/1000 its
22:08:02.192 [INFO]  [Creating][analyzer-service:grpc-default-executor-0][c.d.fuzztest.f.v] Created 1+0 tests and partial tests via 'SiM (!sp, fnm, df, !ris)', 1/2, returning all 1
22:08:02.321 [INFO]  [Creating][pool-5-thread-1][c.d.cover.ui.d.b]     [2/8] source.A.method
22:08:02.321 [INFO]  [Creating][pool-5-thread-1][c.d.cover.ui.d.b]     [2/8]   Tests created: 1
22:08:02.329 [INFO]  [Creating][pool-5-thread-1][c.d.cover.ui.d.b] [1/4] source.A
22:08:02.330 [INFO]  [Creating][pool-5-thread-1][c.d.cover.ui.d.b] [1/4]   Tests created: 2
22:08:02.330 [INFO]  [Creating][pool-5-thread-1][c.d.cover.k.a.a] 
================================================================================
= Starting analysis for class 'source.B'
================================================================================
22:08:02.331 [INFO]  [Creating][pool-5-thread-1][c.d.cover.k.a.a] Filtering out non-testable methods...
22:08:02.331 [INFO]  [Creating][pool-5-thread-1][c.d.cover.k.a.a] Filtering of methods complete. Creating analysis request
22:08:02.331 [INFO]  [Creating][pool-5-thread-1][c.d.c.service.c] Attempting to get service client, retry 1.
22:08:02.368 [DEBUG] [Creating][analyzer-service:grpc-default-executor-0][c.d.fuzztest.d.a] Class information:
22:08:02.368 [DEBUG] [Creating][analyzer-service:grpc-default-executor-0][c.d.fuzztest.d.a]   Extends: class source.A
22:08:02.368 [DEBUG] [Creating][analyzer-service:grpc-default-executor-0][c.d.fuzztest.d.a]   Fields: int source.B.b
22:08:02.369 [DEBUG] [Creating][analyzer-service:grpc-default-executor-0][c.d.fuzztest.d.a]   Constructors: public source.B()
22:08:02.369 [DEBUG] [Creating][analyzer-service:grpc-default-executor-0][c.d.fuzztest.d.a]   Methods: int source.B.method(double)
22:08:02.392 [INFO]  [Creating][analyzer-service:TimedExecutor-36][c.d.fuzztest.f.c] 
================================================================================
= Creating tests for 'source.B.<init>:()V' using 'TrM (!sp, !fnm, df, !ris)'
================================================================================
22:08:02.523 [INFO]  [Creating][pool-5-thread-1][c.d.cover.ui.d.b]     [3/8] source.B.<init>
22:08:02.523 [INFO]  [Creating][pool-5-thread-1][c.d.cover.ui.d.b]     [3/8]   Tests created: 1
22:08:02.526 [INFO]  [Creating][analyzer-service:TimedExecutor-43][c.d.fuzztest.f.c] 
================================================================================
= Creating tests for 'source.B.method:(D)I' using 'SiM (!sp, fnm, df, !ris)'
================================================================================
22:08:02.637 [DEBUG] [Creating][analyzer-service:TimedExecutor-43][c.d.fuzztest.b.d] Refinement loop done: 2 seeds, 1+0 new+accumulated tests, 1+0 tests+partial tests, 31/1000 its
22:08:02.687 [INFO]  [Creating][analyzer-service:grpc-default-executor-1][c.d.fuzztest.f.v] Created 1+0 tests and partial tests via 'SiM (!sp, fnm, df, !ris)', 1/2, returning all 1
22:08:02.763 [INFO]  [Creating][pool-5-thread-1][c.d.cover.ui.d.b]     [4/8] source.B.method
22:08:02.763 [INFO]  [Creating][pool-5-thread-1][c.d.cover.ui.d.b]     [4/8]   Tests created: 1
22:08:02.769 [INFO]  [Creating][pool-5-thread-1][c.d.cover.ui.d.b] [2/4] source.B
22:08:02.770 [INFO]  [Creating][pool-5-thread-1][c.d.cover.ui.d.b] [2/4]   Tests created: 2
22:08:02.770 [INFO]  [Creating][pool-5-thread-1][c.d.cover.k.a.a] 
================================================================================
= Starting analysis for class 'source.C'
================================================================================
22:08:02.771 [INFO]  [Creating][pool-5-thread-1][c.d.cover.k.a.a] Filtering out non-testable methods...
22:08:02.771 [INFO]  [Creating][pool-5-thread-1][c.d.cover.k.a.a] Filtering of methods complete. Creating analysis request
22:08:02.771 [INFO]  [Creating][pool-5-thread-1][c.d.c.service.c] Attempting to get service client, retry 1.
22:08:02.795 [DEBUG] [Creating][analyzer-service:grpc-default-executor-1][c.d.fuzztest.d.a] Class information:
22:08:02.795 [DEBUG] [Creating][analyzer-service:grpc-default-executor-1][c.d.fuzztest.d.a]   Extends: class source.B
22:08:02.795 [DEBUG] [Creating][analyzer-service:grpc-default-executor-1][c.d.fuzztest.d.a]   Fields: int source.C.c
22:08:02.796 [DEBUG] [Creating][analyzer-service:grpc-default-executor-1][c.d.fuzztest.d.a]   Constructors: public source.C()
22:08:02.796 [DEBUG] [Creating][analyzer-service:grpc-default-executor-1][c.d.fuzztest.d.a]   Methods: int source.C.method(double)
22:08:02.809 [INFO]  [Creating][analyzer-service:TimedExecutor-63][c.d.fuzztest.f.c] 
================================================================================
= Creating tests for 'source.C.<init>:()V' using 'TrM (!sp, !fnm, df, !ris)'
================================================================================
22:08:02.925 [INFO]  [Creating][pool-5-thread-1][c.d.cover.ui.d.b]     [5/8] source.C.<init>
22:08:02.925 [INFO]  [Creating][pool-5-thread-1][c.d.cover.ui.d.b]     [5/8]   Tests created: 1
22:08:02.929 [INFO]  [Creating][analyzer-service:TimedExecutor-70][c.d.fuzztest.f.c] 
================================================================================
= Creating tests for 'source.C.method:(D)I' using 'SiM (!sp, fnm, df, !ris)'
================================================================================
22:08:03.001 [DEBUG] [Creating][analyzer-service:TimedExecutor-70][c.d.fuzztest.b.d] Refinement loop done: 2 seeds, 1+0 new+accumulated tests, 1+0 tests+partial tests, 19/1000 its
22:08:03.058 [INFO]  [Creating][analyzer-service:grpc-default-executor-1][c.d.fuzztest.f.v] Created 1+0 tests and partial tests via 'SiM (!sp, fnm, df, !ris)', 1/2, returning all 1
22:08:03.137 [INFO]  [Creating][pool-5-thread-1][c.d.cover.ui.d.b]     [6/8] source.C.method
22:08:03.137 [INFO]  [Creating][pool-5-thread-1][c.d.cover.ui.d.b]     [6/8]   Tests created: 1
22:08:03.142 [INFO]  [Creating][pool-5-thread-1][c.d.cover.ui.d.b] [3/4] source.C
22:08:03.143 [INFO]  [Creating][pool-5-thread-1][c.d.cover.ui.d.b] [3/4]   Tests created: 2
22:08:03.143 [INFO]  [Creating][pool-5-thread-1][c.d.cover.k.a.a] 
================================================================================
= Starting analysis for class 'source.D'
================================================================================
22:08:03.144 [INFO]  [Creating][pool-5-thread-1][c.d.cover.k.a.a] Filtering out non-testable methods...
22:08:03.144 [INFO]  [Creating][pool-5-thread-1][c.d.cover.k.a.a] Filtering of methods complete. Creating analysis request
22:08:03.144 [INFO]  [Creating][pool-5-thread-1][c.d.c.service.c] Attempting to get service client, retry 1.
22:08:03.167 [DEBUG] [Creating][analyzer-service:grpc-default-executor-1][c.d.fuzztest.d.a] Class information:
22:08:03.167 [DEBUG] [Creating][analyzer-service:grpc-default-executor-1][c.d.fuzztest.d.a]   Fields: int source.D.a, int source.D.d
22:08:03.167 [DEBUG] [Creating][analyzer-service:grpc-default-executor-1][c.d.fuzztest.d.a]   Constructors: public source.D()
22:08:03.168 [DEBUG] [Creating][analyzer-service:grpc-default-executor-1][c.d.fuzztest.d.a]   Methods: int source.D.method(double)
22:08:03.188 [INFO]  [Creating][analyzer-service:TimedExecutor-85][c.d.fuzztest.f.c] 
================================================================================
= Creating tests for 'source.D.<init>:()V' using 'TrM (!sp, !fnm, df, !ris)'
================================================================================
22:08:03.278 [INFO]  [Creating][pool-5-thread-1][c.d.cover.ui.d.b]     [7/8] source.D.<init>
22:08:03.278 [INFO]  [Creating][pool-5-thread-1][c.d.cover.ui.d.b]     [7/8]   Tests created: 1
22:08:03.281 [INFO]  [Creating][analyzer-service:TimedExecutor-92][c.d.fuzztest.f.c] 
================================================================================
= Creating tests for 'source.D.method:(D)I' using 'SiM (!sp, fnm, df, !ris)'
================================================================================
22:08:03.383 [DEBUG] [Creating][analyzer-service:TimedExecutor-92][c.d.fuzztest.b.d] Refinement loop done: 2 seeds, 1+0 new+accumulated tests, 1+0 tests+partial tests, 19/1000 its
22:08:03.422 [INFO]  [Creating][analyzer-service:grpc-default-executor-1][c.d.fuzztest.f.v] Created 1+0 tests and partial tests via 'SiM (!sp, fnm, df, !ris)', 1/2, returning all 1
22:08:03.493 [INFO]  [Creating][pool-5-thread-1][c.d.cover.ui.d.b]     [8/8] source.D.method
22:08:03.493 [INFO]  [Creating][pool-5-thread-1][c.d.cover.ui.d.b]     [8/8]   Tests created: 1
22:08:03.497 [INFO]  [Creating][pool-5-thread-1][c.d.cover.ui.d.b] [4/4] source.D
22:08:03.498 [INFO]  [Creating][pool-5-thread-1][c.d.cover.ui.d.b] [4/4]   Tests created: 2
22:08:03.505 [INFO]  [Reporting][pool-5-thread-1][c.d.cover.ui.d.b] 
22:08:03.506 [INFO]  [Reporting][pool-5-thread-1][c.d.cover.ui.d.b] Summary:
22:08:03.507 [INFO]  [Reporting][pool-5-thread-1][c.d.cover.ui.d.b] --------
22:08:03.507 [INFO]  [Reporting][pool-5-thread-1][c.d.cover.ui.d.b] Total:                                               8 methods
22:08:03.508 [INFO]  [Reporting][pool-5-thread-1][c.d.cover.ui.d.b] 8 tests created for:                                 8 methods
22:08:03.508 [INFO]  [Reporting][pool-5-thread-1][c.d.cover.ui.d.b] 
22:08:03.665 [INFO]  [Validating][main][c.d.cover.ui.a.j] 
22:08:03.665 [INFO]  [Validating][main][c.d.cover.ui.a.j] Running validation command.
22:08:03.670 [DEBUG] [Validating][main][c.d.cover.k.c.f] Validating tests with default internal Gradle "test" task: gradle test
22:08:03.671 [INFO]  [Validating][main][c.d.d.g.b] Running: Using JAVA_HOME: C:\Program Files\Java\jdk-17 : in C:\Users\cbontoiu\Desktop\DiffblueTutorials\DemoCLI\extra : gradle test -i  
22:08:04.717 [INFO]  [Validating][main][c.d.d.b.a] Standard output of build tool (gradle)
22:08:04.717 [INFO]  [Validating][main][c.d.d.b.a] > The client will now receive all logging from the daemon (pid: 7736). The daemon log file: C:\Users\cbontoiu\.gradle\daemon\8.2\daemon-7736.out.log
22:08:04.717 [INFO]  [Validating][main][c.d.d.b.a] > Starting 13th build in daemon [uptime: 1 hrs 19 mins 5.143 secs, performance: 100%, GC rate: 0.00/s, heap usage: 0% of 3.9 GiB]
22:08:04.717 [INFO]  [Validating][main][c.d.d.b.a] > Closing daemon's stdin at end of input.
22:08:04.717 [INFO]  [Validating][main][c.d.d.b.a] > The daemon will no longer process any standard input.
22:08:04.717 [INFO]  [Validating][main][c.d.d.b.a] > Using 8 worker leases.
22:08:04.717 [INFO]  [Validating][main][c.d.d.b.a] > Now considering [C:\Users\cbontoiu\Desktop\DiffblueTutorials\DemoCLI] as hierarchies to watch
22:08:04.717 [INFO]  [Validating][main][c.d.d.b.a] > Watching the file system is configured to be enabled if available
22:08:04.717 [INFO]  [Validating][main][c.d.d.b.a] > File system watching is active
22:08:04.717 [INFO]  [Validating][main][c.d.d.b.a] > Starting Build
22:08:04.717 [INFO]  [Validating][main][c.d.d.b.a] > Settings evaluated using settings file 'C:\Users\cbontoiu\Desktop\DiffblueTutorials\DemoCLI\settings.gradle'.
22:08:04.717 [INFO]  [Validating][main][c.d.d.b.a] > Projects loaded. Root project using build file 'C:\Users\cbontoiu\Desktop\DiffblueTutorials\DemoCLI\build.gradle'.
22:08:04.717 [INFO]  [Validating][main][c.d.d.b.a] > Included projects: [root project 'DemoCLI', project ':app', project ':common', project ':extra']
22:08:04.717 [INFO]  [Validating][main][c.d.d.b.a] > 
22:08:04.717 [INFO]  [Validating][main][c.d.d.b.a] > > Configure project :
22:08:04.717 [INFO]  [Validating][main][c.d.d.b.a] > Evaluating root project 'DemoCLI' using build file 'C:\Users\cbontoiu\Desktop\DiffblueTutorials\DemoCLI\build.gradle'.
22:08:04.718 [INFO]  [Validating][main][c.d.d.b.a] > 
22:08:04.718 [INFO]  [Validating][main][c.d.d.b.a] > > Configure project :app
22:08:04.718 [INFO]  [Validating][main][c.d.d.b.a] > Evaluating project ':app' using build file 'C:\Users\cbontoiu\Desktop\DiffblueTutorials\DemoCLI\app\build.gradle'.
22:08:04.718 [INFO]  [Validating][main][c.d.d.b.a] > 
22:08:04.718 [INFO]  [Validating][main][c.d.d.b.a] > > Configure project :common
22:08:04.718 [INFO]  [Validating][main][c.d.d.b.a] > Evaluating project ':common' using build file 'C:\Users\cbontoiu\Desktop\DiffblueTutorials\DemoCLI\common\build.gradle'.
22:08:04.718 [INFO]  [Validating][main][c.d.d.b.a] > 
22:08:04.718 [INFO]  [Validating][main][c.d.d.b.a] > > Configure project :extra
22:08:04.718 [INFO]  [Validating][main][c.d.d.b.a] > Evaluating project ':extra' using build file 'C:\Users\cbontoiu\Desktop\DiffblueTutorials\DemoCLI\extra\build.gradle'.
22:08:04.718 [INFO]  [Validating][main][c.d.d.b.a] > All projects evaluated.
22:08:04.718 [INFO]  [Validating][main][c.d.d.b.a] > Task path ':extra:test' matched project ':extra'
22:08:04.718 [INFO]  [Validating][main][c.d.d.b.a] > Task name matched 'test'
22:08:04.718 [INFO]  [Validating][main][c.d.d.b.a] > Selected primary task 'test' from project :extra
22:08:04.718 [INFO]  [Validating][main][c.d.d.b.a] > The configuration :extra:mainSourceElements is both consumable and declarable. This combination is incorrect, only one of these flags should be set.
22:08:04.718 [INFO]  [Validating][main][c.d.d.b.a] > Tasks to be executed: [task ':extra:compileJava', task ':extra:processResources', task ':extra:classes', task ':extra:compileTestJava', task ':extra:processTestResources', task ':extra:testClasses', task ':extra:test']
22:08:04.718 [INFO]  [Validating][main][c.d.d.b.a] > Tasks that were excluded: []
22:08:04.718 [INFO]  [Validating][main][c.d.d.b.a] > Resolve mutations for :extra:compileJava (Thread[Execution worker,5,main]) started.
22:08:04.718 [INFO]  [Validating][main][c.d.d.b.a] > :extra:compileJava (Thread[Execution worker,5,main]) started.
22:08:04.718 [INFO]  [Validating][main][c.d.d.b.a] > 
22:08:04.718 [INFO]  [Validating][main][c.d.d.b.a] > > Task :extra:compileJava UP-TO-DATE
22:08:04.718 [INFO]  [Validating][main][c.d.d.b.a] > Caching disabled for task ':extra:compileJava' because:
22:08:04.718 [INFO]  [Validating][main][c.d.d.b.a] >   Build cache is disabled
22:08:04.718 [INFO]  [Validating][main][c.d.d.b.a] > Skipping task ':extra:compileJava' as it is up-to-date.
22:08:04.718 [INFO]  [Validating][main][c.d.d.b.a] > Resolve mutations for :extra:processResources (Thread[Execution worker,5,main]) started.
22:08:04.718 [INFO]  [Validating][main][c.d.d.b.a] > :extra:processResources (Thread[Execution worker,5,main]) started.
22:08:04.718 [INFO]  [Validating][main][c.d.d.b.a] > 
22:08:04.718 [INFO]  [Validating][main][c.d.d.b.a] > > Task :extra:processResources NO-SOURCE
22:08:04.718 [INFO]  [Validating][main][c.d.d.b.a] > Skipping task ':extra:processResources' as it has no source files and no previous output files.
22:08:04.718 [INFO]  [Validating][main][c.d.d.b.a] > Resolve mutations for :extra:classes (Thread[Execution worker,5,main]) started.
22:08:04.718 [INFO]  [Validating][main][c.d.d.b.a] > :extra:classes (Thread[Execution worker,5,main]) started.
22:08:04.718 [INFO]  [Validating][main][c.d.d.b.a] > 
22:08:04.718 [INFO]  [Validating][main][c.d.d.b.a] > > Task :extra:classes UP-TO-DATE
22:08:04.718 [INFO]  [Validating][main][c.d.d.b.a] > Skipping task ':extra:classes' as it has no actions.
22:08:04.718 [INFO]  [Validating][main][c.d.d.b.a] > Resolve mutations for :extra:compileTestJava (Thread[Execution worker,5,main]) started.
22:08:04.718 [INFO]  [Validating][main][c.d.d.b.a] > :extra:compileTestJava (Thread[Execution worker,5,main]) started.
22:08:04.719 [INFO]  [Validating][main][c.d.d.b.a] > 
22:08:04.719 [INFO]  [Validating][main][c.d.d.b.a] > > Task :extra:compileTestJava
22:08:04.719 [INFO]  [Validating][main][c.d.d.b.a] > Caching disabled for task ':extra:compileTestJava' because:
22:08:04.719 [INFO]  [Validating][main][c.d.d.b.a] >   Build cache is disabled
22:08:04.719 [INFO]  [Validating][main][c.d.d.b.a] > Task ':extra:compileTestJava' is not up-to-date because:
22:08:04.719 [INFO]  [Validating][main][c.d.d.b.a] >   Input property 'stableSources' file C:\Users\cbontoiu\Desktop\DiffblueTutorials\DemoCLI\extra\src\test\java\DummyJUnitJupiterLauncherDiffblueTest.java has been removed.
22:08:04.719 [INFO]  [Validating][main][c.d.d.b.a] >   Input property 'stableSources' file C:\Users\cbontoiu\Desktop\DiffblueTutorials\DemoCLI\extra\src\test\java\source\DDiffblueTest.java has been added.
22:08:04.719 [INFO]  [Validating][main][c.d.d.b.a] > Created classpath snapshot for incremental compilation in 0.003 secs.
22:08:04.719 [INFO]  [Validating][main][c.d.d.b.a] > Compiling with toolchain 'C:\Program Files\Java\jdk-17'.
22:08:04.719 [INFO]  [Validating][main][c.d.d.b.a] > Compiling with JDK Java compiler API.
22:08:04.719 [INFO]  [Validating][main][c.d.d.b.a] > Incremental compilation of 3 classes completed in 0.113 secs.
22:08:04.719 [INFO]  [Validating][main][c.d.d.b.a] > Class dependency analysis for incremental compilation took 0.005 secs.
22:08:04.719 [INFO]  [Validating][main][c.d.d.b.a] > Resolve mutations for :extra:processTestResources (Thread[Execution worker,5,main]) started.
22:08:04.719 [INFO]  [Validating][main][c.d.d.b.a] > :extra:processTestResources (Thread[Execution worker,5,main]) started.
22:08:04.719 [INFO]  [Validating][main][c.d.d.b.a] > 
22:08:04.719 [INFO]  [Validating][main][c.d.d.b.a] > > Task :extra:processTestResources NO-SOURCE
22:08:04.719 [INFO]  [Validating][main][c.d.d.b.a] > Skipping task ':extra:processTestResources' as it has no source files and no previous output files.
22:08:04.719 [INFO]  [Validating][main][c.d.d.b.a] > Resolve mutations for :extra:testClasses (Thread[Execution worker,5,main]) started.
22:08:04.719 [INFO]  [Validating][main][c.d.d.b.a] > :extra:testClasses (Thread[Execution worker,5,main]) started.
22:08:04.719 [INFO]  [Validating][main][c.d.d.b.a] > 
22:08:04.719 [INFO]  [Validating][main][c.d.d.b.a] > > Task :extra:testClasses
22:08:04.719 [INFO]  [Validating][main][c.d.d.b.a] > Skipping task ':extra:testClasses' as it has no actions.
22:08:04.719 [INFO]  [Validating][main][c.d.d.b.a] > Resolve mutations for :extra:test (Thread[Execution worker,5,main]) started.
22:08:04.719 [INFO]  [Validating][main][c.d.d.b.a] > :extra:test (Thread[Execution worker,5,main]) started.
22:08:04.719 [INFO]  [Validating][main][c.d.d.b.a] > Gradle Test Executor 12 started executing tests.
22:08:04.719 [INFO]  [Validating][main][c.d.d.b.a] > Gradle Test Executor 12 finished executing tests.
22:08:04.719 [INFO]  [Validating][main][c.d.d.b.a] > 
22:08:04.719 [INFO]  [Validating][main][c.d.d.b.a] > > Task :extra:test
22:08:04.719 [INFO]  [Validating][main][c.d.d.b.a] > Caching disabled for task ':extra:test' because:
22:08:04.719 [INFO]  [Validating][main][c.d.d.b.a] >   Build cache is disabled
22:08:04.719 [INFO]  [Validating][main][c.d.d.b.a] > Task ':extra:test' is not up-to-date because:
22:08:04.719 [INFO]  [Validating][main][c.d.d.b.a] >   Value of input property 'filter.failOnNoMatchingTests' has changed for task ':extra:test'
22:08:04.719 [INFO]  [Validating][main][c.d.d.b.a] >   Value of input property 'filter.includePatterns' has changed for task ':extra:test'
22:08:04.719 [INFO]  [Validating][main][c.d.d.b.a] > Starting process 'Gradle Test Executor 12'. Working directory: C:\Users\cbontoiu\Desktop\DiffblueTutorials\DemoCLI\extra Command: C:\Program Files\Java\jdk-17\bin\java.exe -Dorg.gradle.internal.worker.tmpdir=C:\Users\cbontoiu\Desktop\DiffblueTutorials\DemoCLI\extra\build\tmp\test\work -Dorg.gradle.native=false @C:\Users\cbontoiu\.gradle\.tmp\gradle-worker-classpath15194182822721643174txt -Xmx512m -Dfile.encoding=windows-1252 -Duser.country=GB -Duser.language=en -Duser.variant -ea worker.org.gradle.process.internal.worker.GradleWorkerMain 'Gradle Test Executor 12'
22:08:04.719 [INFO]  [Validating][main][c.d.d.b.a] > Successfully started process 'Gradle Test Executor 12'
22:08:04.719 [INFO]  [Validating][main][c.d.d.b.a] > Finished generating test XML results (0.006 secs) into: C:\Users\cbontoiu\Desktop\DiffblueTutorials\DemoCLI\extra\build\test-results\test
22:08:04.720 [INFO]  [Validating][main][c.d.d.b.a] > Generating HTML test report...
22:08:04.720 [INFO]  [Validating][main][c.d.d.b.a] > Finished generating test html results (0.011 secs) into: C:\Users\cbontoiu\Desktop\DiffblueTutorials\DemoCLI\extra\build\reports\tests\test
22:08:04.720 [INFO]  [Validating][main][c.d.d.b.a] > 
22:08:04.720 [INFO]  [Validating][main][c.d.d.b.a] > Deprecated Gradle features were used in this build, making it incompatible with Gradle 9.0.
22:08:04.720 [INFO]  [Validating][main][c.d.d.b.a] > 
22:08:04.720 [INFO]  [Validating][main][c.d.d.b.a] > You can use '--warning-mode all' to show the individual deprecation warnings and determine if they come from your own scripts or plugins.
22:08:04.720 [INFO]  [Validating][main][c.d.d.b.a] > 
22:08:04.720 [INFO]  [Validating][main][c.d.d.b.a] > For more on this, please refer to https://docs.gradle.org/8.2/userguide/command_line_interface.html#sec:command_line_warnings in the Gradle documentation.
22:08:04.720 [INFO]  [Validating][main][c.d.d.b.a] > 
22:08:04.720 [INFO]  [Validating][main][c.d.d.b.a] > BUILD SUCCESSFUL in 996ms
22:08:04.720 [INFO]  [Validating][main][c.d.d.b.a] > 3 actionable tasks: 2 executed, 1 up-to-date
22:08:04.720 [INFO]  [Validating][main][c.d.d.b.a] > Watched directory hierarchies: [C:\Users\cbontoiu\Desktop\DiffblueTutorials\DemoCLI]
22:08:04.720 [INFO]  [Validating][main][c.d.d.b.a] Standard error of build tool (gradle)
22:08:04.720 [INFO]  [Validating][main][c.d.d.b.a] > 
22:08:04.722 [DEBUG] [Validating][main][c.d.cover.k.c.f] Parsing test reports from default dir: C:\Users\cbontoiu\Desktop\DiffblueTutorials\DemoCLI\extra\build\test-results\test
22:08:04.730 [INFO]  [Validating][main][c.d.cover.ui.a.j] All 8 created tests were successfully validated.
22:08:04.802 [DEBUG] [Reporting][main][c.d.c.r.StructuredReportManager] Run metrics:
Total time:                22.4s
Environment detection:      0.7s ( 3.3%)
Indexing:                   0.3s ( 1.4%)
Entry points:               0.7s ( 3.2%)
Test generation:            9.9s (44.2%)
  - Index query:            3.2s (14.3%)
Test verification:          1.8s ( 8.0%)
Test validation:            1.1s ( 4.7%)
Other:                      7.9s (35.1%)
Time to first test:        18.3s (81.5%)
Time to last test:         21.1s (94.2%)
22:08:04.804 [INFO]  [Reporting][main][c.d.cover.ui.a.j] Writing JSON report to C:\Users\cbontoiu\Desktop\DiffblueTutorials\DemoCLI\extra\.diffblue\reports\report.json
22:08:04.840 [INFO]  [Reporting][main][c.d.cover.ui.a.b] Log file: C:\Users\cbontoiu\Desktop\DiffblueTutorials\DemoCLI\extra\.diffblue\log\user-20230917T220741.log
22:08:04.840 [INFO]  [Reporting][main][c.d.cover.ui.a.u] Finished in 22s
