23:14:46.353 [DEBUG] [Preparing][main][c.d.cover.ui.a.u] Client heap size: 4028 MB
23:14:46.363 [INFO]  [Preparing][main][c.d.cover.ui.a.u] Diffblue Cover 2023.09.01-9200f07-unrestricted
23:14:46.363 [INFO]  [Preparing][main][c.d.cover.ui.a.u] 
23:14:46.364 [INFO]  [Preparing][main][c.d.cover.ui.a.u] Running: dcover create --working-directory=extra source --keep-partial-tests
23:14:48.337 [INFO]  [Checking][main][c.d.cover.ui.a.j] Detecting environment:
23:14:48.338 [INFO]  [Checking][main][c.d.cover.ui.a.j] ----------------------
23:14:48.419 [INFO]  [Checking][main][c.d.cover.ui.a.j] Detected Java version 17.0.6
23:14:49.870 [DEBUG] [Checking][main][c.d.d.g.a] Querying Gradle project info using --init-script C:\Users\cbontoiu\AppData\Local\Temp\diffblueGradleInit17005669503400708302.gradle and plugin C:\Users\cbontoiu\AppData\Local\Temp\diffblueGradlePlugin17608637810336220492.jar
23:14:49.873 [DEBUG] [Checking][gradle][c.d.d.g.a] cmd: gradle --init-script C:\Users\cbontoiu\AppData\Local\Temp\diffblueGradleInit17005669503400708302.gradle --info (equivalent via API)
23:14:49.998 [DEBUG] [Checking][gradle][c.d.d.g.a] out: The client will now receive all logging from the daemon (pid: 7668). The daemon log file: C:\Users\cbontoiu\.gradle\daemon\8.2\daemon-7668.out.log
23:14:49.998 [DEBUG] [Checking][gradle][c.d.d.g.a] out: Starting 51st build in daemon [uptime: 2 hrs 26 mins 19.517 secs, performance: 99%, GC rate: 0.00/s, heap usage: 0% of 512 MiB, non-heap usage: 21% of 384 MiB]
23:14:49.998 [DEBUG] [Checking][gradle][c.d.d.g.a] out: Closing daemon's stdin at end of input.
23:14:49.998 [DEBUG] [Checking][gradle][c.d.d.g.a] out: The daemon will no longer process any standard input.
23:14:49.998 [DEBUG] [Checking][gradle][c.d.d.g.a] out: Using 8 worker leases.
23:14:49.998 [DEBUG] [Checking][gradle][c.d.d.g.a] out: Now considering [C:\Users\cbontoiu\Desktop\DiffblueTutorials\DemoCLI] as hierarchies to watch
23:14:49.999 [DEBUG] [Checking][gradle][c.d.d.g.a] out: Watching the file system is configured to be enabled if available
23:14:49.999 [DEBUG] [Checking][gradle][c.d.d.g.a] out: File system watching is active
23:14:49.999 [DEBUG] [Checking][gradle][c.d.d.g.a] out: Compiling initialization script 'C:\Users\cbontoiu\AppData\Local\Temp\diffblueGradleInit17005669503400708302.gradle' using SubsetScriptTransformer.
23:14:49.999 [DEBUG] [Checking][gradle][c.d.d.g.a] out: Invalidating in-memory cache of C:\Users\cbontoiu\.gradle\caches\8.2\fileHashes\fileHashes.bin
23:14:49.999 [DEBUG] [Checking][gradle][c.d.d.g.a] out: Invalidating in-memory cache of C:\Users\cbontoiu\.gradle\caches\8.2\fileHashes\resourceHashesCache.bin
23:14:50.093 [DEBUG] [Checking][gradle][c.d.d.g.a] out: Invalidating in-memory cache of C:\Users\cbontoiu\.gradle\caches\journal-1\file-access.bin
23:14:50.093 [DEBUG] [Checking][gradle][c.d.d.g.a] out: The configuration classpath is both resolvable and consumable. This is considered a legacy configuration and it will eventually only be possible to be one of these.
23:14:50.093 [DEBUG] [Checking][gradle][c.d.d.g.a] out: The configuration classpath is both consumable and declarable. This combination is incorrect, only one of these flags should be set.
23:14:50.093 [DEBUG] [Checking][gradle][c.d.d.g.a] out: The configuration classpath is both resolvable and consumable. This is considered a legacy configuration and it will eventually only be possible to be one of these.
23:14:50.093 [DEBUG] [Checking][gradle][c.d.d.g.a] out: The configuration classpath is both consumable and declarable. This combination is incorrect, only one of these flags should be set.
23:14:50.093 [DEBUG] [Checking][gradle][c.d.d.g.a] out: Compiling initialization script 'C:\Users\cbontoiu\AppData\Local\Temp\diffblueGradleInit17005669503400708302.gradle' using BuildScriptTransformer.
23:14:50.297 [DEBUG] [Checking][gradle][c.d.d.g.a] out: Starting Build
23:14:50.389 [DEBUG] [Checking][gradle][c.d.d.g.a] out: Settings evaluated using settings file 'C:\Users\cbontoiu\Desktop\DiffblueTutorials\DemoCLI\settings.gradle'.
23:14:50.389 [DEBUG] [Checking][gradle][c.d.d.g.a] out: Projects loaded. Root project using build file 'C:\Users\cbontoiu\Desktop\DiffblueTutorials\DemoCLI\build.gradle'.
23:14:50.389 [DEBUG] [Checking][gradle][c.d.d.g.a] out: Included projects: [root project 'DemoCLI', project ':app', project ':common', project ':extra']
23:14:50.390 [DEBUG] [Checking][gradle][c.d.d.g.a] out: 
23:14:50.390 [DEBUG] [Checking][gradle][c.d.d.g.a] out: > Configure project :
23:14:50.390 [DEBUG] [Checking][gradle][c.d.d.g.a] out: Evaluating root project 'DemoCLI' using build file 'C:\Users\cbontoiu\Desktop\DiffblueTutorials\DemoCLI\build.gradle'.
23:14:50.390 [DEBUG] [Checking][gradle][c.d.d.g.a] out: 
23:14:50.391 [DEBUG] [Checking][gradle][c.d.d.g.a] out: > Configure project :app
23:14:50.391 [DEBUG] [Checking][gradle][c.d.d.g.a] out: Evaluating project ':app' using build file 'C:\Users\cbontoiu\Desktop\DiffblueTutorials\DemoCLI\app\build.gradle'.
23:14:50.391 [DEBUG] [Checking][gradle][c.d.d.g.a] out: Configuring Jacoco Plugin for use with Diffblue Cover
23:14:50.391 [DEBUG] [Checking][gradle][c.d.d.g.a] out: Configuring task :app:test for use with Diffblue Cover
23:14:50.391 [DEBUG] [Checking][gradle][c.d.d.g.a] out: ignoreFailures: false
23:14:50.391 [DEBUG] [Checking][gradle][c.d.d.g.a] out: excludes: []
23:14:50.391 [DEBUG] [Checking][gradle][c.d.d.g.a] out: includes: []
23:14:50.391 [DEBUG] [Checking][gradle][c.d.d.g.a] out: Configuring task :app:jacocoTestReport for use with Diffblue Cover
23:14:50.391 [DEBUG] [Checking][gradle][c.d.d.g.a] out: Configuring task :app:jacocoTestReportDeletePrevious for use with Diffblue Cover
23:14:50.391 [DEBUG] [Checking][gradle][c.d.d.g.a] out: Configuring task :app:jacocoTestReportPrepareEmptyExec for use with Diffblue Cover
23:14:50.391 [DEBUG] [Checking][gradle][c.d.d.g.a] out: 
23:14:50.391 [DEBUG] [Checking][gradle][c.d.d.g.a] out: > Configure project :common
23:14:50.391 [DEBUG] [Checking][gradle][c.d.d.g.a] out: Evaluating project ':common' using build file 'C:\Users\cbontoiu\Desktop\DiffblueTutorials\DemoCLI\common\build.gradle'.
23:14:50.391 [DEBUG] [Checking][gradle][c.d.d.g.a] out: Configuring Jacoco Plugin for use with Diffblue Cover
23:14:50.391 [DEBUG] [Checking][gradle][c.d.d.g.a] out: Configuring task :common:test for use with Diffblue Cover
23:14:50.391 [DEBUG] [Checking][gradle][c.d.d.g.a] out: ignoreFailures: false
23:14:50.391 [DEBUG] [Checking][gradle][c.d.d.g.a] out: excludes: []
23:14:50.391 [DEBUG] [Checking][gradle][c.d.d.g.a] out: includes: []
23:14:50.391 [DEBUG] [Checking][gradle][c.d.d.g.a] out: Configuring task :common:jacocoTestReport for use with Diffblue Cover
23:14:50.391 [DEBUG] [Checking][gradle][c.d.d.g.a] out: Configuring task :common:jacocoTestReportDeletePrevious for use with Diffblue Cover
23:14:50.392 [DEBUG] [Checking][gradle][c.d.d.g.a] out: Configuring task :common:jacocoTestReportPrepareEmptyExec for use with Diffblue Cover
23:14:50.392 [DEBUG] [Checking][gradle][c.d.d.g.a] out: 
23:14:50.392 [DEBUG] [Checking][gradle][c.d.d.g.a] out: > Configure project :extra
23:14:50.392 [DEBUG] [Checking][gradle][c.d.d.g.a] out: Evaluating project ':extra' using build file 'C:\Users\cbontoiu\Desktop\DiffblueTutorials\DemoCLI\extra\build.gradle'.
23:14:50.392 [DEBUG] [Checking][gradle][c.d.d.g.a] out: Configuring Jacoco Plugin for use with Diffblue Cover
23:14:50.392 [DEBUG] [Checking][gradle][c.d.d.g.a] out: Configuring task :extra:test for use with Diffblue Cover
23:14:50.392 [DEBUG] [Checking][gradle][c.d.d.g.a] out: ignoreFailures: false
23:14:50.392 [DEBUG] [Checking][gradle][c.d.d.g.a] out: excludes: []
23:14:50.392 [DEBUG] [Checking][gradle][c.d.d.g.a] out: includes: []
23:14:50.392 [DEBUG] [Checking][gradle][c.d.d.g.a] out: Configuring task :extra:jacocoTestReport for use with Diffblue Cover
23:14:50.392 [DEBUG] [Checking][gradle][c.d.d.g.a] out: Configuring task :extra:jacocoTestReportDeletePrevious for use with Diffblue Cover
23:14:50.392 [DEBUG] [Checking][gradle][c.d.d.g.a] out: Configuring task :extra:jacocoTestReportPrepareEmptyExec for use with Diffblue Cover
23:14:50.392 [DEBUG] [Checking][gradle][c.d.d.g.a] out: All projects evaluated.
23:14:50.392 [DEBUG] [Checking][gradle][c.d.d.g.a] out: The configuration :extra:coverageDataElementsForTest is both consumable and declarable. This combination is incorrect, only one of these flags should be set.
23:14:50.392 [DEBUG] [Checking][gradle][c.d.d.g.a] out: The configuration :extra:mainSourceElements is both consumable and declarable. This combination is incorrect, only one of these flags should be set.
23:14:50.426 [DEBUG] [Checking][gradle][c.d.d.g.a] out: 
23:14:50.426 [DEBUG] [Checking][gradle][c.d.d.g.a] out: CONFIGURE SUCCESSFUL in 508ms
23:14:50.427 [DEBUG] [Checking][gradle][c.d.d.g.a] out: Watched directory hierarchies: [C:\Users\cbontoiu\Desktop\DiffblueTutorials\DemoCLI]
23:14:50.816 [INFO]  [Checking][main][c.d.cover.ui.a.j] Detected build system: Gradle 8.2
23:14:50.821 [INFO]  [Checking][main][c.d.cover.n.a.ai] Operating System: Windows 11 amd64 10.0
23:14:50.821 [INFO]  [Checking][main][c.d.cover.n.a.ai] Default charset: windows-1252
23:14:50.821 [INFO]  [Checking][main][c.d.cover.n.a.ai] Default locale: en_GB
23:14:50.821 [INFO]  [Checking][main][c.d.cover.n.a.ai] Default time zone: Europe/London
23:14:50.823 [INFO]  [Checking][main][c.d.cover.ui.a.j] Selected build system: Gradle
23:14:50.827 [INFO]  [Checking][main][c.d.cover.ui.a.j] Selected classpath from build system Gradle
23:14:50.829 [INFO]  [Checking][main][c.d.cover.n.c.b] Expanded classpath: 
C:\Users\cbontoiu\Desktop\DiffblueTutorials\DemoCLI\extra\build\classes\java\test
C:\Users\cbontoiu\Desktop\DiffblueTutorials\DemoCLI\extra\build\classes\java\main (code under test)
C:\Users\cbontoiu\Desktop\DiffblueTutorials\DemoCLI\extra\build\resources\test
C:\Users\cbontoiu\Desktop\DiffblueTutorials\DemoCLI\extra\build\resources\main
C:\Users\cbontoiu\.gradle\caches\modules-2\files-2.1\org.junit.jupiter\junit-jupiter\5.9.1\9274d3757e224bc02eae367bd481062a263c150b\junit-jupiter-5.9.1.jar
C:\Users\cbontoiu\.gradle\caches\modules-2\files-2.1\org.junit.jupiter\junit-jupiter-params\5.9.1\ffcd1013edaeee112be11fcddeb38882d79238de\junit-jupiter-params-5.9.1.jar
C:\Users\cbontoiu\.gradle\caches\modules-2\files-2.1\org.junit.jupiter\junit-jupiter-engine\5.9.1\1bf771097bde296c3ab174861954e8aafaaf2e94\junit-jupiter-engine-5.9.1.jar
C:\Users\cbontoiu\.gradle\caches\modules-2\files-2.1\org.junit.jupiter\junit-jupiter-api\5.9.1\7bb53fbc0173e9f6a9d21d58297af94b1f2f9ce1\junit-jupiter-api-5.9.1.jar
C:\Users\cbontoiu\.gradle\caches\modules-2\files-2.1\org.junit.platform\junit-platform-engine\1.9.1\83591e5089d6cea5f324aa3ecca9b19d5a275803\junit-platform-engine-1.9.1.jar
C:\Users\cbontoiu\.gradle\caches\modules-2\files-2.1\org.junit.platform\junit-platform-commons\1.9.1\3145f821b5cd10abcdc5f925baa5fffa6f1b628f\junit-platform-commons-1.9.1.jar
C:\Users\cbontoiu\.gradle\caches\modules-2\files-2.1\org.mockito\mockito-core\5.4.0\30bcbe79f7bd51b53debfc4c6014d0bea4935e37\mockito-core-5.4.0.jar
C:\Users\cbontoiu\.gradle\caches\modules-2\files-2.1\net.bytebuddy\byte-buddy\1.14.5\28a424c0c4f362568e904d992c239c996cf7adc7\byte-buddy-1.14.5.jar
C:\Users\cbontoiu\.gradle\caches\modules-2\files-2.1\net.bytebuddy\byte-buddy-agent\1.14.5\20f4e9b9d0ffb953657bfa4b92c0cceb27907d58\byte-buddy-agent-1.14.5.jar
C:\Users\cbontoiu\.gradle\caches\modules-2\files-2.1\org.objenesis\objenesis\3.3\1049c09f1de4331e8193e579448d0916d75b7631\objenesis-3.3.jar
C:\Users\cbontoiu\.gradle\caches\modules-2\files-2.1\org.opentest4j\opentest4j\1.2.0\28c11eb91f9b6d8e200631d46e20a7f407f2a046\opentest4j-1.2.0.jar
23:14:50.996 [INFO]  [Checking][main][c.d.cover.ui.a.j] Detected test framework: JUnit Jupiter 5.9.1
23:14:51.001 [INFO]  [Checking][main][c.d.cover.ui.a.j] Detected JUnit Jupiter version 5.9.1
23:14:51.006 [INFO]  [Checking][main][c.d.cover.ui.a.j] Detected JUnit Jupiter Params version 5.9.1
23:14:51.037 [INFO]  [Checking][main][c.d.cover.ui.a.j] Detected Mockito version 5.4.0
23:14:51.561 [INFO]  [Checking][main][c.d.cover.ui.a.j] Indexing...
23:14:51.868 [INFO]  [Checking][main][c.d.cover.ui.a.j] Selected test output directory: C:\Users\cbontoiu\Desktop\DiffblueTutorials\DemoCLI\extra\src\test\java
23:14:51.875 [INFO]  [Checking][main][c.d.d.g.b] Running: Using JAVA_HOME: C:\Program Files\Java\jdk-17 : in C:\Users\cbontoiu\Desktop\DiffblueTutorials\DemoCLI\extra : gradle test -i  DummyJupiterDiffblueTest
23:14:52.979 [DEBUG] [Checking][main][c.d.cover.n.c.m] JUnitJupiter5 is present
23:14:52.979 [DEBUG] [Checking][main][c.d.cover.n.c.m] JUnitJupiter5 is supported
23:14:52.979 [DEBUG] [Checking][main][c.d.cover.n.c.m] JUnit 5 is present and either it's not been specified by the user or it is the same as the version the user specified
23:14:52.980 [INFO]  [Checking][main][c.d.cover.ui.a.j] Selected test framework: JUnit Jupiter
23:14:53.027 [INFO]  [Checking][main][c.d.d.g.b] Running: Using JAVA_HOME: C:\Program Files\Java\jdk-17 : in C:\Users\cbontoiu\Desktop\DiffblueTutorials\DemoCLI\extra : gradle test -i  DummyJUnitJupiterLauncherDiffblueTest
23:14:54.133 [INFO]  [Checking][main][c.d.cover.ui.a.j] Detected JVM architecture: 64-Bit
23:14:54.741 [INFO]  [Checking][main][c.d.cover.ui.a.j] Selected Java language compliance level: 17
23:14:54.743 [INFO]  [Checking][main][c.d.cover.ui.a.j] Selected test validation: enabled
23:14:54.747 [INFO]  [Checking][main][c.d.cover.ui.a.j] Prefixes for filtering classes/methods:
23:14:54.749 [INFO]  [Checking][main][c.d.cover.ui.a.j] - source
23:14:54.750 [INFO]  [Checking][main][c.d.cover.ui.a.j] Gathering methods to test...
23:14:55.404 [INFO]  [Reporting][main][c.d.cover.ui.a.j] 
23:14:55.404 [INFO]  [Reporting][main][c.d.cover.ui.a.j] Environment summary:
23:14:55.404 [INFO]  [Reporting][main][c.d.cover.ui.a.j] --------------------
23:14:55.406 [INFO]  [Reporting][main][c.d.cover.ui.a.j] Java version                  17.0.6                        SUCCESS        
23:14:55.406 [INFO]  [Reporting][main][c.d.cover.ui.a.j] Build system                  Gradle                        SUCCESS        
23:14:55.406 [INFO]  [Reporting][main][c.d.cover.ui.a.j] Mocking Framework             Mockito 5.4.0                 SUCCESS        
23:14:55.406 [DEBUG] [Reporting][main][c.d.cover.ui.a.j] Surefire version              Skipped                       -----          
23:14:55.406 [INFO]  [Reporting][main][c.d.cover.ui.a.j] Testing framework             JUnit Jupiter 5               SUCCESS        
23:14:55.406 [DEBUG] [Reporting][main][c.d.cover.ui.a.j] JavaEE version                Skipped                       -----          
23:14:55.406 [DEBUG] [Reporting][main][c.d.cover.ui.a.j] JaCoCo plugin version         Skipped                       -----          
23:14:55.407 [INFO]  [Reporting][main][c.d.cover.ui.a.j] Launcher                      JUnit Jupiter                 SUCCESS        
23:14:55.407 [INFO]  [Reporting][main][c.d.cover.ui.a.j] Test validation               Enabled                       SUCCESS        
23:14:55.407 [DEBUG] [Reporting][main][c.d.cover.ui.a.j] Hamcrest                      Not Detected                  -----          
23:14:55.407 [DEBUG] [Reporting][main][c.d.cover.ui.a.j] Spring Core                   Not Detected                  -----          
23:14:55.407 [DEBUG] [Reporting][main][c.d.cover.ui.a.j] Spring Boot                   Skipped                       -----          
23:14:55.407 [DEBUG] [Reporting][main][c.d.cover.ui.a.j] Spring Boot Test              Skipped                       -----          
23:14:55.407 [DEBUG] [Reporting][main][c.d.cover.ui.a.j] Spring Web                    Skipped                       -----          
23:14:55.407 [DEBUG] [Reporting][main][c.d.cover.ui.a.j] Spring Security Web           Skipped                       -----          
23:14:55.407 [DEBUG] [Reporting][main][c.d.cover.ui.a.j] Spring Test                   Skipped                       -----          
23:14:55.407 [INFO]  [Reporting][main][c.d.cover.ui.a.j] 
23:14:55.407 [INFO]  [Reporting][main][c.d.cover.ui.a.j] Environment check status: SUCCESS
23:14:55.436 [DEBUG] [Creating][pool-5-thread-1][c.d.cover.k.a.g] Configuration:
Module: 
Configuration: 
 features=[TESTING_FRAMEWORK_JUNIT_JUPITER5, JUNIT_JUPITER_PARAMS, MOCKING, MOCKITO_SESSION, INCLUDE_SYSTEM_ENVIRONMENT_VARIABLES, INLINE_ACT_INTO_ASSERT, INLINE_ARRANGE_INTO_ACT_ASSERT, INLINE_CHAINED_MEMBER_ACCESSES, INLINE_CONSTRUCTORS, INLINE_IMMEDIATE_VALUES, JOIN_SIMPLE_TESTS, SHOW_SECTION_COMMENTS, KEEP_NON_COMPILING_TESTS, KEEP_NONDETERMINISTIC_TESTS, KEEP_TESTS_WITHOUT_ASSERTIONS, KEEP_TESTS_WITH_VIOLATIONS, KEEP_THROWING_TESTS, PREFLIGHT_ENABLE_TEST_EXECUTION, REPORT, SANDBOXING, VALIDATION, ANALYZER_SERVICE, VERIFICATION]
 analyzerServiceIdleTimeout=PT2M
 coverReportsBaseUrl=Optional.empty
 coverReportsGroupName=17/09/2023, 23:14
 coverReportsProject=Optional.empty
 environmentVariables={}
 complianceLevel=17
 fuzzingIterations=1000
 jacocoCommandDiffblue=Optional.empty
 jacocoCommandManual=Optional.empty
 jacocoXmlTestReport=Optional.empty
 jacocoXmlTestReportDiffblue=C:\Users\cbontoiu\Desktop\DiffblueTutorials\DemoCLI\extra\.diffblue\reports\diffblue-tests-jacoco-report.xml
 jacocoXmlTestReportManual=C:\Users\cbontoiu\Desktop\DiffblueTutorials\DemoCLI\extra\.diffblue\reports\manual-tests-jacoco-report.xml
 sandboxAllowedJavaNativeInterfacePrefixes=[]
 mockingFramework=MOCKITO_5_0_0
 mockClasses=[]
 mockStaticClasses=[]
 workingDirectory=C:\Users\cbontoiu\Desktop\DiffblueTutorials\DemoCLI\extra
 classpath=Classpath(15 full entries, 1 code under test entries)
 warningsToSuppress=[]
 perMethodTimeouts=Timeouts{softTimeout=PT20S, initialExecutionTimeout=PT20S, hardTimeout=PT1M, springStartupTimeout=PT4M}
 reportFile=C:\Users\cbontoiu\Desktop\DiffblueTutorials\DemoCLI\extra\.diffblue\reports\report.json
 activeProfiles=[]
 classScheme=${CLASS_NAME}DiffblueTest
 methodScheme=test${INNER_CLASS_NAME}${METHOD_NAME}
 springConfigurationClasses=[]
 testOutputDirectory=C:\Users\cbontoiu\Desktop\DiffblueTutorials\DemoCLI\extra\src\test\java
 validationCommand=Optional.empty
 validationTimeout=PT30M
 jacocoVersion=null
 observerMethodSpecification=MethodSpecification[excludedPrefixes=[]]
 analyzerServiceRestartFrequency=50

23:14:55.441 [INFO]  [Creating][pool-5-thread-1][c.d.cover.ui.d.b] Found 14 callable methods in 7 classes
23:14:55.442 [INFO]  [Creating][pool-5-thread-1][c.d.cover.k.a.a] 
23:14:55.443 [INFO]  [Creating][pool-5-thread-1][c.d.cover.k.a.a] Creating tests:
23:14:55.443 [INFO]  [Creating][pool-5-thread-1][c.d.cover.k.a.a] ---------------
23:14:55.462 [INFO]  [Creating][pool-5-thread-1][c.d.cover.k.a.a] 
================================================================================
= Starting analysis for class 'source.A'
================================================================================
23:14:55.462 [INFO]  [Creating][pool-5-thread-1][c.d.cover.k.a.a] Filtering out non-testable methods...
23:14:57.024 [INFO]  [Creating][pool-5-thread-1][c.d.cover.k.a.a] Filtering of methods complete. Creating analysis request
23:14:57.025 [INFO]  [Creating][pool-5-thread-1][c.d.c.service.c] Attempting to get service client, retry 1.
23:14:57.033 [INFO]  [Creating][pool-5-thread-1][c.d.c.service.c] Starting monitoring server.
23:14:57.202 [INFO]  [Creating][pool-5-thread-1][c.d.c.service.c] Monitoring server listening on localhost/127.0.0.1:56866
23:14:57.204 [INFO]  [Creating][pool-5-thread-1][c.d.c.service.c] Starting analyzer server process...
23:14:57.205 [INFO]  [Creating][pool-5-thread-1][c.d.c.service.c] Server command-line: C:\Program Files\Java\jdk-17\bin\java.exe -XX:+IgnoreUnrecognizedVMOptions -Djdk.attach.allowAttachSelf=true -ea -javaagent:C:\DiffblueCoverProduct\launcher-shared-jar.jar -Dlogback.configurationFile=C:\Users\cbontoiu\AppData\Local\Temp\diffblue\config\logback-remote-service.xml -Dcom.diffblue.springIsolationJar=C:\DiffblueCoverProduct\cover-isolation-layer.jar -Dcover.jar.path=C:\DiffblueCoverProduct\cover-service-analyzer.jar -Dcom.diffblue.assertionSuggestionJar=C:\DiffblueCoverProduct\cover-service-analyzer.jar -Dcover.main.class=com.diffblue.cover.service.analyzer.Main -jar C:\DiffblueCoverProduct\launcher-shared-jar.jar --service-lifespan 120 --monitoring-service-port 56866 --index-service-port 56866 --debug-log
23:14:57.214 [INFO]  [Creating][pool-5-thread-1][c.d.c.service.c] Server started. Waiting up to 300 seconds for a connection to be established...
23:14:57.947 [DEBUG] [Creating][nullmain][c.d.c.s.a.Main] Service heap size: 4028 MB
23:14:58.040 [INFO]  [Creating][nullmain][c.d.c.s.a.a.b] Starting new remote monitor client
23:14:58.714 [INFO]  [Creating][analyzer-service:main][c.d.c.s.a.a.b] Attempting to start remote server.
23:14:58.978 [INFO]  [Creating][analyzer-service:main][c.d.c.s.a.a.a] Server started, listening on localhost/127.0.0.1:56871
23:14:59.222 [INFO]  [Creating][pool-5-thread-1][c.d.c.service.c] Expect analyzer service to be listening on port 56871.
23:14:59.870 [INFO]  [Creating][pool-5-thread-1][c.d.c.service.c] Started analyzer service and client retrieved.
23:15:01.858 [DEBUG] [Creating][analyzer-service:grpc-default-executor-0][c.d.fuzztest.d.a] Class information:
23:15:01.859 [DEBUG] [Creating][analyzer-service:grpc-default-executor-0][c.d.fuzztest.d.a]   Fields: static int source.A.a
23:15:01.861 [DEBUG] [Creating][analyzer-service:grpc-default-executor-0][c.d.fuzztest.d.a]   Constructors: public source.A()
23:15:01.862 [DEBUG] [Creating][analyzer-service:grpc-default-executor-0][c.d.fuzztest.d.a]   Methods: int source.A.method(double)
23:15:02.474 [INFO]  [Creating][analyzer-service:TimedExecutor-4][c.d.fuzztest.f.c] 
================================================================================
= Creating tests for 'source.A.<init>:()V' using 'TrM (!sp, !fnm, df, !ris)'
================================================================================
23:15:04.538 [INFO]  [Creating][pool-5-thread-1][c.d.cover.ui.d.b]      [1/14] source.A.<init>
23:15:04.539 [INFO]  [Creating][pool-5-thread-1][c.d.cover.ui.d.b]      [1/14]   Tests created: 1
23:15:04.542 [INFO]  [Creating][analyzer-service:TimedExecutor-11][c.d.fuzztest.f.c] 
================================================================================
= Creating tests for 'source.A.method:(D)I' using 'SiM (!sp, fnm, df, !ris)'
================================================================================
23:15:06.873 [DEBUG] [Creating][analyzer-service:TimedExecutor-11][c.d.fuzztest.b.d] Refinement loop done: 2 seeds, 1+0 new+accumulated tests, 1+0 tests+partial tests, 91/1000 its
23:15:06.995 [INFO]  [Creating][analyzer-service:grpc-default-executor-0][c.d.fuzztest.f.v] Created 1+0 tests and partial tests via 'SiM (!sp, fnm, df, !ris)', 1/2, returning all 1
23:15:07.146 [INFO]  [Creating][pool-5-thread-1][c.d.cover.ui.d.b]      [2/14] source.A.method
23:15:07.146 [INFO]  [Creating][pool-5-thread-1][c.d.cover.ui.d.b]      [2/14]   Tests created: 1
23:15:07.155 [INFO]  [Creating][pool-5-thread-1][c.d.cover.ui.d.b] [1/7] source.A
23:15:07.156 [INFO]  [Creating][pool-5-thread-1][c.d.cover.ui.d.b] [1/7]   Tests created: 2
23:15:07.157 [INFO]  [Creating][pool-5-thread-1][c.d.cover.k.a.a] 
================================================================================
= Starting analysis for class 'source.B'
================================================================================
23:15:07.157 [INFO]  [Creating][pool-5-thread-1][c.d.cover.k.a.a] Filtering out non-testable methods...
23:15:07.158 [INFO]  [Creating][pool-5-thread-1][c.d.cover.k.a.a] Filtering of methods complete. Creating analysis request
23:15:07.158 [INFO]  [Creating][pool-5-thread-1][c.d.c.service.c] Attempting to get service client, retry 1.
23:15:07.191 [DEBUG] [Creating][analyzer-service:grpc-default-executor-0][c.d.fuzztest.d.a] Class information:
23:15:07.192 [DEBUG] [Creating][analyzer-service:grpc-default-executor-0][c.d.fuzztest.d.a]   Extends: class source.A
23:15:07.193 [DEBUG] [Creating][analyzer-service:grpc-default-executor-0][c.d.fuzztest.d.a]   Fields: int source.B.b
23:15:07.194 [DEBUG] [Creating][analyzer-service:grpc-default-executor-0][c.d.fuzztest.d.a]   Constructors: public source.B()
23:15:07.194 [DEBUG] [Creating][analyzer-service:grpc-default-executor-0][c.d.fuzztest.d.a]   Methods: int source.B.method(double)
23:15:07.224 [INFO]  [Creating][analyzer-service:TimedExecutor-56][c.d.fuzztest.f.c] 
================================================================================
= Creating tests for 'source.B.<init>:()V' using 'TrM (!sp, !fnm, df, !ris)'
================================================================================
23:15:07.382 [INFO]  [Creating][pool-5-thread-1][c.d.cover.ui.d.b]      [3/14] source.B.<init>
23:15:07.382 [INFO]  [Creating][pool-5-thread-1][c.d.cover.ui.d.b]      [3/14]   Tests created: 1
23:15:07.385 [INFO]  [Creating][analyzer-service:TimedExecutor-63][c.d.fuzztest.f.c] 
================================================================================
= Creating tests for 'source.B.method:(D)I' using 'SiM (!sp, fnm, df, !ris)'
================================================================================
23:15:07.640 [DEBUG] [Creating][analyzer-service:TimedExecutor-63][c.d.fuzztest.b.d] Refinement loop done: 2 seeds, 1+0 new+accumulated tests, 1+0 tests+partial tests, 79/1000 its
23:15:07.695 [INFO]  [Creating][analyzer-service:grpc-default-executor-0][c.d.fuzztest.f.v] Created 1+0 tests and partial tests via 'SiM (!sp, fnm, df, !ris)', 1/2, returning all 1
23:15:07.787 [INFO]  [Creating][pool-5-thread-1][c.d.cover.ui.d.b]      [4/14] source.B.method
23:15:07.787 [INFO]  [Creating][pool-5-thread-1][c.d.cover.ui.d.b]      [4/14]   Tests created: 1
23:15:07.793 [INFO]  [Creating][pool-5-thread-1][c.d.cover.ui.d.b] [2/7] source.B
23:15:07.794 [INFO]  [Creating][pool-5-thread-1][c.d.cover.ui.d.b] [2/7]   Tests created: 2
23:15:07.794 [INFO]  [Creating][pool-5-thread-1][c.d.cover.k.a.a] 
================================================================================
= Starting analysis for class 'source.C'
================================================================================
23:15:07.794 [INFO]  [Creating][pool-5-thread-1][c.d.cover.k.a.a] Filtering out non-testable methods...
23:15:07.795 [INFO]  [Creating][pool-5-thread-1][c.d.cover.k.a.a] Filtering of methods complete. Creating analysis request
23:15:07.795 [INFO]  [Creating][pool-5-thread-1][c.d.c.service.c] Attempting to get service client, retry 1.
23:15:07.818 [DEBUG] [Creating][analyzer-service:grpc-default-executor-0][c.d.fuzztest.d.a] Class information:
23:15:07.818 [DEBUG] [Creating][analyzer-service:grpc-default-executor-0][c.d.fuzztest.d.a]   Extends: class source.B
23:15:07.818 [DEBUG] [Creating][analyzer-service:grpc-default-executor-0][c.d.fuzztest.d.a]   Fields: int source.C.c
23:15:07.818 [DEBUG] [Creating][analyzer-service:grpc-default-executor-0][c.d.fuzztest.d.a]   Constructors: public source.C()
23:15:07.818 [DEBUG] [Creating][analyzer-service:grpc-default-executor-0][c.d.fuzztest.d.a]   Methods: int source.C.method(double)
23:15:07.837 [INFO]  [Creating][analyzer-service:TimedExecutor-103][c.d.fuzztest.f.c] 
================================================================================
= Creating tests for 'source.C.<init>:()V' using 'TrM (!sp, !fnm, df, !ris)'
================================================================================
23:15:07.945 [INFO]  [Creating][pool-5-thread-1][c.d.cover.ui.d.b]      [5/14] source.C.<init>
23:15:07.945 [INFO]  [Creating][pool-5-thread-1][c.d.cover.ui.d.b]      [5/14]   Tests created: 1
23:15:07.947 [INFO]  [Creating][analyzer-service:TimedExecutor-110][c.d.fuzztest.f.c] 
================================================================================
= Creating tests for 'source.C.method:(D)I' using 'SiM (!sp, fnm, df, !ris)'
================================================================================
23:15:08.118 [DEBUG] [Creating][analyzer-service:TimedExecutor-110][c.d.fuzztest.b.d] Refinement loop done: 2 seeds, 1+0 new+accumulated tests, 1+0 tests+partial tests, 67/1000 its
23:15:08.161 [INFO]  [Creating][analyzer-service:grpc-default-executor-0][c.d.fuzztest.f.v] Created 1+0 tests and partial tests via 'SiM (!sp, fnm, df, !ris)', 1/2, returning all 1
23:15:08.251 [INFO]  [Creating][pool-5-thread-1][c.d.cover.ui.d.b]      [6/14] source.C.method
23:15:08.252 [INFO]  [Creating][pool-5-thread-1][c.d.cover.ui.d.b]      [6/14]   Tests created: 1
23:15:08.257 [INFO]  [Creating][pool-5-thread-1][c.d.cover.ui.d.b] [3/7] source.C
23:15:08.258 [INFO]  [Creating][pool-5-thread-1][c.d.cover.ui.d.b] [3/7]   Tests created: 2
23:15:08.259 [INFO]  [Creating][pool-5-thread-1][c.d.cover.k.a.a] 
================================================================================
= Starting analysis for class 'source.D'
================================================================================
23:15:08.259 [INFO]  [Creating][pool-5-thread-1][c.d.cover.k.a.a] Filtering out non-testable methods...
23:15:08.259 [INFO]  [Creating][pool-5-thread-1][c.d.cover.k.a.a] Filtering of methods complete. Creating analysis request
23:15:08.260 [INFO]  [Creating][pool-5-thread-1][c.d.c.service.c] Attempting to get service client, retry 1.
23:15:08.282 [DEBUG] [Creating][analyzer-service:grpc-default-executor-0][c.d.fuzztest.d.a] Class information:
23:15:08.283 [DEBUG] [Creating][analyzer-service:grpc-default-executor-0][c.d.fuzztest.d.a]   Extends: class source.C
23:15:08.283 [DEBUG] [Creating][analyzer-service:grpc-default-executor-0][c.d.fuzztest.d.a]   Fields: int source.D.d
23:15:08.283 [DEBUG] [Creating][analyzer-service:grpc-default-executor-0][c.d.fuzztest.d.a]   Constructors: public source.D()
23:15:08.283 [DEBUG] [Creating][analyzer-service:grpc-default-executor-0][c.d.fuzztest.d.a]   Methods: int source.D.method(double)
23:15:08.303 [INFO]  [Creating][analyzer-service:TimedExecutor-145][c.d.fuzztest.f.c] 
================================================================================
= Creating tests for 'source.D.<init>:()V' using 'TrM (!sp, !fnm, df, !ris)'
================================================================================
23:15:08.426 [INFO]  [Creating][pool-5-thread-1][c.d.cover.ui.d.b]      [7/14] source.D.<init>
23:15:08.426 [INFO]  [Creating][pool-5-thread-1][c.d.cover.ui.d.b]      [7/14]   Tests created: 1
23:15:08.428 [INFO]  [Creating][analyzer-service:TimedExecutor-152][c.d.fuzztest.f.c] 
================================================================================
= Creating tests for 'source.D.method:(D)I' using 'SiM (!sp, fnm, df, !ris)'
================================================================================
23:15:08.578 [DEBUG] [Creating][analyzer-service:TimedExecutor-152][c.d.fuzztest.b.d] Refinement loop done: 2 seeds, 1+0 new+accumulated tests, 1+0 tests+partial tests, 55/1000 its
23:15:08.621 [INFO]  [Creating][analyzer-service:grpc-default-executor-0][c.d.fuzztest.f.v] Created 1+0 tests and partial tests via 'SiM (!sp, fnm, df, !ris)', 1/2, returning all 1
23:15:08.684 [INFO]  [Creating][pool-5-thread-1][c.d.cover.ui.d.b]      [8/14] source.D.method
23:15:08.684 [INFO]  [Creating][pool-5-thread-1][c.d.cover.ui.d.b]      [8/14]   Tests created: 1
23:15:08.689 [INFO]  [Creating][pool-5-thread-1][c.d.cover.ui.d.b] [4/7] source.D
23:15:08.690 [INFO]  [Creating][pool-5-thread-1][c.d.cover.ui.d.b] [4/7]   Tests created: 2
23:15:08.690 [INFO]  [Creating][pool-5-thread-1][c.d.cover.k.a.a] 
================================================================================
= Starting analysis for class 'source.E'
================================================================================
23:15:08.690 [INFO]  [Creating][pool-5-thread-1][c.d.cover.k.a.a] Filtering out non-testable methods...
23:15:08.690 [INFO]  [Creating][pool-5-thread-1][c.d.cover.k.a.a] Filtering of methods complete. Creating analysis request
23:15:08.690 [INFO]  [Creating][pool-5-thread-1][c.d.c.service.c] Attempting to get service client, retry 1.
23:15:08.710 [DEBUG] [Creating][analyzer-service:grpc-default-executor-0][c.d.fuzztest.d.a] Class information:
23:15:08.710 [DEBUG] [Creating][analyzer-service:grpc-default-executor-0][c.d.fuzztest.d.a]   Extends: class source.D
23:15:08.711 [DEBUG] [Creating][analyzer-service:grpc-default-executor-0][c.d.fuzztest.d.a]   Fields: int source.E.e
23:15:08.711 [DEBUG] [Creating][analyzer-service:grpc-default-executor-0][c.d.fuzztest.d.a]   Constructors: public source.E()
23:15:08.711 [DEBUG] [Creating][analyzer-service:grpc-default-executor-0][c.d.fuzztest.d.a]   Methods: int source.E.method(double)
23:15:08.726 [INFO]  [Creating][analyzer-service:TimedExecutor-182][c.d.fuzztest.f.c] 
================================================================================
= Creating tests for 'source.E.<init>:()V' using 'TrM (!sp, !fnm, df, !ris)'
================================================================================
23:15:08.847 [INFO]  [Creating][pool-5-thread-1][c.d.cover.ui.d.b]      [9/14] source.E.<init>
23:15:08.848 [INFO]  [Creating][pool-5-thread-1][c.d.cover.ui.d.b]      [9/14]   Tests created: 1
23:15:08.850 [INFO]  [Creating][analyzer-service:TimedExecutor-189][c.d.fuzztest.f.c] 
================================================================================
= Creating tests for 'source.E.method:(D)I' using 'SiM (!sp, fnm, df, !ris)'
================================================================================
23:15:08.942 [DEBUG] [Creating][analyzer-service:TimedExecutor-189][c.d.fuzztest.b.d] Refinement loop done: 2 seeds, 1+0 new+accumulated tests, 1+0 tests+partial tests, 43/1000 its
23:15:08.979 [INFO]  [Creating][analyzer-service:grpc-default-executor-0][c.d.fuzztest.f.v] Created 1+0 tests and partial tests via 'SiM (!sp, fnm, df, !ris)', 1/2, returning all 1
23:15:09.046 [INFO]  [Creating][pool-5-thread-1][c.d.cover.ui.d.b]     [10/14] source.E.method
23:15:09.046 [INFO]  [Creating][pool-5-thread-1][c.d.cover.ui.d.b]     [10/14]   Tests created: 1
23:15:09.051 [INFO]  [Creating][pool-5-thread-1][c.d.cover.ui.d.b] [5/7] source.E
23:15:09.052 [INFO]  [Creating][pool-5-thread-1][c.d.cover.ui.d.b] [5/7]   Tests created: 2
23:15:09.053 [INFO]  [Creating][pool-5-thread-1][c.d.cover.k.a.a] 
================================================================================
= Starting analysis for class 'source.F'
================================================================================
23:15:09.053 [INFO]  [Creating][pool-5-thread-1][c.d.cover.k.a.a] Filtering out non-testable methods...
23:15:09.053 [INFO]  [Creating][pool-5-thread-1][c.d.cover.k.a.a] Filtering of methods complete. Creating analysis request
23:15:09.053 [INFO]  [Creating][pool-5-thread-1][c.d.c.service.c] Attempting to get service client, retry 1.
23:15:09.072 [DEBUG] [Creating][analyzer-service:grpc-default-executor-0][c.d.fuzztest.d.a] Class information:
23:15:09.072 [DEBUG] [Creating][analyzer-service:grpc-default-executor-0][c.d.fuzztest.d.a]   Extends: class source.E
23:15:09.072 [DEBUG] [Creating][analyzer-service:grpc-default-executor-0][c.d.fuzztest.d.a]   Fields: int source.F.f
23:15:09.072 [DEBUG] [Creating][analyzer-service:grpc-default-executor-0][c.d.fuzztest.d.a]   Constructors: public source.F()
23:15:09.072 [DEBUG] [Creating][analyzer-service:grpc-default-executor-0][c.d.fuzztest.d.a]   Methods: int source.F.method(double)
23:15:09.085 [INFO]  [Creating][analyzer-service:TimedExecutor-214][c.d.fuzztest.f.c] 
================================================================================
= Creating tests for 'source.F.<init>:()V' using 'TrM (!sp, !fnm, df, !ris)'
================================================================================
23:15:09.199 [INFO]  [Creating][pool-5-thread-1][c.d.cover.ui.d.b]     [11/14] source.F.<init>
23:15:09.199 [INFO]  [Creating][pool-5-thread-1][c.d.cover.ui.d.b]     [11/14]   Tests created: 1
23:15:09.202 [INFO]  [Creating][analyzer-service:TimedExecutor-221][c.d.fuzztest.f.c] 
================================================================================
= Creating tests for 'source.F.method:(D)I' using 'SiM (!sp, fnm, df, !ris)'
================================================================================
23:15:09.299 [DEBUG] [Creating][analyzer-service:TimedExecutor-221][c.d.fuzztest.b.d] Refinement loop done: 2 seeds, 1+0 new+accumulated tests, 1+0 tests+partial tests, 31/1000 its
23:15:09.338 [INFO]  [Creating][analyzer-service:grpc-default-executor-0][c.d.fuzztest.f.v] Created 1+0 tests and partial tests via 'SiM (!sp, fnm, df, !ris)', 1/2, returning all 1
23:15:09.428 [INFO]  [Creating][pool-5-thread-1][c.d.cover.ui.d.b]     [12/14] source.F.method
23:15:09.429 [INFO]  [Creating][pool-5-thread-1][c.d.cover.ui.d.b]     [12/14]   Tests created: 1
23:15:09.436 [INFO]  [Creating][pool-5-thread-1][c.d.cover.ui.d.b] [6/7] source.F
23:15:09.437 [INFO]  [Creating][pool-5-thread-1][c.d.cover.ui.d.b] [6/7]   Tests created: 2
23:15:09.437 [INFO]  [Creating][pool-5-thread-1][c.d.cover.k.a.a] 
================================================================================
= Starting analysis for class 'source.G'
================================================================================
23:15:09.437 [INFO]  [Creating][pool-5-thread-1][c.d.cover.k.a.a] Filtering out non-testable methods...
23:15:09.438 [INFO]  [Creating][pool-5-thread-1][c.d.cover.k.a.a] Filtering of methods complete. Creating analysis request
23:15:09.438 [INFO]  [Creating][pool-5-thread-1][c.d.c.service.c] Attempting to get service client, retry 1.
23:15:09.462 [DEBUG] [Creating][analyzer-service:grpc-default-executor-0][c.d.fuzztest.d.a] Class information:
23:15:09.462 [DEBUG] [Creating][analyzer-service:grpc-default-executor-0][c.d.fuzztest.d.a]   Extends: class source.F
23:15:09.462 [DEBUG] [Creating][analyzer-service:grpc-default-executor-0][c.d.fuzztest.d.a]   Fields: int source.G.g
23:15:09.463 [DEBUG] [Creating][analyzer-service:grpc-default-executor-0][c.d.fuzztest.d.a]   Constructors: public source.G()
23:15:09.463 [DEBUG] [Creating][analyzer-service:grpc-default-executor-0][c.d.fuzztest.d.a]   Methods: int source.G.method(double)
23:15:09.478 [INFO]  [Creating][analyzer-service:TimedExecutor-241][c.d.fuzztest.f.c] 
================================================================================
= Creating tests for 'source.G.<init>:()V' using 'TrM (!sp, !fnm, df, !ris)'
================================================================================
23:15:09.592 [INFO]  [Creating][pool-5-thread-1][c.d.cover.ui.d.b]     [13/14] source.G.<init>
23:15:09.592 [INFO]  [Creating][pool-5-thread-1][c.d.cover.ui.d.b]     [13/14]   Tests created: 1
23:15:09.595 [INFO]  [Creating][analyzer-service:TimedExecutor-248][c.d.fuzztest.f.c] 
================================================================================
= Creating tests for 'source.G.method:(D)I' using 'SiM (!sp, fnm, df, !ris)'
================================================================================
23:15:09.650 [DEBUG] [Creating][analyzer-service:TimedExecutor-248][c.d.fuzztest.b.d] Refinement loop done: 2 seeds, 1+0 new+accumulated tests, 1+0 tests+partial tests, 19/1000 its
23:15:09.677 [INFO]  [Creating][analyzer-service:grpc-default-executor-0][c.d.fuzztest.f.v] Created 1+0 tests and partial tests via 'SiM (!sp, fnm, df, !ris)', 1/2, returning all 1
23:15:09.748 [INFO]  [Creating][pool-5-thread-1][c.d.cover.ui.d.b]     [14/14] source.G.method
23:15:09.748 [INFO]  [Creating][pool-5-thread-1][c.d.cover.ui.d.b]     [14/14]   Tests created: 1
23:15:09.753 [INFO]  [Creating][pool-5-thread-1][c.d.cover.ui.d.b] [7/7] source.G
23:15:09.753 [INFO]  [Creating][pool-5-thread-1][c.d.cover.ui.d.b] [7/7]   Tests created: 2
23:15:09.759 [INFO]  [Reporting][pool-5-thread-1][c.d.cover.ui.d.b] 
23:15:09.760 [INFO]  [Reporting][pool-5-thread-1][c.d.cover.ui.d.b] Summary:
23:15:09.761 [INFO]  [Reporting][pool-5-thread-1][c.d.cover.ui.d.b] --------
23:15:09.762 [INFO]  [Reporting][pool-5-thread-1][c.d.cover.ui.d.b] Total:                                              14 methods
23:15:09.762 [INFO]  [Reporting][pool-5-thread-1][c.d.cover.ui.d.b] 14 tests created for:                               14 methods
23:15:09.763 [INFO]  [Reporting][pool-5-thread-1][c.d.cover.ui.d.b] 
23:15:09.899 [INFO]  [Validating][main][c.d.cover.ui.a.j] 
23:15:09.900 [INFO]  [Validating][main][c.d.cover.ui.a.j] Running validation command.
23:15:09.902 [DEBUG] [Validating][main][c.d.cover.k.c.f] Validating tests with default internal Gradle "test" task: gradle test
23:15:09.903 [INFO]  [Validating][main][c.d.d.g.b] Running: Using JAVA_HOME: C:\Program Files\Java\jdk-17 : in C:\Users\cbontoiu\Desktop\DiffblueTutorials\DemoCLI\extra : gradle test -i  
23:15:10.884 [INFO]  [Validating][main][c.d.d.b.a] Standard output of build tool (gradle)
23:15:10.884 [INFO]  [Validating][main][c.d.d.b.a] > The client will now receive all logging from the daemon (pid: 7736). The daemon log file: C:\Users\cbontoiu\.gradle\daemon\8.2\daemon-7736.out.log
23:15:10.884 [INFO]  [Validating][main][c.d.d.b.a] > Starting 45th build in daemon [uptime: 2 hrs 26 mins 11.374 secs, performance: 100%, GC rate: 0.00/s, heap usage: 0% of 3.9 GiB]
23:15:10.884 [INFO]  [Validating][main][c.d.d.b.a] > Closing daemon's stdin at end of input.
23:15:10.884 [INFO]  [Validating][main][c.d.d.b.a] > The daemon will no longer process any standard input.
23:15:10.884 [INFO]  [Validating][main][c.d.d.b.a] > Using 8 worker leases.
23:15:10.884 [INFO]  [Validating][main][c.d.d.b.a] > Now considering [C:\Users\cbontoiu\Desktop\DiffblueTutorials\DemoCLI] as hierarchies to watch
23:15:10.884 [INFO]  [Validating][main][c.d.d.b.a] > Watching the file system is configured to be enabled if available
23:15:10.884 [INFO]  [Validating][main][c.d.d.b.a] > File system watching is active
23:15:10.884 [INFO]  [Validating][main][c.d.d.b.a] > Starting Build
23:15:10.884 [INFO]  [Validating][main][c.d.d.b.a] > Settings evaluated using settings file 'C:\Users\cbontoiu\Desktop\DiffblueTutorials\DemoCLI\settings.gradle'.
23:15:10.884 [INFO]  [Validating][main][c.d.d.b.a] > Projects loaded. Root project using build file 'C:\Users\cbontoiu\Desktop\DiffblueTutorials\DemoCLI\build.gradle'.
23:15:10.884 [INFO]  [Validating][main][c.d.d.b.a] > Included projects: [root project 'DemoCLI', project ':app', project ':common', project ':extra']
23:15:10.885 [INFO]  [Validating][main][c.d.d.b.a] > 
23:15:10.885 [INFO]  [Validating][main][c.d.d.b.a] > > Configure project :
23:15:10.885 [INFO]  [Validating][main][c.d.d.b.a] > Evaluating root project 'DemoCLI' using build file 'C:\Users\cbontoiu\Desktop\DiffblueTutorials\DemoCLI\build.gradle'.
23:15:10.885 [INFO]  [Validating][main][c.d.d.b.a] > 
23:15:10.885 [INFO]  [Validating][main][c.d.d.b.a] > > Configure project :app
23:15:10.885 [INFO]  [Validating][main][c.d.d.b.a] > Evaluating project ':app' using build file 'C:\Users\cbontoiu\Desktop\DiffblueTutorials\DemoCLI\app\build.gradle'.
23:15:10.885 [INFO]  [Validating][main][c.d.d.b.a] > 
23:15:10.885 [INFO]  [Validating][main][c.d.d.b.a] > > Configure project :common
23:15:10.885 [INFO]  [Validating][main][c.d.d.b.a] > Evaluating project ':common' using build file 'C:\Users\cbontoiu\Desktop\DiffblueTutorials\DemoCLI\common\build.gradle'.
23:15:10.885 [INFO]  [Validating][main][c.d.d.b.a] > 
23:15:10.885 [INFO]  [Validating][main][c.d.d.b.a] > > Configure project :extra
23:15:10.885 [INFO]  [Validating][main][c.d.d.b.a] > Evaluating project ':extra' using build file 'C:\Users\cbontoiu\Desktop\DiffblueTutorials\DemoCLI\extra\build.gradle'.
23:15:10.885 [INFO]  [Validating][main][c.d.d.b.a] > All projects evaluated.
23:15:10.885 [INFO]  [Validating][main][c.d.d.b.a] > Task path ':extra:test' matched project ':extra'
23:15:10.885 [INFO]  [Validating][main][c.d.d.b.a] > Task name matched 'test'
23:15:10.885 [INFO]  [Validating][main][c.d.d.b.a] > Selected primary task 'test' from project :extra
23:15:10.885 [INFO]  [Validating][main][c.d.d.b.a] > The configuration :extra:mainSourceElements is both consumable and declarable. This combination is incorrect, only one of these flags should be set.
23:15:10.885 [INFO]  [Validating][main][c.d.d.b.a] > Tasks to be executed: [task ':extra:compileJava', task ':extra:processResources', task ':extra:classes', task ':extra:compileTestJava', task ':extra:processTestResources', task ':extra:testClasses', task ':extra:test']
23:15:10.885 [INFO]  [Validating][main][c.d.d.b.a] > Tasks that were excluded: []
23:15:10.885 [INFO]  [Validating][main][c.d.d.b.a] > Resolve mutations for :extra:compileJava (Thread[Execution worker,5,main]) started.
23:15:10.885 [INFO]  [Validating][main][c.d.d.b.a] > :extra:compileJava (Thread[Execution worker,5,main]) started.
23:15:10.885 [INFO]  [Validating][main][c.d.d.b.a] > 
23:15:10.885 [INFO]  [Validating][main][c.d.d.b.a] > > Task :extra:compileJava UP-TO-DATE
23:15:10.885 [INFO]  [Validating][main][c.d.d.b.a] > Caching disabled for task ':extra:compileJava' because:
23:15:10.885 [INFO]  [Validating][main][c.d.d.b.a] >   Build cache is disabled
23:15:10.885 [INFO]  [Validating][main][c.d.d.b.a] > Skipping task ':extra:compileJava' as it is up-to-date.
23:15:10.885 [INFO]  [Validating][main][c.d.d.b.a] > Resolve mutations for :extra:processResources (Thread[Execution worker,5,main]) started.
23:15:10.885 [INFO]  [Validating][main][c.d.d.b.a] > :extra:processResources (Thread[Execution worker,5,main]) started.
23:15:10.886 [INFO]  [Validating][main][c.d.d.b.a] > 
23:15:10.886 [INFO]  [Validating][main][c.d.d.b.a] > > Task :extra:processResources NO-SOURCE
23:15:10.886 [INFO]  [Validating][main][c.d.d.b.a] > Skipping task ':extra:processResources' as it has no source files and no previous output files.
23:15:10.886 [INFO]  [Validating][main][c.d.d.b.a] > Resolve mutations for :extra:classes (Thread[Execution worker,5,main]) started.
23:15:10.886 [INFO]  [Validating][main][c.d.d.b.a] > :extra:classes (Thread[Execution worker,5,main]) started.
23:15:10.886 [INFO]  [Validating][main][c.d.d.b.a] > 
23:15:10.886 [INFO]  [Validating][main][c.d.d.b.a] > > Task :extra:classes UP-TO-DATE
23:15:10.886 [INFO]  [Validating][main][c.d.d.b.a] > Skipping task ':extra:classes' as it has no actions.
23:15:10.886 [INFO]  [Validating][main][c.d.d.b.a] > Resolve mutations for :extra:compileTestJava (Thread[Execution worker Thread 7,5,main]) started.
23:15:10.886 [INFO]  [Validating][main][c.d.d.b.a] > :extra:compileTestJava (Thread[Execution worker Thread 7,5,main]) started.
23:15:10.886 [INFO]  [Validating][main][c.d.d.b.a] > 
23:15:10.886 [INFO]  [Validating][main][c.d.d.b.a] > > Task :extra:compileTestJava UP-TO-DATE
23:15:10.886 [INFO]  [Validating][main][c.d.d.b.a] > Caching disabled for task ':extra:compileTestJava' because:
23:15:10.886 [INFO]  [Validating][main][c.d.d.b.a] >   Build cache is disabled
23:15:10.886 [INFO]  [Validating][main][c.d.d.b.a] > Task ':extra:compileTestJava' is not up-to-date because:
23:15:10.886 [INFO]  [Validating][main][c.d.d.b.a] >   Input property 'stableSources' file C:\Users\cbontoiu\Desktop\DiffblueTutorials\DemoCLI\extra\src\test\java\DummyJUnitJupiterLauncherDiffblueTest.java has been removed.
23:15:10.886 [INFO]  [Validating][main][c.d.d.b.a] > Created classpath snapshot for incremental compilation in 0.001 secs.
23:15:10.886 [INFO]  [Validating][main][c.d.d.b.a] > None of the classes needs to be compiled! Analysis took 0.006 secs. 
23:15:10.886 [INFO]  [Validating][main][c.d.d.b.a] > Resolve mutations for :extra:processTestResources (Thread[Execution worker Thread 7,5,main]) started.
23:15:10.886 [INFO]  [Validating][main][c.d.d.b.a] > :extra:processTestResources (Thread[Execution worker Thread 7,5,main]) started.
23:15:10.886 [INFO]  [Validating][main][c.d.d.b.a] > 
23:15:10.886 [INFO]  [Validating][main][c.d.d.b.a] > > Task :extra:processTestResources NO-SOURCE
23:15:10.886 [INFO]  [Validating][main][c.d.d.b.a] > Skipping task ':extra:processTestResources' as it has no source files and no previous output files.
23:15:10.886 [INFO]  [Validating][main][c.d.d.b.a] > Resolve mutations for :extra:testClasses (Thread[Execution worker Thread 7,5,main]) started.
23:15:10.887 [INFO]  [Validating][main][c.d.d.b.a] > :extra:testClasses (Thread[Execution worker Thread 7,5,main]) started.
23:15:10.887 [INFO]  [Validating][main][c.d.d.b.a] > 
23:15:10.887 [INFO]  [Validating][main][c.d.d.b.a] > > Task :extra:testClasses UP-TO-DATE
23:15:10.887 [INFO]  [Validating][main][c.d.d.b.a] > Skipping task ':extra:testClasses' as it has no actions.
23:15:10.887 [INFO]  [Validating][main][c.d.d.b.a] > Resolve mutations for :extra:test (Thread[Execution worker Thread 7,5,main]) started.
23:15:10.887 [INFO]  [Validating][main][c.d.d.b.a] > :extra:test (Thread[Execution worker Thread 7,5,main]) started.
23:15:10.887 [INFO]  [Validating][main][c.d.d.b.a] > Gradle Test Executor 44 started executing tests.
23:15:10.887 [INFO]  [Validating][main][c.d.d.b.a] > Gradle Test Executor 44 finished executing tests.
23:15:10.887 [INFO]  [Validating][main][c.d.d.b.a] > 
23:15:10.887 [INFO]  [Validating][main][c.d.d.b.a] > > Task :extra:test
23:15:10.887 [INFO]  [Validating][main][c.d.d.b.a] > Caching disabled for task ':extra:test' because:
23:15:10.887 [INFO]  [Validating][main][c.d.d.b.a] >   Build cache is disabled
23:15:10.887 [INFO]  [Validating][main][c.d.d.b.a] > Task ':extra:test' is not up-to-date because:
23:15:10.887 [INFO]  [Validating][main][c.d.d.b.a] >   Value of input property 'filter.failOnNoMatchingTests' has changed for task ':extra:test'
23:15:10.887 [INFO]  [Validating][main][c.d.d.b.a] >   Value of input property 'filter.includePatterns' has changed for task ':extra:test'
23:15:10.887 [INFO]  [Validating][main][c.d.d.b.a] > Starting process 'Gradle Test Executor 44'. Working directory: C:\Users\cbontoiu\Desktop\DiffblueTutorials\DemoCLI\extra Command: C:\Program Files\Java\jdk-17\bin\java.exe -Dorg.gradle.internal.worker.tmpdir=C:\Users\cbontoiu\Desktop\DiffblueTutorials\DemoCLI\extra\build\tmp\test\work -Dorg.gradle.native=false @C:\Users\cbontoiu\.gradle\.tmp\gradle-worker-classpath106724822946489701txt -Xmx512m -Dfile.encoding=windows-1252 -Duser.country=GB -Duser.language=en -Duser.variant -ea worker.org.gradle.process.internal.worker.GradleWorkerMain 'Gradle Test Executor 44'
23:15:10.887 [INFO]  [Validating][main][c.d.d.b.a] > Successfully started process 'Gradle Test Executor 44'
23:15:10.887 [INFO]  [Validating][main][c.d.d.b.a] > Finished generating test XML results (0.008 secs) into: C:\Users\cbontoiu\Desktop\DiffblueTutorials\DemoCLI\extra\build\test-results\test
23:15:10.887 [INFO]  [Validating][main][c.d.d.b.a] > Generating HTML test report...
23:15:10.887 [INFO]  [Validating][main][c.d.d.b.a] > Finished generating test html results (0.012 secs) into: C:\Users\cbontoiu\Desktop\DiffblueTutorials\DemoCLI\extra\build\reports\tests\test
23:15:10.887 [INFO]  [Validating][main][c.d.d.b.a] > 
23:15:10.887 [INFO]  [Validating][main][c.d.d.b.a] > Deprecated Gradle features were used in this build, making it incompatible with Gradle 9.0.
23:15:10.888 [INFO]  [Validating][main][c.d.d.b.a] > 
23:15:10.888 [INFO]  [Validating][main][c.d.d.b.a] > You can use '--warning-mode all' to show the individual deprecation warnings and determine if they come from your own scripts or plugins.
23:15:10.888 [INFO]  [Validating][main][c.d.d.b.a] > 
23:15:10.888 [INFO]  [Validating][main][c.d.d.b.a] > For more on this, please refer to https://docs.gradle.org/8.2/userguide/command_line_interface.html#sec:command_line_warnings in the Gradle documentation.
23:15:10.888 [INFO]  [Validating][main][c.d.d.b.a] > 
23:15:10.888 [INFO]  [Validating][main][c.d.d.b.a] > BUILD SUCCESSFUL in 940ms
23:15:10.888 [INFO]  [Validating][main][c.d.d.b.a] > 3 actionable tasks: 1 executed, 2 up-to-date
23:15:10.888 [INFO]  [Validating][main][c.d.d.b.a] > Watched directory hierarchies: [C:\Users\cbontoiu\Desktop\DiffblueTutorials\DemoCLI]
23:15:10.888 [INFO]  [Validating][main][c.d.d.b.a] Standard error of build tool (gradle)
23:15:10.888 [INFO]  [Validating][main][c.d.d.b.a] > 
23:15:10.890 [DEBUG] [Validating][main][c.d.cover.k.c.f] Parsing test reports from default dir: C:\Users\cbontoiu\Desktop\DiffblueTutorials\DemoCLI\extra\build\test-results\test
23:15:10.903 [INFO]  [Validating][main][c.d.cover.ui.a.j] All 14 created tests were successfully validated.
23:15:11.002 [DEBUG] [Reporting][main][c.d.c.r.StructuredReportManager] Run metrics:
Total time:                24.3s
Environment detection:      0.7s ( 2.7%)
Indexing:                   0.3s ( 1.2%)
Entry points:               0.6s ( 2.7%)
Test generation:           12.0s (49.4%)
  - Index query:            3.3s (13.7%)
Test verification:          2.3s ( 9.4%)
Test validation:            1.0s ( 4.1%)
Other:                      7.4s (30.5%)
Time to first test:        17.9s (73.5%)
Time to last test:         23.1s (94.9%)
23:15:11.004 [INFO]  [Reporting][main][c.d.cover.ui.a.j] Writing JSON report to C:\Users\cbontoiu\Desktop\DiffblueTutorials\DemoCLI\extra\.diffblue\reports\report.json
23:15:11.050 [INFO]  [Reporting][main][c.d.cover.ui.a.b] Log file: C:\Users\cbontoiu\Desktop\DiffblueTutorials\DemoCLI\extra\.diffblue\log\user-20230917T231446.log
23:15:11.051 [INFO]  [Reporting][main][c.d.cover.ui.a.u] Finished in 24s
