22:31:01.484 [DEBUG] [Preparing][main][c.d.cover.ui.a.u] Client heap size: 4028 MB
22:31:01.494 [INFO]  [Preparing][main][c.d.cover.ui.a.u] Diffblue Cover 2023.09.01-9200f07-unrestricted
22:31:01.495 [INFO]  [Preparing][main][c.d.cover.ui.a.u] 
22:31:01.495 [INFO]  [Preparing][main][c.d.cover.ui.a.u] Running: dcover create --working-directory=extra source --keep-partial-tests
22:31:03.423 [INFO]  [Checking][main][c.d.cover.ui.a.j] Detecting environment:
22:31:03.424 [INFO]  [Checking][main][c.d.cover.ui.a.j] ----------------------
22:31:03.502 [INFO]  [Checking][main][c.d.cover.ui.a.j] Detected Java version 17.0.6
22:31:04.882 [DEBUG] [Checking][main][c.d.d.g.a] Querying Gradle project info using --init-script C:\Users\cbontoiu\AppData\Local\Temp\diffblueGradleInit3878506275150775707.gradle and plugin C:\Users\cbontoiu\AppData\Local\Temp\diffblueGradlePlugin11359791071772729699.jar
22:31:04.885 [DEBUG] [Checking][gradle][c.d.d.g.a] cmd: gradle --init-script C:\Users\cbontoiu\AppData\Local\Temp\diffblueGradleInit3878506275150775707.gradle --info (equivalent via API)
22:31:05.006 [DEBUG] [Checking][gradle][c.d.d.g.a] out: The client will now receive all logging from the daemon (pid: 7668). The daemon log file: C:\Users\cbontoiu\.gradle\daemon\8.2\daemon-7668.out.log
22:31:05.006 [DEBUG] [Checking][gradle][c.d.d.g.a] out: Starting 29th build in daemon [uptime: 1 hrs 42 mins 34.523 secs, performance: 99%, GC rate: 0.00/s, heap usage: 0% of 512 MiB, non-heap usage: 20% of 384 MiB]
22:31:05.006 [DEBUG] [Checking][gradle][c.d.d.g.a] out: Closing daemon's stdin at end of input.
22:31:05.006 [DEBUG] [Checking][gradle][c.d.d.g.a] out: The daemon will no longer process any standard input.
22:31:05.006 [DEBUG] [Checking][gradle][c.d.d.g.a] out: Using 8 worker leases.
22:31:05.006 [DEBUG] [Checking][gradle][c.d.d.g.a] out: Now considering [C:\Users\cbontoiu\Desktop\DiffblueTutorials\DemoCLI] as hierarchies to watch
22:31:05.006 [DEBUG] [Checking][gradle][c.d.d.g.a] out: Watching the file system is configured to be enabled if available
22:31:05.006 [DEBUG] [Checking][gradle][c.d.d.g.a] out: File system watching is active
22:31:05.006 [DEBUG] [Checking][gradle][c.d.d.g.a] out: Compiling initialization script 'C:\Users\cbontoiu\AppData\Local\Temp\diffblueGradleInit3878506275150775707.gradle' using SubsetScriptTransformer.
22:31:05.006 [DEBUG] [Checking][gradle][c.d.d.g.a] out: Invalidating in-memory cache of C:\Users\cbontoiu\.gradle\caches\8.2\fileHashes\fileHashes.bin
22:31:05.006 [DEBUG] [Checking][gradle][c.d.d.g.a] out: Invalidating in-memory cache of C:\Users\cbontoiu\.gradle\caches\8.2\fileHashes\resourceHashesCache.bin
22:31:05.098 [DEBUG] [Checking][gradle][c.d.d.g.a] out: The configuration classpath is both resolvable and consumable. This is considered a legacy configuration and it will eventually only be possible to be one of these.
22:31:05.098 [DEBUG] [Checking][gradle][c.d.d.g.a] out: The configuration classpath is both consumable and declarable. This combination is incorrect, only one of these flags should be set.
22:31:05.098 [DEBUG] [Checking][gradle][c.d.d.g.a] out: The configuration classpath is both resolvable and consumable. This is considered a legacy configuration and it will eventually only be possible to be one of these.
22:31:05.098 [DEBUG] [Checking][gradle][c.d.d.g.a] out: The configuration classpath is both consumable and declarable. This combination is incorrect, only one of these flags should be set.
22:31:05.098 [DEBUG] [Checking][gradle][c.d.d.g.a] out: Compiling initialization script 'C:\Users\cbontoiu\AppData\Local\Temp\diffblueGradleInit3878506275150775707.gradle' using BuildScriptTransformer.
22:31:05.398 [DEBUG] [Checking][gradle][c.d.d.g.a] out: Starting Build
22:31:05.398 [DEBUG] [Checking][gradle][c.d.d.g.a] out: Settings evaluated using settings file 'C:\Users\cbontoiu\Desktop\DiffblueTutorials\DemoCLI\settings.gradle'.
22:31:05.398 [DEBUG] [Checking][gradle][c.d.d.g.a] out: Projects loaded. Root project using build file 'C:\Users\cbontoiu\Desktop\DiffblueTutorials\DemoCLI\build.gradle'.
22:31:05.398 [DEBUG] [Checking][gradle][c.d.d.g.a] out: Included projects: [root project 'DemoCLI', project ':app', project ':common', project ':extra']
22:31:05.399 [DEBUG] [Checking][gradle][c.d.d.g.a] out: 
22:31:05.399 [DEBUG] [Checking][gradle][c.d.d.g.a] out: > Configure project :
22:31:05.399 [DEBUG] [Checking][gradle][c.d.d.g.a] out: Evaluating root project 'DemoCLI' using build file 'C:\Users\cbontoiu\Desktop\DiffblueTutorials\DemoCLI\build.gradle'.
22:31:05.399 [DEBUG] [Checking][gradle][c.d.d.g.a] out: 
22:31:05.399 [DEBUG] [Checking][gradle][c.d.d.g.a] out: > Configure project :app
22:31:05.399 [DEBUG] [Checking][gradle][c.d.d.g.a] out: Evaluating project ':app' using build file 'C:\Users\cbontoiu\Desktop\DiffblueTutorials\DemoCLI\app\build.gradle'.
22:31:05.399 [DEBUG] [Checking][gradle][c.d.d.g.a] out: Configuring Jacoco Plugin for use with Diffblue Cover
22:31:05.399 [DEBUG] [Checking][gradle][c.d.d.g.a] out: Configuring task :app:test for use with Diffblue Cover
22:31:05.399 [DEBUG] [Checking][gradle][c.d.d.g.a] out: ignoreFailures: false
22:31:05.399 [DEBUG] [Checking][gradle][c.d.d.g.a] out: excludes: []
22:31:05.399 [DEBUG] [Checking][gradle][c.d.d.g.a] out: includes: []
22:31:05.399 [DEBUG] [Checking][gradle][c.d.d.g.a] out: Configuring task :app:jacocoTestReport for use with Diffblue Cover
22:31:05.399 [DEBUG] [Checking][gradle][c.d.d.g.a] out: Configuring task :app:jacocoTestReportDeletePrevious for use with Diffblue Cover
22:31:05.399 [DEBUG] [Checking][gradle][c.d.d.g.a] out: Configuring task :app:jacocoTestReportPrepareEmptyExec for use with Diffblue Cover
22:31:05.399 [DEBUG] [Checking][gradle][c.d.d.g.a] out: 
22:31:05.399 [DEBUG] [Checking][gradle][c.d.d.g.a] out: > Configure project :common
22:31:05.399 [DEBUG] [Checking][gradle][c.d.d.g.a] out: Evaluating project ':common' using build file 'C:\Users\cbontoiu\Desktop\DiffblueTutorials\DemoCLI\common\build.gradle'.
22:31:05.399 [DEBUG] [Checking][gradle][c.d.d.g.a] out: Configuring Jacoco Plugin for use with Diffblue Cover
22:31:05.399 [DEBUG] [Checking][gradle][c.d.d.g.a] out: Configuring task :common:test for use with Diffblue Cover
22:31:05.399 [DEBUG] [Checking][gradle][c.d.d.g.a] out: ignoreFailures: false
22:31:05.399 [DEBUG] [Checking][gradle][c.d.d.g.a] out: excludes: []
22:31:05.399 [DEBUG] [Checking][gradle][c.d.d.g.a] out: includes: []
22:31:05.400 [DEBUG] [Checking][gradle][c.d.d.g.a] out: Configuring task :common:jacocoTestReport for use with Diffblue Cover
22:31:05.400 [DEBUG] [Checking][gradle][c.d.d.g.a] out: Configuring task :common:jacocoTestReportDeletePrevious for use with Diffblue Cover
22:31:05.400 [DEBUG] [Checking][gradle][c.d.d.g.a] out: Configuring task :common:jacocoTestReportPrepareEmptyExec for use with Diffblue Cover
22:31:05.400 [DEBUG] [Checking][gradle][c.d.d.g.a] out: 
22:31:05.400 [DEBUG] [Checking][gradle][c.d.d.g.a] out: > Configure project :extra
22:31:05.400 [DEBUG] [Checking][gradle][c.d.d.g.a] out: Evaluating project ':extra' using build file 'C:\Users\cbontoiu\Desktop\DiffblueTutorials\DemoCLI\extra\build.gradle'.
22:31:05.400 [DEBUG] [Checking][gradle][c.d.d.g.a] out: Configuring Jacoco Plugin for use with Diffblue Cover
22:31:05.400 [DEBUG] [Checking][gradle][c.d.d.g.a] out: Configuring task :extra:test for use with Diffblue Cover
22:31:05.400 [DEBUG] [Checking][gradle][c.d.d.g.a] out: ignoreFailures: false
22:31:05.400 [DEBUG] [Checking][gradle][c.d.d.g.a] out: excludes: []
22:31:05.400 [DEBUG] [Checking][gradle][c.d.d.g.a] out: includes: []
22:31:05.400 [DEBUG] [Checking][gradle][c.d.d.g.a] out: Configuring task :extra:jacocoTestReport for use with Diffblue Cover
22:31:05.400 [DEBUG] [Checking][gradle][c.d.d.g.a] out: Configuring task :extra:jacocoTestReportDeletePrevious for use with Diffblue Cover
22:31:05.400 [DEBUG] [Checking][gradle][c.d.d.g.a] out: Configuring task :extra:jacocoTestReportPrepareEmptyExec for use with Diffblue Cover
22:31:05.400 [DEBUG] [Checking][gradle][c.d.d.g.a] out: All projects evaluated.
22:31:05.400 [DEBUG] [Checking][gradle][c.d.d.g.a] out: The configuration :extra:coverageDataElementsForTest is both consumable and declarable. This combination is incorrect, only one of these flags should be set.
22:31:05.400 [DEBUG] [Checking][gradle][c.d.d.g.a] out: The configuration :extra:mainSourceElements is both consumable and declarable. This combination is incorrect, only one of these flags should be set.
22:31:05.413 [DEBUG] [Checking][gradle][c.d.d.g.a] out: 
22:31:05.413 [DEBUG] [Checking][gradle][c.d.d.g.a] out: CONFIGURE SUCCESSFUL in 503ms
22:31:05.413 [DEBUG] [Checking][gradle][c.d.d.g.a] out: Watched directory hierarchies: [C:\Users\cbontoiu\Desktop\DiffblueTutorials\DemoCLI]
22:31:05.795 [INFO]  [Checking][main][c.d.cover.ui.a.j] Detected build system: Gradle 8.2
22:31:05.799 [INFO]  [Checking][main][c.d.cover.n.a.ai] Operating System: Windows 11 amd64 10.0
22:31:05.799 [INFO]  [Checking][main][c.d.cover.n.a.ai] Default charset: windows-1252
22:31:05.802 [INFO]  [Checking][main][c.d.cover.n.a.ai] Default locale: en_GB
22:31:05.802 [INFO]  [Checking][main][c.d.cover.n.a.ai] Default time zone: Europe/London
22:31:05.804 [INFO]  [Checking][main][c.d.cover.ui.a.j] Selected build system: Gradle
22:31:05.808 [INFO]  [Checking][main][c.d.cover.ui.a.j] Selected classpath from build system Gradle
22:31:05.809 [INFO]  [Checking][main][c.d.cover.n.c.b] Expanded classpath: 
C:\Users\cbontoiu\Desktop\DiffblueTutorials\DemoCLI\extra\build\classes\java\main (code under test)
C:\Users\cbontoiu\Desktop\DiffblueTutorials\DemoCLI\extra\build\resources\test
C:\Users\cbontoiu\Desktop\DiffblueTutorials\DemoCLI\extra\build\resources\main
C:\Users\cbontoiu\.gradle\caches\modules-2\files-2.1\org.junit.jupiter\junit-jupiter\5.9.1\9274d3757e224bc02eae367bd481062a263c150b\junit-jupiter-5.9.1.jar
C:\Users\cbontoiu\.gradle\caches\modules-2\files-2.1\org.junit.jupiter\junit-jupiter-params\5.9.1\ffcd1013edaeee112be11fcddeb38882d79238de\junit-jupiter-params-5.9.1.jar
C:\Users\cbontoiu\.gradle\caches\modules-2\files-2.1\org.junit.jupiter\junit-jupiter-engine\5.9.1\1bf771097bde296c3ab174861954e8aafaaf2e94\junit-jupiter-engine-5.9.1.jar
C:\Users\cbontoiu\.gradle\caches\modules-2\files-2.1\org.junit.jupiter\junit-jupiter-api\5.9.1\7bb53fbc0173e9f6a9d21d58297af94b1f2f9ce1\junit-jupiter-api-5.9.1.jar
C:\Users\cbontoiu\.gradle\caches\modules-2\files-2.1\org.junit.platform\junit-platform-engine\1.9.1\83591e5089d6cea5f324aa3ecca9b19d5a275803\junit-platform-engine-1.9.1.jar
C:\Users\cbontoiu\.gradle\caches\modules-2\files-2.1\org.junit.platform\junit-platform-commons\1.9.1\3145f821b5cd10abcdc5f925baa5fffa6f1b628f\junit-platform-commons-1.9.1.jar
C:\Users\cbontoiu\.gradle\caches\modules-2\files-2.1\org.mockito\mockito-core\5.4.0\30bcbe79f7bd51b53debfc4c6014d0bea4935e37\mockito-core-5.4.0.jar
C:\Users\cbontoiu\.gradle\caches\modules-2\files-2.1\net.bytebuddy\byte-buddy\1.14.5\28a424c0c4f362568e904d992c239c996cf7adc7\byte-buddy-1.14.5.jar
C:\Users\cbontoiu\.gradle\caches\modules-2\files-2.1\net.bytebuddy\byte-buddy-agent\1.14.5\20f4e9b9d0ffb953657bfa4b92c0cceb27907d58\byte-buddy-agent-1.14.5.jar
C:\Users\cbontoiu\.gradle\caches\modules-2\files-2.1\org.objenesis\objenesis\3.3\1049c09f1de4331e8193e579448d0916d75b7631\objenesis-3.3.jar
C:\Users\cbontoiu\.gradle\caches\modules-2\files-2.1\org.opentest4j\opentest4j\1.2.0\28c11eb91f9b6d8e200631d46e20a7f407f2a046\opentest4j-1.2.0.jar
22:31:05.938 [INFO]  [Checking][main][c.d.cover.ui.a.j] Detected test framework: JUnit Jupiter 5.9.1
22:31:05.944 [INFO]  [Checking][main][c.d.cover.ui.a.j] Detected JUnit Jupiter version 5.9.1
22:31:05.949 [INFO]  [Checking][main][c.d.cover.ui.a.j] Detected JUnit Jupiter Params version 5.9.1
22:31:05.978 [INFO]  [Checking][main][c.d.cover.ui.a.j] Detected Mockito version 5.4.0
22:31:06.468 [INFO]  [Checking][main][c.d.cover.ui.a.j] Indexing...
22:31:06.803 [INFO]  [Checking][main][c.d.cover.ui.a.j] Selected test output directory: C:\Users\cbontoiu\Desktop\DiffblueTutorials\DemoCLI\extra\src\test\java
22:31:06.813 [INFO]  [Checking][main][c.d.d.g.b] Running: Using JAVA_HOME: C:\Program Files\Java\jdk-17 : in C:\Users\cbontoiu\Desktop\DiffblueTutorials\DemoCLI\extra : gradle test -i  DummyJupiterDiffblueTest
22:31:08.430 [DEBUG] [Checking][main][c.d.cover.n.c.m] JUnitJupiter5 is present
22:31:08.431 [DEBUG] [Checking][main][c.d.cover.n.c.m] JUnitJupiter5 is supported
22:31:08.431 [DEBUG] [Checking][main][c.d.cover.n.c.m] JUnit 5 is present and either it's not been specified by the user or it is the same as the version the user specified
22:31:08.431 [INFO]  [Checking][main][c.d.cover.ui.a.j] Selected test framework: JUnit Jupiter
22:31:08.459 [INFO]  [Checking][main][c.d.d.g.b] Running: Using JAVA_HOME: C:\Program Files\Java\jdk-17 : in C:\Users\cbontoiu\Desktop\DiffblueTutorials\DemoCLI\extra : gradle test -i  DummyJUnitJupiterLauncherDiffblueTest
22:31:09.560 [INFO]  [Checking][main][c.d.cover.ui.a.j] Detected JVM architecture: 64-Bit
22:31:10.217 [INFO]  [Checking][main][c.d.cover.ui.a.j] Selected Java language compliance level: 17
22:31:10.218 [INFO]  [Checking][main][c.d.cover.ui.a.j] Selected test validation: enabled
22:31:10.222 [INFO]  [Checking][main][c.d.cover.ui.a.j] Prefixes for filtering classes/methods:
22:31:10.224 [INFO]  [Checking][main][c.d.cover.ui.a.j] - source
22:31:10.226 [INFO]  [Checking][main][c.d.cover.ui.a.j] Gathering methods to test...
22:31:10.998 [INFO]  [Reporting][main][c.d.cover.ui.a.j] 
22:31:10.998 [INFO]  [Reporting][main][c.d.cover.ui.a.j] Environment summary:
22:31:10.998 [INFO]  [Reporting][main][c.d.cover.ui.a.j] --------------------
22:31:11.002 [INFO]  [Reporting][main][c.d.cover.ui.a.j] Java version                  17.0.6                        SUCCESS        
22:31:11.002 [INFO]  [Reporting][main][c.d.cover.ui.a.j] Build system                  Gradle                        SUCCESS        
22:31:11.002 [INFO]  [Reporting][main][c.d.cover.ui.a.j] Mocking Framework             Mockito 5.4.0                 SUCCESS        
22:31:11.002 [DEBUG] [Reporting][main][c.d.cover.ui.a.j] Surefire version              Skipped                       -----          
22:31:11.002 [INFO]  [Reporting][main][c.d.cover.ui.a.j] Testing framework             JUnit Jupiter 5               SUCCESS        
22:31:11.002 [DEBUG] [Reporting][main][c.d.cover.ui.a.j] JavaEE version                Skipped                       -----          
22:31:11.002 [DEBUG] [Reporting][main][c.d.cover.ui.a.j] JaCoCo plugin version         Skipped                       -----          
22:31:11.002 [INFO]  [Reporting][main][c.d.cover.ui.a.j] Launcher                      JUnit Jupiter                 SUCCESS        
22:31:11.002 [INFO]  [Reporting][main][c.d.cover.ui.a.j] Test validation               Enabled                       SUCCESS        
22:31:11.002 [DEBUG] [Reporting][main][c.d.cover.ui.a.j] Hamcrest                      Not Detected                  -----          
22:31:11.002 [DEBUG] [Reporting][main][c.d.cover.ui.a.j] Spring Core                   Not Detected                  -----          
22:31:11.002 [DEBUG] [Reporting][main][c.d.cover.ui.a.j] Spring Boot                   Skipped                       -----          
22:31:11.002 [DEBUG] [Reporting][main][c.d.cover.ui.a.j] Spring Boot Test              Skipped                       -----          
22:31:11.002 [DEBUG] [Reporting][main][c.d.cover.ui.a.j] Spring Web                    Skipped                       -----          
22:31:11.002 [DEBUG] [Reporting][main][c.d.cover.ui.a.j] Spring Security Web           Skipped                       -----          
22:31:11.002 [DEBUG] [Reporting][main][c.d.cover.ui.a.j] Spring Test                   Skipped                       -----          
22:31:11.002 [INFO]  [Reporting][main][c.d.cover.ui.a.j] 
22:31:11.003 [INFO]  [Reporting][main][c.d.cover.ui.a.j] Environment check status: SUCCESS
22:31:11.038 [DEBUG] [Creating][pool-5-thread-1][c.d.cover.k.a.g] Configuration:
Module: 
Configuration: 
 features=[TESTING_FRAMEWORK_JUNIT_JUPITER5, JUNIT_JUPITER_PARAMS, MOCKING, MOCKITO_SESSION, INCLUDE_SYSTEM_ENVIRONMENT_VARIABLES, INLINE_ACT_INTO_ASSERT, INLINE_ARRANGE_INTO_ACT_ASSERT, INLINE_CHAINED_MEMBER_ACCESSES, INLINE_CONSTRUCTORS, INLINE_IMMEDIATE_VALUES, JOIN_SIMPLE_TESTS, SHOW_SECTION_COMMENTS, KEEP_NON_COMPILING_TESTS, KEEP_NONDETERMINISTIC_TESTS, KEEP_TESTS_WITHOUT_ASSERTIONS, KEEP_TESTS_WITH_VIOLATIONS, KEEP_THROWING_TESTS, PREFLIGHT_ENABLE_TEST_EXECUTION, REPORT, SANDBOXING, VALIDATION, ANALYZER_SERVICE, VERIFICATION]
 analyzerServiceIdleTimeout=PT2M
 coverReportsBaseUrl=Optional.empty
 coverReportsGroupName=17/09/2023, 22:31
 coverReportsProject=Optional.empty
 environmentVariables={}
 complianceLevel=17
 fuzzingIterations=1000
 jacocoCommandDiffblue=Optional.empty
 jacocoCommandManual=Optional.empty
 jacocoXmlTestReport=Optional.empty
 jacocoXmlTestReportDiffblue=C:\Users\cbontoiu\Desktop\DiffblueTutorials\DemoCLI\extra\.diffblue\reports\diffblue-tests-jacoco-report.xml
 jacocoXmlTestReportManual=C:\Users\cbontoiu\Desktop\DiffblueTutorials\DemoCLI\extra\.diffblue\reports\manual-tests-jacoco-report.xml
 sandboxAllowedJavaNativeInterfacePrefixes=[]
 mockingFramework=MOCKITO_5_0_0
 mockClasses=[]
 mockStaticClasses=[]
 workingDirectory=C:\Users\cbontoiu\Desktop\DiffblueTutorials\DemoCLI\extra
 classpath=Classpath(14 full entries, 1 code under test entries)
 warningsToSuppress=[]
 perMethodTimeouts=Timeouts{softTimeout=PT20S, initialExecutionTimeout=PT20S, hardTimeout=PT1M, springStartupTimeout=PT4M}
 reportFile=C:\Users\cbontoiu\Desktop\DiffblueTutorials\DemoCLI\extra\.diffblue\reports\report.json
 activeProfiles=[]
 classScheme=${CLASS_NAME}DiffblueTest
 methodScheme=test${INNER_CLASS_NAME}${METHOD_NAME}
 springConfigurationClasses=[]
 testOutputDirectory=C:\Users\cbontoiu\Desktop\DiffblueTutorials\DemoCLI\extra\src\test\java
 validationCommand=Optional.empty
 validationTimeout=PT30M
 jacocoVersion=null
 observerMethodSpecification=MethodSpecification[excludedPrefixes=[]]
 analyzerServiceRestartFrequency=50

22:31:11.042 [INFO]  [Creating][pool-5-thread-1][c.d.cover.ui.d.b] Found 10 callable methods in 5 classes
22:31:11.043 [INFO]  [Creating][pool-5-thread-1][c.d.cover.k.a.a] 
22:31:11.044 [INFO]  [Creating][pool-5-thread-1][c.d.cover.k.a.a] Creating tests:
22:31:11.044 [INFO]  [Creating][pool-5-thread-1][c.d.cover.k.a.a] ---------------
22:31:11.062 [INFO]  [Creating][pool-5-thread-1][c.d.cover.k.a.a] 
================================================================================
= Starting analysis for class 'source.A'
================================================================================
22:31:11.062 [INFO]  [Creating][pool-5-thread-1][c.d.cover.k.a.a] Filtering out non-testable methods...
22:31:11.066 [INFO]  [Creating][pool-5-thread-1][c.d.cover.k.a.a] Filtering of methods complete. Creating analysis request
22:31:11.067 [INFO]  [Creating][pool-5-thread-1][c.d.c.service.c] Attempting to get service client, retry 1.
22:31:11.077 [INFO]  [Creating][pool-5-thread-1][c.d.c.service.c] Starting monitoring server.
22:31:11.266 [INFO]  [Creating][pool-5-thread-1][c.d.c.service.c] Monitoring server listening on localhost/127.0.0.1:55758
22:31:11.268 [INFO]  [Creating][pool-5-thread-1][c.d.c.service.c] Starting analyzer server process...
22:31:11.268 [INFO]  [Creating][pool-5-thread-1][c.d.c.service.c] Server command-line: C:\Program Files\Java\jdk-17\bin\java.exe -XX:+IgnoreUnrecognizedVMOptions -Djdk.attach.allowAttachSelf=true -ea -javaagent:C:\DiffblueCoverProduct\launcher-shared-jar.jar -Dlogback.configurationFile=C:\Users\cbontoiu\AppData\Local\Temp\diffblue\config\logback-remote-service.xml -Dcom.diffblue.springIsolationJar=C:\DiffblueCoverProduct\cover-isolation-layer.jar -Dcover.jar.path=C:\DiffblueCoverProduct\cover-service-analyzer.jar -Dcom.diffblue.assertionSuggestionJar=C:\DiffblueCoverProduct\cover-service-analyzer.jar -Dcover.main.class=com.diffblue.cover.service.analyzer.Main -jar C:\DiffblueCoverProduct\launcher-shared-jar.jar --service-lifespan 120 --monitoring-service-port 55758 --index-service-port 55758 --debug-log
22:31:11.278 [INFO]  [Creating][pool-5-thread-1][c.d.c.service.c] Server started. Waiting up to 300 seconds for a connection to be established...
22:31:12.041 [DEBUG] [Creating][nullmain][c.d.c.s.a.Main] Service heap size: 4028 MB
22:31:12.137 [INFO]  [Creating][nullmain][c.d.c.s.a.a.b] Starting new remote monitor client
22:31:12.829 [INFO]  [Creating][analyzer-service:main][c.d.c.s.a.a.b] Attempting to start remote server.
22:31:13.085 [INFO]  [Creating][analyzer-service:main][c.d.c.s.a.a.a] Server started, listening on localhost/127.0.0.1:55760
22:31:13.296 [INFO]  [Creating][pool-5-thread-1][c.d.c.service.c] Expect analyzer service to be listening on port 55760.
22:31:13.913 [INFO]  [Creating][pool-5-thread-1][c.d.c.service.c] Started analyzer service and client retrieved.
22:31:15.960 [DEBUG] [Creating][analyzer-service:grpc-default-executor-0][c.d.fuzztest.d.a] Class information:
22:31:15.962 [DEBUG] [Creating][analyzer-service:grpc-default-executor-0][c.d.fuzztest.d.a]   Fields: int source.A.a
22:31:15.964 [DEBUG] [Creating][analyzer-service:grpc-default-executor-0][c.d.fuzztest.d.a]   Constructors: public source.A()
22:31:15.965 [DEBUG] [Creating][analyzer-service:grpc-default-executor-0][c.d.fuzztest.d.a]   Methods: int source.A.method(double)
22:31:16.543 [INFO]  [Creating][analyzer-service:TimedExecutor-4][c.d.fuzztest.f.c] 
================================================================================
= Creating tests for 'source.A.<init>:()V' using 'TrM (!sp, !fnm, df, !ris)'
================================================================================
22:31:19.959 [INFO]  [Creating][pool-5-thread-1][c.d.cover.ui.d.b]      [1/10] source.A.<init>
22:31:19.959 [INFO]  [Creating][pool-5-thread-1][c.d.cover.ui.d.b]      [1/10]   Tests created: 1
22:31:19.962 [INFO]  [Creating][analyzer-service:TimedExecutor-11][c.d.fuzztest.f.c] 
================================================================================
= Creating tests for 'source.A.method:(D)I' using 'SiM (!sp, fnm, df, !ris)'
================================================================================
22:31:21.679 [DEBUG] [Creating][analyzer-service:TimedExecutor-11][c.d.fuzztest.b.d] Refinement loop done: 2 seeds, 1+0 new+accumulated tests, 1+0 tests+partial tests, 67/1000 its
22:31:21.735 [INFO]  [Creating][analyzer-service:grpc-default-executor-0][c.d.fuzztest.f.v] Created 1+0 tests and partial tests via 'SiM (!sp, fnm, df, !ris)', 1/2, returning all 1
22:31:21.843 [INFO]  [Creating][pool-5-thread-1][c.d.cover.ui.d.b]      [2/10] source.A.method
22:31:21.843 [INFO]  [Creating][pool-5-thread-1][c.d.cover.ui.d.b]      [2/10]   Tests created: 1
22:31:21.851 [INFO]  [Creating][pool-5-thread-1][c.d.cover.ui.d.b] [1/5] source.A
22:31:21.852 [INFO]  [Creating][pool-5-thread-1][c.d.cover.ui.d.b] [1/5]   Tests created: 2
22:31:21.852 [INFO]  [Creating][pool-5-thread-1][c.d.cover.k.a.a] 
================================================================================
= Starting analysis for class 'source.B'
================================================================================
22:31:21.852 [INFO]  [Creating][pool-5-thread-1][c.d.cover.k.a.a] Filtering out non-testable methods...
22:31:21.852 [INFO]  [Creating][pool-5-thread-1][c.d.cover.k.a.a] Filtering of methods complete. Creating analysis request
22:31:21.852 [INFO]  [Creating][pool-5-thread-1][c.d.c.service.c] Attempting to get service client, retry 1.
22:31:21.876 [DEBUG] [Creating][analyzer-service:grpc-default-executor-0][c.d.fuzztest.d.a] Class information:
22:31:21.877 [DEBUG] [Creating][analyzer-service:grpc-default-executor-0][c.d.fuzztest.d.a]   Extends: class source.A
22:31:21.877 [DEBUG] [Creating][analyzer-service:grpc-default-executor-0][c.d.fuzztest.d.a]   Fields: int source.B.b
22:31:21.877 [DEBUG] [Creating][analyzer-service:grpc-default-executor-0][c.d.fuzztest.d.a]   Constructors: public source.B()
22:31:21.878 [DEBUG] [Creating][analyzer-service:grpc-default-executor-0][c.d.fuzztest.d.a]   Methods: int source.B.method(double)
22:31:21.895 [INFO]  [Creating][analyzer-service:TimedExecutor-46][c.d.fuzztest.f.c] 
================================================================================
= Creating tests for 'source.B.<init>:()V' using 'TrM (!sp, !fnm, df, !ris)'
================================================================================
22:31:22.015 [INFO]  [Creating][pool-5-thread-1][c.d.cover.ui.d.b]      [3/10] source.B.<init>
22:31:22.015 [INFO]  [Creating][pool-5-thread-1][c.d.cover.ui.d.b]      [3/10]   Tests created: 1
22:31:22.017 [INFO]  [Creating][analyzer-service:TimedExecutor-53][c.d.fuzztest.f.c] 
================================================================================
= Creating tests for 'source.B.method:(D)I' using 'SiM (!sp, fnm, df, !ris)'
================================================================================
22:31:22.178 [DEBUG] [Creating][analyzer-service:TimedExecutor-53][c.d.fuzztest.b.d] Refinement loop done: 2 seeds, 1+0 new+accumulated tests, 1+0 tests+partial tests, 55/1000 its
22:31:22.223 [INFO]  [Creating][analyzer-service:grpc-default-executor-0][c.d.fuzztest.f.v] Created 1+0 tests and partial tests via 'SiM (!sp, fnm, df, !ris)', 1/2, returning all 1
22:31:22.301 [INFO]  [Creating][pool-5-thread-1][c.d.cover.ui.d.b]      [4/10] source.B.method
22:31:22.301 [INFO]  [Creating][pool-5-thread-1][c.d.cover.ui.d.b]      [4/10]   Tests created: 1
22:31:22.306 [INFO]  [Creating][pool-5-thread-1][c.d.cover.ui.d.b] [2/5] source.B
22:31:22.307 [INFO]  [Creating][pool-5-thread-1][c.d.cover.ui.d.b] [2/5]   Tests created: 2
22:31:22.307 [INFO]  [Creating][pool-5-thread-1][c.d.cover.k.a.a] 
================================================================================
= Starting analysis for class 'source.C'
================================================================================
22:31:22.307 [INFO]  [Creating][pool-5-thread-1][c.d.cover.k.a.a] Filtering out non-testable methods...
22:31:22.308 [INFO]  [Creating][pool-5-thread-1][c.d.cover.k.a.a] Filtering of methods complete. Creating analysis request
22:31:22.308 [INFO]  [Creating][pool-5-thread-1][c.d.c.service.c] Attempting to get service client, retry 1.
22:31:22.327 [DEBUG] [Creating][analyzer-service:grpc-default-executor-0][c.d.fuzztest.d.a] Class information:
22:31:22.328 [DEBUG] [Creating][analyzer-service:grpc-default-executor-0][c.d.fuzztest.d.a]   Extends: class source.B
22:31:22.328 [DEBUG] [Creating][analyzer-service:grpc-default-executor-0][c.d.fuzztest.d.a]   Fields: int source.C.c
22:31:22.328 [DEBUG] [Creating][analyzer-service:grpc-default-executor-0][c.d.fuzztest.d.a]   Constructors: public source.C()
22:31:22.328 [DEBUG] [Creating][analyzer-service:grpc-default-executor-0][c.d.fuzztest.d.a]   Methods: int source.C.method(double)
22:31:22.342 [INFO]  [Creating][analyzer-service:TimedExecutor-83][c.d.fuzztest.f.c] 
================================================================================
= Creating tests for 'source.C.<init>:()V' using 'TrM (!sp, !fnm, df, !ris)'
================================================================================
22:31:22.452 [INFO]  [Creating][pool-5-thread-1][c.d.cover.ui.d.b]      [5/10] source.C.<init>
22:31:22.452 [INFO]  [Creating][pool-5-thread-1][c.d.cover.ui.d.b]      [5/10]   Tests created: 1
22:31:22.454 [INFO]  [Creating][analyzer-service:TimedExecutor-90][c.d.fuzztest.f.c] 
================================================================================
= Creating tests for 'source.C.method:(D)I' using 'SiM (!sp, fnm, df, !ris)'
================================================================================
22:31:22.559 [DEBUG] [Creating][analyzer-service:TimedExecutor-90][c.d.fuzztest.b.d] Refinement loop done: 2 seeds, 1+0 new+accumulated tests, 1+0 tests+partial tests, 43/1000 its
22:31:22.601 [INFO]  [Creating][analyzer-service:grpc-default-executor-0][c.d.fuzztest.f.v] Created 1+0 tests and partial tests via 'SiM (!sp, fnm, df, !ris)', 1/2, returning all 1
22:31:22.677 [INFO]  [Creating][pool-5-thread-1][c.d.cover.ui.d.b]      [6/10] source.C.method
22:31:22.677 [INFO]  [Creating][pool-5-thread-1][c.d.cover.ui.d.b]      [6/10]   Tests created: 1
22:31:22.682 [INFO]  [Creating][pool-5-thread-1][c.d.cover.ui.d.b] [3/5] source.C
22:31:22.683 [INFO]  [Creating][pool-5-thread-1][c.d.cover.ui.d.b] [3/5]   Tests created: 2
22:31:22.684 [INFO]  [Creating][pool-5-thread-1][c.d.cover.k.a.a] 
================================================================================
= Starting analysis for class 'source.D'
================================================================================
22:31:22.684 [INFO]  [Creating][pool-5-thread-1][c.d.cover.k.a.a] Filtering out non-testable methods...
22:31:22.684 [INFO]  [Creating][pool-5-thread-1][c.d.cover.k.a.a] Filtering of methods complete. Creating analysis request
22:31:22.684 [INFO]  [Creating][pool-5-thread-1][c.d.c.service.c] Attempting to get service client, retry 1.
22:31:22.706 [DEBUG] [Creating][analyzer-service:grpc-default-executor-0][c.d.fuzztest.d.a] Class information:
22:31:22.706 [DEBUG] [Creating][analyzer-service:grpc-default-executor-0][c.d.fuzztest.d.a]   Extends: class source.C
22:31:22.706 [DEBUG] [Creating][analyzer-service:grpc-default-executor-0][c.d.fuzztest.d.a]   Fields: int source.D.d
22:31:22.706 [DEBUG] [Creating][analyzer-service:grpc-default-executor-0][c.d.fuzztest.d.a]   Constructors: public source.D()
22:31:22.707 [DEBUG] [Creating][analyzer-service:grpc-default-executor-0][c.d.fuzztest.d.a]   Methods: int source.D.method(double)
22:31:22.721 [INFO]  [Creating][analyzer-service:TimedExecutor-115][c.d.fuzztest.f.c] 
================================================================================
= Creating tests for 'source.D.<init>:()V' using 'TrM (!sp, !fnm, df, !ris)'
================================================================================
22:31:22.828 [INFO]  [Creating][pool-5-thread-1][c.d.cover.ui.d.b]      [7/10] source.D.<init>
22:31:22.828 [INFO]  [Creating][pool-5-thread-1][c.d.cover.ui.d.b]      [7/10]   Tests created: 1
22:31:22.831 [INFO]  [Creating][analyzer-service:TimedExecutor-122][c.d.fuzztest.f.c] 
================================================================================
= Creating tests for 'source.D.method:(D)I' using 'SiM (!sp, fnm, df, !ris)'
================================================================================
22:31:22.937 [DEBUG] [Creating][analyzer-service:TimedExecutor-122][c.d.fuzztest.b.d] Refinement loop done: 2 seeds, 1+0 new+accumulated tests, 1+0 tests+partial tests, 31/1000 its
22:31:22.976 [INFO]  [Creating][analyzer-service:grpc-default-executor-1][c.d.fuzztest.f.v] Created 1+0 tests and partial tests via 'SiM (!sp, fnm, df, !ris)', 1/2, returning all 1
22:31:23.045 [INFO]  [Creating][pool-5-thread-1][c.d.cover.ui.d.b]      [8/10] source.D.method
22:31:23.045 [INFO]  [Creating][pool-5-thread-1][c.d.cover.ui.d.b]      [8/10]   Tests created: 1
22:31:23.050 [INFO]  [Creating][pool-5-thread-1][c.d.cover.ui.d.b] [4/5] source.D
22:31:23.051 [INFO]  [Creating][pool-5-thread-1][c.d.cover.ui.d.b] [4/5]   Tests created: 2
22:31:23.052 [INFO]  [Creating][pool-5-thread-1][c.d.cover.k.a.a] 
================================================================================
= Starting analysis for class 'source.E'
================================================================================
22:31:23.052 [INFO]  [Creating][pool-5-thread-1][c.d.cover.k.a.a] Filtering out non-testable methods...
22:31:23.052 [INFO]  [Creating][pool-5-thread-1][c.d.cover.k.a.a] Filtering of methods complete. Creating analysis request
22:31:23.052 [INFO]  [Creating][pool-5-thread-1][c.d.c.service.c] Attempting to get service client, retry 1.
22:31:23.071 [DEBUG] [Creating][analyzer-service:grpc-default-executor-1][c.d.fuzztest.d.a] Class information:
22:31:23.071 [DEBUG] [Creating][analyzer-service:grpc-default-executor-1][c.d.fuzztest.d.a]   Extends: class source.D
22:31:23.071 [DEBUG] [Creating][analyzer-service:grpc-default-executor-1][c.d.fuzztest.d.a]   Fields: int source.E.e
22:31:23.071 [DEBUG] [Creating][analyzer-service:grpc-default-executor-1][c.d.fuzztest.d.a]   Constructors: public source.E()
22:31:23.072 [DEBUG] [Creating][analyzer-service:grpc-default-executor-1][c.d.fuzztest.d.a]   Methods: int source.E.method(double)
22:31:23.086 [INFO]  [Creating][analyzer-service:TimedExecutor-142][c.d.fuzztest.f.c] 
================================================================================
= Creating tests for 'source.E.<init>:()V' using 'TrM (!sp, !fnm, df, !ris)'
================================================================================
22:31:23.195 [INFO]  [Creating][pool-5-thread-1][c.d.cover.ui.d.b]      [9/10] source.E.<init>
22:31:23.195 [INFO]  [Creating][pool-5-thread-1][c.d.cover.ui.d.b]      [9/10]   Tests created: 1
22:31:23.197 [INFO]  [Creating][analyzer-service:TimedExecutor-149][c.d.fuzztest.f.c] 
================================================================================
= Creating tests for 'source.E.method:(D)I' using 'SiM (!sp, fnm, df, !ris)'
================================================================================
22:31:23.243 [DEBUG] [Creating][analyzer-service:TimedExecutor-149][c.d.fuzztest.b.d] Refinement loop done: 2 seeds, 1+0 new+accumulated tests, 1+0 tests+partial tests, 19/1000 its
22:31:23.278 [INFO]  [Creating][analyzer-service:grpc-default-executor-1][c.d.fuzztest.f.v] Created 1+0 tests and partial tests via 'SiM (!sp, fnm, df, !ris)', 1/2, returning all 1
22:31:23.347 [INFO]  [Creating][pool-5-thread-1][c.d.cover.ui.d.b]     [10/10] source.E.method
22:31:23.348 [INFO]  [Creating][pool-5-thread-1][c.d.cover.ui.d.b]     [10/10]   Tests created: 1
22:31:23.352 [INFO]  [Creating][pool-5-thread-1][c.d.cover.ui.d.b] [5/5] source.E
22:31:23.353 [INFO]  [Creating][pool-5-thread-1][c.d.cover.ui.d.b] [5/5]   Tests created: 2
22:31:23.358 [INFO]  [Reporting][pool-5-thread-1][c.d.cover.ui.d.b] 
22:31:23.359 [INFO]  [Reporting][pool-5-thread-1][c.d.cover.ui.d.b] Summary:
22:31:23.359 [INFO]  [Reporting][pool-5-thread-1][c.d.cover.ui.d.b] --------
22:31:23.360 [INFO]  [Reporting][pool-5-thread-1][c.d.cover.ui.d.b] Total:                                              10 methods
22:31:23.360 [INFO]  [Reporting][pool-5-thread-1][c.d.cover.ui.d.b] 10 tests created for:                               10 methods
22:31:23.361 [INFO]  [Reporting][pool-5-thread-1][c.d.cover.ui.d.b] 
22:31:23.502 [INFO]  [Validating][main][c.d.cover.ui.a.j] 
22:31:23.503 [INFO]  [Validating][main][c.d.cover.ui.a.j] Running validation command.
22:31:23.506 [DEBUG] [Validating][main][c.d.cover.k.c.f] Validating tests with default internal Gradle "test" task: gradle test
22:31:23.507 [INFO]  [Validating][main][c.d.d.g.b] Running: Using JAVA_HOME: C:\Program Files\Java\jdk-17 : in C:\Users\cbontoiu\Desktop\DiffblueTutorials\DemoCLI\extra : gradle test -i  
22:31:24.577 [INFO]  [Validating][main][c.d.d.b.a] Standard output of build tool (gradle)
22:31:24.578 [INFO]  [Validating][main][c.d.d.b.a] > The client will now receive all logging from the daemon (pid: 7736). The daemon log file: C:\Users\cbontoiu\.gradle\daemon\8.2\daemon-7736.out.log
22:31:24.578 [INFO]  [Validating][main][c.d.d.b.a] > Starting 25th build in daemon [uptime: 1 hrs 42 mins 24.979 secs, performance: 100%, GC rate: 0.00/s, heap usage: 0% of 3.9 GiB]
22:31:24.578 [INFO]  [Validating][main][c.d.d.b.a] > Closing daemon's stdin at end of input.
22:31:24.578 [INFO]  [Validating][main][c.d.d.b.a] > The daemon will no longer process any standard input.
22:31:24.578 [INFO]  [Validating][main][c.d.d.b.a] > Using 8 worker leases.
22:31:24.578 [INFO]  [Validating][main][c.d.d.b.a] > Now considering [C:\Users\cbontoiu\Desktop\DiffblueTutorials\DemoCLI] as hierarchies to watch
22:31:24.578 [INFO]  [Validating][main][c.d.d.b.a] > Watching the file system is configured to be enabled if available
22:31:24.578 [INFO]  [Validating][main][c.d.d.b.a] > File system watching is active
22:31:24.578 [INFO]  [Validating][main][c.d.d.b.a] > Starting Build
22:31:24.578 [INFO]  [Validating][main][c.d.d.b.a] > Settings evaluated using settings file 'C:\Users\cbontoiu\Desktop\DiffblueTutorials\DemoCLI\settings.gradle'.
22:31:24.578 [INFO]  [Validating][main][c.d.d.b.a] > Projects loaded. Root project using build file 'C:\Users\cbontoiu\Desktop\DiffblueTutorials\DemoCLI\build.gradle'.
22:31:24.578 [INFO]  [Validating][main][c.d.d.b.a] > Included projects: [root project 'DemoCLI', project ':app', project ':common', project ':extra']
22:31:24.578 [INFO]  [Validating][main][c.d.d.b.a] > 
22:31:24.578 [INFO]  [Validating][main][c.d.d.b.a] > > Configure project :
22:31:24.578 [INFO]  [Validating][main][c.d.d.b.a] > Evaluating root project 'DemoCLI' using build file 'C:\Users\cbontoiu\Desktop\DiffblueTutorials\DemoCLI\build.gradle'.
22:31:24.578 [INFO]  [Validating][main][c.d.d.b.a] > 
22:31:24.578 [INFO]  [Validating][main][c.d.d.b.a] > > Configure project :app
22:31:24.578 [INFO]  [Validating][main][c.d.d.b.a] > Evaluating project ':app' using build file 'C:\Users\cbontoiu\Desktop\DiffblueTutorials\DemoCLI\app\build.gradle'.
22:31:24.578 [INFO]  [Validating][main][c.d.d.b.a] > 
22:31:24.579 [INFO]  [Validating][main][c.d.d.b.a] > > Configure project :common
22:31:24.579 [INFO]  [Validating][main][c.d.d.b.a] > Evaluating project ':common' using build file 'C:\Users\cbontoiu\Desktop\DiffblueTutorials\DemoCLI\common\build.gradle'.
22:31:24.579 [INFO]  [Validating][main][c.d.d.b.a] > 
22:31:24.579 [INFO]  [Validating][main][c.d.d.b.a] > > Configure project :extra
22:31:24.579 [INFO]  [Validating][main][c.d.d.b.a] > Evaluating project ':extra' using build file 'C:\Users\cbontoiu\Desktop\DiffblueTutorials\DemoCLI\extra\build.gradle'.
22:31:24.579 [INFO]  [Validating][main][c.d.d.b.a] > All projects evaluated.
22:31:24.579 [INFO]  [Validating][main][c.d.d.b.a] > Task path ':extra:test' matched project ':extra'
22:31:24.579 [INFO]  [Validating][main][c.d.d.b.a] > Task name matched 'test'
22:31:24.579 [INFO]  [Validating][main][c.d.d.b.a] > Selected primary task 'test' from project :extra
22:31:24.579 [INFO]  [Validating][main][c.d.d.b.a] > The configuration :extra:mainSourceElements is both consumable and declarable. This combination is incorrect, only one of these flags should be set.
22:31:24.579 [INFO]  [Validating][main][c.d.d.b.a] > Tasks to be executed: [task ':extra:compileJava', task ':extra:processResources', task ':extra:classes', task ':extra:compileTestJava', task ':extra:processTestResources', task ':extra:testClasses', task ':extra:test']
22:31:24.579 [INFO]  [Validating][main][c.d.d.b.a] > Tasks that were excluded: []
22:31:24.579 [INFO]  [Validating][main][c.d.d.b.a] > Resolve mutations for :extra:compileJava (Thread[Execution worker,5,main]) started.
22:31:24.579 [INFO]  [Validating][main][c.d.d.b.a] > :extra:compileJava (Thread[Execution worker,5,main]) started.
22:31:24.579 [INFO]  [Validating][main][c.d.d.b.a] > 
22:31:24.579 [INFO]  [Validating][main][c.d.d.b.a] > > Task :extra:compileJava UP-TO-DATE
22:31:24.579 [INFO]  [Validating][main][c.d.d.b.a] > Caching disabled for task ':extra:compileJava' because:
22:31:24.579 [INFO]  [Validating][main][c.d.d.b.a] >   Build cache is disabled
22:31:24.579 [INFO]  [Validating][main][c.d.d.b.a] > Skipping task ':extra:compileJava' as it is up-to-date.
22:31:24.579 [INFO]  [Validating][main][c.d.d.b.a] > Resolve mutations for :extra:processResources (Thread[Execution worker,5,main]) started.
22:31:24.579 [INFO]  [Validating][main][c.d.d.b.a] > :extra:processResources (Thread[Execution worker,5,main]) started.
22:31:24.579 [INFO]  [Validating][main][c.d.d.b.a] > 
22:31:24.579 [INFO]  [Validating][main][c.d.d.b.a] > > Task :extra:processResources NO-SOURCE
22:31:24.579 [INFO]  [Validating][main][c.d.d.b.a] > Skipping task ':extra:processResources' as it has no source files and no previous output files.
22:31:24.579 [INFO]  [Validating][main][c.d.d.b.a] > Resolve mutations for :extra:classes (Thread[Execution worker,5,main]) started.
22:31:24.579 [INFO]  [Validating][main][c.d.d.b.a] > :extra:classes (Thread[Execution worker,5,main]) started.
22:31:24.579 [INFO]  [Validating][main][c.d.d.b.a] > 
22:31:24.579 [INFO]  [Validating][main][c.d.d.b.a] > > Task :extra:classes UP-TO-DATE
22:31:24.579 [INFO]  [Validating][main][c.d.d.b.a] > Skipping task ':extra:classes' as it has no actions.
22:31:24.579 [INFO]  [Validating][main][c.d.d.b.a] > Resolve mutations for :extra:compileTestJava (Thread[Execution worker,5,main]) started.
22:31:24.579 [INFO]  [Validating][main][c.d.d.b.a] > :extra:compileTestJava (Thread[Execution worker,5,main]) started.
22:31:24.579 [INFO]  [Validating][main][c.d.d.b.a] > 
22:31:24.579 [INFO]  [Validating][main][c.d.d.b.a] > > Task :extra:compileTestJava
22:31:24.579 [INFO]  [Validating][main][c.d.d.b.a] > Caching disabled for task ':extra:compileTestJava' because:
22:31:24.580 [INFO]  [Validating][main][c.d.d.b.a] >   Build cache is disabled
22:31:24.580 [INFO]  [Validating][main][c.d.d.b.a] > Task ':extra:compileTestJava' is not up-to-date because:
22:31:24.580 [INFO]  [Validating][main][c.d.d.b.a] >   Input property 'stableSources' file C:\Users\cbontoiu\Desktop\DiffblueTutorials\DemoCLI\extra\src\test\java\DummyJUnitJupiterLauncherDiffblueTest.java has been removed.
22:31:24.580 [INFO]  [Validating][main][c.d.d.b.a] >   Input property 'stableSources' file C:\Users\cbontoiu\Desktop\DiffblueTutorials\DemoCLI\extra\src\test\java\source\EDiffblueTest.java has changed.
22:31:24.580 [INFO]  [Validating][main][c.d.d.b.a] > Created classpath snapshot for incremental compilation in 0.001 secs.
22:31:24.580 [INFO]  [Validating][main][c.d.d.b.a] > Compiling with toolchain 'C:\Program Files\Java\jdk-17'.
22:31:24.580 [INFO]  [Validating][main][c.d.d.b.a] > Compiling with JDK Java compiler API.
22:31:24.580 [INFO]  [Validating][main][c.d.d.b.a] > Incremental compilation of 3 classes completed in 0.094 secs.
22:31:24.580 [INFO]  [Validating][main][c.d.d.b.a] > Class dependency analysis for incremental compilation took 0.003 secs.
22:31:24.580 [INFO]  [Validating][main][c.d.d.b.a] > Resolve mutations for :extra:processTestResources (Thread[Execution worker,5,main]) started.
22:31:24.580 [INFO]  [Validating][main][c.d.d.b.a] > :extra:processTestResources (Thread[Execution worker,5,main]) started.
22:31:24.580 [INFO]  [Validating][main][c.d.d.b.a] > 
22:31:24.580 [INFO]  [Validating][main][c.d.d.b.a] > > Task :extra:processTestResources NO-SOURCE
22:31:24.580 [INFO]  [Validating][main][c.d.d.b.a] > Skipping task ':extra:processTestResources' as it has no source files and no previous output files.
22:31:24.580 [INFO]  [Validating][main][c.d.d.b.a] > Resolve mutations for :extra:testClasses (Thread[Execution worker,5,main]) started.
22:31:24.580 [INFO]  [Validating][main][c.d.d.b.a] > :extra:testClasses (Thread[Execution worker,5,main]) started.
22:31:24.580 [INFO]  [Validating][main][c.d.d.b.a] > 
22:31:24.580 [INFO]  [Validating][main][c.d.d.b.a] > > Task :extra:testClasses
22:31:24.580 [INFO]  [Validating][main][c.d.d.b.a] > Skipping task ':extra:testClasses' as it has no actions.
22:31:24.580 [INFO]  [Validating][main][c.d.d.b.a] > Resolve mutations for :extra:test (Thread[Execution worker,5,main]) started.
22:31:24.580 [INFO]  [Validating][main][c.d.d.b.a] > :extra:test (Thread[Execution worker,5,main]) started.
22:31:24.580 [INFO]  [Validating][main][c.d.d.b.a] > Gradle Test Executor 24 started executing tests.
22:31:24.580 [INFO]  [Validating][main][c.d.d.b.a] > Gradle Test Executor 24 finished executing tests.
22:31:24.580 [INFO]  [Validating][main][c.d.d.b.a] > 
22:31:24.580 [INFO]  [Validating][main][c.d.d.b.a] > > Task :extra:test
22:31:24.580 [INFO]  [Validating][main][c.d.d.b.a] > Caching disabled for task ':extra:test' because:
22:31:24.580 [INFO]  [Validating][main][c.d.d.b.a] >   Build cache is disabled
22:31:24.580 [INFO]  [Validating][main][c.d.d.b.a] > Task ':extra:test' is not up-to-date because:
22:31:24.580 [INFO]  [Validating][main][c.d.d.b.a] >   Value of input property 'filter.failOnNoMatchingTests' has changed for task ':extra:test'
22:31:24.580 [INFO]  [Validating][main][c.d.d.b.a] >   Value of input property 'filter.includePatterns' has changed for task ':extra:test'
22:31:24.580 [INFO]  [Validating][main][c.d.d.b.a] > Starting process 'Gradle Test Executor 24'. Working directory: C:\Users\cbontoiu\Desktop\DiffblueTutorials\DemoCLI\extra Command: C:\Program Files\Java\jdk-17\bin\java.exe -Dorg.gradle.internal.worker.tmpdir=C:\Users\cbontoiu\Desktop\DiffblueTutorials\DemoCLI\extra\build\tmp\test\work -Dorg.gradle.native=false @C:\Users\cbontoiu\.gradle\.tmp\gradle-worker-classpath6722898724013726221txt -Xmx512m -Dfile.encoding=windows-1252 -Duser.country=GB -Duser.language=en -Duser.variant -ea worker.org.gradle.process.internal.worker.GradleWorkerMain 'Gradle Test Executor 24'
22:31:24.580 [INFO]  [Validating][main][c.d.d.b.a] > Successfully started process 'Gradle Test Executor 24'
22:31:24.580 [INFO]  [Validating][main][c.d.d.b.a] > Finished generating test XML results (0.006 secs) into: C:\Users\cbontoiu\Desktop\DiffblueTutorials\DemoCLI\extra\build\test-results\test
22:31:24.580 [INFO]  [Validating][main][c.d.d.b.a] > Generating HTML test report...
22:31:24.580 [INFO]  [Validating][main][c.d.d.b.a] > Finished generating test html results (0.011 secs) into: C:\Users\cbontoiu\Desktop\DiffblueTutorials\DemoCLI\extra\build\reports\tests\test
22:31:24.580 [INFO]  [Validating][main][c.d.d.b.a] > 
22:31:24.581 [INFO]  [Validating][main][c.d.d.b.a] > Deprecated Gradle features were used in this build, making it incompatible with Gradle 9.0.
22:31:24.581 [INFO]  [Validating][main][c.d.d.b.a] > 
22:31:24.581 [INFO]  [Validating][main][c.d.d.b.a] > You can use '--warning-mode all' to show the individual deprecation warnings and determine if they come from your own scripts or plugins.
22:31:24.581 [INFO]  [Validating][main][c.d.d.b.a] > 
22:31:24.581 [INFO]  [Validating][main][c.d.d.b.a] > For more on this, please refer to https://docs.gradle.org/8.2/userguide/command_line_interface.html#sec:command_line_warnings in the Gradle documentation.
22:31:24.581 [INFO]  [Validating][main][c.d.d.b.a] > 
22:31:24.581 [INFO]  [Validating][main][c.d.d.b.a] > BUILD SUCCESSFUL in 1s
22:31:24.581 [INFO]  [Validating][main][c.d.d.b.a] > 3 actionable tasks: 2 executed, 1 up-to-date
22:31:24.581 [INFO]  [Validating][main][c.d.d.b.a] > Watched directory hierarchies: [C:\Users\cbontoiu\Desktop\DiffblueTutorials\DemoCLI]
22:31:24.581 [INFO]  [Validating][main][c.d.d.b.a] Standard error of build tool (gradle)
22:31:24.581 [INFO]  [Validating][main][c.d.d.b.a] > 
22:31:24.583 [DEBUG] [Validating][main][c.d.cover.k.c.f] Parsing test reports from default dir: C:\Users\cbontoiu\Desktop\DiffblueTutorials\DemoCLI\extra\build\test-results\test
22:31:24.591 [INFO]  [Validating][main][c.d.cover.ui.a.j] All 10 created tests were successfully validated.
22:31:24.661 [DEBUG] [Reporting][main][c.d.c.r.StructuredReportManager] Run metrics:
Total time:                22.9s
Environment detection:      0.8s ( 3.4%)
Indexing:                   0.3s ( 1.4%)
Entry points:               0.8s ( 3.3%)
Test generation:           10.5s (46.0%)
  - Index query:            1.7s ( 7.6%)
Test verification:          1.8s ( 7.8%)
Test validation:            1.1s ( 4.7%)
Other:                      7.6s (33.3%)
Time to first test:        18.2s (79.5%)
Time to last test:         21.6s (94.3%)
22:31:24.663 [INFO]  [Reporting][main][c.d.cover.ui.a.j] Writing JSON report to C:\Users\cbontoiu\Desktop\DiffblueTutorials\DemoCLI\extra\.diffblue\reports\report.json
22:31:24.699 [INFO]  [Reporting][main][c.d.cover.ui.a.b] Log file: C:\Users\cbontoiu\Desktop\DiffblueTutorials\DemoCLI\extra\.diffblue\log\user-20230917T223101.log
22:31:24.700 [INFO]  [Reporting][main][c.d.cover.ui.a.u] Finished in 22s
