23:19:13.082 [INFO]  [Preparing] Diffblue Cover 2023.09.01-9200f07-unrestricted
23:19:13.082 [INFO]  [Preparing] 
23:19:13.083 [INFO]  [Preparing] Running: dcover create --working-directory=extra source --keep-partial-tests --patch-only .\..\changes.patch
23:19:15.050 [INFO]  [Checking] Detecting environment:
23:19:15.051 [INFO]  [Checking] ----------------------
23:19:15.125 [INFO]  [Checking] Detected Java version 17.0.6
23:19:17.387 [INFO]  [Checking] Detected build system: Gradle 8.2
23:19:17.391 [INFO]  [Checking] Operating System: Windows 11 amd64 10.0
23:19:17.391 [INFO]  [Checking] Default charset: windows-1252
23:19:17.391 [INFO]  [Checking] Default locale: en_GB
23:19:17.391 [INFO]  [Checking] Default time zone: Europe/London
23:19:17.393 [INFO]  [Checking] Selected build system: Gradle
23:19:17.397 [INFO]  [Checking] Selected classpath from build system Gradle
23:19:17.399 [INFO]  [Checking] Expanded classpath: 
C:\Users\cbontoiu\Desktop\DiffblueTutorials\DemoCLI\extra\build\classes\java\main (code under test)
C:\Users\cbontoiu\Desktop\DiffblueTutorials\DemoCLI\extra\build\resources\test
C:\Users\cbontoiu\Desktop\DiffblueTutorials\DemoCLI\extra\build\resources\main
C:\Users\cbontoiu\.gradle\caches\modules-2\files-2.1\org.junit.jupiter\junit-jupiter\5.9.1\9274d3757e224bc02eae367bd481062a263c150b\junit-jupiter-5.9.1.jar
C:\Users\cbontoiu\.gradle\caches\modules-2\files-2.1\org.junit.jupiter\junit-jupiter-params\5.9.1\ffcd1013edaeee112be11fcddeb38882d79238de\junit-jupiter-params-5.9.1.jar
C:\Users\cbontoiu\.gradle\caches\modules-2\files-2.1\org.junit.jupiter\junit-jupiter-engine\5.9.1\1bf771097bde296c3ab174861954e8aafaaf2e94\junit-jupiter-engine-5.9.1.jar
C:\Users\cbontoiu\.gradle\caches\modules-2\files-2.1\org.junit.jupiter\junit-jupiter-api\5.9.1\7bb53fbc0173e9f6a9d21d58297af94b1f2f9ce1\junit-jupiter-api-5.9.1.jar
C:\Users\cbontoiu\.gradle\caches\modules-2\files-2.1\org.junit.platform\junit-platform-engine\1.9.1\83591e5089d6cea5f324aa3ecca9b19d5a275803\junit-platform-engine-1.9.1.jar
C:\Users\cbontoiu\.gradle\caches\modules-2\files-2.1\org.junit.platform\junit-platform-commons\1.9.1\3145f821b5cd10abcdc5f925baa5fffa6f1b628f\junit-platform-commons-1.9.1.jar
C:\Users\cbontoiu\.gradle\caches\modules-2\files-2.1\org.mockito\mockito-core\5.4.0\30bcbe79f7bd51b53debfc4c6014d0bea4935e37\mockito-core-5.4.0.jar
C:\Users\cbontoiu\.gradle\caches\modules-2\files-2.1\net.bytebuddy\byte-buddy\1.14.5\28a424c0c4f362568e904d992c239c996cf7adc7\byte-buddy-1.14.5.jar
C:\Users\cbontoiu\.gradle\caches\modules-2\files-2.1\net.bytebuddy\byte-buddy-agent\1.14.5\20f4e9b9d0ffb953657bfa4b92c0cceb27907d58\byte-buddy-agent-1.14.5.jar
C:\Users\cbontoiu\.gradle\caches\modules-2\files-2.1\org.objenesis\objenesis\3.3\1049c09f1de4331e8193e579448d0916d75b7631\objenesis-3.3.jar
C:\Users\cbontoiu\.gradle\caches\modules-2\files-2.1\org.opentest4j\opentest4j\1.2.0\28c11eb91f9b6d8e200631d46e20a7f407f2a046\opentest4j-1.2.0.jar
23:19:17.532 [INFO]  [Checking] Detected test framework: JUnit Jupiter 5.9.1
23:19:17.538 [INFO]  [Checking] Detected JUnit Jupiter version 5.9.1
23:19:17.541 [INFO]  [Checking] Detected JUnit Jupiter Params version 5.9.1
23:19:17.572 [INFO]  [Checking] Detected Mockito version 5.4.0
23:19:18.038 [INFO]  [Checking] Indexing...
23:19:18.410 [INFO]  [Checking] Selected test output directory: C:\Users\cbontoiu\Desktop\DiffblueTutorials\DemoCLI\extra\src\test\java
23:19:18.421 [INFO]  [Checking] Running: Using JAVA_HOME: C:\Program Files\Java\jdk-17 : in C:\Users\cbontoiu\Desktop\DiffblueTutorials\DemoCLI\extra : gradle test -i  DummyJupiterDiffblueTest
23:19:20.023 [INFO]  [Checking] Selected test framework: JUnit Jupiter
23:19:20.056 [INFO]  [Checking] Running: Using JAVA_HOME: C:\Program Files\Java\jdk-17 : in C:\Users\cbontoiu\Desktop\DiffblueTutorials\DemoCLI\extra : gradle test -i  DummyJUnitJupiterLauncherDiffblueTest
23:19:21.143 [INFO]  [Checking] Detected JVM architecture: 64-Bit
23:19:21.762 [INFO]  [Checking] Using patch file: C:\Users\cbontoiu\Desktop\DiffblueTutorials\DemoCLI\changes.patch
23:19:21.764 [INFO]  [Checking] Selected Java language compliance level: 17
23:19:21.765 [INFO]  [Checking] Selected test validation: enabled
23:19:21.771 [INFO]  [Checking] Prefixes for filtering classes/methods:
23:19:21.772 [INFO]  [Checking] - source
23:19:21.773 [INFO]  [Checking] Gathering methods to test...
23:19:22.094 [INFO]  [Checking] Classes in or affected by the patch are: source.A, source.B, source.C, source.D, source.E, source.F, source.G
23:19:22.796 [INFO]  [Reporting] 
23:19:22.796 [INFO]  [Reporting] Environment summary:
23:19:22.796 [INFO]  [Reporting] --------------------
23:19:22.798 [INFO]  [Reporting] Java version                  17.0.6                        SUCCESS        
23:19:22.798 [INFO]  [Reporting] Build system                  Gradle                        SUCCESS        
23:19:22.798 [INFO]  [Reporting] Mocking Framework             Mockito 5.4.0                 SUCCESS        
23:19:22.798 [INFO]  [Reporting] Testing framework             JUnit Jupiter 5               SUCCESS        
23:19:22.798 [INFO]  [Reporting] Launcher                      JUnit Jupiter                 SUCCESS        
23:19:22.799 [INFO]  [Reporting] Test validation               Enabled                       SUCCESS        
23:19:22.799 [INFO]  [Reporting] 
23:19:22.799 [INFO]  [Reporting] Environment check status: SUCCESS
23:19:22.830 [INFO]  [Creating] Found 14 callable methods in 7 classes
23:19:22.831 [INFO]  [Creating] 
23:19:22.832 [INFO]  [Creating] Creating tests:
23:19:22.833 [INFO]  [Creating] ---------------
23:19:22.848 [INFO]  [Creating] 
================================================================================
= Starting analysis for class 'source.A'
================================================================================
23:19:22.848 [INFO]  [Creating] Filtering out non-testable methods...
23:19:24.435 [INFO]  [Creating] Filtering of methods complete. Creating analysis request
23:19:24.437 [INFO]  [Creating] Attempting to get service client, retry 1.
23:19:24.443 [INFO]  [Creating] Starting monitoring server.
23:19:24.604 [INFO]  [Creating] Monitoring server listening on localhost/127.0.0.1:56931
23:19:24.607 [INFO]  [Creating] Starting analyzer server process...
23:19:24.607 [INFO]  [Creating] Server command-line: C:\Program Files\Java\jdk-17\bin\java.exe -XX:+IgnoreUnrecognizedVMOptions -Djdk.attach.allowAttachSelf=true -ea -javaagent:C:\DiffblueCoverProduct\launcher-shared-jar.jar -Dlogback.configurationFile=C:\Users\cbontoiu\AppData\Local\Temp\diffblue\config\logback-remote-service.xml -Dcom.diffblue.springIsolationJar=C:\DiffblueCoverProduct\cover-isolation-layer.jar -Dcover.jar.path=C:\DiffblueCoverProduct\cover-service-analyzer.jar -Dcom.diffblue.assertionSuggestionJar=C:\DiffblueCoverProduct\cover-service-analyzer.jar -Dcover.main.class=com.diffblue.cover.service.analyzer.Main -jar C:\DiffblueCoverProduct\launcher-shared-jar.jar --service-lifespan 120 --monitoring-service-port 56931 --index-service-port 56931 --debug-log
23:19:24.616 [INFO]  [Creating] Server started. Waiting up to 300 seconds for a connection to be established...
23:19:25.465 [INFO]  [Creating] Starting new remote monitor client
23:19:26.235 [INFO]  [Creating] Attempting to start remote server.
23:19:26.516 [INFO]  [Creating] Server started, listening on localhost/127.0.0.1:56933
23:19:26.633 [INFO]  [Creating] Expect analyzer service to be listening on port 56933.
23:19:27.311 [INFO]  [Creating] Started analyzer service and client retrieved.
23:19:29.872 [INFO]  [Creating] 
================================================================================
= Creating tests for 'source.A.<init>:()V' using 'TrM (!sp, !fnm, df, !ris)'
================================================================================
23:19:31.561 [INFO]  [Creating]      [1/14] source.A.<init>
23:19:31.561 [INFO]  [Creating]      [1/14]   Tests created: 1
23:19:31.564 [INFO]  [Creating] 
================================================================================
= Creating tests for 'source.A.method:(D)I' using 'SiM (!sp, fnm, df, !ris)'
================================================================================
23:19:33.268 [INFO]  [Creating] Created 1+0 tests and partial tests via 'SiM (!sp, fnm, df, !ris)', 1/2, returning all 1
23:19:33.365 [INFO]  [Creating]      [2/14] source.A.method
23:19:33.365 [INFO]  [Creating]      [2/14]   Tests created: 1
23:19:33.371 [INFO]  [Creating] [1/7] source.A
23:19:33.372 [INFO]  [Creating] [1/7]   Tests created: 2
23:19:33.373 [INFO]  [Creating] 
================================================================================
= Starting analysis for class 'source.B'
================================================================================
23:19:33.373 [INFO]  [Creating] Filtering out non-testable methods...
23:19:33.374 [INFO]  [Creating] Filtering of methods complete. Creating analysis request
23:19:33.374 [INFO]  [Creating] Attempting to get service client, retry 1.
23:19:33.414 [INFO]  [Creating] 
================================================================================
= Creating tests for 'source.B.<init>:()V' using 'TrM (!sp, !fnm, df, !ris)'
================================================================================
23:19:33.522 [INFO]  [Creating]      [3/14] source.B.<init>
23:19:33.522 [INFO]  [Creating]      [3/14]   Tests created: 1
23:19:33.524 [INFO]  [Creating] 
================================================================================
= Creating tests for 'source.B.method:(D)I' using 'SiM (!sp, fnm, df, !ris)'
================================================================================
23:19:33.766 [INFO]  [Creating] Created 1+0 tests and partial tests via 'SiM (!sp, fnm, df, !ris)', 1/2, returning all 1
23:19:33.851 [INFO]  [Creating]      [4/14] source.B.method
23:19:33.851 [INFO]  [Creating]      [4/14]   Tests created: 1
23:19:33.858 [INFO]  [Creating] [2/7] source.B
23:19:33.859 [INFO]  [Creating] [2/7]   Tests created: 2
23:19:33.860 [INFO]  [Creating] 
================================================================================
= Starting analysis for class 'source.C'
================================================================================
23:19:33.860 [INFO]  [Creating] Filtering out non-testable methods...
23:19:33.860 [INFO]  [Creating] Filtering of methods complete. Creating analysis request
23:19:33.860 [INFO]  [Creating] Attempting to get service client, retry 1.
23:19:33.900 [INFO]  [Creating] 
================================================================================
= Creating tests for 'source.C.<init>:()V' using 'TrM (!sp, !fnm, df, !ris)'
================================================================================
23:19:34.010 [INFO]  [Creating]      [5/14] source.C.<init>
23:19:34.010 [INFO]  [Creating]      [5/14]   Tests created: 1
23:19:34.013 [INFO]  [Creating] 
================================================================================
= Creating tests for 'source.C.method:(D)I' using 'SiM (!sp, fnm, df, !ris)'
================================================================================
23:19:34.178 [INFO]  [Creating] Created 1+0 tests and partial tests via 'SiM (!sp, fnm, df, !ris)', 1/2, returning all 1
23:19:34.258 [INFO]  [Creating]      [6/14] source.C.method
23:19:34.258 [INFO]  [Creating]      [6/14]   Tests created: 1
23:19:34.264 [INFO]  [Creating] [3/7] source.C
23:19:34.265 [INFO]  [Creating] [3/7]   Tests created: 2
23:19:34.265 [INFO]  [Creating] 
================================================================================
= Starting analysis for class 'source.D'
================================================================================
23:19:34.265 [INFO]  [Creating] Filtering out non-testable methods...
23:19:34.265 [INFO]  [Creating] Filtering of methods complete. Creating analysis request
23:19:34.265 [INFO]  [Creating] Attempting to get service client, retry 1.
23:19:34.302 [INFO]  [Creating] 
================================================================================
= Creating tests for 'source.D.<init>:()V' using 'TrM (!sp, !fnm, df, !ris)'
================================================================================
23:19:34.414 [INFO]  [Creating]      [7/14] source.D.<init>
23:19:34.414 [INFO]  [Creating]      [7/14]   Tests created: 1
23:19:34.416 [INFO]  [Creating] 
================================================================================
= Creating tests for 'source.D.method:(D)I' using 'SiM (!sp, fnm, df, !ris)'
================================================================================
23:19:34.593 [INFO]  [Creating] Created 1+0 tests and partial tests via 'SiM (!sp, fnm, df, !ris)', 1/2, returning all 1
23:19:34.664 [INFO]  [Creating]      [8/14] source.D.method
23:19:34.664 [INFO]  [Creating]      [8/14]   Tests created: 1
23:19:34.670 [INFO]  [Creating] [4/7] source.D
23:19:34.670 [INFO]  [Creating] [4/7]   Tests created: 2
23:19:34.671 [INFO]  [Creating] 
================================================================================
= Starting analysis for class 'source.E'
================================================================================
23:19:34.671 [INFO]  [Creating] Filtering out non-testable methods...
23:19:34.671 [INFO]  [Creating] Filtering of methods complete. Creating analysis request
23:19:34.671 [INFO]  [Creating] Attempting to get service client, retry 1.
23:19:34.706 [INFO]  [Creating] 
================================================================================
= Creating tests for 'source.E.<init>:()V' using 'TrM (!sp, !fnm, df, !ris)'
================================================================================
23:19:34.824 [INFO]  [Creating]      [9/14] source.E.<init>
23:19:34.824 [INFO]  [Creating]      [9/14]   Tests created: 1
23:19:34.826 [INFO]  [Creating] 
================================================================================
= Creating tests for 'source.E.method:(D)I' using 'SiM (!sp, fnm, df, !ris)'
================================================================================
23:19:34.960 [INFO]  [Creating] Created 1+0 tests and partial tests via 'SiM (!sp, fnm, df, !ris)', 1/2, returning all 1
23:19:35.028 [INFO]  [Creating]     [10/14] source.E.method
23:19:35.029 [INFO]  [Creating]     [10/14]   Tests created: 1
23:19:35.033 [INFO]  [Creating] [5/7] source.E
23:19:35.034 [INFO]  [Creating] [5/7]   Tests created: 2
23:19:35.035 [INFO]  [Creating] 
================================================================================
= Starting analysis for class 'source.F'
================================================================================
23:19:35.035 [INFO]  [Creating] Filtering out non-testable methods...
23:19:35.036 [INFO]  [Creating] Filtering of methods complete. Creating analysis request
23:19:35.036 [INFO]  [Creating] Attempting to get service client, retry 1.
23:19:35.072 [INFO]  [Creating] 
================================================================================
= Creating tests for 'source.F.<init>:()V' using 'TrM (!sp, !fnm, df, !ris)'
================================================================================
23:19:35.185 [INFO]  [Creating]     [11/14] source.F.<init>
23:19:35.185 [INFO]  [Creating]     [11/14]   Tests created: 1
23:19:35.187 [INFO]  [Creating] 
================================================================================
= Creating tests for 'source.F.method:(D)I' using 'SiM (!sp, fnm, df, !ris)'
================================================================================
23:19:35.308 [INFO]  [Creating] Created 1+0 tests and partial tests via 'SiM (!sp, fnm, df, !ris)', 1/2, returning all 1
23:19:35.380 [INFO]  [Creating]     [12/14] source.F.method
23:19:35.380 [INFO]  [Creating]     [12/14]   Tests created: 1
23:19:35.385 [INFO]  [Creating] [6/7] source.F
23:19:35.387 [INFO]  [Creating] [6/7]   Tests created: 2
23:19:35.387 [INFO]  [Creating] 
================================================================================
= Starting analysis for class 'source.G'
================================================================================
23:19:35.388 [INFO]  [Creating] Filtering out non-testable methods...
23:19:35.388 [INFO]  [Creating] Filtering of methods complete. Creating analysis request
23:19:35.388 [INFO]  [Creating] Attempting to get service client, retry 1.
23:19:35.423 [INFO]  [Creating] 
================================================================================
= Creating tests for 'source.G.<init>:()V' using 'TrM (!sp, !fnm, df, !ris)'
================================================================================
23:19:35.523 [INFO]  [Creating]     [13/14] source.G.<init>
23:19:35.523 [INFO]  [Creating]     [13/14]   Tests created: 1
23:19:35.526 [INFO]  [Creating] 
================================================================================
= Creating tests for 'source.G.method:(D)I' using 'SiM (!sp, fnm, df, !ris)'
================================================================================
23:19:35.604 [INFO]  [Creating] Created 1+0 tests and partial tests via 'SiM (!sp, fnm, df, !ris)', 1/2, returning all 1
23:19:35.680 [INFO]  [Creating]     [14/14] source.G.method
23:19:35.680 [INFO]  [Creating]     [14/14]   Tests created: 1
23:19:35.684 [INFO]  [Creating] [7/7] source.G
23:19:35.686 [INFO]  [Creating] [7/7]   Tests created: 2
23:19:35.693 [INFO]  [Reporting] 
23:19:35.694 [INFO]  [Reporting] Summary:
23:19:35.694 [INFO]  [Reporting] --------
23:19:35.695 [INFO]  [Reporting] Total:                                              14 methods
23:19:35.695 [INFO]  [Reporting] 14 tests created for:                               14 methods
23:19:35.696 [INFO]  [Reporting] 
23:19:35.845 [INFO]  [Validating] 
23:19:35.846 [INFO]  [Validating] Running validation command.
23:19:35.851 [INFO]  [Validating] Running: Using JAVA_HOME: C:\Program Files\Java\jdk-17 : in C:\Users\cbontoiu\Desktop\DiffblueTutorials\DemoCLI\extra : gradle test -i  
23:19:37.017 [INFO]  [Validating] Standard output of build tool (gradle)
23:19:37.017 [INFO]  [Validating] > The client will now receive all logging from the daemon (pid: 7736). The daemon log file: C:\Users\cbontoiu\.gradle\daemon\8.2\daemon-7736.out.log
23:19:37.017 [INFO]  [Validating] > Starting 48th build in daemon [uptime: 2 hrs 30 mins 37.321 secs, performance: 100%, GC rate: 0.00/s, heap usage: 0% of 3.9 GiB]
23:19:37.017 [INFO]  [Validating] > Closing daemon's stdin at end of input.
23:19:37.017 [INFO]  [Validating] > The daemon will no longer process any standard input.
23:19:37.017 [INFO]  [Validating] > Using 8 worker leases.
23:19:37.017 [INFO]  [Validating] > Now considering [C:\Users\cbontoiu\Desktop\DiffblueTutorials\DemoCLI] as hierarchies to watch
23:19:37.017 [INFO]  [Validating] > Watching the file system is configured to be enabled if available
23:19:37.018 [INFO]  [Validating] > File system watching is active
23:19:37.018 [INFO]  [Validating] > Starting Build
23:19:37.018 [INFO]  [Validating] > Settings evaluated using settings file 'C:\Users\cbontoiu\Desktop\DiffblueTutorials\DemoCLI\settings.gradle'.
23:19:37.018 [INFO]  [Validating] > Projects loaded. Root project using build file 'C:\Users\cbontoiu\Desktop\DiffblueTutorials\DemoCLI\build.gradle'.
23:19:37.018 [INFO]  [Validating] > Included projects: [root project 'DemoCLI', project ':app', project ':common', project ':extra']
23:19:37.018 [INFO]  [Validating] > 
23:19:37.018 [INFO]  [Validating] > > Configure project :
23:19:37.018 [INFO]  [Validating] > Evaluating root project 'DemoCLI' using build file 'C:\Users\cbontoiu\Desktop\DiffblueTutorials\DemoCLI\build.gradle'.
23:19:37.018 [INFO]  [Validating] > 
23:19:37.018 [INFO]  [Validating] > > Configure project :app
23:19:37.018 [INFO]  [Validating] > Evaluating project ':app' using build file 'C:\Users\cbontoiu\Desktop\DiffblueTutorials\DemoCLI\app\build.gradle'.
23:19:37.018 [INFO]  [Validating] > 
23:19:37.018 [INFO]  [Validating] > > Configure project :common
23:19:37.018 [INFO]  [Validating] > Evaluating project ':common' using build file 'C:\Users\cbontoiu\Desktop\DiffblueTutorials\DemoCLI\common\build.gradle'.
23:19:37.018 [INFO]  [Validating] > 
23:19:37.018 [INFO]  [Validating] > > Configure project :extra
23:19:37.018 [INFO]  [Validating] > Evaluating project ':extra' using build file 'C:\Users\cbontoiu\Desktop\DiffblueTutorials\DemoCLI\extra\build.gradle'.
23:19:37.018 [INFO]  [Validating] > All projects evaluated.
23:19:37.018 [INFO]  [Validating] > Task path ':extra:test' matched project ':extra'
23:19:37.018 [INFO]  [Validating] > Task name matched 'test'
23:19:37.018 [INFO]  [Validating] > Selected primary task 'test' from project :extra
23:19:37.018 [INFO]  [Validating] > The configuration :extra:mainSourceElements is both consumable and declarable. This combination is incorrect, only one of these flags should be set.
23:19:37.018 [INFO]  [Validating] > Tasks to be executed: [task ':extra:compileJava', task ':extra:processResources', task ':extra:classes', task ':extra:compileTestJava', task ':extra:processTestResources', task ':extra:testClasses', task ':extra:test']
23:19:37.018 [INFO]  [Validating] > Tasks that were excluded: []
23:19:37.018 [INFO]  [Validating] > Resolve mutations for :extra:compileJava (Thread[Execution worker,5,main]) started.
23:19:37.018 [INFO]  [Validating] > :extra:compileJava (Thread[Execution worker,5,main]) started.
23:19:37.018 [INFO]  [Validating] > 
23:19:37.018 [INFO]  [Validating] > > Task :extra:compileJava UP-TO-DATE
23:19:37.018 [INFO]  [Validating] > Caching disabled for task ':extra:compileJava' because:
23:19:37.018 [INFO]  [Validating] >   Build cache is disabled
23:19:37.018 [INFO]  [Validating] > Skipping task ':extra:compileJava' as it is up-to-date.
23:19:37.018 [INFO]  [Validating] > Resolve mutations for :extra:processResources (Thread[Execution worker,5,main]) started.
23:19:37.018 [INFO]  [Validating] > :extra:processResources (Thread[Execution worker,5,main]) started.
23:19:37.018 [INFO]  [Validating] > 
23:19:37.018 [INFO]  [Validating] > > Task :extra:processResources NO-SOURCE
23:19:37.018 [INFO]  [Validating] > Skipping task ':extra:processResources' as it has no source files and no previous output files.
23:19:37.018 [INFO]  [Validating] > Resolve mutations for :extra:classes (Thread[Execution worker,5,main]) started.
23:19:37.018 [INFO]  [Validating] > :extra:classes (Thread[Execution worker,5,main]) started.
23:19:37.018 [INFO]  [Validating] > 
23:19:37.019 [INFO]  [Validating] > > Task :extra:classes UP-TO-DATE
23:19:37.019 [INFO]  [Validating] > Skipping task ':extra:classes' as it has no actions.
23:19:37.019 [INFO]  [Validating] > Resolve mutations for :extra:compileTestJava (Thread[Execution worker,5,main]) started.
23:19:37.019 [INFO]  [Validating] > :extra:compileTestJava (Thread[Execution worker,5,main]) started.
23:19:37.019 [INFO]  [Validating] > 
23:19:37.019 [INFO]  [Validating] > > Task :extra:compileTestJava
23:19:37.019 [INFO]  [Validating] > Caching disabled for task ':extra:compileTestJava' because:
23:19:37.019 [INFO]  [Validating] >   Build cache is disabled
23:19:37.019 [INFO]  [Validating] > Task ':extra:compileTestJava' is not up-to-date because:
23:19:37.019 [INFO]  [Validating] >   Input property 'stableSources' file C:\Users\cbontoiu\Desktop\DiffblueTutorials\DemoCLI\extra\src\test\java\DummyJUnitJupiterLauncherDiffblueTest.java has been removed.
23:19:37.019 [INFO]  [Validating] >   Input property 'stableSources' file C:\Users\cbontoiu\Desktop\DiffblueTutorials\DemoCLI\extra\src\test\java\source\ADiffblueTest.java has changed.
23:19:37.019 [INFO]  [Validating] >   Input property 'stableSources' file C:\Users\cbontoiu\Desktop\DiffblueTutorials\DemoCLI\extra\src\test\java\source\BDiffblueTest.java has changed.
23:19:37.019 [INFO]  [Validating] > Created classpath snapshot for incremental compilation in 0.002 secs.
23:19:37.019 [INFO]  [Validating] > Compiling with toolchain 'C:\Program Files\Java\jdk-17'.
23:19:37.019 [INFO]  [Validating] > Compiling with JDK Java compiler API.
23:19:37.019 [INFO]  [Validating] > Incremental compilation of 9 classes completed in 0.12 secs.
23:19:37.019 [INFO]  [Validating] > Class dependency analysis for incremental compilation took 0.021 secs.
23:19:37.019 [INFO]  [Validating] > Resolve mutations for :extra:processTestResources (Thread[Execution worker,5,main]) started.
23:19:37.019 [INFO]  [Validating] > :extra:processTestResources (Thread[Execution worker,5,main]) started.
23:19:37.019 [INFO]  [Validating] > 
23:19:37.019 [INFO]  [Validating] > > Task :extra:processTestResources NO-SOURCE
23:19:37.019 [INFO]  [Validating] > Skipping task ':extra:processTestResources' as it has no source files and no previous output files.
23:19:37.019 [INFO]  [Validating] > Resolve mutations for :extra:testClasses (Thread[Execution worker,5,main]) started.
23:19:37.019 [INFO]  [Validating] > :extra:testClasses (Thread[Execution worker,5,main]) started.
23:19:37.019 [INFO]  [Validating] > 
23:19:37.019 [INFO]  [Validating] > > Task :extra:testClasses
23:19:37.019 [INFO]  [Validating] > Skipping task ':extra:testClasses' as it has no actions.
23:19:37.019 [INFO]  [Validating] > Resolve mutations for :extra:test (Thread[Execution worker,5,main]) started.
23:19:37.019 [INFO]  [Validating] > :extra:test (Thread[Execution worker,5,main]) started.
23:19:37.019 [INFO]  [Validating] > Gradle Test Executor 47 started executing tests.
23:19:37.019 [INFO]  [Validating] > Gradle Test Executor 47 finished executing tests.
23:19:37.019 [INFO]  [Validating] > 
23:19:37.019 [INFO]  [Validating] > > Task :extra:test
23:19:37.019 [INFO]  [Validating] > Caching disabled for task ':extra:test' because:
23:19:37.019 [INFO]  [Validating] >   Build cache is disabled
23:19:37.019 [INFO]  [Validating] > Task ':extra:test' is not up-to-date because:
23:19:37.019 [INFO]  [Validating] >   Value of input property 'filter.failOnNoMatchingTests' has changed for task ':extra:test'
23:19:37.019 [INFO]  [Validating] >   Value of input property 'filter.includePatterns' has changed for task ':extra:test'
23:19:37.019 [INFO]  [Validating] > Starting process 'Gradle Test Executor 47'. Working directory: C:\Users\cbontoiu\Desktop\DiffblueTutorials\DemoCLI\extra Command: C:\Program Files\Java\jdk-17\bin\java.exe -Dorg.gradle.internal.worker.tmpdir=C:\Users\cbontoiu\Desktop\DiffblueTutorials\DemoCLI\extra\build\tmp\test\work -Dorg.gradle.native=false @C:\Users\cbontoiu\.gradle\.tmp\gradle-worker-classpath10345341065429819928txt -Xmx512m -Dfile.encoding=windows-1252 -Duser.country=GB -Duser.language=en -Duser.variant -ea worker.org.gradle.process.internal.worker.GradleWorkerMain 'Gradle Test Executor 47'
23:19:37.019 [INFO]  [Validating] > Successfully started process 'Gradle Test Executor 47'
23:19:37.019 [INFO]  [Validating] > Finished generating test XML results (0.008 secs) into: C:\Users\cbontoiu\Desktop\DiffblueTutorials\DemoCLI\extra\build\test-results\test
23:19:37.019 [INFO]  [Validating] > Generating HTML test report...
23:19:37.019 [INFO]  [Validating] > Finished generating test html results (0.012 secs) into: C:\Users\cbontoiu\Desktop\DiffblueTutorials\DemoCLI\extra\build\reports\tests\test
23:19:37.019 [INFO]  [Validating] > 
23:19:37.019 [INFO]  [Validating] > Deprecated Gradle features were used in this build, making it incompatible with Gradle 9.0.
23:19:37.020 [INFO]  [Validating] > 
23:19:37.020 [INFO]  [Validating] > You can use '--warning-mode all' to show the individual deprecation warnings and determine if they come from your own scripts or plugins.
23:19:37.020 [INFO]  [Validating] > 
23:19:37.020 [INFO]  [Validating] > For more on this, please refer to https://docs.gradle.org/8.2/userguide/command_line_interface.html#sec:command_line_warnings in the Gradle documentation.
23:19:37.020 [INFO]  [Validating] > 
23:19:37.020 [INFO]  [Validating] > BUILD SUCCESSFUL in 1s
23:19:37.020 [INFO]  [Validating] > 3 actionable tasks: 2 executed, 1 up-to-date
23:19:37.020 [INFO]  [Validating] > Watched directory hierarchies: [C:\Users\cbontoiu\Desktop\DiffblueTutorials\DemoCLI]
23:19:37.020 [INFO]  [Validating] Standard error of build tool (gradle)
23:19:37.020 [INFO]  [Validating] > 
23:19:37.034 [INFO]  [Validating] All 14 created tests were successfully validated.
23:19:37.084 [INFO]  [Reporting] Writing JSON report to C:\Users\cbontoiu\Desktop\DiffblueTutorials\DemoCLI\extra\.diffblue\reports\report.json
23:19:37.119 [INFO]  [Reporting] Log file: C:\Users\cbontoiu\Desktop\DiffblueTutorials\DemoCLI\extra\.diffblue\log\user-20230917T231912.log
23:19:37.120 [INFO]  [Reporting] Finished in 23s
