22:34:29.870 [INFO]  [Preparing] Diffblue Cover 2023.09.01-9200f07-unrestricted
22:34:29.871 [INFO]  [Preparing] 
22:34:29.871 [INFO]  [Preparing] Running: dcover create --working-directory=extra source --keep-partial-tests
22:34:31.815 [INFO]  [Checking] Detecting environment:
22:34:31.816 [INFO]  [Checking] ----------------------
22:34:31.894 [INFO]  [Checking] Detected Java version 17.0.6
22:34:34.174 [INFO]  [Checking] Detected build system: Gradle 8.2
22:34:34.178 [INFO]  [Checking] Operating System: Windows 11 amd64 10.0
22:34:34.179 [INFO]  [Checking] Default charset: windows-1252
22:34:34.181 [INFO]  [Checking] Default locale: en_GB
22:34:34.181 [INFO]  [Checking] Default time zone: Europe/London
22:34:34.183 [INFO]  [Checking] Selected build system: Gradle
22:34:34.186 [INFO]  [Checking] Selected classpath from build system Gradle
22:34:34.188 [INFO]  [Checking] Expanded classpath: 
C:\Users\cbontoiu\Desktop\DiffblueTutorials\DemoCLI\extra\build\classes\java\main (code under test)
C:\Users\cbontoiu\Desktop\DiffblueTutorials\DemoCLI\extra\build\resources\test
C:\Users\cbontoiu\Desktop\DiffblueTutorials\DemoCLI\extra\build\resources\main
C:\Users\cbontoiu\.gradle\caches\modules-2\files-2.1\org.junit.jupiter\junit-jupiter\5.9.1\9274d3757e224bc02eae367bd481062a263c150b\junit-jupiter-5.9.1.jar
C:\Users\cbontoiu\.gradle\caches\modules-2\files-2.1\org.junit.jupiter\junit-jupiter-params\5.9.1\ffcd1013edaeee112be11fcddeb38882d79238de\junit-jupiter-params-5.9.1.jar
C:\Users\cbontoiu\.gradle\caches\modules-2\files-2.1\org.junit.jupiter\junit-jupiter-engine\5.9.1\1bf771097bde296c3ab174861954e8aafaaf2e94\junit-jupiter-engine-5.9.1.jar
C:\Users\cbontoiu\.gradle\caches\modules-2\files-2.1\org.junit.jupiter\junit-jupiter-api\5.9.1\7bb53fbc0173e9f6a9d21d58297af94b1f2f9ce1\junit-jupiter-api-5.9.1.jar
C:\Users\cbontoiu\.gradle\caches\modules-2\files-2.1\org.junit.platform\junit-platform-engine\1.9.1\83591e5089d6cea5f324aa3ecca9b19d5a275803\junit-platform-engine-1.9.1.jar
C:\Users\cbontoiu\.gradle\caches\modules-2\files-2.1\org.junit.platform\junit-platform-commons\1.9.1\3145f821b5cd10abcdc5f925baa5fffa6f1b628f\junit-platform-commons-1.9.1.jar
C:\Users\cbontoiu\.gradle\caches\modules-2\files-2.1\org.mockito\mockito-core\5.4.0\30bcbe79f7bd51b53debfc4c6014d0bea4935e37\mockito-core-5.4.0.jar
C:\Users\cbontoiu\.gradle\caches\modules-2\files-2.1\net.bytebuddy\byte-buddy\1.14.5\28a424c0c4f362568e904d992c239c996cf7adc7\byte-buddy-1.14.5.jar
C:\Users\cbontoiu\.gradle\caches\modules-2\files-2.1\net.bytebuddy\byte-buddy-agent\1.14.5\20f4e9b9d0ffb953657bfa4b92c0cceb27907d58\byte-buddy-agent-1.14.5.jar
C:\Users\cbontoiu\.gradle\caches\modules-2\files-2.1\org.objenesis\objenesis\3.3\1049c09f1de4331e8193e579448d0916d75b7631\objenesis-3.3.jar
C:\Users\cbontoiu\.gradle\caches\modules-2\files-2.1\org.opentest4j\opentest4j\1.2.0\28c11eb91f9b6d8e200631d46e20a7f407f2a046\opentest4j-1.2.0.jar
22:34:34.325 [INFO]  [Checking] Detected test framework: JUnit Jupiter 5.9.1
22:34:34.331 [INFO]  [Checking] Detected JUnit Jupiter version 5.9.1
22:34:34.336 [INFO]  [Checking] Detected JUnit Jupiter Params version 5.9.1
22:34:34.366 [INFO]  [Checking] Detected Mockito version 5.4.0
22:34:34.821 [INFO]  [Checking] Indexing...
22:34:35.167 [INFO]  [Checking] Selected test output directory: C:\Users\cbontoiu\Desktop\DiffblueTutorials\DemoCLI\extra\src\test\java
22:34:35.176 [INFO]  [Checking] Running: Using JAVA_HOME: C:\Program Files\Java\jdk-17 : in C:\Users\cbontoiu\Desktop\DiffblueTutorials\DemoCLI\extra : gradle test -i  DummyJupiterDiffblueTest
22:34:36.816 [INFO]  [Checking] Selected test framework: JUnit Jupiter
22:34:36.862 [INFO]  [Checking] Running: Using JAVA_HOME: C:\Program Files\Java\jdk-17 : in C:\Users\cbontoiu\Desktop\DiffblueTutorials\DemoCLI\extra : gradle test -i  DummyJUnitJupiterLauncherDiffblueTest
22:34:37.963 [INFO]  [Checking] Detected JVM architecture: 64-Bit
22:34:38.584 [INFO]  [Checking] Selected Java language compliance level: 17
22:34:38.586 [INFO]  [Checking] Selected test validation: enabled
22:34:38.589 [INFO]  [Checking] Prefixes for filtering classes/methods:
22:34:38.592 [INFO]  [Checking] - source
22:34:38.593 [INFO]  [Checking] Gathering methods to test...
22:34:39.395 [INFO]  [Reporting] 
22:34:39.395 [INFO]  [Reporting] Environment summary:
22:34:39.395 [INFO]  [Reporting] --------------------
22:34:39.397 [INFO]  [Reporting] Java version                  17.0.6                        SUCCESS        
22:34:39.397 [INFO]  [Reporting] Build system                  Gradle                        SUCCESS        
22:34:39.397 [INFO]  [Reporting] Mocking Framework             Mockito 5.4.0                 SUCCESS        
22:34:39.397 [INFO]  [Reporting] Testing framework             JUnit Jupiter 5               SUCCESS        
22:34:39.397 [INFO]  [Reporting] Launcher                      JUnit Jupiter                 SUCCESS        
22:34:39.398 [INFO]  [Reporting] Test validation               Enabled                       SUCCESS        
22:34:39.398 [INFO]  [Reporting] 
22:34:39.398 [INFO]  [Reporting] Environment check status: SUCCESS
22:34:39.427 [INFO]  [Creating] Found 14 callable methods in 7 classes
22:34:39.428 [INFO]  [Creating] 
22:34:39.429 [INFO]  [Creating] Creating tests:
22:34:39.430 [INFO]  [Creating] ---------------
22:34:39.447 [INFO]  [Creating] 
================================================================================
= Starting analysis for class 'source.A'
================================================================================
22:34:39.447 [INFO]  [Creating] Filtering out non-testable methods...
22:34:40.918 [INFO]  [Creating] Filtering of methods complete. Creating analysis request
22:34:40.919 [INFO]  [Creating] Attempting to get service client, retry 1.
22:34:40.927 [INFO]  [Creating] Starting monitoring server.
22:34:41.081 [INFO]  [Creating] Monitoring server listening on localhost/127.0.0.1:55826
22:34:41.084 [INFO]  [Creating] Starting analyzer server process...
22:34:41.084 [INFO]  [Creating] Server command-line: C:\Program Files\Java\jdk-17\bin\java.exe -XX:+IgnoreUnrecognizedVMOptions -Djdk.attach.allowAttachSelf=true -ea -javaagent:C:\DiffblueCoverProduct\launcher-shared-jar.jar -Dlogback.configurationFile=C:\Users\cbontoiu\AppData\Local\Temp\diffblue\config\logback-remote-service.xml -Dcom.diffblue.springIsolationJar=C:\DiffblueCoverProduct\cover-isolation-layer.jar -Dcover.jar.path=C:\DiffblueCoverProduct\cover-service-analyzer.jar -Dcom.diffblue.assertionSuggestionJar=C:\DiffblueCoverProduct\cover-service-analyzer.jar -Dcover.main.class=com.diffblue.cover.service.analyzer.Main -jar C:\DiffblueCoverProduct\launcher-shared-jar.jar --service-lifespan 120 --monitoring-service-port 55826 --index-service-port 55826 --debug-log
22:34:41.093 [INFO]  [Creating] Server started. Waiting up to 300 seconds for a connection to be established...
22:34:42.067 [INFO]  [Creating] Starting new remote monitor client
22:34:42.917 [INFO]  [Creating] Attempting to start remote server.
22:34:43.257 [INFO]  [Creating] Server started, listening on localhost/127.0.0.1:55828
22:34:44.125 [INFO]  [Creating] Expect analyzer service to be listening on port 55828.
22:34:44.786 [INFO]  [Creating] Started analyzer service and client retrieved.
22:34:48.546 [INFO]  [Creating] 
================================================================================
= Creating tests for 'source.A.<init>:()V' using 'TrM (!sp, !fnm, df, !ris)'
================================================================================
22:34:51.468 [INFO]  [Creating]      [1/14] source.A.<init>
22:34:51.469 [INFO]  [Creating]      [1/14]   Tests created: 1
22:34:51.472 [INFO]  [Creating] 
================================================================================
= Creating tests for 'source.A.method:(D)I' using 'SiM (!sp, fnm, df, !ris)'
================================================================================
22:34:54.369 [INFO]  [Creating] Created 1+0 tests and partial tests via 'SiM (!sp, fnm, df, !ris)', 1/2, returning all 1
22:34:54.588 [INFO]  [Creating]      [2/14] source.A.method
22:34:54.589 [INFO]  [Creating]      [2/14]   Tests created: 1
22:34:54.598 [INFO]  [Creating] [1/7] source.A
22:34:54.599 [INFO]  [Creating] [1/7]   Tests created: 2
22:34:54.600 [INFO]  [Creating] 
================================================================================
= Starting analysis for class 'source.B'
================================================================================
22:34:54.600 [INFO]  [Creating] Filtering out non-testable methods...
22:34:54.601 [INFO]  [Creating] Filtering of methods complete. Creating analysis request
22:34:54.601 [INFO]  [Creating] Attempting to get service client, retry 1.
22:34:54.669 [INFO]  [Creating] 
================================================================================
= Creating tests for 'source.B.<init>:()V' using 'TrM (!sp, !fnm, df, !ris)'
================================================================================
22:34:54.858 [INFO]  [Creating]      [3/14] source.B.<init>
22:34:54.858 [INFO]  [Creating]      [3/14]   Tests created: 1
22:34:54.862 [INFO]  [Creating] 
================================================================================
= Creating tests for 'source.B.method:(D)I' using 'SiM (!sp, fnm, df, !ris)'
================================================================================
22:34:55.215 [INFO]  [Creating] Created 1+0 tests and partial tests via 'SiM (!sp, fnm, df, !ris)', 1/2, returning all 1
22:34:55.323 [INFO]  [Creating]      [4/14] source.B.method
22:34:55.323 [INFO]  [Creating]      [4/14]   Tests created: 1
22:34:55.329 [INFO]  [Creating] [2/7] source.B
22:34:55.331 [INFO]  [Creating] [2/7]   Tests created: 2
22:34:55.332 [INFO]  [Creating] 
================================================================================
= Starting analysis for class 'source.C'
================================================================================
22:34:55.332 [INFO]  [Creating] Filtering out non-testable methods...
22:34:55.332 [INFO]  [Creating] Filtering of methods complete. Creating analysis request
22:34:55.332 [INFO]  [Creating] Attempting to get service client, retry 1.
22:34:55.376 [INFO]  [Creating] 
================================================================================
= Creating tests for 'source.C.<init>:()V' using 'TrM (!sp, !fnm, df, !ris)'
================================================================================
22:34:55.509 [INFO]  [Creating]      [5/14] source.C.<init>
22:34:55.509 [INFO]  [Creating]      [5/14]   Tests created: 1
22:34:55.512 [INFO]  [Creating] 
================================================================================
= Creating tests for 'source.C.method:(D)I' using 'SiM (!sp, fnm, df, !ris)'
================================================================================
22:34:55.739 [INFO]  [Creating] Created 1+0 tests and partial tests via 'SiM (!sp, fnm, df, !ris)', 1/2, returning all 1
22:34:55.835 [INFO]  [Creating]      [6/14] source.C.method
22:34:55.835 [INFO]  [Creating]      [6/14]   Tests created: 1
22:34:55.842 [INFO]  [Creating] [3/7] source.C
22:34:55.843 [INFO]  [Creating] [3/7]   Tests created: 2
22:34:55.844 [INFO]  [Creating] 
================================================================================
= Starting analysis for class 'source.D'
================================================================================
22:34:55.844 [INFO]  [Creating] Filtering out non-testable methods...
22:34:55.844 [INFO]  [Creating] Filtering of methods complete. Creating analysis request
22:34:55.844 [INFO]  [Creating] Attempting to get service client, retry 1.
22:34:55.901 [INFO]  [Creating] 
================================================================================
= Creating tests for 'source.D.<init>:()V' using 'TrM (!sp, !fnm, df, !ris)'
================================================================================
22:34:56.067 [INFO]  [Creating]      [7/14] source.D.<init>
22:34:56.068 [INFO]  [Creating]      [7/14]   Tests created: 1
22:34:56.071 [INFO]  [Creating] 
================================================================================
= Creating tests for 'source.D.method:(D)I' using 'SiM (!sp, fnm, df, !ris)'
================================================================================
22:34:56.365 [INFO]  [Creating] Created 1+0 tests and partial tests via 'SiM (!sp, fnm, df, !ris)', 1/2, returning all 1
22:34:56.484 [INFO]  [Creating]      [8/14] source.D.method
22:34:56.484 [INFO]  [Creating]      [8/14]   Tests created: 1
22:34:56.490 [INFO]  [Creating] [4/7] source.D
22:34:56.491 [INFO]  [Creating] [4/7]   Tests created: 2
22:34:56.492 [INFO]  [Creating] 
================================================================================
= Starting analysis for class 'source.E'
================================================================================
22:34:56.492 [INFO]  [Creating] Filtering out non-testable methods...
22:34:56.492 [INFO]  [Creating] Filtering of methods complete. Creating analysis request
22:34:56.493 [INFO]  [Creating] Attempting to get service client, retry 1.
22:34:56.541 [INFO]  [Creating] 
================================================================================
= Creating tests for 'source.E.<init>:()V' using 'TrM (!sp, !fnm, df, !ris)'
================================================================================
22:34:56.706 [INFO]  [Creating]      [9/14] source.E.<init>
22:34:56.706 [INFO]  [Creating]      [9/14]   Tests created: 1
22:34:56.709 [INFO]  [Creating] 
================================================================================
= Creating tests for 'source.E.method:(D)I' using 'SiM (!sp, fnm, df, !ris)'
================================================================================
22:34:56.875 [INFO]  [Creating] Created 1+0 tests and partial tests via 'SiM (!sp, fnm, df, !ris)', 1/2, returning all 1
22:34:56.980 [INFO]  [Creating]     [10/14] source.E.method
22:34:56.980 [INFO]  [Creating]     [10/14]   Tests created: 1
22:34:56.986 [INFO]  [Creating] [5/7] source.E
22:34:56.988 [INFO]  [Creating] [5/7]   Tests created: 2
22:34:56.989 [INFO]  [Creating] 
================================================================================
= Starting analysis for class 'source.F'
================================================================================
22:34:56.989 [INFO]  [Creating] Filtering out non-testable methods...
22:34:56.989 [INFO]  [Creating] Filtering of methods complete. Creating analysis request
22:34:56.989 [INFO]  [Creating] Attempting to get service client, retry 1.
22:34:57.035 [INFO]  [Creating] 
================================================================================
= Creating tests for 'source.F.<init>:()V' using 'TrM (!sp, !fnm, df, !ris)'
================================================================================
22:34:57.181 [INFO]  [Creating]     [11/14] source.F.<init>
22:34:57.181 [INFO]  [Creating]     [11/14]   Tests created: 1
22:34:57.184 [INFO]  [Creating] 
================================================================================
= Creating tests for 'source.F.method:(D)I' using 'SiM (!sp, fnm, df, !ris)'
================================================================================
22:34:57.326 [INFO]  [Creating] Created 1+0 tests and partial tests via 'SiM (!sp, fnm, df, !ris)', 1/2, returning all 1
22:34:57.414 [INFO]  [Creating]     [12/14] source.F.method
22:34:57.414 [INFO]  [Creating]     [12/14]   Tests created: 1
22:34:57.421 [INFO]  [Creating] [6/7] source.F
22:34:57.422 [INFO]  [Creating] [6/7]   Tests created: 2
22:34:57.423 [INFO]  [Creating] 
================================================================================
= Starting analysis for class 'source.G'
================================================================================
22:34:57.423 [INFO]  [Creating] Filtering out non-testable methods...
22:34:57.424 [INFO]  [Creating] Filtering of methods complete. Creating analysis request
22:34:57.424 [INFO]  [Creating] Attempting to get service client, retry 1.
22:34:57.475 [INFO]  [Creating] 
================================================================================
= Creating tests for 'source.G.<init>:()V' using 'TrM (!sp, !fnm, df, !ris)'
================================================================================
22:34:57.654 [INFO]  [Creating]     [13/14] source.G.<init>
22:34:57.654 [INFO]  [Creating]     [13/14]   Tests created: 1
22:34:57.658 [INFO]  [Creating] 
================================================================================
= Creating tests for 'source.G.method:(D)I' using 'SiM (!sp, fnm, df, !ris)'
================================================================================
22:34:57.790 [INFO]  [Creating] Created 1+0 tests and partial tests via 'SiM (!sp, fnm, df, !ris)', 1/2, returning all 1
22:34:57.884 [INFO]  [Creating]     [14/14] source.G.method
22:34:57.884 [INFO]  [Creating]     [14/14]   Tests created: 1
22:34:57.892 [INFO]  [Creating] [7/7] source.G
22:34:57.894 [INFO]  [Creating] [7/7]   Tests created: 2
22:34:57.902 [INFO]  [Reporting] 
22:34:57.906 [INFO]  [Reporting] Summary:
22:34:57.906 [INFO]  [Reporting] --------
22:34:57.907 [INFO]  [Reporting] Total:                                              14 methods
22:34:57.908 [INFO]  [Reporting] 14 tests created for:                               14 methods
22:34:57.909 [INFO]  [Reporting] 
22:34:58.099 [INFO]  [Validating] 
22:34:58.100 [INFO]  [Validating] Running validation command.
22:34:58.106 [INFO]  [Validating] Running: Using JAVA_HOME: C:\Program Files\Java\jdk-17 : in C:\Users\cbontoiu\Desktop\DiffblueTutorials\DemoCLI\extra : gradle test -i  
22:34:59.494 [INFO]  [Validating] Standard output of build tool (gradle)
22:34:59.494 [INFO]  [Validating] > The client will now receive all logging from the daemon (pid: 7736). The daemon log file: C:\Users\cbontoiu\.gradle\daemon\8.2\daemon-7736.out.log
22:34:59.494 [INFO]  [Validating] > Starting 31st build in daemon [uptime: 1 hrs 45 mins 59.583 secs, performance: 100%, GC rate: 0.00/s, heap usage: 0% of 3.9 GiB]
22:34:59.494 [INFO]  [Validating] > Closing daemon's stdin at end of input.
22:34:59.494 [INFO]  [Validating] > The daemon will no longer process any standard input.
22:34:59.494 [INFO]  [Validating] > Using 8 worker leases.
22:34:59.494 [INFO]  [Validating] > Now considering [C:\Users\cbontoiu\Desktop\DiffblueTutorials\DemoCLI] as hierarchies to watch
22:34:59.494 [INFO]  [Validating] > Watching the file system is configured to be enabled if available
22:34:59.494 [INFO]  [Validating] > File system watching is active
22:34:59.494 [INFO]  [Validating] > Starting Build
22:34:59.494 [INFO]  [Validating] > Settings evaluated using settings file 'C:\Users\cbontoiu\Desktop\DiffblueTutorials\DemoCLI\settings.gradle'.
22:34:59.495 [INFO]  [Validating] > Projects loaded. Root project using build file 'C:\Users\cbontoiu\Desktop\DiffblueTutorials\DemoCLI\build.gradle'.
22:34:59.495 [INFO]  [Validating] > Included projects: [root project 'DemoCLI', project ':app', project ':common', project ':extra']
22:34:59.495 [INFO]  [Validating] > 
22:34:59.495 [INFO]  [Validating] > > Configure project :
22:34:59.495 [INFO]  [Validating] > Evaluating root project 'DemoCLI' using build file 'C:\Users\cbontoiu\Desktop\DiffblueTutorials\DemoCLI\build.gradle'.
22:34:59.495 [INFO]  [Validating] > 
22:34:59.495 [INFO]  [Validating] > > Configure project :app
22:34:59.495 [INFO]  [Validating] > Evaluating project ':app' using build file 'C:\Users\cbontoiu\Desktop\DiffblueTutorials\DemoCLI\app\build.gradle'.
22:34:59.495 [INFO]  [Validating] > 
22:34:59.495 [INFO]  [Validating] > > Configure project :common
22:34:59.495 [INFO]  [Validating] > Evaluating project ':common' using build file 'C:\Users\cbontoiu\Desktop\DiffblueTutorials\DemoCLI\common\build.gradle'.
22:34:59.495 [INFO]  [Validating] > 
22:34:59.495 [INFO]  [Validating] > > Configure project :extra
22:34:59.495 [INFO]  [Validating] > Evaluating project ':extra' using build file 'C:\Users\cbontoiu\Desktop\DiffblueTutorials\DemoCLI\extra\build.gradle'.
22:34:59.495 [INFO]  [Validating] > All projects evaluated.
22:34:59.495 [INFO]  [Validating] > Task path ':extra:test' matched project ':extra'
22:34:59.495 [INFO]  [Validating] > Task name matched 'test'
22:34:59.495 [INFO]  [Validating] > Selected primary task 'test' from project :extra
22:34:59.495 [INFO]  [Validating] > The configuration :extra:mainSourceElements is both consumable and declarable. This combination is incorrect, only one of these flags should be set.
22:34:59.495 [INFO]  [Validating] > Tasks to be executed: [task ':extra:compileJava', task ':extra:processResources', task ':extra:classes', task ':extra:compileTestJava', task ':extra:processTestResources', task ':extra:testClasses', task ':extra:test']
22:34:59.495 [INFO]  [Validating] > Tasks that were excluded: []
22:34:59.495 [INFO]  [Validating] > Resolve mutations for :extra:compileJava (Thread[Execution worker,5,main]) started.
22:34:59.495 [INFO]  [Validating] > :extra:compileJava (Thread[Execution worker Thread 6,5,main]) started.
22:34:59.495 [INFO]  [Validating] > 
22:34:59.495 [INFO]  [Validating] > > Task :extra:compileJava UP-TO-DATE
22:34:59.495 [INFO]  [Validating] > Caching disabled for task ':extra:compileJava' because:
22:34:59.495 [INFO]  [Validating] >   Build cache is disabled
22:34:59.495 [INFO]  [Validating] > Skipping task ':extra:compileJava' as it is up-to-date.
22:34:59.495 [INFO]  [Validating] > Resolve mutations for :extra:processResources (Thread[Execution worker Thread 6,5,main]) started.
22:34:59.495 [INFO]  [Validating] > :extra:processResources (Thread[Execution worker Thread 6,5,main]) started.
22:34:59.496 [INFO]  [Validating] > 
22:34:59.496 [INFO]  [Validating] > > Task :extra:processResources NO-SOURCE
22:34:59.496 [INFO]  [Validating] > Skipping task ':extra:processResources' as it has no source files and no previous output files.
22:34:59.496 [INFO]  [Validating] > Resolve mutations for :extra:classes (Thread[Execution worker Thread 6,5,main]) started.
22:34:59.496 [INFO]  [Validating] > :extra:classes (Thread[Execution worker Thread 7,5,main]) started.
22:34:59.496 [INFO]  [Validating] > 
22:34:59.496 [INFO]  [Validating] > > Task :extra:classes UP-TO-DATE
22:34:59.496 [INFO]  [Validating] > Skipping task ':extra:classes' as it has no actions.
22:34:59.496 [INFO]  [Validating] > Resolve mutations for :extra:compileTestJava (Thread[Execution worker Thread 7,5,main]) started.
22:34:59.496 [INFO]  [Validating] > :extra:compileTestJava (Thread[Execution worker Thread 7,5,main]) started.
22:34:59.496 [INFO]  [Validating] > 
22:34:59.496 [INFO]  [Validating] > > Task :extra:compileTestJava
22:34:59.496 [INFO]  [Validating] > Caching disabled for task ':extra:compileTestJava' because:
22:34:59.496 [INFO]  [Validating] >   Build cache is disabled
22:34:59.496 [INFO]  [Validating] > Task ':extra:compileTestJava' is not up-to-date because:
22:34:59.496 [INFO]  [Validating] >   Input property 'stableSources' file C:\Users\cbontoiu\Desktop\DiffblueTutorials\DemoCLI\extra\src\test\java\DummyJUnitJupiterLauncherDiffblueTest.java has been removed.
22:34:59.496 [INFO]  [Validating] >   Input property 'stableSources' file C:\Users\cbontoiu\Desktop\DiffblueTutorials\DemoCLI\extra\src\test\java\source\GDiffblueTest.java has been added.
22:34:59.496 [INFO]  [Validating] > Created classpath snapshot for incremental compilation in 0.002 secs.
22:34:59.496 [INFO]  [Validating] > Compiling with toolchain 'C:\Program Files\Java\jdk-17'.
22:34:59.496 [INFO]  [Validating] > Compiling with JDK Java compiler API.
22:34:59.496 [INFO]  [Validating] > Incremental compilation of 3 classes completed in 0.125 secs.
22:34:59.496 [INFO]  [Validating] > Class dependency analysis for incremental compilation took 0.005 secs.
22:34:59.496 [INFO]  [Validating] > Resolve mutations for :extra:processTestResources (Thread[Execution worker Thread 7,5,main]) started.
22:34:59.496 [INFO]  [Validating] > :extra:processTestResources (Thread[Execution worker Thread 7,5,main]) started.
22:34:59.496 [INFO]  [Validating] > 
22:34:59.496 [INFO]  [Validating] > > Task :extra:processTestResources NO-SOURCE
22:34:59.496 [INFO]  [Validating] > Skipping task ':extra:processTestResources' as it has no source files and no previous output files.
22:34:59.496 [INFO]  [Validating] > Resolve mutations for :extra:testClasses (Thread[Execution worker Thread 7,5,main]) started.
22:34:59.496 [INFO]  [Validating] > :extra:testClasses (Thread[Execution worker Thread 7,5,main]) started.
22:34:59.496 [INFO]  [Validating] > 
22:34:59.496 [INFO]  [Validating] > > Task :extra:testClasses
22:34:59.496 [INFO]  [Validating] > Skipping task ':extra:testClasses' as it has no actions.
22:34:59.496 [INFO]  [Validating] > Resolve mutations for :extra:test (Thread[Execution worker Thread 7,5,main]) started.
22:34:59.496 [INFO]  [Validating] > :extra:test (Thread[Execution worker Thread 7,5,main]) started.
22:34:59.497 [INFO]  [Validating] > Gradle Test Executor 30 started executing tests.
22:34:59.497 [INFO]  [Validating] > Gradle Test Executor 30 finished executing tests.
22:34:59.497 [INFO]  [Validating] > 
22:34:59.497 [INFO]  [Validating] > > Task :extra:test
22:34:59.497 [INFO]  [Validating] > Caching disabled for task ':extra:test' because:
22:34:59.497 [INFO]  [Validating] >   Build cache is disabled
22:34:59.497 [INFO]  [Validating] > Task ':extra:test' is not up-to-date because:
22:34:59.497 [INFO]  [Validating] >   Value of input property 'filter.failOnNoMatchingTests' has changed for task ':extra:test'
22:34:59.497 [INFO]  [Validating] >   Value of input property 'filter.includePatterns' has changed for task ':extra:test'
22:34:59.497 [INFO]  [Validating] > Starting process 'Gradle Test Executor 30'. Working directory: C:\Users\cbontoiu\Desktop\DiffblueTutorials\DemoCLI\extra Command: C:\Program Files\Java\jdk-17\bin\java.exe -Dorg.gradle.internal.worker.tmpdir=C:\Users\cbontoiu\Desktop\DiffblueTutorials\DemoCLI\extra\build\tmp\test\work -Dorg.gradle.native=false @C:\Users\cbontoiu\.gradle\.tmp\gradle-worker-classpath10218286719917789575txt -Xmx512m -Dfile.encoding=windows-1252 -Duser.country=GB -Duser.language=en -Duser.variant -ea worker.org.gradle.process.internal.worker.GradleWorkerMain 'Gradle Test Executor 30'
22:34:59.497 [INFO]  [Validating] > Successfully started process 'Gradle Test Executor 30'
22:34:59.497 [INFO]  [Validating] > Finished generating test XML results (0.01 secs) into: C:\Users\cbontoiu\Desktop\DiffblueTutorials\DemoCLI\extra\build\test-results\test
22:34:59.497 [INFO]  [Validating] > Generating HTML test report...
22:34:59.497 [INFO]  [Validating] > Finished generating test html results (0.014 secs) into: C:\Users\cbontoiu\Desktop\DiffblueTutorials\DemoCLI\extra\build\reports\tests\test
22:34:59.497 [INFO]  [Validating] > 
22:34:59.497 [INFO]  [Validating] > Deprecated Gradle features were used in this build, making it incompatible with Gradle 9.0.
22:34:59.497 [INFO]  [Validating] > 
22:34:59.497 [INFO]  [Validating] > You can use '--warning-mode all' to show the individual deprecation warnings and determine if they come from your own scripts or plugins.
22:34:59.497 [INFO]  [Validating] > 
22:34:59.497 [INFO]  [Validating] > For more on this, please refer to https://docs.gradle.org/8.2/userguide/command_line_interface.html#sec:command_line_warnings in the Gradle documentation.
22:34:59.497 [INFO]  [Validating] > 
22:34:59.497 [INFO]  [Validating] > BUILD SUCCESSFUL in 1s
22:34:59.497 [INFO]  [Validating] > 3 actionable tasks: 2 executed, 1 up-to-date
22:34:59.497 [INFO]  [Validating] > Watched directory hierarchies: [C:\Users\cbontoiu\Desktop\DiffblueTutorials\DemoCLI]
22:34:59.497 [INFO]  [Validating] Standard error of build tool (gradle)
22:34:59.497 [INFO]  [Validating] > 
22:34:59.510 [INFO]  [Validating] All 14 created tests were successfully validated.
22:34:59.588 [INFO]  [Reporting] Writing JSON report to C:\Users\cbontoiu\Desktop\DiffblueTutorials\DemoCLI\extra\.diffblue\reports\report.json
22:34:59.632 [INFO]  [Reporting] Log file: C:\Users\cbontoiu\Desktop\DiffblueTutorials\DemoCLI\extra\.diffblue\log\user-20230917T223429.log
22:34:59.633 [INFO]  [Reporting] Finished in 29s
