14:59:45.828 [INFO]  [Preparing] Diffblue Cover 2023.09.01-9200f07-unrestricted
14:59:45.829 [INFO]  [Preparing] 
14:59:45.830 [INFO]  [Preparing] Running: dcover create --working-directory=extra source --keep-partial-tests
14:59:47.769 [INFO]  [Checking] Detecting environment:
14:59:47.771 [INFO]  [Checking] ----------------------
14:59:47.849 [INFO]  [Checking] Detected Java version 17.0.6
14:59:57.952 [INFO]  [Checking] Detected build system: Gradle 8.2
14:59:57.957 [INFO]  [Checking] Operating System: Windows 11 amd64 10.0
14:59:57.957 [INFO]  [Checking] Default charset: windows-1252
14:59:57.957 [INFO]  [Checking] Default locale: en_GB
14:59:57.957 [INFO]  [Checking] Default time zone: Europe/London
14:59:57.959 [INFO]  [Checking] Selected build system: Gradle
14:59:57.963 [INFO]  [Checking] Selected classpath from build system Gradle
14:59:57.964 [INFO]  [Checking] Expanded classpath: 
C:\Users\cbontoiu\Desktop\DiffblueTutorials\DemoCLI\extra\build\classes\java\main (code under test)
C:\Users\cbontoiu\Desktop\DiffblueTutorials\DemoCLI\extra\build\resources\test
C:\Users\cbontoiu\Desktop\DiffblueTutorials\DemoCLI\extra\build\resources\main
C:\Users\cbontoiu\.gradle\caches\modules-2\files-2.1\org.junit.jupiter\junit-jupiter\5.9.1\9274d3757e224bc02eae367bd481062a263c150b\junit-jupiter-5.9.1.jar
C:\Users\cbontoiu\.gradle\caches\modules-2\files-2.1\org.junit.jupiter\junit-jupiter-params\5.9.1\ffcd1013edaeee112be11fcddeb38882d79238de\junit-jupiter-params-5.9.1.jar
C:\Users\cbontoiu\.gradle\caches\modules-2\files-2.1\org.junit.jupiter\junit-jupiter-engine\5.9.1\1bf771097bde296c3ab174861954e8aafaaf2e94\junit-jupiter-engine-5.9.1.jar
C:\Users\cbontoiu\.gradle\caches\modules-2\files-2.1\org.junit.jupiter\junit-jupiter-api\5.9.1\7bb53fbc0173e9f6a9d21d58297af94b1f2f9ce1\junit-jupiter-api-5.9.1.jar
C:\Users\cbontoiu\.gradle\caches\modules-2\files-2.1\org.junit.platform\junit-platform-engine\1.9.1\83591e5089d6cea5f324aa3ecca9b19d5a275803\junit-platform-engine-1.9.1.jar
C:\Users\cbontoiu\.gradle\caches\modules-2\files-2.1\org.junit.platform\junit-platform-commons\1.9.1\3145f821b5cd10abcdc5f925baa5fffa6f1b628f\junit-platform-commons-1.9.1.jar
C:\Users\cbontoiu\.gradle\caches\modules-2\files-2.1\org.mockito\mockito-core\5.4.0\30bcbe79f7bd51b53debfc4c6014d0bea4935e37\mockito-core-5.4.0.jar
C:\Users\cbontoiu\.gradle\caches\modules-2\files-2.1\net.bytebuddy\byte-buddy\1.14.5\28a424c0c4f362568e904d992c239c996cf7adc7\byte-buddy-1.14.5.jar
C:\Users\cbontoiu\.gradle\caches\modules-2\files-2.1\net.bytebuddy\byte-buddy-agent\1.14.5\20f4e9b9d0ffb953657bfa4b92c0cceb27907d58\byte-buddy-agent-1.14.5.jar
C:\Users\cbontoiu\.gradle\caches\modules-2\files-2.1\org.objenesis\objenesis\3.3\1049c09f1de4331e8193e579448d0916d75b7631\objenesis-3.3.jar
C:\Users\cbontoiu\.gradle\caches\modules-2\files-2.1\org.opentest4j\opentest4j\1.2.0\28c11eb91f9b6d8e200631d46e20a7f407f2a046\opentest4j-1.2.0.jar
14:59:58.120 [INFO]  [Checking] Detected test framework: JUnit Jupiter 5.9.1
14:59:58.125 [INFO]  [Checking] Detected JUnit Jupiter version 5.9.1
14:59:58.129 [INFO]  [Checking] Detected JUnit Jupiter Params version 5.9.1
14:59:58.161 [INFO]  [Checking] Detected Mockito version 5.4.0
14:59:58.673 [INFO]  [Checking] Indexing...
14:59:59.020 [INFO]  [Checking] Selected test output directory: C:\Users\cbontoiu\Desktop\DiffblueTutorials\DemoCLI\extra\src\test\java
14:59:59.027 [INFO]  [Checking] Running: Using JAVA_HOME: C:\Program Files\Java\jdk-17 : in C:\Users\cbontoiu\Desktop\DiffblueTutorials\DemoCLI\extra : gradle test -i  DummyJupiterDiffblueTest
15:00:05.889 [INFO]  [Checking] Selected test framework: JUnit Jupiter
15:00:05.924 [INFO]  [Checking] Running: Using JAVA_HOME: C:\Program Files\Java\jdk-17 : in C:\Users\cbontoiu\Desktop\DiffblueTutorials\DemoCLI\extra : gradle test -i  DummyJUnitJupiterLauncherDiffblueTest
15:00:07.277 [INFO]  [Checking] Detected JVM architecture: 64-Bit
15:00:07.885 [INFO]  [Checking] Selected Java language compliance level: 17
15:00:07.886 [INFO]  [Checking] Selected test validation: enabled
15:00:07.889 [INFO]  [Checking] Prefixes for filtering classes/methods:
15:00:07.891 [INFO]  [Checking] - source
15:00:07.892 [INFO]  [Checking] Gathering methods to test...
15:00:08.552 [INFO]  [Reporting] 
15:00:08.552 [INFO]  [Reporting] Environment summary:
15:00:08.552 [INFO]  [Reporting] --------------------
15:00:08.554 [INFO]  [Reporting] Java version                  17.0.6                        SUCCESS        
15:00:08.555 [INFO]  [Reporting] Build system                  Gradle                        SUCCESS        
15:00:08.555 [INFO]  [Reporting] Mocking Framework             Mockito 5.4.0                 SUCCESS        
15:00:08.555 [INFO]  [Reporting] Testing framework             JUnit Jupiter 5               SUCCESS        
15:00:08.555 [INFO]  [Reporting] Launcher                      JUnit Jupiter                 SUCCESS        
15:00:08.555 [INFO]  [Reporting] Test validation               Enabled                       SUCCESS        
15:00:08.555 [INFO]  [Reporting] 
15:00:08.555 [INFO]  [Reporting] Environment check status: SUCCESS
15:00:08.587 [INFO]  [Creating] Found 2 callable methods in 1 class
15:00:08.589 [INFO]  [Creating] 
15:00:08.589 [INFO]  [Creating] Creating tests:
15:00:08.590 [INFO]  [Creating] ---------------
15:00:08.606 [INFO]  [Creating] 
================================================================================
= Starting analysis for class 'source.A'
================================================================================
15:00:08.607 [INFO]  [Creating] Filtering out non-testable methods...
15:00:10.184 [INFO]  [Creating] Filtering of methods complete. Creating analysis request
15:00:10.186 [INFO]  [Creating] Attempting to get service client, retry 1.
15:00:10.193 [INFO]  [Creating] Starting monitoring server.
15:00:10.353 [INFO]  [Creating] Monitoring server listening on localhost/127.0.0.1:58891
15:00:10.357 [INFO]  [Creating] Starting analyzer server process...
15:00:10.357 [INFO]  [Creating] Server command-line: C:\Program Files\Java\jdk-17\bin\java.exe -XX:+IgnoreUnrecognizedVMOptions -Djdk.attach.allowAttachSelf=true -ea -javaagent:C:\DiffblueCoverProduct\launcher-shared-jar.jar -Dlogback.configurationFile=C:\Users\cbontoiu\AppData\Local\Temp\diffblue\config\logback-remote-service.xml -Dcom.diffblue.springIsolationJar=C:\DiffblueCoverProduct\cover-isolation-layer.jar -Dcover.jar.path=C:\DiffblueCoverProduct\cover-service-analyzer.jar -Dcom.diffblue.assertionSuggestionJar=C:\DiffblueCoverProduct\cover-service-analyzer.jar -Dcover.main.class=com.diffblue.cover.service.analyzer.Main -jar C:\DiffblueCoverProduct\launcher-shared-jar.jar --service-lifespan 120 --monitoring-service-port 58891 --index-service-port 58891 --debug-log
15:00:10.366 [INFO]  [Creating] Server started. Waiting up to 300 seconds for a connection to be established...
15:00:11.273 [INFO]  [Creating] Starting new remote monitor client
15:00:12.048 [INFO]  [Creating] Attempting to start remote server.
15:00:12.340 [INFO]  [Creating] Server started, listening on localhost/127.0.0.1:58893
15:00:12.379 [INFO]  [Creating] Expect analyzer service to be listening on port 58893.
15:00:13.052 [INFO]  [Creating] Started analyzer service and client retrieved.
15:00:15.658 [INFO]  [Creating] 
================================================================================
= Creating tests for 'source.A.<init>:()V' using 'TrM (!sp, !fnm, df, !ris)'
================================================================================
15:00:17.552 [INFO]  [Creating]     [1/2] source.A.<init>
15:00:17.552 [INFO]  [Creating]     [1/2]   Tests created: 1
15:00:17.555 [INFO]  [Creating] 
================================================================================
= Creating tests for 'source.A.method:(D)I' using 'SiM (!sp, fnm, df, !ris)'
================================================================================
15:00:19.007 [INFO]  [Creating] Created 1+0 tests and partial tests via 'SiM (!sp, fnm, df, !ris)', 1/2, returning all 1
15:00:19.147 [INFO]  [Creating]     [2/2] source.A.method
15:00:19.147 [INFO]  [Creating]     [2/2]   Tests created: 1
15:00:19.156 [INFO]  [Creating] [1/1] source.A
15:00:19.157 [INFO]  [Creating] [1/1]   Tests created: 2
15:00:19.164 [INFO]  [Reporting] 
15:00:19.164 [INFO]  [Reporting] Summary:
15:00:19.166 [INFO]  [Reporting] --------
15:00:19.167 [INFO]  [Reporting] Total:                                               2 methods
15:00:19.168 [INFO]  [Reporting] 2 tests created for:                                 2 methods
15:00:19.169 [INFO]  [Reporting] 
15:00:19.328 [INFO]  [Validating] 
15:00:19.329 [INFO]  [Validating] Running validation command.
15:00:19.335 [INFO]  [Validating] Running: Using JAVA_HOME: C:\Program Files\Java\jdk-17 : in C:\Users\cbontoiu\Desktop\DiffblueTutorials\DemoCLI\extra : gradle test -i  
15:00:20.440 [INFO]  [Validating] Standard output of build tool (gradle)
15:00:20.441 [INFO]  [Validating] > The client will now receive all logging from the daemon (pid: 9376). The daemon log file: C:\Users\cbontoiu\.gradle\daemon\8.2\daemon-9376.out.log
15:00:20.441 [INFO]  [Validating] > Starting 3rd build in daemon [uptime: 19.253 secs, performance: 100%, GC rate: 0.00/s, heap usage: 0% of 3.9 GiB]
15:00:20.441 [INFO]  [Validating] > Closing daemon's stdin at end of input.
15:00:20.441 [INFO]  [Validating] > The daemon will no longer process any standard input.
15:00:20.441 [INFO]  [Validating] > Using 8 worker leases.
15:00:20.441 [INFO]  [Validating] > Now considering [C:\Users\cbontoiu\Desktop\DiffblueTutorials\DemoCLI] as hierarchies to watch
15:00:20.441 [INFO]  [Validating] > Watching the file system is configured to be enabled if available
15:00:20.441 [INFO]  [Validating] > File system watching is active
15:00:20.441 [INFO]  [Validating] > Starting Build
15:00:20.441 [INFO]  [Validating] > Settings evaluated using settings file 'C:\Users\cbontoiu\Desktop\DiffblueTutorials\DemoCLI\settings.gradle'.
15:00:20.441 [INFO]  [Validating] > Projects loaded. Root project using build file 'C:\Users\cbontoiu\Desktop\DiffblueTutorials\DemoCLI\build.gradle'.
15:00:20.441 [INFO]  [Validating] > Included projects: [root project 'DemoCLI', project ':app', project ':common', project ':extra']
15:00:20.441 [INFO]  [Validating] > 
15:00:20.441 [INFO]  [Validating] > > Configure project :
15:00:20.441 [INFO]  [Validating] > Evaluating root project 'DemoCLI' using build file 'C:\Users\cbontoiu\Desktop\DiffblueTutorials\DemoCLI\build.gradle'.
15:00:20.441 [INFO]  [Validating] > 
15:00:20.441 [INFO]  [Validating] > > Configure project :app
15:00:20.441 [INFO]  [Validating] > Evaluating project ':app' using build file 'C:\Users\cbontoiu\Desktop\DiffblueTutorials\DemoCLI\app\build.gradle'.
15:00:20.441 [INFO]  [Validating] > 
15:00:20.441 [INFO]  [Validating] > > Configure project :common
15:00:20.441 [INFO]  [Validating] > Evaluating project ':common' using build file 'C:\Users\cbontoiu\Desktop\DiffblueTutorials\DemoCLI\common\build.gradle'.
15:00:20.441 [INFO]  [Validating] > 
15:00:20.441 [INFO]  [Validating] > > Configure project :extra
15:00:20.441 [INFO]  [Validating] > Evaluating project ':extra' using build file 'C:\Users\cbontoiu\Desktop\DiffblueTutorials\DemoCLI\extra\build.gradle'.
15:00:20.441 [INFO]  [Validating] > All projects evaluated.
15:00:20.441 [INFO]  [Validating] > Task path ':extra:test' matched project ':extra'
15:00:20.441 [INFO]  [Validating] > Task name matched 'test'
15:00:20.442 [INFO]  [Validating] > Selected primary task 'test' from project :extra
15:00:20.442 [INFO]  [Validating] > The configuration :extra:mainSourceElements is both consumable and declarable. This combination is incorrect, only one of these flags should be set.
15:00:20.442 [INFO]  [Validating] > Tasks to be executed: [task ':extra:compileJava', task ':extra:processResources', task ':extra:classes', task ':extra:compileTestJava', task ':extra:processTestResources', task ':extra:testClasses', task ':extra:test']
15:00:20.442 [INFO]  [Validating] > Tasks that were excluded: []
15:00:20.442 [INFO]  [Validating] > Resolve mutations for :extra:compileJava (Thread[Execution worker,5,main]) started.
15:00:20.442 [INFO]  [Validating] > :extra:compileJava (Thread[Execution worker,5,main]) started.
15:00:20.442 [INFO]  [Validating] > 
15:00:20.442 [INFO]  [Validating] > > Task :extra:compileJava UP-TO-DATE
15:00:20.442 [INFO]  [Validating] > Caching disabled for task ':extra:compileJava' because:
15:00:20.442 [INFO]  [Validating] >   Build cache is disabled
15:00:20.442 [INFO]  [Validating] > Skipping task ':extra:compileJava' as it is up-to-date.
15:00:20.442 [INFO]  [Validating] > Resolve mutations for :extra:processResources (Thread[Execution worker,5,main]) started.
15:00:20.442 [INFO]  [Validating] > :extra:processResources (Thread[Execution worker,5,main]) started.
15:00:20.442 [INFO]  [Validating] > 
15:00:20.442 [INFO]  [Validating] > > Task :extra:processResources NO-SOURCE
15:00:20.442 [INFO]  [Validating] > Skipping task ':extra:processResources' as it has no source files and no previous output files.
15:00:20.442 [INFO]  [Validating] > Resolve mutations for :extra:classes (Thread[Execution worker,5,main]) started.
15:00:20.442 [INFO]  [Validating] > :extra:classes (Thread[Execution worker,5,main]) started.
15:00:20.442 [INFO]  [Validating] > 
15:00:20.442 [INFO]  [Validating] > > Task :extra:classes UP-TO-DATE
15:00:20.442 [INFO]  [Validating] > Skipping task ':extra:classes' as it has no actions.
15:00:20.442 [INFO]  [Validating] > Resolve mutations for :extra:compileTestJava (Thread[Execution worker,5,main]) started.
15:00:20.442 [INFO]  [Validating] > :extra:compileTestJava (Thread[Execution worker,5,main]) started.
15:00:20.442 [INFO]  [Validating] > 
15:00:20.442 [INFO]  [Validating] > > Task :extra:compileTestJava
15:00:20.442 [INFO]  [Validating] > Caching disabled for task ':extra:compileTestJava' because:
15:00:20.442 [INFO]  [Validating] >   Build cache is disabled
15:00:20.442 [INFO]  [Validating] > Task ':extra:compileTestJava' is not up-to-date because:
15:00:20.442 [INFO]  [Validating] >   Input property 'stableSources' file C:\Users\cbontoiu\Desktop\DiffblueTutorials\DemoCLI\extra\src\test\java\DummyJUnitJupiterLauncherDiffblueTest.java has been removed.
15:00:20.442 [INFO]  [Validating] >   Input property 'stableSources' file C:\Users\cbontoiu\Desktop\DiffblueTutorials\DemoCLI\extra\src\test\java\source\ADiffblueTest.java has been added.
15:00:20.442 [INFO]  [Validating] > Created classpath snapshot for incremental compilation in 0.003 secs.
15:00:20.442 [INFO]  [Validating] > Compiling with toolchain 'C:\Program Files\Java\jdk-17'.
15:00:20.442 [INFO]  [Validating] > Compiling with JDK Java compiler API.
15:00:20.442 [INFO]  [Validating] > Incremental compilation of 3 classes completed in 0.113 secs.
15:00:20.443 [INFO]  [Validating] > Class dependency analysis for incremental compilation took 0.006 secs.
15:00:20.443 [INFO]  [Validating] > Resolve mutations for :extra:processTestResources (Thread[Execution worker Thread 4,5,main]) started.
15:00:20.443 [INFO]  [Validating] > :extra:processTestResources (Thread[Execution worker Thread 4,5,main]) started.
15:00:20.443 [INFO]  [Validating] > 
15:00:20.443 [INFO]  [Validating] > > Task :extra:processTestResources NO-SOURCE
15:00:20.443 [INFO]  [Validating] > Skipping task ':extra:processTestResources' as it has no source files and no previous output files.
15:00:20.443 [INFO]  [Validating] > Resolve mutations for :extra:testClasses (Thread[Execution worker,5,main]) started.
15:00:20.443 [INFO]  [Validating] > :extra:testClasses (Thread[Execution worker,5,main]) started.
15:00:20.443 [INFO]  [Validating] > 
15:00:20.443 [INFO]  [Validating] > > Task :extra:testClasses
15:00:20.443 [INFO]  [Validating] > Skipping task ':extra:testClasses' as it has no actions.
15:00:20.443 [INFO]  [Validating] > Resolve mutations for :extra:test (Thread[Execution worker,5,main]) started.
15:00:20.443 [INFO]  [Validating] > :extra:test (Thread[Execution worker,5,main]) started.
15:00:20.443 [INFO]  [Validating] > Gradle Test Executor 3 started executing tests.
15:00:20.443 [INFO]  [Validating] > Gradle Test Executor 3 finished executing tests.
15:00:20.443 [INFO]  [Validating] > 
15:00:20.443 [INFO]  [Validating] > > Task :extra:test
15:00:20.443 [INFO]  [Validating] > Caching disabled for task ':extra:test' because:
15:00:20.443 [INFO]  [Validating] >   Build cache is disabled
15:00:20.443 [INFO]  [Validating] > Task ':extra:test' is not up-to-date because:
15:00:20.443 [INFO]  [Validating] >   Value of input property 'filter.failOnNoMatchingTests' has changed for task ':extra:test'
15:00:20.443 [INFO]  [Validating] >   Value of input property 'filter.includePatterns' has changed for task ':extra:test'
15:00:20.443 [INFO]  [Validating] > Starting process 'Gradle Test Executor 3'. Working directory: C:\Users\cbontoiu\Desktop\DiffblueTutorials\DemoCLI\extra Command: C:\Program Files\Java\jdk-17\bin\java.exe -Dorg.gradle.internal.worker.tmpdir=C:\Users\cbontoiu\Desktop\DiffblueTutorials\DemoCLI\extra\build\tmp\test\work -Dorg.gradle.native=false @C:\Users\cbontoiu\.gradle\.tmp\gradle-worker-classpath17766426740049244186txt -Xmx512m -Dfile.encoding=windows-1252 -Duser.country=GB -Duser.language=en -Duser.variant -ea worker.org.gradle.process.internal.worker.GradleWorkerMain 'Gradle Test Executor 3'
15:00:20.443 [INFO]  [Validating] > Successfully started process 'Gradle Test Executor 3'
15:00:20.443 [INFO]  [Validating] > Finished generating test XML results (0.003 secs) into: C:\Users\cbontoiu\Desktop\DiffblueTutorials\DemoCLI\extra\build\test-results\test
15:00:20.443 [INFO]  [Validating] > Generating HTML test report...
15:00:20.443 [INFO]  [Validating] > Finished generating test html results (0.007 secs) into: C:\Users\cbontoiu\Desktop\DiffblueTutorials\DemoCLI\extra\build\reports\tests\test
15:00:20.443 [INFO]  [Validating] > 
15:00:20.443 [INFO]  [Validating] > Deprecated Gradle features were used in this build, making it incompatible with Gradle 9.0.
15:00:20.443 [INFO]  [Validating] > 
15:00:20.443 [INFO]  [Validating] > You can use '--warning-mode all' to show the individual deprecation warnings and determine if they come from your own scripts or plugins.
15:00:20.443 [INFO]  [Validating] > 
15:00:20.444 [INFO]  [Validating] > For more on this, please refer to https://docs.gradle.org/8.2/userguide/command_line_interface.html#sec:command_line_warnings in the Gradle documentation.
15:00:20.444 [INFO]  [Validating] > 
15:00:20.444 [INFO]  [Validating] > BUILD SUCCESSFUL in 1s
15:00:20.444 [INFO]  [Validating] > 3 actionable tasks: 2 executed, 1 up-to-date
15:00:20.444 [INFO]  [Validating] > Watched directory hierarchies: [C:\Users\cbontoiu\Desktop\DiffblueTutorials\DemoCLI]
15:00:20.444 [INFO]  [Validating] Standard error of build tool (gradle)
15:00:20.444 [INFO]  [Validating] > 
15:00:20.451 [INFO]  [Validating] All 2 created tests were successfully validated.
15:00:20.508 [INFO]  [Reporting] Writing JSON report to C:\Users\cbontoiu\Desktop\DiffblueTutorials\DemoCLI\extra\.diffblue\reports\report.json
15:00:20.540 [INFO]  [Reporting] Log file: C:\Users\cbontoiu\Desktop\DiffblueTutorials\DemoCLI\extra\.diffblue\log\user-20230917T145945.log
15:00:20.541 [INFO]  [Reporting] Finished in 34s
