22:01:28.239 [INFO]  [Preparing] Diffblue Cover 2023.09.01-9200f07-unrestricted
22:01:28.240 [INFO]  [Preparing] 
22:01:28.241 [INFO]  [Preparing] Running: dcover create --working-directory=extra source --keep-partial-tests
22:01:30.187 [INFO]  [Checking] Detecting environment:
22:01:30.188 [INFO]  [Checking] ----------------------
22:01:30.263 [INFO]  [Checking] Detected Java version 17.0.6
22:01:32.672 [INFO]  [Checking] Detected build system: Gradle 8.2
22:01:32.676 [INFO]  [Checking] Operating System: Windows 11 amd64 10.0
22:01:32.676 [INFO]  [Checking] Default charset: windows-1252
22:01:32.678 [INFO]  [Checking] Default locale: en_GB
22:01:32.678 [INFO]  [Checking] Default time zone: Europe/London
22:01:32.680 [INFO]  [Checking] Selected build system: Gradle
22:01:32.683 [INFO]  [Checking] Selected classpath from build system Gradle
22:01:32.684 [INFO]  [Checking] Expanded classpath: 
C:\Users\cbontoiu\Desktop\DiffblueTutorials\DemoCLI\extra\build\classes\java\test
C:\Users\cbontoiu\Desktop\DiffblueTutorials\DemoCLI\extra\build\classes\java\main (code under test)
C:\Users\cbontoiu\Desktop\DiffblueTutorials\DemoCLI\extra\build\resources\test
C:\Users\cbontoiu\Desktop\DiffblueTutorials\DemoCLI\extra\build\resources\main
C:\Users\cbontoiu\.gradle\caches\modules-2\files-2.1\org.junit.jupiter\junit-jupiter\5.9.1\9274d3757e224bc02eae367bd481062a263c150b\junit-jupiter-5.9.1.jar
C:\Users\cbontoiu\.gradle\caches\modules-2\files-2.1\org.junit.jupiter\junit-jupiter-params\5.9.1\ffcd1013edaeee112be11fcddeb38882d79238de\junit-jupiter-params-5.9.1.jar
C:\Users\cbontoiu\.gradle\caches\modules-2\files-2.1\org.junit.jupiter\junit-jupiter-engine\5.9.1\1bf771097bde296c3ab174861954e8aafaaf2e94\junit-jupiter-engine-5.9.1.jar
C:\Users\cbontoiu\.gradle\caches\modules-2\files-2.1\org.junit.jupiter\junit-jupiter-api\5.9.1\7bb53fbc0173e9f6a9d21d58297af94b1f2f9ce1\junit-jupiter-api-5.9.1.jar
C:\Users\cbontoiu\.gradle\caches\modules-2\files-2.1\org.junit.platform\junit-platform-engine\1.9.1\83591e5089d6cea5f324aa3ecca9b19d5a275803\junit-platform-engine-1.9.1.jar
C:\Users\cbontoiu\.gradle\caches\modules-2\files-2.1\org.junit.platform\junit-platform-commons\1.9.1\3145f821b5cd10abcdc5f925baa5fffa6f1b628f\junit-platform-commons-1.9.1.jar
C:\Users\cbontoiu\.gradle\caches\modules-2\files-2.1\org.mockito\mockito-core\5.4.0\30bcbe79f7bd51b53debfc4c6014d0bea4935e37\mockito-core-5.4.0.jar
C:\Users\cbontoiu\.gradle\caches\modules-2\files-2.1\net.bytebuddy\byte-buddy\1.14.5\28a424c0c4f362568e904d992c239c996cf7adc7\byte-buddy-1.14.5.jar
C:\Users\cbontoiu\.gradle\caches\modules-2\files-2.1\net.bytebuddy\byte-buddy-agent\1.14.5\20f4e9b9d0ffb953657bfa4b92c0cceb27907d58\byte-buddy-agent-1.14.5.jar
C:\Users\cbontoiu\.gradle\caches\modules-2\files-2.1\org.objenesis\objenesis\3.3\1049c09f1de4331e8193e579448d0916d75b7631\objenesis-3.3.jar
C:\Users\cbontoiu\.gradle\caches\modules-2\files-2.1\org.opentest4j\opentest4j\1.2.0\28c11eb91f9b6d8e200631d46e20a7f407f2a046\opentest4j-1.2.0.jar
22:01:32.810 [INFO]  [Checking] Detected test framework: JUnit Jupiter 5.9.1
22:01:32.815 [INFO]  [Checking] Detected JUnit Jupiter version 5.9.1
22:01:32.819 [INFO]  [Checking] Detected JUnit Jupiter Params version 5.9.1
22:01:32.852 [INFO]  [Checking] Detected Mockito version 5.4.0
22:01:33.350 [INFO]  [Checking] Indexing...
22:01:33.682 [INFO]  [Checking] Selected test output directory: C:\Users\cbontoiu\Desktop\DiffblueTutorials\DemoCLI\extra\src\test\java
22:01:33.689 [INFO]  [Checking] Running: Using JAVA_HOME: C:\Program Files\Java\jdk-17 : in C:\Users\cbontoiu\Desktop\DiffblueTutorials\DemoCLI\extra : gradle test -i  DummyJupiterDiffblueTest
22:01:35.083 [INFO]  [Checking] Selected test framework: JUnit Jupiter
22:01:35.118 [INFO]  [Checking] Running: Using JAVA_HOME: C:\Program Files\Java\jdk-17 : in C:\Users\cbontoiu\Desktop\DiffblueTutorials\DemoCLI\extra : gradle test -i  DummyJUnitJupiterLauncherDiffblueTest
22:01:36.294 [INFO]  [Checking] Detected JVM architecture: 64-Bit
22:01:36.948 [INFO]  [Checking] Selected Java language compliance level: 17
22:01:36.949 [INFO]  [Checking] Selected test validation: enabled
22:01:36.953 [INFO]  [Checking] Prefixes for filtering classes/methods:
22:01:36.955 [INFO]  [Checking] - source
22:01:36.956 [INFO]  [Checking] Gathering methods to test...
22:01:37.620 [INFO]  [Reporting] 
22:01:37.620 [INFO]  [Reporting] Environment summary:
22:01:37.621 [INFO]  [Reporting] --------------------
22:01:37.623 [INFO]  [Reporting] Java version                  17.0.6                        SUCCESS        
22:01:37.623 [INFO]  [Reporting] Build system                  Gradle                        SUCCESS        
22:01:37.623 [INFO]  [Reporting] Mocking Framework             Mockito 5.4.0                 SUCCESS        
22:01:37.623 [INFO]  [Reporting] Testing framework             JUnit Jupiter 5               SUCCESS        
22:01:37.623 [INFO]  [Reporting] Launcher                      JUnit Jupiter                 SUCCESS        
22:01:37.623 [INFO]  [Reporting] Test validation               Enabled                       SUCCESS        
22:01:37.624 [INFO]  [Reporting] 
22:01:37.624 [INFO]  [Reporting] Environment check status: SUCCESS
22:01:37.658 [INFO]  [Creating] Found 6 callable methods in 3 classes
22:01:37.659 [INFO]  [Creating] 
22:01:37.660 [INFO]  [Creating] Creating tests:
22:01:37.661 [INFO]  [Creating] ---------------
22:01:37.681 [INFO]  [Creating] 
================================================================================
= Starting analysis for class 'source.A'
================================================================================
22:01:37.681 [INFO]  [Creating] Filtering out non-testable methods...
22:01:39.194 [INFO]  [Creating] Filtering of methods complete. Creating analysis request
22:01:39.195 [INFO]  [Creating] Attempting to get service client, retry 1.
22:01:39.202 [INFO]  [Creating] Starting monitoring server.
22:01:39.398 [INFO]  [Creating] Monitoring server listening on localhost/127.0.0.1:55075
22:01:39.401 [INFO]  [Creating] Starting analyzer server process...
22:01:39.402 [INFO]  [Creating] Server command-line: C:\Program Files\Java\jdk-17\bin\java.exe -XX:+IgnoreUnrecognizedVMOptions -Djdk.attach.allowAttachSelf=true -ea -javaagent:C:\DiffblueCoverProduct\launcher-shared-jar.jar -Dlogback.configurationFile=C:\Users\cbontoiu\AppData\Local\Temp\diffblue\config\logback-remote-service.xml -Dcom.diffblue.springIsolationJar=C:\DiffblueCoverProduct\cover-isolation-layer.jar -Dcover.jar.path=C:\DiffblueCoverProduct\cover-service-analyzer.jar -Dcom.diffblue.assertionSuggestionJar=C:\DiffblueCoverProduct\cover-service-analyzer.jar -Dcover.main.class=com.diffblue.cover.service.analyzer.Main -jar C:\DiffblueCoverProduct\launcher-shared-jar.jar --service-lifespan 120 --monitoring-service-port 55075 --index-service-port 55075 --debug-log
22:01:39.413 [INFO]  [Creating] Server started. Waiting up to 300 seconds for a connection to be established...
22:01:40.258 [INFO]  [Creating] Starting new remote monitor client
22:01:40.928 [INFO]  [Creating] Attempting to start remote server.
22:01:41.188 [INFO]  [Creating] Server started, listening on localhost/127.0.0.1:55077
22:01:41.431 [INFO]  [Creating] Expect analyzer service to be listening on port 55077.
22:01:42.128 [INFO]  [Creating] Started analyzer service and client retrieved.
22:01:44.683 [INFO]  [Creating] 
================================================================================
= Creating tests for 'source.A.<init>:()V' using 'TrM (!sp, !fnm, df, !ris)'
================================================================================
22:01:46.613 [INFO]  [Creating]     [1/6] source.A.<init>
22:01:46.613 [INFO]  [Creating]     [1/6]   Tests created: 1
22:01:46.617 [INFO]  [Creating] 
================================================================================
= Creating tests for 'source.A.method:(D)I' using 'SiM (!sp, fnm, df, !ris)'
================================================================================
22:01:48.182 [INFO]  [Creating] Created 1+0 tests and partial tests via 'SiM (!sp, fnm, df, !ris)', 1/2, returning all 1
22:01:48.320 [INFO]  [Creating]     [2/6] source.A.method
22:01:48.320 [INFO]  [Creating]     [2/6]   Tests created: 1
22:01:48.327 [INFO]  [Creating] [1/3] source.A
22:01:48.327 [INFO]  [Creating] [1/3]   Tests created: 2
22:01:48.328 [INFO]  [Creating] 
================================================================================
= Starting analysis for class 'source.B'
================================================================================
22:01:48.328 [INFO]  [Creating] Filtering out non-testable methods...
22:01:48.328 [INFO]  [Creating] Filtering of methods complete. Creating analysis request
22:01:48.328 [INFO]  [Creating] Attempting to get service client, retry 1.
22:01:48.369 [INFO]  [Creating] 
================================================================================
= Creating tests for 'source.B.<init>:()V' using 'TrM (!sp, !fnm, df, !ris)'
================================================================================
22:01:48.490 [INFO]  [Creating]     [3/6] source.B.<init>
22:01:48.490 [INFO]  [Creating]     [3/6]   Tests created: 1
22:01:48.493 [INFO]  [Creating] 
================================================================================
= Creating tests for 'source.B.method:(D)I' using 'SiM (!sp, fnm, df, !ris)'
================================================================================
22:01:48.662 [INFO]  [Creating] Created 1+0 tests and partial tests via 'SiM (!sp, fnm, df, !ris)', 1/2, returning all 1
22:01:48.732 [INFO]  [Creating]     [4/6] source.B.method
22:01:48.732 [INFO]  [Creating]     [4/6]   Tests created: 1
22:01:48.737 [INFO]  [Creating] [2/3] source.B
22:01:48.738 [INFO]  [Creating] [2/3]   Tests created: 2
22:01:48.738 [INFO]  [Creating] 
================================================================================
= Starting analysis for class 'source.C'
================================================================================
22:01:48.738 [INFO]  [Creating] Filtering out non-testable methods...
22:01:48.738 [INFO]  [Creating] Filtering of methods complete. Creating analysis request
22:01:48.739 [INFO]  [Creating] Attempting to get service client, retry 1.
22:01:48.775 [INFO]  [Creating] 
================================================================================
= Creating tests for 'source.C.<init>:()V' using 'TrM (!sp, !fnm, df, !ris)'
================================================================================
22:01:48.903 [INFO]  [Creating]     [5/6] source.C.<init>
22:01:48.903 [INFO]  [Creating]     [5/6]   Tests created: 1
22:01:48.906 [INFO]  [Creating] 
================================================================================
= Creating tests for 'source.C.method:(D)I' using 'SiM (!sp, fnm, df, !ris)'
================================================================================
22:01:49.051 [INFO]  [Creating] Created 1+0 tests and partial tests via 'SiM (!sp, fnm, df, !ris)', 1/2, returning all 1
22:01:49.145 [INFO]  [Creating]     [6/6] source.C.method
22:01:49.145 [INFO]  [Creating]     [6/6]   Tests created: 1
22:01:49.151 [INFO]  [Creating] [3/3] source.C
22:01:49.152 [INFO]  [Creating] [3/3]   Tests created: 2
22:01:49.157 [INFO]  [Reporting] 
22:01:49.158 [INFO]  [Reporting] Summary:
22:01:49.159 [INFO]  [Reporting] --------
22:01:49.160 [INFO]  [Reporting] Total:                                               6 methods
22:01:49.160 [INFO]  [Reporting] 6 tests created for:                                 6 methods
22:01:49.161 [INFO]  [Reporting] 
22:01:49.303 [INFO]  [Validating] 
22:01:49.304 [INFO]  [Validating] Running validation command.
22:01:49.308 [INFO]  [Validating] Running: Using JAVA_HOME: C:\Program Files\Java\jdk-17 : in C:\Users\cbontoiu\Desktop\DiffblueTutorials\DemoCLI\extra : gradle test -i  
22:01:50.303 [INFO]  [Validating] Standard output of build tool (gradle)
22:01:50.303 [INFO]  [Validating] > The client will now receive all logging from the daemon (pid: 7736). The daemon log file: C:\Users\cbontoiu\.gradle\daemon\8.2\daemon-7736.out.log
22:01:50.303 [INFO]  [Validating] > Starting 10th build in daemon [uptime: 1 hrs 12 mins 50.783 secs, performance: 100%, GC rate: 0.00/s, heap usage: 0% of 3.9 GiB]
22:01:50.303 [INFO]  [Validating] > Closing daemon's stdin at end of input.
22:01:50.303 [INFO]  [Validating] > The daemon will no longer process any standard input.
22:01:50.303 [INFO]  [Validating] > Using 8 worker leases.
22:01:50.303 [INFO]  [Validating] > Now considering [C:\Users\cbontoiu\Desktop\DiffblueTutorials\DemoCLI] as hierarchies to watch
22:01:50.303 [INFO]  [Validating] > Watching the file system is configured to be enabled if available
22:01:50.303 [INFO]  [Validating] > File system watching is active
22:01:50.303 [INFO]  [Validating] > Starting Build
22:01:50.304 [INFO]  [Validating] > Settings evaluated using settings file 'C:\Users\cbontoiu\Desktop\DiffblueTutorials\DemoCLI\settings.gradle'.
22:01:50.304 [INFO]  [Validating] > Projects loaded. Root project using build file 'C:\Users\cbontoiu\Desktop\DiffblueTutorials\DemoCLI\build.gradle'.
22:01:50.304 [INFO]  [Validating] > Included projects: [root project 'DemoCLI', project ':app', project ':common', project ':extra']
22:01:50.304 [INFO]  [Validating] > 
22:01:50.304 [INFO]  [Validating] > > Configure project :
22:01:50.304 [INFO]  [Validating] > Evaluating root project 'DemoCLI' using build file 'C:\Users\cbontoiu\Desktop\DiffblueTutorials\DemoCLI\build.gradle'.
22:01:50.304 [INFO]  [Validating] > 
22:01:50.304 [INFO]  [Validating] > > Configure project :app
22:01:50.304 [INFO]  [Validating] > Evaluating project ':app' using build file 'C:\Users\cbontoiu\Desktop\DiffblueTutorials\DemoCLI\app\build.gradle'.
22:01:50.304 [INFO]  [Validating] > 
22:01:50.304 [INFO]  [Validating] > > Configure project :common
22:01:50.304 [INFO]  [Validating] > Evaluating project ':common' using build file 'C:\Users\cbontoiu\Desktop\DiffblueTutorials\DemoCLI\common\build.gradle'.
22:01:50.304 [INFO]  [Validating] > 
22:01:50.304 [INFO]  [Validating] > > Configure project :extra
22:01:50.304 [INFO]  [Validating] > Evaluating project ':extra' using build file 'C:\Users\cbontoiu\Desktop\DiffblueTutorials\DemoCLI\extra\build.gradle'.
22:01:50.304 [INFO]  [Validating] > All projects evaluated.
22:01:50.304 [INFO]  [Validating] > Task path ':extra:test' matched project ':extra'
22:01:50.304 [INFO]  [Validating] > Task name matched 'test'
22:01:50.304 [INFO]  [Validating] > Selected primary task 'test' from project :extra
22:01:50.304 [INFO]  [Validating] > The configuration :extra:mainSourceElements is both consumable and declarable. This combination is incorrect, only one of these flags should be set.
22:01:50.304 [INFO]  [Validating] > Tasks to be executed: [task ':extra:compileJava', task ':extra:processResources', task ':extra:classes', task ':extra:compileTestJava', task ':extra:processTestResources', task ':extra:testClasses', task ':extra:test']
22:01:50.304 [INFO]  [Validating] > Tasks that were excluded: []
22:01:50.304 [INFO]  [Validating] > Resolve mutations for :extra:compileJava (Thread[Execution worker,5,main]) started.
22:01:50.304 [INFO]  [Validating] > :extra:compileJava (Thread[Execution worker,5,main]) started.
22:01:50.304 [INFO]  [Validating] > 
22:01:50.304 [INFO]  [Validating] > > Task :extra:compileJava UP-TO-DATE
22:01:50.304 [INFO]  [Validating] > Caching disabled for task ':extra:compileJava' because:
22:01:50.304 [INFO]  [Validating] >   Build cache is disabled
22:01:50.304 [INFO]  [Validating] > Skipping task ':extra:compileJava' as it is up-to-date.
22:01:50.304 [INFO]  [Validating] > Resolve mutations for :extra:processResources (Thread[Execution worker,5,main]) started.
22:01:50.304 [INFO]  [Validating] > :extra:processResources (Thread[Execution worker,5,main]) started.
22:01:50.304 [INFO]  [Validating] > 
22:01:50.305 [INFO]  [Validating] > > Task :extra:processResources NO-SOURCE
22:01:50.305 [INFO]  [Validating] > Skipping task ':extra:processResources' as it has no source files and no previous output files.
22:01:50.305 [INFO]  [Validating] > Resolve mutations for :extra:classes (Thread[Execution worker,5,main]) started.
22:01:50.305 [INFO]  [Validating] > :extra:classes (Thread[Execution worker,5,main]) started.
22:01:50.305 [INFO]  [Validating] > 
22:01:50.305 [INFO]  [Validating] > > Task :extra:classes UP-TO-DATE
22:01:50.305 [INFO]  [Validating] > Skipping task ':extra:classes' as it has no actions.
22:01:50.305 [INFO]  [Validating] > Resolve mutations for :extra:compileTestJava (Thread[Execution worker,5,main]) started.
22:01:50.305 [INFO]  [Validating] > :extra:compileTestJava (Thread[Execution worker,5,main]) started.
22:01:50.305 [INFO]  [Validating] > 
22:01:50.305 [INFO]  [Validating] > > Task :extra:compileTestJava UP-TO-DATE
22:01:50.305 [INFO]  [Validating] > Caching disabled for task ':extra:compileTestJava' because:
22:01:50.305 [INFO]  [Validating] >   Build cache is disabled
22:01:50.305 [INFO]  [Validating] > Task ':extra:compileTestJava' is not up-to-date because:
22:01:50.305 [INFO]  [Validating] >   Input property 'stableSources' file C:\Users\cbontoiu\Desktop\DiffblueTutorials\DemoCLI\extra\src\test\java\DummyJUnitJupiterLauncherDiffblueTest.java has been removed.
22:01:50.305 [INFO]  [Validating] > Created classpath snapshot for incremental compilation in 0.001 secs.
22:01:50.305 [INFO]  [Validating] > None of the classes needs to be compiled! Analysis took 0.006 secs. 
22:01:50.305 [INFO]  [Validating] > Resolve mutations for :extra:processTestResources (Thread[Execution worker,5,main]) started.
22:01:50.305 [INFO]  [Validating] > :extra:processTestResources (Thread[Execution worker,5,main]) started.
22:01:50.305 [INFO]  [Validating] > 
22:01:50.305 [INFO]  [Validating] > > Task :extra:processTestResources NO-SOURCE
22:01:50.305 [INFO]  [Validating] > Skipping task ':extra:processTestResources' as it has no source files and no previous output files.
22:01:50.305 [INFO]  [Validating] > Resolve mutations for :extra:testClasses (Thread[Execution worker,5,main]) started.
22:01:50.305 [INFO]  [Validating] > :extra:testClasses (Thread[Execution worker,5,main]) started.
22:01:50.305 [INFO]  [Validating] > 
22:01:50.305 [INFO]  [Validating] > > Task :extra:testClasses UP-TO-DATE
22:01:50.305 [INFO]  [Validating] > Skipping task ':extra:testClasses' as it has no actions.
22:01:50.305 [INFO]  [Validating] > Resolve mutations for :extra:test (Thread[Execution worker,5,main]) started.
22:01:50.305 [INFO]  [Validating] > :extra:test (Thread[Execution worker,5,main]) started.
22:01:50.305 [INFO]  [Validating] > Gradle Test Executor 9 started executing tests.
22:01:50.305 [INFO]  [Validating] > Gradle Test Executor 9 finished executing tests.
22:01:50.305 [INFO]  [Validating] > 
22:01:50.305 [INFO]  [Validating] > > Task :extra:test
22:01:50.305 [INFO]  [Validating] > Caching disabled for task ':extra:test' because:
22:01:50.306 [INFO]  [Validating] >   Build cache is disabled
22:01:50.306 [INFO]  [Validating] > Task ':extra:test' is not up-to-date because:
22:01:50.306 [INFO]  [Validating] >   Value of input property 'filter.failOnNoMatchingTests' has changed for task ':extra:test'
22:01:50.306 [INFO]  [Validating] >   Value of input property 'filter.includePatterns' has changed for task ':extra:test'
22:01:50.306 [INFO]  [Validating] > Starting process 'Gradle Test Executor 9'. Working directory: C:\Users\cbontoiu\Desktop\DiffblueTutorials\DemoCLI\extra Command: C:\Program Files\Java\jdk-17\bin\java.exe -Dorg.gradle.internal.worker.tmpdir=C:\Users\cbontoiu\Desktop\DiffblueTutorials\DemoCLI\extra\build\tmp\test\work -Dorg.gradle.native=false @C:\Users\cbontoiu\.gradle\.tmp\gradle-worker-classpath17897907882260366742txt -Xmx512m -Dfile.encoding=windows-1252 -Duser.country=GB -Duser.language=en -Duser.variant -ea worker.org.gradle.process.internal.worker.GradleWorkerMain 'Gradle Test Executor 9'
22:01:50.306 [INFO]  [Validating] > Successfully started process 'Gradle Test Executor 9'
22:01:50.306 [INFO]  [Validating] > Finished generating test XML results (0.004 secs) into: C:\Users\cbontoiu\Desktop\DiffblueTutorials\DemoCLI\extra\build\test-results\test
22:01:50.306 [INFO]  [Validating] > Generating HTML test report...
22:01:50.306 [INFO]  [Validating] > Finished generating test html results (0.008 secs) into: C:\Users\cbontoiu\Desktop\DiffblueTutorials\DemoCLI\extra\build\reports\tests\test
22:01:50.306 [INFO]  [Validating] > 
22:01:50.306 [INFO]  [Validating] > Deprecated Gradle features were used in this build, making it incompatible with Gradle 9.0.
22:01:50.306 [INFO]  [Validating] > 
22:01:50.306 [INFO]  [Validating] > You can use '--warning-mode all' to show the individual deprecation warnings and determine if they come from your own scripts or plugins.
22:01:50.306 [INFO]  [Validating] > 
22:01:50.306 [INFO]  [Validating] > For more on this, please refer to https://docs.gradle.org/8.2/userguide/command_line_interface.html#sec:command_line_warnings in the Gradle documentation.
22:01:50.306 [INFO]  [Validating] > 
22:01:50.306 [INFO]  [Validating] > BUILD SUCCESSFUL in 949ms
22:01:50.306 [INFO]  [Validating] > 3 actionable tasks: 1 executed, 2 up-to-date
22:01:50.306 [INFO]  [Validating] > Watched directory hierarchies: [C:\Users\cbontoiu\Desktop\DiffblueTutorials\DemoCLI]
22:01:50.306 [INFO]  [Validating] Standard error of build tool (gradle)
22:01:50.306 [INFO]  [Validating] > 
22:01:50.315 [INFO]  [Validating] All 6 created tests were successfully validated.
22:01:50.388 [INFO]  [Reporting] Writing JSON report to C:\Users\cbontoiu\Desktop\DiffblueTutorials\DemoCLI\extra\.diffblue\reports\report.json
22:01:50.426 [INFO]  [Reporting] Log file: C:\Users\cbontoiu\Desktop\DiffblueTutorials\DemoCLI\extra\.diffblue\log\user-20230917T220127.log
22:01:50.427 [INFO]  [Reporting] Finished in 21s
