22:31:01.494 [INFO]  [Preparing] Diffblue Cover 2023.09.01-9200f07-unrestricted
22:31:01.495 [INFO]  [Preparing] 
22:31:01.495 [INFO]  [Preparing] Running: dcover create --working-directory=extra source --keep-partial-tests
22:31:03.423 [INFO]  [Checking] Detecting environment:
22:31:03.424 [INFO]  [Checking] ----------------------
22:31:03.502 [INFO]  [Checking] Detected Java version 17.0.6
22:31:05.795 [INFO]  [Checking] Detected build system: Gradle 8.2
22:31:05.799 [INFO]  [Checking] Operating System: Windows 11 amd64 10.0
22:31:05.799 [INFO]  [Checking] Default charset: windows-1252
22:31:05.802 [INFO]  [Checking] Default locale: en_GB
22:31:05.802 [INFO]  [Checking] Default time zone: Europe/London
22:31:05.804 [INFO]  [Checking] Selected build system: Gradle
22:31:05.808 [INFO]  [Checking] Selected classpath from build system Gradle
22:31:05.809 [INFO]  [Checking] Expanded classpath: 
C:\Users\cbontoiu\Desktop\DiffblueTutorials\DemoCLI\extra\build\classes\java\main (code under test)
C:\Users\cbontoiu\Desktop\DiffblueTutorials\DemoCLI\extra\build\resources\test
C:\Users\cbontoiu\Desktop\DiffblueTutorials\DemoCLI\extra\build\resources\main
C:\Users\cbontoiu\.gradle\caches\modules-2\files-2.1\org.junit.jupiter\junit-jupiter\5.9.1\9274d3757e224bc02eae367bd481062a263c150b\junit-jupiter-5.9.1.jar
C:\Users\cbontoiu\.gradle\caches\modules-2\files-2.1\org.junit.jupiter\junit-jupiter-params\5.9.1\ffcd1013edaeee112be11fcddeb38882d79238de\junit-jupiter-params-5.9.1.jar
C:\Users\cbontoiu\.gradle\caches\modules-2\files-2.1\org.junit.jupiter\junit-jupiter-engine\5.9.1\1bf771097bde296c3ab174861954e8aafaaf2e94\junit-jupiter-engine-5.9.1.jar
C:\Users\cbontoiu\.gradle\caches\modules-2\files-2.1\org.junit.jupiter\junit-jupiter-api\5.9.1\7bb53fbc0173e9f6a9d21d58297af94b1f2f9ce1\junit-jupiter-api-5.9.1.jar
C:\Users\cbontoiu\.gradle\caches\modules-2\files-2.1\org.junit.platform\junit-platform-engine\1.9.1\83591e5089d6cea5f324aa3ecca9b19d5a275803\junit-platform-engine-1.9.1.jar
C:\Users\cbontoiu\.gradle\caches\modules-2\files-2.1\org.junit.platform\junit-platform-commons\1.9.1\3145f821b5cd10abcdc5f925baa5fffa6f1b628f\junit-platform-commons-1.9.1.jar
C:\Users\cbontoiu\.gradle\caches\modules-2\files-2.1\org.mockito\mockito-core\5.4.0\30bcbe79f7bd51b53debfc4c6014d0bea4935e37\mockito-core-5.4.0.jar
C:\Users\cbontoiu\.gradle\caches\modules-2\files-2.1\net.bytebuddy\byte-buddy\1.14.5\28a424c0c4f362568e904d992c239c996cf7adc7\byte-buddy-1.14.5.jar
C:\Users\cbontoiu\.gradle\caches\modules-2\files-2.1\net.bytebuddy\byte-buddy-agent\1.14.5\20f4e9b9d0ffb953657bfa4b92c0cceb27907d58\byte-buddy-agent-1.14.5.jar
C:\Users\cbontoiu\.gradle\caches\modules-2\files-2.1\org.objenesis\objenesis\3.3\1049c09f1de4331e8193e579448d0916d75b7631\objenesis-3.3.jar
C:\Users\cbontoiu\.gradle\caches\modules-2\files-2.1\org.opentest4j\opentest4j\1.2.0\28c11eb91f9b6d8e200631d46e20a7f407f2a046\opentest4j-1.2.0.jar
22:31:05.938 [INFO]  [Checking] Detected test framework: JUnit Jupiter 5.9.1
22:31:05.944 [INFO]  [Checking] Detected JUnit Jupiter version 5.9.1
22:31:05.949 [INFO]  [Checking] Detected JUnit Jupiter Params version 5.9.1
22:31:05.978 [INFO]  [Checking] Detected Mockito version 5.4.0
22:31:06.468 [INFO]  [Checking] Indexing...
22:31:06.803 [INFO]  [Checking] Selected test output directory: C:\Users\cbontoiu\Desktop\DiffblueTutorials\DemoCLI\extra\src\test\java
22:31:06.813 [INFO]  [Checking] Running: Using JAVA_HOME: C:\Program Files\Java\jdk-17 : in C:\Users\cbontoiu\Desktop\DiffblueTutorials\DemoCLI\extra : gradle test -i  DummyJupiterDiffblueTest
22:31:08.431 [INFO]  [Checking] Selected test framework: JUnit Jupiter
22:31:08.459 [INFO]  [Checking] Running: Using JAVA_HOME: C:\Program Files\Java\jdk-17 : in C:\Users\cbontoiu\Desktop\DiffblueTutorials\DemoCLI\extra : gradle test -i  DummyJUnitJupiterLauncherDiffblueTest
22:31:09.560 [INFO]  [Checking] Detected JVM architecture: 64-Bit
22:31:10.217 [INFO]  [Checking] Selected Java language compliance level: 17
22:31:10.218 [INFO]  [Checking] Selected test validation: enabled
22:31:10.222 [INFO]  [Checking] Prefixes for filtering classes/methods:
22:31:10.224 [INFO]  [Checking] - source
22:31:10.226 [INFO]  [Checking] Gathering methods to test...
22:31:10.998 [INFO]  [Reporting] 
22:31:10.998 [INFO]  [Reporting] Environment summary:
22:31:10.998 [INFO]  [Reporting] --------------------
22:31:11.002 [INFO]  [Reporting] Java version                  17.0.6                        SUCCESS        
22:31:11.002 [INFO]  [Reporting] Build system                  Gradle                        SUCCESS        
22:31:11.002 [INFO]  [Reporting] Mocking Framework             Mockito 5.4.0                 SUCCESS        
22:31:11.002 [INFO]  [Reporting] Testing framework             JUnit Jupiter 5               SUCCESS        
22:31:11.002 [INFO]  [Reporting] Launcher                      JUnit Jupiter                 SUCCESS        
22:31:11.002 [INFO]  [Reporting] Test validation               Enabled                       SUCCESS        
22:31:11.002 [INFO]  [Reporting] 
22:31:11.003 [INFO]  [Reporting] Environment check status: SUCCESS
22:31:11.042 [INFO]  [Creating] Found 10 callable methods in 5 classes
22:31:11.043 [INFO]  [Creating] 
22:31:11.044 [INFO]  [Creating] Creating tests:
22:31:11.044 [INFO]  [Creating] ---------------
22:31:11.062 [INFO]  [Creating] 
================================================================================
= Starting analysis for class 'source.A'
================================================================================
22:31:11.062 [INFO]  [Creating] Filtering out non-testable methods...
22:31:11.066 [INFO]  [Creating] Filtering of methods complete. Creating analysis request
22:31:11.067 [INFO]  [Creating] Attempting to get service client, retry 1.
22:31:11.077 [INFO]  [Creating] Starting monitoring server.
22:31:11.266 [INFO]  [Creating] Monitoring server listening on localhost/127.0.0.1:55758
22:31:11.268 [INFO]  [Creating] Starting analyzer server process...
22:31:11.268 [INFO]  [Creating] Server command-line: C:\Program Files\Java\jdk-17\bin\java.exe -XX:+IgnoreUnrecognizedVMOptions -Djdk.attach.allowAttachSelf=true -ea -javaagent:C:\DiffblueCoverProduct\launcher-shared-jar.jar -Dlogback.configurationFile=C:\Users\cbontoiu\AppData\Local\Temp\diffblue\config\logback-remote-service.xml -Dcom.diffblue.springIsolationJar=C:\DiffblueCoverProduct\cover-isolation-layer.jar -Dcover.jar.path=C:\DiffblueCoverProduct\cover-service-analyzer.jar -Dcom.diffblue.assertionSuggestionJar=C:\DiffblueCoverProduct\cover-service-analyzer.jar -Dcover.main.class=com.diffblue.cover.service.analyzer.Main -jar C:\DiffblueCoverProduct\launcher-shared-jar.jar --service-lifespan 120 --monitoring-service-port 55758 --index-service-port 55758 --debug-log
22:31:11.278 [INFO]  [Creating] Server started. Waiting up to 300 seconds for a connection to be established...
22:31:12.137 [INFO]  [Creating] Starting new remote monitor client
22:31:12.829 [INFO]  [Creating] Attempting to start remote server.
22:31:13.085 [INFO]  [Creating] Server started, listening on localhost/127.0.0.1:55760
22:31:13.296 [INFO]  [Creating] Expect analyzer service to be listening on port 55760.
22:31:13.913 [INFO]  [Creating] Started analyzer service and client retrieved.
22:31:16.543 [INFO]  [Creating] 
================================================================================
= Creating tests for 'source.A.<init>:()V' using 'TrM (!sp, !fnm, df, !ris)'
================================================================================
22:31:19.959 [INFO]  [Creating]      [1/10] source.A.<init>
22:31:19.959 [INFO]  [Creating]      [1/10]   Tests created: 1
22:31:19.962 [INFO]  [Creating] 
================================================================================
= Creating tests for 'source.A.method:(D)I' using 'SiM (!sp, fnm, df, !ris)'
================================================================================
22:31:21.735 [INFO]  [Creating] Created 1+0 tests and partial tests via 'SiM (!sp, fnm, df, !ris)', 1/2, returning all 1
22:31:21.843 [INFO]  [Creating]      [2/10] source.A.method
22:31:21.843 [INFO]  [Creating]      [2/10]   Tests created: 1
22:31:21.851 [INFO]  [Creating] [1/5] source.A
22:31:21.852 [INFO]  [Creating] [1/5]   Tests created: 2
22:31:21.852 [INFO]  [Creating] 
================================================================================
= Starting analysis for class 'source.B'
================================================================================
22:31:21.852 [INFO]  [Creating] Filtering out non-testable methods...
22:31:21.852 [INFO]  [Creating] Filtering of methods complete. Creating analysis request
22:31:21.852 [INFO]  [Creating] Attempting to get service client, retry 1.
22:31:21.895 [INFO]  [Creating] 
================================================================================
= Creating tests for 'source.B.<init>:()V' using 'TrM (!sp, !fnm, df, !ris)'
================================================================================
22:31:22.015 [INFO]  [Creating]      [3/10] source.B.<init>
22:31:22.015 [INFO]  [Creating]      [3/10]   Tests created: 1
22:31:22.017 [INFO]  [Creating] 
================================================================================
= Creating tests for 'source.B.method:(D)I' using 'SiM (!sp, fnm, df, !ris)'
================================================================================
22:31:22.223 [INFO]  [Creating] Created 1+0 tests and partial tests via 'SiM (!sp, fnm, df, !ris)', 1/2, returning all 1
22:31:22.301 [INFO]  [Creating]      [4/10] source.B.method
22:31:22.301 [INFO]  [Creating]      [4/10]   Tests created: 1
22:31:22.306 [INFO]  [Creating] [2/5] source.B
22:31:22.307 [INFO]  [Creating] [2/5]   Tests created: 2
22:31:22.307 [INFO]  [Creating] 
================================================================================
= Starting analysis for class 'source.C'
================================================================================
22:31:22.307 [INFO]  [Creating] Filtering out non-testable methods...
22:31:22.308 [INFO]  [Creating] Filtering of methods complete. Creating analysis request
22:31:22.308 [INFO]  [Creating] Attempting to get service client, retry 1.
22:31:22.342 [INFO]  [Creating] 
================================================================================
= Creating tests for 'source.C.<init>:()V' using 'TrM (!sp, !fnm, df, !ris)'
================================================================================
22:31:22.452 [INFO]  [Creating]      [5/10] source.C.<init>
22:31:22.452 [INFO]  [Creating]      [5/10]   Tests created: 1
22:31:22.454 [INFO]  [Creating] 
================================================================================
= Creating tests for 'source.C.method:(D)I' using 'SiM (!sp, fnm, df, !ris)'
================================================================================
22:31:22.601 [INFO]  [Creating] Created 1+0 tests and partial tests via 'SiM (!sp, fnm, df, !ris)', 1/2, returning all 1
22:31:22.677 [INFO]  [Creating]      [6/10] source.C.method
22:31:22.677 [INFO]  [Creating]      [6/10]   Tests created: 1
22:31:22.682 [INFO]  [Creating] [3/5] source.C
22:31:22.683 [INFO]  [Creating] [3/5]   Tests created: 2
22:31:22.684 [INFO]  [Creating] 
================================================================================
= Starting analysis for class 'source.D'
================================================================================
22:31:22.684 [INFO]  [Creating] Filtering out non-testable methods...
22:31:22.684 [INFO]  [Creating] Filtering of methods complete. Creating analysis request
22:31:22.684 [INFO]  [Creating] Attempting to get service client, retry 1.
22:31:22.721 [INFO]  [Creating] 
================================================================================
= Creating tests for 'source.D.<init>:()V' using 'TrM (!sp, !fnm, df, !ris)'
================================================================================
22:31:22.828 [INFO]  [Creating]      [7/10] source.D.<init>
22:31:22.828 [INFO]  [Creating]      [7/10]   Tests created: 1
22:31:22.831 [INFO]  [Creating] 
================================================================================
= Creating tests for 'source.D.method:(D)I' using 'SiM (!sp, fnm, df, !ris)'
================================================================================
22:31:22.976 [INFO]  [Creating] Created 1+0 tests and partial tests via 'SiM (!sp, fnm, df, !ris)', 1/2, returning all 1
22:31:23.045 [INFO]  [Creating]      [8/10] source.D.method
22:31:23.045 [INFO]  [Creating]      [8/10]   Tests created: 1
22:31:23.050 [INFO]  [Creating] [4/5] source.D
22:31:23.051 [INFO]  [Creating] [4/5]   Tests created: 2
22:31:23.052 [INFO]  [Creating] 
================================================================================
= Starting analysis for class 'source.E'
================================================================================
22:31:23.052 [INFO]  [Creating] Filtering out non-testable methods...
22:31:23.052 [INFO]  [Creating] Filtering of methods complete. Creating analysis request
22:31:23.052 [INFO]  [Creating] Attempting to get service client, retry 1.
22:31:23.086 [INFO]  [Creating] 
================================================================================
= Creating tests for 'source.E.<init>:()V' using 'TrM (!sp, !fnm, df, !ris)'
================================================================================
22:31:23.195 [INFO]  [Creating]      [9/10] source.E.<init>
22:31:23.195 [INFO]  [Creating]      [9/10]   Tests created: 1
22:31:23.197 [INFO]  [Creating] 
================================================================================
= Creating tests for 'source.E.method:(D)I' using 'SiM (!sp, fnm, df, !ris)'
================================================================================
22:31:23.278 [INFO]  [Creating] Created 1+0 tests and partial tests via 'SiM (!sp, fnm, df, !ris)', 1/2, returning all 1
22:31:23.347 [INFO]  [Creating]     [10/10] source.E.method
22:31:23.348 [INFO]  [Creating]     [10/10]   Tests created: 1
22:31:23.352 [INFO]  [Creating] [5/5] source.E
22:31:23.353 [INFO]  [Creating] [5/5]   Tests created: 2
22:31:23.358 [INFO]  [Reporting] 
22:31:23.359 [INFO]  [Reporting] Summary:
22:31:23.359 [INFO]  [Reporting] --------
22:31:23.360 [INFO]  [Reporting] Total:                                              10 methods
22:31:23.360 [INFO]  [Reporting] 10 tests created for:                               10 methods
22:31:23.361 [INFO]  [Reporting] 
22:31:23.502 [INFO]  [Validating] 
22:31:23.503 [INFO]  [Validating] Running validation command.
22:31:23.507 [INFO]  [Validating] Running: Using JAVA_HOME: C:\Program Files\Java\jdk-17 : in C:\Users\cbontoiu\Desktop\DiffblueTutorials\DemoCLI\extra : gradle test -i  
22:31:24.577 [INFO]  [Validating] Standard output of build tool (gradle)
22:31:24.578 [INFO]  [Validating] > The client will now receive all logging from the daemon (pid: 7736). The daemon log file: C:\Users\cbontoiu\.gradle\daemon\8.2\daemon-7736.out.log
22:31:24.578 [INFO]  [Validating] > Starting 25th build in daemon [uptime: 1 hrs 42 mins 24.979 secs, performance: 100%, GC rate: 0.00/s, heap usage: 0% of 3.9 GiB]
22:31:24.578 [INFO]  [Validating] > Closing daemon's stdin at end of input.
22:31:24.578 [INFO]  [Validating] > The daemon will no longer process any standard input.
22:31:24.578 [INFO]  [Validating] > Using 8 worker leases.
22:31:24.578 [INFO]  [Validating] > Now considering [C:\Users\cbontoiu\Desktop\DiffblueTutorials\DemoCLI] as hierarchies to watch
22:31:24.578 [INFO]  [Validating] > Watching the file system is configured to be enabled if available
22:31:24.578 [INFO]  [Validating] > File system watching is active
22:31:24.578 [INFO]  [Validating] > Starting Build
22:31:24.578 [INFO]  [Validating] > Settings evaluated using settings file 'C:\Users\cbontoiu\Desktop\DiffblueTutorials\DemoCLI\settings.gradle'.
22:31:24.578 [INFO]  [Validating] > Projects loaded. Root project using build file 'C:\Users\cbontoiu\Desktop\DiffblueTutorials\DemoCLI\build.gradle'.
22:31:24.578 [INFO]  [Validating] > Included projects: [root project 'DemoCLI', project ':app', project ':common', project ':extra']
22:31:24.578 [INFO]  [Validating] > 
22:31:24.578 [INFO]  [Validating] > > Configure project :
22:31:24.578 [INFO]  [Validating] > Evaluating root project 'DemoCLI' using build file 'C:\Users\cbontoiu\Desktop\DiffblueTutorials\DemoCLI\build.gradle'.
22:31:24.578 [INFO]  [Validating] > 
22:31:24.578 [INFO]  [Validating] > > Configure project :app
22:31:24.578 [INFO]  [Validating] > Evaluating project ':app' using build file 'C:\Users\cbontoiu\Desktop\DiffblueTutorials\DemoCLI\app\build.gradle'.
22:31:24.578 [INFO]  [Validating] > 
22:31:24.579 [INFO]  [Validating] > > Configure project :common
22:31:24.579 [INFO]  [Validating] > Evaluating project ':common' using build file 'C:\Users\cbontoiu\Desktop\DiffblueTutorials\DemoCLI\common\build.gradle'.
22:31:24.579 [INFO]  [Validating] > 
22:31:24.579 [INFO]  [Validating] > > Configure project :extra
22:31:24.579 [INFO]  [Validating] > Evaluating project ':extra' using build file 'C:\Users\cbontoiu\Desktop\DiffblueTutorials\DemoCLI\extra\build.gradle'.
22:31:24.579 [INFO]  [Validating] > All projects evaluated.
22:31:24.579 [INFO]  [Validating] > Task path ':extra:test' matched project ':extra'
22:31:24.579 [INFO]  [Validating] > Task name matched 'test'
22:31:24.579 [INFO]  [Validating] > Selected primary task 'test' from project :extra
22:31:24.579 [INFO]  [Validating] > The configuration :extra:mainSourceElements is both consumable and declarable. This combination is incorrect, only one of these flags should be set.
22:31:24.579 [INFO]  [Validating] > Tasks to be executed: [task ':extra:compileJava', task ':extra:processResources', task ':extra:classes', task ':extra:compileTestJava', task ':extra:processTestResources', task ':extra:testClasses', task ':extra:test']
22:31:24.579 [INFO]  [Validating] > Tasks that were excluded: []
22:31:24.579 [INFO]  [Validating] > Resolve mutations for :extra:compileJava (Thread[Execution worker,5,main]) started.
22:31:24.579 [INFO]  [Validating] > :extra:compileJava (Thread[Execution worker,5,main]) started.
22:31:24.579 [INFO]  [Validating] > 
22:31:24.579 [INFO]  [Validating] > > Task :extra:compileJava UP-TO-DATE
22:31:24.579 [INFO]  [Validating] > Caching disabled for task ':extra:compileJava' because:
22:31:24.579 [INFO]  [Validating] >   Build cache is disabled
22:31:24.579 [INFO]  [Validating] > Skipping task ':extra:compileJava' as it is up-to-date.
22:31:24.579 [INFO]  [Validating] > Resolve mutations for :extra:processResources (Thread[Execution worker,5,main]) started.
22:31:24.579 [INFO]  [Validating] > :extra:processResources (Thread[Execution worker,5,main]) started.
22:31:24.579 [INFO]  [Validating] > 
22:31:24.579 [INFO]  [Validating] > > Task :extra:processResources NO-SOURCE
22:31:24.579 [INFO]  [Validating] > Skipping task ':extra:processResources' as it has no source files and no previous output files.
22:31:24.579 [INFO]  [Validating] > Resolve mutations for :extra:classes (Thread[Execution worker,5,main]) started.
22:31:24.579 [INFO]  [Validating] > :extra:classes (Thread[Execution worker,5,main]) started.
22:31:24.579 [INFO]  [Validating] > 
22:31:24.579 [INFO]  [Validating] > > Task :extra:classes UP-TO-DATE
22:31:24.579 [INFO]  [Validating] > Skipping task ':extra:classes' as it has no actions.
22:31:24.579 [INFO]  [Validating] > Resolve mutations for :extra:compileTestJava (Thread[Execution worker,5,main]) started.
22:31:24.579 [INFO]  [Validating] > :extra:compileTestJava (Thread[Execution worker,5,main]) started.
22:31:24.579 [INFO]  [Validating] > 
22:31:24.579 [INFO]  [Validating] > > Task :extra:compileTestJava
22:31:24.579 [INFO]  [Validating] > Caching disabled for task ':extra:compileTestJava' because:
22:31:24.580 [INFO]  [Validating] >   Build cache is disabled
22:31:24.580 [INFO]  [Validating] > Task ':extra:compileTestJava' is not up-to-date because:
22:31:24.580 [INFO]  [Validating] >   Input property 'stableSources' file C:\Users\cbontoiu\Desktop\DiffblueTutorials\DemoCLI\extra\src\test\java\DummyJUnitJupiterLauncherDiffblueTest.java has been removed.
22:31:24.580 [INFO]  [Validating] >   Input property 'stableSources' file C:\Users\cbontoiu\Desktop\DiffblueTutorials\DemoCLI\extra\src\test\java\source\EDiffblueTest.java has changed.
22:31:24.580 [INFO]  [Validating] > Created classpath snapshot for incremental compilation in 0.001 secs.
22:31:24.580 [INFO]  [Validating] > Compiling with toolchain 'C:\Program Files\Java\jdk-17'.
22:31:24.580 [INFO]  [Validating] > Compiling with JDK Java compiler API.
22:31:24.580 [INFO]  [Validating] > Incremental compilation of 3 classes completed in 0.094 secs.
22:31:24.580 [INFO]  [Validating] > Class dependency analysis for incremental compilation took 0.003 secs.
22:31:24.580 [INFO]  [Validating] > Resolve mutations for :extra:processTestResources (Thread[Execution worker,5,main]) started.
22:31:24.580 [INFO]  [Validating] > :extra:processTestResources (Thread[Execution worker,5,main]) started.
22:31:24.580 [INFO]  [Validating] > 
22:31:24.580 [INFO]  [Validating] > > Task :extra:processTestResources NO-SOURCE
22:31:24.580 [INFO]  [Validating] > Skipping task ':extra:processTestResources' as it has no source files and no previous output files.
22:31:24.580 [INFO]  [Validating] > Resolve mutations for :extra:testClasses (Thread[Execution worker,5,main]) started.
22:31:24.580 [INFO]  [Validating] > :extra:testClasses (Thread[Execution worker,5,main]) started.
22:31:24.580 [INFO]  [Validating] > 
22:31:24.580 [INFO]  [Validating] > > Task :extra:testClasses
22:31:24.580 [INFO]  [Validating] > Skipping task ':extra:testClasses' as it has no actions.
22:31:24.580 [INFO]  [Validating] > Resolve mutations for :extra:test (Thread[Execution worker,5,main]) started.
22:31:24.580 [INFO]  [Validating] > :extra:test (Thread[Execution worker,5,main]) started.
22:31:24.580 [INFO]  [Validating] > Gradle Test Executor 24 started executing tests.
22:31:24.580 [INFO]  [Validating] > Gradle Test Executor 24 finished executing tests.
22:31:24.580 [INFO]  [Validating] > 
22:31:24.580 [INFO]  [Validating] > > Task :extra:test
22:31:24.580 [INFO]  [Validating] > Caching disabled for task ':extra:test' because:
22:31:24.580 [INFO]  [Validating] >   Build cache is disabled
22:31:24.580 [INFO]  [Validating] > Task ':extra:test' is not up-to-date because:
22:31:24.580 [INFO]  [Validating] >   Value of input property 'filter.failOnNoMatchingTests' has changed for task ':extra:test'
22:31:24.580 [INFO]  [Validating] >   Value of input property 'filter.includePatterns' has changed for task ':extra:test'
22:31:24.580 [INFO]  [Validating] > Starting process 'Gradle Test Executor 24'. Working directory: C:\Users\cbontoiu\Desktop\DiffblueTutorials\DemoCLI\extra Command: C:\Program Files\Java\jdk-17\bin\java.exe -Dorg.gradle.internal.worker.tmpdir=C:\Users\cbontoiu\Desktop\DiffblueTutorials\DemoCLI\extra\build\tmp\test\work -Dorg.gradle.native=false @C:\Users\cbontoiu\.gradle\.tmp\gradle-worker-classpath6722898724013726221txt -Xmx512m -Dfile.encoding=windows-1252 -Duser.country=GB -Duser.language=en -Duser.variant -ea worker.org.gradle.process.internal.worker.GradleWorkerMain 'Gradle Test Executor 24'
22:31:24.580 [INFO]  [Validating] > Successfully started process 'Gradle Test Executor 24'
22:31:24.580 [INFO]  [Validating] > Finished generating test XML results (0.006 secs) into: C:\Users\cbontoiu\Desktop\DiffblueTutorials\DemoCLI\extra\build\test-results\test
22:31:24.580 [INFO]  [Validating] > Generating HTML test report...
22:31:24.580 [INFO]  [Validating] > Finished generating test html results (0.011 secs) into: C:\Users\cbontoiu\Desktop\DiffblueTutorials\DemoCLI\extra\build\reports\tests\test
22:31:24.580 [INFO]  [Validating] > 
22:31:24.581 [INFO]  [Validating] > Deprecated Gradle features were used in this build, making it incompatible with Gradle 9.0.
22:31:24.581 [INFO]  [Validating] > 
22:31:24.581 [INFO]  [Validating] > You can use '--warning-mode all' to show the individual deprecation warnings and determine if they come from your own scripts or plugins.
22:31:24.581 [INFO]  [Validating] > 
22:31:24.581 [INFO]  [Validating] > For more on this, please refer to https://docs.gradle.org/8.2/userguide/command_line_interface.html#sec:command_line_warnings in the Gradle documentation.
22:31:24.581 [INFO]  [Validating] > 
22:31:24.581 [INFO]  [Validating] > BUILD SUCCESSFUL in 1s
22:31:24.581 [INFO]  [Validating] > 3 actionable tasks: 2 executed, 1 up-to-date
22:31:24.581 [INFO]  [Validating] > Watched directory hierarchies: [C:\Users\cbontoiu\Desktop\DiffblueTutorials\DemoCLI]
22:31:24.581 [INFO]  [Validating] Standard error of build tool (gradle)
22:31:24.581 [INFO]  [Validating] > 
22:31:24.591 [INFO]  [Validating] All 10 created tests were successfully validated.
22:31:24.663 [INFO]  [Reporting] Writing JSON report to C:\Users\cbontoiu\Desktop\DiffblueTutorials\DemoCLI\extra\.diffblue\reports\report.json
22:31:24.699 [INFO]  [Reporting] Log file: C:\Users\cbontoiu\Desktop\DiffblueTutorials\DemoCLI\extra\.diffblue\log\user-20230917T223101.log
22:31:24.700 [INFO]  [Reporting] Finished in 22s
