22:57:23.822 [INFO]  [Preparing] Diffblue Cover 2023.09.01-9200f07-unrestricted
22:57:23.823 [INFO]  [Preparing] 
22:57:23.824 [INFO]  [Preparing] Running: dcover create --working-directory=extra source --keep-partial-tests
22:57:25.765 [INFO]  [Checking] Detecting environment:
22:57:25.766 [INFO]  [Checking] ----------------------
22:57:25.845 [INFO]  [Checking] Detected Java version 17.0.6
22:57:28.164 [INFO]  [Checking] Detected build system: Gradle 8.2
22:57:28.168 [INFO]  [Checking] Operating System: Windows 11 amd64 10.0
22:57:28.169 [INFO]  [Checking] Default charset: windows-1252
22:57:28.171 [INFO]  [Checking] Default locale: en_GB
22:57:28.171 [INFO]  [Checking] Default time zone: Europe/London
22:57:28.173 [INFO]  [Checking] Selected build system: Gradle
22:57:28.176 [INFO]  [Checking] Selected classpath from build system Gradle
22:57:28.178 [INFO]  [Checking] Expanded classpath: 
C:\Users\cbontoiu\Desktop\DiffblueTutorials\DemoCLI\extra\build\classes\java\test
C:\Users\cbontoiu\Desktop\DiffblueTutorials\DemoCLI\extra\build\classes\java\main (code under test)
C:\Users\cbontoiu\Desktop\DiffblueTutorials\DemoCLI\extra\build\resources\test
C:\Users\cbontoiu\Desktop\DiffblueTutorials\DemoCLI\extra\build\resources\main
C:\Users\cbontoiu\.gradle\caches\modules-2\files-2.1\org.junit.jupiter\junit-jupiter\5.9.1\9274d3757e224bc02eae367bd481062a263c150b\junit-jupiter-5.9.1.jar
C:\Users\cbontoiu\.gradle\caches\modules-2\files-2.1\org.junit.jupiter\junit-jupiter-params\5.9.1\ffcd1013edaeee112be11fcddeb38882d79238de\junit-jupiter-params-5.9.1.jar
C:\Users\cbontoiu\.gradle\caches\modules-2\files-2.1\org.junit.jupiter\junit-jupiter-engine\5.9.1\1bf771097bde296c3ab174861954e8aafaaf2e94\junit-jupiter-engine-5.9.1.jar
C:\Users\cbontoiu\.gradle\caches\modules-2\files-2.1\org.junit.jupiter\junit-jupiter-api\5.9.1\7bb53fbc0173e9f6a9d21d58297af94b1f2f9ce1\junit-jupiter-api-5.9.1.jar
C:\Users\cbontoiu\.gradle\caches\modules-2\files-2.1\org.junit.platform\junit-platform-engine\1.9.1\83591e5089d6cea5f324aa3ecca9b19d5a275803\junit-platform-engine-1.9.1.jar
C:\Users\cbontoiu\.gradle\caches\modules-2\files-2.1\org.junit.platform\junit-platform-commons\1.9.1\3145f821b5cd10abcdc5f925baa5fffa6f1b628f\junit-platform-commons-1.9.1.jar
C:\Users\cbontoiu\.gradle\caches\modules-2\files-2.1\org.mockito\mockito-core\5.4.0\30bcbe79f7bd51b53debfc4c6014d0bea4935e37\mockito-core-5.4.0.jar
C:\Users\cbontoiu\.gradle\caches\modules-2\files-2.1\net.bytebuddy\byte-buddy\1.14.5\28a424c0c4f362568e904d992c239c996cf7adc7\byte-buddy-1.14.5.jar
C:\Users\cbontoiu\.gradle\caches\modules-2\files-2.1\net.bytebuddy\byte-buddy-agent\1.14.5\20f4e9b9d0ffb953657bfa4b92c0cceb27907d58\byte-buddy-agent-1.14.5.jar
C:\Users\cbontoiu\.gradle\caches\modules-2\files-2.1\org.objenesis\objenesis\3.3\1049c09f1de4331e8193e579448d0916d75b7631\objenesis-3.3.jar
C:\Users\cbontoiu\.gradle\caches\modules-2\files-2.1\org.opentest4j\opentest4j\1.2.0\28c11eb91f9b6d8e200631d46e20a7f407f2a046\opentest4j-1.2.0.jar
22:57:28.300 [INFO]  [Checking] Detected test framework: JUnit Jupiter 5.9.1
22:57:28.305 [INFO]  [Checking] Detected JUnit Jupiter version 5.9.1
22:57:28.310 [INFO]  [Checking] Detected JUnit Jupiter Params version 5.9.1
22:57:28.341 [INFO]  [Checking] Detected Mockito version 5.4.0
22:57:28.832 [INFO]  [Checking] Indexing...
22:57:29.167 [INFO]  [Checking] Selected test output directory: C:\Users\cbontoiu\Desktop\DiffblueTutorials\DemoCLI\extra\src\test\java
22:57:29.176 [INFO]  [Checking] Running: Using JAVA_HOME: C:\Program Files\Java\jdk-17 : in C:\Users\cbontoiu\Desktop\DiffblueTutorials\DemoCLI\extra : gradle test -i  DummyJupiterDiffblueTest
22:57:30.740 [INFO]  [Checking] Selected test framework: JUnit Jupiter
22:57:30.775 [INFO]  [Checking] Running: Using JAVA_HOME: C:\Program Files\Java\jdk-17 : in C:\Users\cbontoiu\Desktop\DiffblueTutorials\DemoCLI\extra : gradle test -i  DummyJUnitJupiterLauncherDiffblueTest
22:57:31.876 [INFO]  [Checking] Detected JVM architecture: 64-Bit
22:57:32.508 [INFO]  [Checking] Selected Java language compliance level: 17
22:57:32.509 [INFO]  [Checking] Selected test validation: enabled
22:57:32.512 [INFO]  [Checking] Prefixes for filtering classes/methods:
22:57:32.514 [INFO]  [Checking] - source
22:57:32.515 [INFO]  [Checking] Gathering methods to test...
22:57:33.155 [INFO]  [Reporting] 
22:57:33.155 [INFO]  [Reporting] Environment summary:
22:57:33.155 [INFO]  [Reporting] --------------------
22:57:33.157 [INFO]  [Reporting] Java version                  17.0.6                        SUCCESS        
22:57:33.158 [INFO]  [Reporting] Build system                  Gradle                        SUCCESS        
22:57:33.158 [INFO]  [Reporting] Mocking Framework             Mockito 5.4.0                 SUCCESS        
22:57:33.158 [INFO]  [Reporting] Testing framework             JUnit Jupiter 5               SUCCESS        
22:57:33.158 [INFO]  [Reporting] Launcher                      JUnit Jupiter                 SUCCESS        
22:57:33.158 [INFO]  [Reporting] Test validation               Enabled                       SUCCESS        
22:57:33.158 [INFO]  [Reporting] 
22:57:33.158 [INFO]  [Reporting] Environment check status: SUCCESS
22:57:33.200 [INFO]  [Creating] Found 14 callable methods in 7 classes
22:57:33.202 [INFO]  [Creating] 
22:57:33.202 [INFO]  [Creating] Creating tests:
22:57:33.203 [INFO]  [Creating] ---------------
22:57:33.268 [INFO]  [Creating] 
================================================================================
= Starting analysis for class 'source.A'
================================================================================
22:57:33.270 [INFO]  [Creating] Filtering out non-testable methods...
22:57:34.895 [INFO]  [Creating] Filtering of methods complete. Creating analysis request
22:57:34.896 [INFO]  [Creating] Attempting to get service client, retry 1.
22:57:34.906 [INFO]  [Creating] Starting monitoring server.
22:57:35.100 [INFO]  [Creating] Monitoring server listening on localhost/127.0.0.1:56641
22:57:35.103 [INFO]  [Creating] Starting analyzer server process...
22:57:35.103 [INFO]  [Creating] Server command-line: C:\Program Files\Java\jdk-17\bin\java.exe -XX:+IgnoreUnrecognizedVMOptions -Djdk.attach.allowAttachSelf=true -ea -javaagent:C:\DiffblueCoverProduct\launcher-shared-jar.jar -Dlogback.configurationFile=C:\Users\cbontoiu\AppData\Local\Temp\diffblue\config\logback-remote-service.xml -Dcom.diffblue.springIsolationJar=C:\DiffblueCoverProduct\cover-isolation-layer.jar -Dcover.jar.path=C:\DiffblueCoverProduct\cover-service-analyzer.jar -Dcom.diffblue.assertionSuggestionJar=C:\DiffblueCoverProduct\cover-service-analyzer.jar -Dcover.main.class=com.diffblue.cover.service.analyzer.Main -jar C:\DiffblueCoverProduct\launcher-shared-jar.jar --service-lifespan 120 --monitoring-service-port 56641 --index-service-port 56641 --debug-log
22:57:35.113 [INFO]  [Creating] Server started. Waiting up to 300 seconds for a connection to be established...
22:57:35.996 [INFO]  [Creating] Starting new remote monitor client
22:57:36.869 [INFO]  [Creating] Attempting to start remote server.
22:57:37.269 [INFO]  [Creating] Server started, listening on localhost/127.0.0.1:56643
22:57:38.144 [INFO]  [Creating] Expect analyzer service to be listening on port 56643.
22:57:38.800 [INFO]  [Creating] Started analyzer service and client retrieved.
22:57:41.406 [INFO]  [Creating] 
================================================================================
= Creating tests for 'source.A.<init>:()V' using 'TrM (!sp, !fnm, df, !ris)'
================================================================================
22:57:43.315 [INFO]  [Creating]      [1/14] source.A.<init>
22:57:43.315 [INFO]  [Creating]      [1/14]   Tests created: 1
22:57:43.318 [INFO]  [Creating] 
================================================================================
= Creating tests for 'source.A.method:(D)I' using 'SiM (!sp, fnm, df, !ris)'
================================================================================
22:57:45.052 [INFO]  [Creating] Created 1+0 tests and partial tests via 'SiM (!sp, fnm, df, !ris)', 1/2, returning all 1
22:57:45.158 [INFO]  [Creating]      [2/14] source.A.method
22:57:45.158 [INFO]  [Creating]      [2/14]   Tests created: 1
22:57:45.166 [INFO]  [Creating] [1/7] source.A
22:57:45.167 [INFO]  [Creating] [1/7]   Tests created: 2
22:57:45.168 [INFO]  [Creating] 
================================================================================
= Starting analysis for class 'source.B'
================================================================================
22:57:45.168 [INFO]  [Creating] Filtering out non-testable methods...
22:57:45.168 [INFO]  [Creating] Filtering of methods complete. Creating analysis request
22:57:45.168 [INFO]  [Creating] Attempting to get service client, retry 1.
22:57:45.213 [INFO]  [Creating] 
================================================================================
= Creating tests for 'source.B.<init>:()V' using 'TrM (!sp, !fnm, df, !ris)'
================================================================================
22:57:45.337 [INFO]  [Creating]      [3/14] source.B.<init>
22:57:45.338 [INFO]  [Creating]      [3/14]   Tests created: 1
22:57:45.350 [INFO]  [Creating] 
================================================================================
= Creating tests for 'source.B.method:(D)I' using 'SiM (!sp, fnm, df, !ris)'
================================================================================
22:57:45.627 [INFO]  [Creating] Created 1+0 tests and partial tests via 'SiM (!sp, fnm, df, !ris)', 1/2, returning all 1
22:57:45.698 [INFO]  [Creating]      [4/14] source.B.method
22:57:45.698 [INFO]  [Creating]      [4/14]   Tests created: 1
22:57:45.703 [INFO]  [Creating] [2/7] source.B
22:57:45.704 [INFO]  [Creating] [2/7]   Tests created: 2
22:57:45.704 [INFO]  [Creating] 
================================================================================
= Starting analysis for class 'source.C'
================================================================================
22:57:45.704 [INFO]  [Creating] Filtering out non-testable methods...
22:57:45.705 [INFO]  [Creating] Filtering of methods complete. Creating analysis request
22:57:45.705 [INFO]  [Creating] Attempting to get service client, retry 1.
22:57:45.742 [INFO]  [Creating] 
================================================================================
= Creating tests for 'source.C.<init>:()V' using 'TrM (!sp, !fnm, df, !ris)'
================================================================================
22:57:45.845 [INFO]  [Creating]      [5/14] source.C.<init>
22:57:45.845 [INFO]  [Creating]      [5/14]   Tests created: 1
22:57:45.848 [INFO]  [Creating] 
================================================================================
= Creating tests for 'source.C.method:(D)I' using 'SiM (!sp, fnm, df, !ris)'
================================================================================
22:57:46.075 [INFO]  [Creating] Created 1+0 tests and partial tests via 'SiM (!sp, fnm, df, !ris)', 1/2, returning all 1
22:57:46.156 [INFO]  [Creating]      [6/14] source.C.method
22:57:46.156 [INFO]  [Creating]      [6/14]   Tests created: 1
22:57:46.166 [INFO]  [Creating] [3/7] source.C
22:57:46.167 [INFO]  [Creating] [3/7]   Tests created: 2
22:57:46.167 [INFO]  [Creating] 
================================================================================
= Starting analysis for class 'source.D'
================================================================================
22:57:46.167 [INFO]  [Creating] Filtering out non-testable methods...
22:57:46.168 [INFO]  [Creating] Filtering of methods complete. Creating analysis request
22:57:46.168 [INFO]  [Creating] Attempting to get service client, retry 1.
22:57:46.206 [INFO]  [Creating] 
================================================================================
= Creating tests for 'source.D.<init>:()V' using 'TrM (!sp, !fnm, df, !ris)'
================================================================================
22:57:46.313 [INFO]  [Creating]      [7/14] source.D.<init>
22:57:46.313 [INFO]  [Creating]      [7/14]   Tests created: 1
22:57:46.315 [INFO]  [Creating] 
================================================================================
= Creating tests for 'source.D.method:(D)I' using 'SiM (!sp, fnm, df, !ris)'
================================================================================
22:57:46.465 [INFO]  [Creating] Created 1+0 tests and partial tests via 'SiM (!sp, fnm, df, !ris)', 1/2, returning all 1
22:57:46.530 [INFO]  [Creating]      [8/14] source.D.method
22:57:46.530 [INFO]  [Creating]      [8/14]   Tests created: 1
22:57:46.537 [INFO]  [Creating] [4/7] source.D
22:57:46.538 [INFO]  [Creating] [4/7]   Tests created: 2
22:57:46.539 [INFO]  [Creating] 
================================================================================
= Starting analysis for class 'source.E'
================================================================================
22:57:46.540 [INFO]  [Creating] Filtering out non-testable methods...
22:57:46.540 [INFO]  [Creating] Filtering of methods complete. Creating analysis request
22:57:46.540 [INFO]  [Creating] Attempting to get service client, retry 1.
22:57:46.578 [INFO]  [Creating] 
================================================================================
= Creating tests for 'source.E.<init>:()V' using 'TrM (!sp, !fnm, df, !ris)'
================================================================================
22:57:46.707 [INFO]  [Creating]      [9/14] source.E.<init>
22:57:46.707 [INFO]  [Creating]      [9/14]   Tests created: 1
22:57:46.709 [INFO]  [Creating] 
================================================================================
= Creating tests for 'source.E.method:(D)I' using 'SiM (!sp, fnm, df, !ris)'
================================================================================
22:57:46.827 [INFO]  [Creating] Created 1+0 tests and partial tests via 'SiM (!sp, fnm, df, !ris)', 1/2, returning all 1
22:57:46.893 [INFO]  [Creating]     [10/14] source.E.method
22:57:46.893 [INFO]  [Creating]     [10/14]   Tests created: 1
22:57:46.898 [INFO]  [Creating] [5/7] source.E
22:57:46.900 [INFO]  [Creating] [5/7]   Tests created: 2
22:57:46.902 [INFO]  [Creating] 
================================================================================
= Starting analysis for class 'source.F'
================================================================================
22:57:46.902 [INFO]  [Creating] Filtering out non-testable methods...
22:57:46.902 [INFO]  [Creating] Filtering of methods complete. Creating analysis request
22:57:46.902 [INFO]  [Creating] Attempting to get service client, retry 1.
22:57:46.938 [INFO]  [Creating] 
================================================================================
= Creating tests for 'source.F.<init>:()V' using 'TrM (!sp, !fnm, df, !ris)'
================================================================================
22:57:47.043 [INFO]  [Creating]     [11/14] source.F.<init>
22:57:47.043 [INFO]  [Creating]     [11/14]   Tests created: 1
22:57:47.045 [INFO]  [Creating] 
================================================================================
= Creating tests for 'source.F.method:(D)I' using 'SiM (!sp, fnm, df, !ris)'
================================================================================
22:57:47.156 [INFO]  [Creating] Created 1+0 tests and partial tests via 'SiM (!sp, fnm, df, !ris)', 1/2, returning all 1
22:57:47.231 [INFO]  [Creating]     [12/14] source.F.method
22:57:47.231 [INFO]  [Creating]     [12/14]   Tests created: 1
22:57:47.236 [INFO]  [Creating] [6/7] source.F
22:57:47.237 [INFO]  [Creating] [6/7]   Tests created: 2
22:57:47.239 [INFO]  [Creating] 
================================================================================
= Starting analysis for class 'source.G'
================================================================================
22:57:47.239 [INFO]  [Creating] Filtering out non-testable methods...
22:57:47.239 [INFO]  [Creating] Filtering of methods complete. Creating analysis request
22:57:47.239 [INFO]  [Creating] Attempting to get service client, retry 1.
22:57:47.279 [INFO]  [Creating] 
================================================================================
= Creating tests for 'source.G.<init>:()V' using 'TrM (!sp, !fnm, df, !ris)'
================================================================================
22:57:47.392 [INFO]  [Creating]     [13/14] source.G.<init>
22:57:47.392 [INFO]  [Creating]     [13/14]   Tests created: 1
22:57:47.394 [INFO]  [Creating] 
================================================================================
= Creating tests for 'source.G.method:(D)I' using 'SiM (!sp, fnm, df, !ris)'
================================================================================
22:57:47.483 [INFO]  [Creating] Created 1+0 tests and partial tests via 'SiM (!sp, fnm, df, !ris)', 1/2, returning all 1
22:57:47.556 [INFO]  [Creating]     [14/14] source.G.method
22:57:47.556 [INFO]  [Creating]     [14/14]   Tests created: 1
22:57:47.561 [INFO]  [Creating] [7/7] source.G
22:57:47.563 [INFO]  [Creating] [7/7]   Tests created: 2
22:57:47.567 [INFO]  [Reporting] 
22:57:47.568 [INFO]  [Reporting] Summary:
22:57:47.569 [INFO]  [Reporting] --------
22:57:47.569 [INFO]  [Reporting] Total:                                              14 methods
22:57:47.570 [INFO]  [Reporting] 14 tests created for:                               14 methods
22:57:47.570 [INFO]  [Reporting] 
22:57:47.714 [INFO]  [Validating] 
22:57:47.715 [INFO]  [Validating] Running validation command.
22:57:47.720 [INFO]  [Validating] Running: Using JAVA_HOME: C:\Program Files\Java\jdk-17 : in C:\Users\cbontoiu\Desktop\DiffblueTutorials\DemoCLI\extra : gradle test -i  
22:57:48.897 [INFO]  [Validating] Standard output of build tool (gradle)
22:57:48.898 [INFO]  [Validating] > The client will now receive all logging from the daemon (pid: 7736). The daemon log file: C:\Users\cbontoiu\.gradle\daemon\8.2\daemon-7736.out.log
22:57:48.898 [INFO]  [Validating] > Starting 39th build in daemon [uptime: 2 hrs 8 mins 49.191 secs, performance: 100%, GC rate: 0.00/s, heap usage: 0% of 3.9 GiB]
22:57:48.898 [INFO]  [Validating] > Closing daemon's stdin at end of input.
22:57:48.898 [INFO]  [Validating] > The daemon will no longer process any standard input.
22:57:48.898 [INFO]  [Validating] > Using 8 worker leases.
22:57:48.898 [INFO]  [Validating] > Now considering [C:\Users\cbontoiu\Desktop\DiffblueTutorials\DemoCLI] as hierarchies to watch
22:57:48.898 [INFO]  [Validating] > Watching the file system is configured to be enabled if available
22:57:48.898 [INFO]  [Validating] > File system watching is active
22:57:48.898 [INFO]  [Validating] > Starting Build
22:57:48.898 [INFO]  [Validating] > Settings evaluated using settings file 'C:\Users\cbontoiu\Desktop\DiffblueTutorials\DemoCLI\settings.gradle'.
22:57:48.898 [INFO]  [Validating] > Projects loaded. Root project using build file 'C:\Users\cbontoiu\Desktop\DiffblueTutorials\DemoCLI\build.gradle'.
22:57:48.898 [INFO]  [Validating] > Included projects: [root project 'DemoCLI', project ':app', project ':common', project ':extra']
22:57:48.898 [INFO]  [Validating] > 
22:57:48.898 [INFO]  [Validating] > > Configure project :
22:57:48.898 [INFO]  [Validating] > Evaluating root project 'DemoCLI' using build file 'C:\Users\cbontoiu\Desktop\DiffblueTutorials\DemoCLI\build.gradle'.
22:57:48.898 [INFO]  [Validating] > 
22:57:48.898 [INFO]  [Validating] > > Configure project :app
22:57:48.898 [INFO]  [Validating] > Evaluating project ':app' using build file 'C:\Users\cbontoiu\Desktop\DiffblueTutorials\DemoCLI\app\build.gradle'.
22:57:48.898 [INFO]  [Validating] > 
22:57:48.898 [INFO]  [Validating] > > Configure project :common
22:57:48.898 [INFO]  [Validating] > Evaluating project ':common' using build file 'C:\Users\cbontoiu\Desktop\DiffblueTutorials\DemoCLI\common\build.gradle'.
22:57:48.898 [INFO]  [Validating] > 
22:57:48.898 [INFO]  [Validating] > > Configure project :extra
22:57:48.898 [INFO]  [Validating] > Evaluating project ':extra' using build file 'C:\Users\cbontoiu\Desktop\DiffblueTutorials\DemoCLI\extra\build.gradle'.
22:57:48.898 [INFO]  [Validating] > All projects evaluated.
22:57:48.899 [INFO]  [Validating] > Task path ':extra:test' matched project ':extra'
22:57:48.899 [INFO]  [Validating] > Task name matched 'test'
22:57:48.899 [INFO]  [Validating] > Selected primary task 'test' from project :extra
22:57:48.899 [INFO]  [Validating] > The configuration :extra:mainSourceElements is both consumable and declarable. This combination is incorrect, only one of these flags should be set.
22:57:48.899 [INFO]  [Validating] > Tasks to be executed: [task ':extra:compileJava', task ':extra:processResources', task ':extra:classes', task ':extra:compileTestJava', task ':extra:processTestResources', task ':extra:testClasses', task ':extra:test']
22:57:48.899 [INFO]  [Validating] > Tasks that were excluded: []
22:57:48.899 [INFO]  [Validating] > Resolve mutations for :extra:compileJava (Thread[Execution worker,5,main]) started.
22:57:48.899 [INFO]  [Validating] > :extra:compileJava (Thread[Execution worker Thread 5,5,main]) started.
22:57:48.899 [INFO]  [Validating] > 
22:57:48.899 [INFO]  [Validating] > > Task :extra:compileJava UP-TO-DATE
22:57:48.899 [INFO]  [Validating] > Caching disabled for task ':extra:compileJava' because:
22:57:48.899 [INFO]  [Validating] >   Build cache is disabled
22:57:48.899 [INFO]  [Validating] > Skipping task ':extra:compileJava' as it is up-to-date.
22:57:48.899 [INFO]  [Validating] > Resolve mutations for :extra:processResources (Thread[Execution worker Thread 5,5,main]) started.
22:57:48.899 [INFO]  [Validating] > :extra:processResources (Thread[Execution worker Thread 5,5,main]) started.
22:57:48.899 [INFO]  [Validating] > 
22:57:48.899 [INFO]  [Validating] > > Task :extra:processResources NO-SOURCE
22:57:48.899 [INFO]  [Validating] > Skipping task ':extra:processResources' as it has no source files and no previous output files.
22:57:48.899 [INFO]  [Validating] > Resolve mutations for :extra:classes (Thread[Execution worker Thread 5,5,main]) started.
22:57:48.899 [INFO]  [Validating] > :extra:classes (Thread[Execution worker Thread 5,5,main]) started.
22:57:48.899 [INFO]  [Validating] > 
22:57:48.899 [INFO]  [Validating] > > Task :extra:classes UP-TO-DATE
22:57:48.899 [INFO]  [Validating] > Skipping task ':extra:classes' as it has no actions.
22:57:48.899 [INFO]  [Validating] > Resolve mutations for :extra:compileTestJava (Thread[Execution worker Thread 5,5,main]) started.
22:57:48.899 [INFO]  [Validating] > :extra:compileTestJava (Thread[Execution worker Thread 5,5,main]) started.
22:57:48.899 [INFO]  [Validating] > 
22:57:48.899 [INFO]  [Validating] > > Task :extra:compileTestJava
22:57:48.899 [INFO]  [Validating] > Caching disabled for task ':extra:compileTestJava' because:
22:57:48.899 [INFO]  [Validating] >   Build cache is disabled
22:57:48.899 [INFO]  [Validating] > Task ':extra:compileTestJava' is not up-to-date because:
22:57:48.899 [INFO]  [Validating] >   Input property 'stableSources' file C:\Users\cbontoiu\Desktop\DiffblueTutorials\DemoCLI\extra\src\test\java\DummyJUnitJupiterLauncherDiffblueTest.java has been removed.
22:57:48.899 [INFO]  [Validating] >   Input property 'stableSources' file C:\Users\cbontoiu\Desktop\DiffblueTutorials\DemoCLI\extra\src\test\java\source\ADiffblueTest.java has changed.
22:57:48.899 [INFO]  [Validating] >   Input property 'stableSources' file C:\Users\cbontoiu\Desktop\DiffblueTutorials\DemoCLI\extra\src\test\java\source\BDiffblueTest.java has changed.
22:57:48.899 [INFO]  [Validating] > Created classpath snapshot for incremental compilation in 0.002 secs.
22:57:48.899 [INFO]  [Validating] > Compiling with toolchain 'C:\Program Files\Java\jdk-17'.
22:57:48.900 [INFO]  [Validating] > Compiling with JDK Java compiler API.
22:57:48.900 [INFO]  [Validating] > Incremental compilation of 9 classes completed in 0.128 secs.
22:57:48.900 [INFO]  [Validating] > Class dependency analysis for incremental compilation took 0.021 secs.
22:57:48.900 [INFO]  [Validating] > Resolve mutations for :extra:processTestResources (Thread[Execution worker Thread 5,5,main]) started.
22:57:48.900 [INFO]  [Validating] > :extra:processTestResources (Thread[Execution worker Thread 5,5,main]) started.
22:57:48.900 [INFO]  [Validating] > 
22:57:48.900 [INFO]  [Validating] > > Task :extra:processTestResources NO-SOURCE
22:57:48.900 [INFO]  [Validating] > Skipping task ':extra:processTestResources' as it has no source files and no previous output files.
22:57:48.900 [INFO]  [Validating] > Resolve mutations for :extra:testClasses (Thread[Execution worker Thread 5,5,main]) started.
22:57:48.900 [INFO]  [Validating] > :extra:testClasses (Thread[Execution worker Thread 5,5,main]) started.
22:57:48.900 [INFO]  [Validating] > 
22:57:48.900 [INFO]  [Validating] > > Task :extra:testClasses
22:57:48.900 [INFO]  [Validating] > Skipping task ':extra:testClasses' as it has no actions.
22:57:48.900 [INFO]  [Validating] > Resolve mutations for :extra:test (Thread[Execution worker Thread 5,5,main]) started.
22:57:48.900 [INFO]  [Validating] > :extra:test (Thread[Execution worker Thread 5,5,main]) started.
22:57:48.900 [INFO]  [Validating] > Gradle Test Executor 38 started executing tests.
22:57:48.900 [INFO]  [Validating] > Gradle Test Executor 38 finished executing tests.
22:57:48.900 [INFO]  [Validating] > 
22:57:48.900 [INFO]  [Validating] > > Task :extra:test
22:57:48.900 [INFO]  [Validating] > Caching disabled for task ':extra:test' because:
22:57:48.900 [INFO]  [Validating] >   Build cache is disabled
22:57:48.900 [INFO]  [Validating] > Task ':extra:test' is not up-to-date because:
22:57:48.900 [INFO]  [Validating] >   Value of input property 'filter.failOnNoMatchingTests' has changed for task ':extra:test'
22:57:48.900 [INFO]  [Validating] >   Value of input property 'filter.includePatterns' has changed for task ':extra:test'
22:57:48.900 [INFO]  [Validating] > Starting process 'Gradle Test Executor 38'. Working directory: C:\Users\cbontoiu\Desktop\DiffblueTutorials\DemoCLI\extra Command: C:\Program Files\Java\jdk-17\bin\java.exe -Dorg.gradle.internal.worker.tmpdir=C:\Users\cbontoiu\Desktop\DiffblueTutorials\DemoCLI\extra\build\tmp\test\work -Dorg.gradle.native=false @C:\Users\cbontoiu\.gradle\.tmp\gradle-worker-classpath9432600781872502706txt -Xmx512m -Dfile.encoding=windows-1252 -Duser.country=GB -Duser.language=en -Duser.variant -ea worker.org.gradle.process.internal.worker.GradleWorkerMain 'Gradle Test Executor 38'
22:57:48.900 [INFO]  [Validating] > Successfully started process 'Gradle Test Executor 38'
22:57:48.900 [INFO]  [Validating] > Finished generating test XML results (0.009 secs) into: C:\Users\cbontoiu\Desktop\DiffblueTutorials\DemoCLI\extra\build\test-results\test
22:57:48.900 [INFO]  [Validating] > Generating HTML test report...
22:57:48.900 [INFO]  [Validating] > Finished generating test html results (0.012 secs) into: C:\Users\cbontoiu\Desktop\DiffblueTutorials\DemoCLI\extra\build\reports\tests\test
22:57:48.900 [INFO]  [Validating] > 
22:57:48.900 [INFO]  [Validating] > Deprecated Gradle features were used in this build, making it incompatible with Gradle 9.0.
22:57:48.900 [INFO]  [Validating] > 
22:57:48.900 [INFO]  [Validating] > You can use '--warning-mode all' to show the individual deprecation warnings and determine if they come from your own scripts or plugins.
22:57:48.900 [INFO]  [Validating] > 
22:57:48.900 [INFO]  [Validating] > For more on this, please refer to https://docs.gradle.org/8.2/userguide/command_line_interface.html#sec:command_line_warnings in the Gradle documentation.
22:57:48.900 [INFO]  [Validating] > 
22:57:48.900 [INFO]  [Validating] > BUILD SUCCESSFUL in 1s
22:57:48.900 [INFO]  [Validating] > 3 actionable tasks: 2 executed, 1 up-to-date
22:57:48.900 [INFO]  [Validating] > Watched directory hierarchies: [C:\Users\cbontoiu\Desktop\DiffblueTutorials\DemoCLI]
22:57:48.900 [INFO]  [Validating] Standard error of build tool (gradle)
22:57:48.900 [INFO]  [Validating] > 
22:57:48.914 [INFO]  [Validating] All 14 created tests were successfully validated.
22:57:48.994 [INFO]  [Reporting] Writing JSON report to C:\Users\cbontoiu\Desktop\DiffblueTutorials\DemoCLI\extra\.diffblue\reports\report.json
22:57:49.031 [INFO]  [Reporting] Log file: C:\Users\cbontoiu\Desktop\DiffblueTutorials\DemoCLI\extra\.diffblue\log\user-20230917T225723.log
22:57:49.032 [INFO]  [Reporting] Finished in 24s
