22:58:18.064 [INFO]  [Preparing] Diffblue Cover 2023.09.01-9200f07-unrestricted
22:58:18.065 [INFO]  [Preparing] 
22:58:18.066 [INFO]  [Preparing] Running: dcover create --working-directory=extra source --keep-partial-tests
22:58:20.019 [INFO]  [Checking] Detecting environment:
22:58:20.020 [INFO]  [Checking] ----------------------
22:58:20.097 [INFO]  [Checking] Detected Java version 17.0.6
22:58:22.443 [INFO]  [Checking] Detected build system: Gradle 8.2
22:58:22.448 [INFO]  [Checking] Operating System: Windows 11 amd64 10.0
22:58:22.448 [INFO]  [Checking] Default charset: windows-1252
22:58:22.449 [INFO]  [Checking] Default locale: en_GB
22:58:22.449 [INFO]  [Checking] Default time zone: Europe/London
22:58:22.451 [INFO]  [Checking] Selected build system: Gradle
22:58:22.454 [INFO]  [Checking] Selected classpath from build system Gradle
22:58:22.456 [INFO]  [Checking] Expanded classpath: 
C:\Users\cbontoiu\Desktop\DiffblueTutorials\DemoCLI\extra\build\classes\java\main (code under test)
C:\Users\cbontoiu\Desktop\DiffblueTutorials\DemoCLI\extra\build\resources\test
C:\Users\cbontoiu\Desktop\DiffblueTutorials\DemoCLI\extra\build\resources\main
C:\Users\cbontoiu\.gradle\caches\modules-2\files-2.1\org.junit.jupiter\junit-jupiter\5.9.1\9274d3757e224bc02eae367bd481062a263c150b\junit-jupiter-5.9.1.jar
C:\Users\cbontoiu\.gradle\caches\modules-2\files-2.1\org.junit.jupiter\junit-jupiter-params\5.9.1\ffcd1013edaeee112be11fcddeb38882d79238de\junit-jupiter-params-5.9.1.jar
C:\Users\cbontoiu\.gradle\caches\modules-2\files-2.1\org.junit.jupiter\junit-jupiter-engine\5.9.1\1bf771097bde296c3ab174861954e8aafaaf2e94\junit-jupiter-engine-5.9.1.jar
C:\Users\cbontoiu\.gradle\caches\modules-2\files-2.1\org.junit.jupiter\junit-jupiter-api\5.9.1\7bb53fbc0173e9f6a9d21d58297af94b1f2f9ce1\junit-jupiter-api-5.9.1.jar
C:\Users\cbontoiu\.gradle\caches\modules-2\files-2.1\org.junit.platform\junit-platform-engine\1.9.1\83591e5089d6cea5f324aa3ecca9b19d5a275803\junit-platform-engine-1.9.1.jar
C:\Users\cbontoiu\.gradle\caches\modules-2\files-2.1\org.junit.platform\junit-platform-commons\1.9.1\3145f821b5cd10abcdc5f925baa5fffa6f1b628f\junit-platform-commons-1.9.1.jar
C:\Users\cbontoiu\.gradle\caches\modules-2\files-2.1\org.mockito\mockito-core\5.4.0\30bcbe79f7bd51b53debfc4c6014d0bea4935e37\mockito-core-5.4.0.jar
C:\Users\cbontoiu\.gradle\caches\modules-2\files-2.1\net.bytebuddy\byte-buddy\1.14.5\28a424c0c4f362568e904d992c239c996cf7adc7\byte-buddy-1.14.5.jar
C:\Users\cbontoiu\.gradle\caches\modules-2\files-2.1\net.bytebuddy\byte-buddy-agent\1.14.5\20f4e9b9d0ffb953657bfa4b92c0cceb27907d58\byte-buddy-agent-1.14.5.jar
C:\Users\cbontoiu\.gradle\caches\modules-2\files-2.1\org.objenesis\objenesis\3.3\1049c09f1de4331e8193e579448d0916d75b7631\objenesis-3.3.jar
C:\Users\cbontoiu\.gradle\caches\modules-2\files-2.1\org.opentest4j\opentest4j\1.2.0\28c11eb91f9b6d8e200631d46e20a7f407f2a046\opentest4j-1.2.0.jar
22:58:22.593 [INFO]  [Checking] Detected test framework: JUnit Jupiter 5.9.1
22:58:22.599 [INFO]  [Checking] Detected JUnit Jupiter version 5.9.1
22:58:22.603 [INFO]  [Checking] Detected JUnit Jupiter Params version 5.9.1
22:58:22.638 [INFO]  [Checking] Detected Mockito version 5.4.0
22:58:23.084 [INFO]  [Checking] Indexing...
22:58:23.408 [INFO]  [Checking] Selected test output directory: C:\Users\cbontoiu\Desktop\DiffblueTutorials\DemoCLI\extra\src\test\java
22:58:23.415 [INFO]  [Checking] Running: Using JAVA_HOME: C:\Program Files\Java\jdk-17 : in C:\Users\cbontoiu\Desktop\DiffblueTutorials\DemoCLI\extra : gradle test -i  DummyJupiterDiffblueTest
22:58:24.982 [INFO]  [Checking] Selected test framework: JUnit Jupiter
22:58:25.014 [INFO]  [Checking] Running: Using JAVA_HOME: C:\Program Files\Java\jdk-17 : in C:\Users\cbontoiu\Desktop\DiffblueTutorials\DemoCLI\extra : gradle test -i  DummyJUnitJupiterLauncherDiffblueTest
22:58:26.093 [INFO]  [Checking] Detected JVM architecture: 64-Bit
22:58:26.711 [INFO]  [Checking] Selected Java language compliance level: 17
22:58:26.713 [INFO]  [Checking] Selected test validation: enabled
22:58:26.716 [INFO]  [Checking] Prefixes for filtering classes/methods:
22:58:26.719 [INFO]  [Checking] - source
22:58:26.720 [INFO]  [Checking] Gathering methods to test...
22:58:27.415 [INFO]  [Reporting] 
22:58:27.415 [INFO]  [Reporting] Environment summary:
22:58:27.415 [INFO]  [Reporting] --------------------
22:58:27.417 [INFO]  [Reporting] Java version                  17.0.6                        SUCCESS        
22:58:27.418 [INFO]  [Reporting] Build system                  Gradle                        SUCCESS        
22:58:27.418 [INFO]  [Reporting] Mocking Framework             Mockito 5.4.0                 SUCCESS        
22:58:27.418 [INFO]  [Reporting] Testing framework             JUnit Jupiter 5               SUCCESS        
22:58:27.418 [INFO]  [Reporting] Launcher                      JUnit Jupiter                 SUCCESS        
22:58:27.418 [INFO]  [Reporting] Test validation               Enabled                       SUCCESS        
22:58:27.418 [INFO]  [Reporting] 
22:58:27.418 [INFO]  [Reporting] Environment check status: SUCCESS
22:58:27.462 [INFO]  [Creating] Found 14 callable methods in 7 classes
22:58:27.464 [INFO]  [Creating] 
22:58:27.465 [INFO]  [Creating] Creating tests:
22:58:27.466 [INFO]  [Creating] ---------------
22:58:27.513 [INFO]  [Creating] 
================================================================================
= Starting analysis for class 'source.A'
================================================================================
22:58:27.513 [INFO]  [Creating] Filtering out non-testable methods...
22:58:27.520 [INFO]  [Creating] Filtering of methods complete. Creating analysis request
22:58:27.522 [INFO]  [Creating] Attempting to get service client, retry 1.
22:58:27.535 [INFO]  [Creating] Starting monitoring server.
22:58:27.747 [INFO]  [Creating] Monitoring server listening on localhost/127.0.0.1:56663
22:58:27.750 [INFO]  [Creating] Starting analyzer server process...
22:58:27.750 [INFO]  [Creating] Server command-line: C:\Program Files\Java\jdk-17\bin\java.exe -XX:+IgnoreUnrecognizedVMOptions -Djdk.attach.allowAttachSelf=true -ea -javaagent:C:\DiffblueCoverProduct\launcher-shared-jar.jar -Dlogback.configurationFile=C:\Users\cbontoiu\AppData\Local\Temp\diffblue\config\logback-remote-service.xml -Dcom.diffblue.springIsolationJar=C:\DiffblueCoverProduct\cover-isolation-layer.jar -Dcover.jar.path=C:\DiffblueCoverProduct\cover-service-analyzer.jar -Dcom.diffblue.assertionSuggestionJar=C:\DiffblueCoverProduct\cover-service-analyzer.jar -Dcover.main.class=com.diffblue.cover.service.analyzer.Main -jar C:\DiffblueCoverProduct\launcher-shared-jar.jar --service-lifespan 120 --monitoring-service-port 56663 --index-service-port 56663 --debug-log
22:58:27.763 [INFO]  [Creating] Server started. Waiting up to 300 seconds for a connection to be established...
22:58:28.635 [INFO]  [Creating] Starting new remote monitor client
22:58:29.336 [INFO]  [Creating] Attempting to start remote server.
22:58:29.607 [INFO]  [Creating] Server started, listening on localhost/127.0.0.1:56665
22:58:29.774 [INFO]  [Creating] Expect analyzer service to be listening on port 56665.
22:58:30.408 [INFO]  [Creating] Started analyzer service and client retrieved.
22:58:33.036 [INFO]  [Creating] 
================================================================================
= Creating tests for 'source.A.<init>:()V' using 'TrM (!sp, !fnm, df, !ris)'
================================================================================
22:58:34.999 [INFO]  [Creating]      [1/14] source.A.<init>
22:58:34.999 [INFO]  [Creating]      [1/14]   Tests created: 1
22:58:35.002 [INFO]  [Creating] 
================================================================================
= Creating tests for 'source.A.method:(D)I' using 'SiM (!sp, fnm, df, !ris)'
================================================================================
22:58:38.396 [INFO]  [Creating] Created 1+0 tests and partial tests via 'SiM (!sp, fnm, df, !ris)', 1/2, returning all 1
22:58:38.507 [INFO]  [Creating]      [2/14] source.A.method
22:58:38.507 [INFO]  [Creating]      [2/14]   Tests created: 1
22:58:38.513 [INFO]  [Creating] [1/7] source.A
22:58:38.514 [INFO]  [Creating] [1/7]   Tests created: 2
22:58:38.515 [INFO]  [Creating] 
================================================================================
= Starting analysis for class 'source.B'
================================================================================
22:58:38.515 [INFO]  [Creating] Filtering out non-testable methods...
22:58:38.516 [INFO]  [Creating] Filtering of methods complete. Creating analysis request
22:58:38.516 [INFO]  [Creating] Attempting to get service client, retry 1.
22:58:38.560 [INFO]  [Creating] 
================================================================================
= Creating tests for 'source.B.<init>:()V' using 'TrM (!sp, !fnm, df, !ris)'
================================================================================
22:58:38.670 [INFO]  [Creating]      [3/14] source.B.<init>
22:58:38.670 [INFO]  [Creating]      [3/14]   Tests created: 1
22:58:38.673 [INFO]  [Creating] 
================================================================================
= Creating tests for 'source.B.method:(D)I' using 'SiM (!sp, fnm, df, !ris)'
================================================================================
22:58:38.912 [INFO]  [Creating] Created 1+0 tests and partial tests via 'SiM (!sp, fnm, df, !ris)', 1/2, returning all 1
22:58:38.986 [INFO]  [Creating]      [4/14] source.B.method
22:58:38.987 [INFO]  [Creating]      [4/14]   Tests created: 1
22:58:38.991 [INFO]  [Creating] [2/7] source.B
22:58:38.991 [INFO]  [Creating] [2/7]   Tests created: 2
22:58:38.992 [INFO]  [Creating] 
================================================================================
= Starting analysis for class 'source.C'
================================================================================
22:58:38.992 [INFO]  [Creating] Filtering out non-testable methods...
22:58:38.992 [INFO]  [Creating] Filtering of methods complete. Creating analysis request
22:58:38.992 [INFO]  [Creating] Attempting to get service client, retry 1.
22:58:39.030 [INFO]  [Creating] 
================================================================================
= Creating tests for 'source.C.<init>:()V' using 'TrM (!sp, !fnm, df, !ris)'
================================================================================
22:58:39.142 [INFO]  [Creating]      [5/14] source.C.<init>
22:58:39.142 [INFO]  [Creating]      [5/14]   Tests created: 1
22:58:39.144 [INFO]  [Creating] 
================================================================================
= Creating tests for 'source.C.method:(D)I' using 'SiM (!sp, fnm, df, !ris)'
================================================================================
22:58:39.340 [INFO]  [Creating] Created 1+0 tests and partial tests via 'SiM (!sp, fnm, df, !ris)', 1/2, returning all 1
22:58:39.414 [INFO]  [Creating]      [6/14] source.C.method
22:58:39.415 [INFO]  [Creating]      [6/14]   Tests created: 1
22:58:39.420 [INFO]  [Creating] [3/7] source.C
22:58:39.421 [INFO]  [Creating] [3/7]   Tests created: 2
22:58:39.422 [INFO]  [Creating] 
================================================================================
= Starting analysis for class 'source.D'
================================================================================
22:58:39.422 [INFO]  [Creating] Filtering out non-testable methods...
22:58:39.422 [INFO]  [Creating] Filtering of methods complete. Creating analysis request
22:58:39.422 [INFO]  [Creating] Attempting to get service client, retry 1.
22:58:39.457 [INFO]  [Creating] 
================================================================================
= Creating tests for 'source.D.<init>:()V' using 'TrM (!sp, !fnm, df, !ris)'
================================================================================
22:58:39.555 [INFO]  [Creating]      [7/14] source.D.<init>
22:58:39.555 [INFO]  [Creating]      [7/14]   Tests created: 1
22:58:39.558 [INFO]  [Creating] 
================================================================================
= Creating tests for 'source.D.method:(D)I' using 'SiM (!sp, fnm, df, !ris)'
================================================================================
22:58:39.727 [INFO]  [Creating] Created 1+0 tests and partial tests via 'SiM (!sp, fnm, df, !ris)', 1/2, returning all 1
22:58:39.791 [INFO]  [Creating]      [8/14] source.D.method
22:58:39.791 [INFO]  [Creating]      [8/14]   Tests created: 1
22:58:39.795 [INFO]  [Creating] [4/7] source.D
22:58:39.795 [INFO]  [Creating] [4/7]   Tests created: 2
22:58:39.796 [INFO]  [Creating] 
================================================================================
= Starting analysis for class 'source.E'
================================================================================
22:58:39.796 [INFO]  [Creating] Filtering out non-testable methods...
22:58:39.796 [INFO]  [Creating] Filtering of methods complete. Creating analysis request
22:58:39.796 [INFO]  [Creating] Attempting to get service client, retry 1.
22:58:39.825 [INFO]  [Creating] 
================================================================================
= Creating tests for 'source.E.<init>:()V' using 'TrM (!sp, !fnm, df, !ris)'
================================================================================
22:58:39.934 [INFO]  [Creating]      [9/14] source.E.<init>
22:58:39.934 [INFO]  [Creating]      [9/14]   Tests created: 1
22:58:39.938 [INFO]  [Creating] 
================================================================================
= Creating tests for 'source.E.method:(D)I' using 'SiM (!sp, fnm, df, !ris)'
================================================================================
22:58:40.115 [INFO]  [Creating] Created 1+0 tests and partial tests via 'SiM (!sp, fnm, df, !ris)', 1/2, returning all 1
22:58:40.193 [INFO]  [Creating]     [10/14] source.E.method
22:58:40.193 [INFO]  [Creating]     [10/14]   Tests created: 1
22:58:40.197 [INFO]  [Creating] [5/7] source.E
22:58:40.198 [INFO]  [Creating] [5/7]   Tests created: 2
22:58:40.198 [INFO]  [Creating] 
================================================================================
= Starting analysis for class 'source.F'
================================================================================
22:58:40.198 [INFO]  [Creating] Filtering out non-testable methods...
22:58:40.198 [INFO]  [Creating] Filtering of methods complete. Creating analysis request
22:58:40.198 [INFO]  [Creating] Attempting to get service client, retry 1.
22:58:40.232 [INFO]  [Creating] 
================================================================================
= Creating tests for 'source.F.<init>:()V' using 'TrM (!sp, !fnm, df, !ris)'
================================================================================
22:58:40.336 [INFO]  [Creating]     [11/14] source.F.<init>
22:58:40.336 [INFO]  [Creating]     [11/14]   Tests created: 1
22:58:40.339 [INFO]  [Creating] 
================================================================================
= Creating tests for 'source.F.method:(D)I' using 'SiM (!sp, fnm, df, !ris)'
================================================================================
22:58:40.453 [INFO]  [Creating] Created 1+0 tests and partial tests via 'SiM (!sp, fnm, df, !ris)', 1/2, returning all 1
22:58:40.525 [INFO]  [Creating]     [12/14] source.F.method
22:58:40.525 [INFO]  [Creating]     [12/14]   Tests created: 1
22:58:40.529 [INFO]  [Creating] [6/7] source.F
22:58:40.530 [INFO]  [Creating] [6/7]   Tests created: 2
22:58:40.530 [INFO]  [Creating] 
================================================================================
= Starting analysis for class 'source.G'
================================================================================
22:58:40.531 [INFO]  [Creating] Filtering out non-testable methods...
22:58:40.531 [INFO]  [Creating] Filtering of methods complete. Creating analysis request
22:58:40.531 [INFO]  [Creating] Attempting to get service client, retry 1.
22:58:40.560 [INFO]  [Creating] 
================================================================================
= Creating tests for 'source.G.<init>:()V' using 'TrM (!sp, !fnm, df, !ris)'
================================================================================
22:58:40.658 [INFO]  [Creating]     [13/14] source.G.<init>
22:58:40.658 [INFO]  [Creating]     [13/14]   Tests created: 1
22:58:40.660 [INFO]  [Creating] 
================================================================================
= Creating tests for 'source.G.method:(D)I' using 'SiM (!sp, fnm, df, !ris)'
================================================================================
22:58:40.732 [INFO]  [Creating] Created 1+0 tests and partial tests via 'SiM (!sp, fnm, df, !ris)', 1/2, returning all 1
22:58:40.801 [INFO]  [Creating]     [14/14] source.G.method
22:58:40.801 [INFO]  [Creating]     [14/14]   Tests created: 1
22:58:40.806 [INFO]  [Creating] [7/7] source.G
22:58:40.807 [INFO]  [Creating] [7/7]   Tests created: 2
22:58:40.813 [INFO]  [Reporting] 
22:58:40.814 [INFO]  [Reporting] Summary:
22:58:40.815 [INFO]  [Reporting] --------
22:58:40.815 [INFO]  [Reporting] Total:                                              14 methods
22:58:40.816 [INFO]  [Reporting] 14 tests created for:                               14 methods
22:58:40.816 [INFO]  [Reporting] 
22:58:40.950 [INFO]  [Validating] 
22:58:40.951 [INFO]  [Validating] Running validation command.
22:58:40.954 [INFO]  [Validating] Running: Using JAVA_HOME: C:\Program Files\Java\jdk-17 : in C:\Users\cbontoiu\Desktop\DiffblueTutorials\DemoCLI\extra : gradle test -i  
22:58:42.131 [INFO]  [Validating] Standard output of build tool (gradle)
22:58:42.132 [INFO]  [Validating] > The client will now receive all logging from the daemon (pid: 7736). The daemon log file: C:\Users\cbontoiu\.gradle\daemon\8.2\daemon-7736.out.log
22:58:42.132 [INFO]  [Validating] > Starting 42nd build in daemon [uptime: 2 hrs 9 mins 42.421 secs, performance: 100%, GC rate: 0.00/s, heap usage: 0% of 3.9 GiB]
22:58:42.132 [INFO]  [Validating] > Closing daemon's stdin at end of input.
22:58:42.132 [INFO]  [Validating] > The daemon will no longer process any standard input.
22:58:42.132 [INFO]  [Validating] > Using 8 worker leases.
22:58:42.132 [INFO]  [Validating] > Now considering [C:\Users\cbontoiu\Desktop\DiffblueTutorials\DemoCLI] as hierarchies to watch
22:58:42.132 [INFO]  [Validating] > Watching the file system is configured to be enabled if available
22:58:42.132 [INFO]  [Validating] > File system watching is active
22:58:42.132 [INFO]  [Validating] > Starting Build
22:58:42.132 [INFO]  [Validating] > Settings evaluated using settings file 'C:\Users\cbontoiu\Desktop\DiffblueTutorials\DemoCLI\settings.gradle'.
22:58:42.132 [INFO]  [Validating] > Projects loaded. Root project using build file 'C:\Users\cbontoiu\Desktop\DiffblueTutorials\DemoCLI\build.gradle'.
22:58:42.132 [INFO]  [Validating] > Included projects: [root project 'DemoCLI', project ':app', project ':common', project ':extra']
22:58:42.132 [INFO]  [Validating] > 
22:58:42.132 [INFO]  [Validating] > > Configure project :
22:58:42.132 [INFO]  [Validating] > Evaluating root project 'DemoCLI' using build file 'C:\Users\cbontoiu\Desktop\DiffblueTutorials\DemoCLI\build.gradle'.
22:58:42.132 [INFO]  [Validating] > 
22:58:42.132 [INFO]  [Validating] > > Configure project :app
22:58:42.132 [INFO]  [Validating] > Evaluating project ':app' using build file 'C:\Users\cbontoiu\Desktop\DiffblueTutorials\DemoCLI\app\build.gradle'.
22:58:42.132 [INFO]  [Validating] > 
22:58:42.132 [INFO]  [Validating] > > Configure project :common
22:58:42.132 [INFO]  [Validating] > Evaluating project ':common' using build file 'C:\Users\cbontoiu\Desktop\DiffblueTutorials\DemoCLI\common\build.gradle'.
22:58:42.132 [INFO]  [Validating] > 
22:58:42.132 [INFO]  [Validating] > > Configure project :extra
22:58:42.132 [INFO]  [Validating] > Evaluating project ':extra' using build file 'C:\Users\cbontoiu\Desktop\DiffblueTutorials\DemoCLI\extra\build.gradle'.
22:58:42.132 [INFO]  [Validating] > All projects evaluated.
22:58:42.132 [INFO]  [Validating] > Task path ':extra:test' matched project ':extra'
22:58:42.132 [INFO]  [Validating] > Task name matched 'test'
22:58:42.132 [INFO]  [Validating] > Selected primary task 'test' from project :extra
22:58:42.132 [INFO]  [Validating] > The configuration :extra:mainSourceElements is both consumable and declarable. This combination is incorrect, only one of these flags should be set.
22:58:42.132 [INFO]  [Validating] > Tasks to be executed: [task ':extra:compileJava', task ':extra:processResources', task ':extra:classes', task ':extra:compileTestJava', task ':extra:processTestResources', task ':extra:testClasses', task ':extra:test']
22:58:42.132 [INFO]  [Validating] > Tasks that were excluded: []
22:58:42.132 [INFO]  [Validating] > Resolve mutations for :extra:compileJava (Thread[Execution worker,5,main]) started.
22:58:42.132 [INFO]  [Validating] > :extra:compileJava (Thread[Execution worker,5,main]) started.
22:58:42.133 [INFO]  [Validating] > 
22:58:42.133 [INFO]  [Validating] > > Task :extra:compileJava UP-TO-DATE
22:58:42.133 [INFO]  [Validating] > Caching disabled for task ':extra:compileJava' because:
22:58:42.133 [INFO]  [Validating] >   Build cache is disabled
22:58:42.133 [INFO]  [Validating] > Skipping task ':extra:compileJava' as it is up-to-date.
22:58:42.133 [INFO]  [Validating] > Resolve mutations for :extra:processResources (Thread[Execution worker,5,main]) started.
22:58:42.133 [INFO]  [Validating] > :extra:processResources (Thread[Execution worker Thread 5,5,main]) started.
22:58:42.133 [INFO]  [Validating] > 
22:58:42.133 [INFO]  [Validating] > > Task :extra:processResources NO-SOURCE
22:58:42.133 [INFO]  [Validating] > Skipping task ':extra:processResources' as it has no source files and no previous output files.
22:58:42.133 [INFO]  [Validating] > Resolve mutations for :extra:classes (Thread[Execution worker Thread 5,5,main]) started.
22:58:42.133 [INFO]  [Validating] > :extra:classes (Thread[Execution worker Thread 5,5,main]) started.
22:58:42.133 [INFO]  [Validating] > 
22:58:42.133 [INFO]  [Validating] > > Task :extra:classes UP-TO-DATE
22:58:42.133 [INFO]  [Validating] > Skipping task ':extra:classes' as it has no actions.
22:58:42.133 [INFO]  [Validating] > Resolve mutations for :extra:compileTestJava (Thread[Execution worker Thread 5,5,main]) started.
22:58:42.133 [INFO]  [Validating] > :extra:compileTestJava (Thread[Execution worker Thread 5,5,main]) started.
22:58:42.133 [INFO]  [Validating] > 
22:58:42.133 [INFO]  [Validating] > > Task :extra:compileTestJava
22:58:42.133 [INFO]  [Validating] > Caching disabled for task ':extra:compileTestJava' because:
22:58:42.133 [INFO]  [Validating] >   Build cache is disabled
22:58:42.133 [INFO]  [Validating] > Task ':extra:compileTestJava' is not up-to-date because:
22:58:42.133 [INFO]  [Validating] >   Input property 'stableSources' file C:\Users\cbontoiu\Desktop\DiffblueTutorials\DemoCLI\extra\src\test\java\DummyJUnitJupiterLauncherDiffblueTest.java has been removed.
22:58:42.133 [INFO]  [Validating] >   Input property 'stableSources' file C:\Users\cbontoiu\Desktop\DiffblueTutorials\DemoCLI\extra\src\test\java\source\ADiffblueTest.java has changed.
22:58:42.133 [INFO]  [Validating] >   Input property 'stableSources' file C:\Users\cbontoiu\Desktop\DiffblueTutorials\DemoCLI\extra\src\test\java\source\BDiffblueTest.java has changed.
22:58:42.133 [INFO]  [Validating] > Created classpath snapshot for incremental compilation in 0.002 secs.
22:58:42.133 [INFO]  [Validating] > Compiling with toolchain 'C:\Program Files\Java\jdk-17'.
22:58:42.133 [INFO]  [Validating] > Compiling with JDK Java compiler API.
22:58:42.133 [INFO]  [Validating] > Incremental compilation of 9 classes completed in 0.153 secs.
22:58:42.133 [INFO]  [Validating] > Class dependency analysis for incremental compilation took 0.031 secs.
22:58:42.133 [INFO]  [Validating] > Resolve mutations for :extra:processTestResources (Thread[Execution worker Thread 5,5,main]) started.
22:58:42.133 [INFO]  [Validating] > :extra:processTestResources (Thread[Execution worker Thread 5,5,main]) started.
22:58:42.133 [INFO]  [Validating] > 
22:58:42.133 [INFO]  [Validating] > > Task :extra:processTestResources NO-SOURCE
22:58:42.133 [INFO]  [Validating] > Skipping task ':extra:processTestResources' as it has no source files and no previous output files.
22:58:42.133 [INFO]  [Validating] > Resolve mutations for :extra:testClasses (Thread[Execution worker Thread 5,5,main]) started.
22:58:42.133 [INFO]  [Validating] > :extra:testClasses (Thread[Execution worker Thread 5,5,main]) started.
22:58:42.134 [INFO]  [Validating] > 
22:58:42.134 [INFO]  [Validating] > > Task :extra:testClasses
22:58:42.134 [INFO]  [Validating] > Skipping task ':extra:testClasses' as it has no actions.
22:58:42.134 [INFO]  [Validating] > Resolve mutations for :extra:test (Thread[Execution worker Thread 5,5,main]) started.
22:58:42.134 [INFO]  [Validating] > :extra:test (Thread[Execution worker Thread 5,5,main]) started.
22:58:42.134 [INFO]  [Validating] > Gradle Test Executor 41 started executing tests.
22:58:42.134 [INFO]  [Validating] > Gradle Test Executor 41 finished executing tests.
22:58:42.134 [INFO]  [Validating] > 
22:58:42.134 [INFO]  [Validating] > > Task :extra:test
22:58:42.134 [INFO]  [Validating] > Caching disabled for task ':extra:test' because:
22:58:42.134 [INFO]  [Validating] >   Build cache is disabled
22:58:42.134 [INFO]  [Validating] > Task ':extra:test' is not up-to-date because:
22:58:42.134 [INFO]  [Validating] >   Value of input property 'filter.failOnNoMatchingTests' has changed for task ':extra:test'
22:58:42.134 [INFO]  [Validating] >   Value of input property 'filter.includePatterns' has changed for task ':extra:test'
22:58:42.134 [INFO]  [Validating] > Starting process 'Gradle Test Executor 41'. Working directory: C:\Users\cbontoiu\Desktop\DiffblueTutorials\DemoCLI\extra Command: C:\Program Files\Java\jdk-17\bin\java.exe -Dorg.gradle.internal.worker.tmpdir=C:\Users\cbontoiu\Desktop\DiffblueTutorials\DemoCLI\extra\build\tmp\test\work -Dorg.gradle.native=false @C:\Users\cbontoiu\.gradle\.tmp\gradle-worker-classpath5652416222694116146txt -Xmx512m -Dfile.encoding=windows-1252 -Duser.country=GB -Duser.language=en -Duser.variant -ea worker.org.gradle.process.internal.worker.GradleWorkerMain 'Gradle Test Executor 41'
22:58:42.134 [INFO]  [Validating] > Successfully started process 'Gradle Test Executor 41'
22:58:42.134 [INFO]  [Validating] > Finished generating test XML results (0.009 secs) into: C:\Users\cbontoiu\Desktop\DiffblueTutorials\DemoCLI\extra\build\test-results\test
22:58:42.134 [INFO]  [Validating] > Generating HTML test report...
22:58:42.134 [INFO]  [Validating] > Finished generating test html results (0.012 secs) into: C:\Users\cbontoiu\Desktop\DiffblueTutorials\DemoCLI\extra\build\reports\tests\test
22:58:42.134 [INFO]  [Validating] > 
22:58:42.134 [INFO]  [Validating] > Deprecated Gradle features were used in this build, making it incompatible with Gradle 9.0.
22:58:42.134 [INFO]  [Validating] > 
22:58:42.134 [INFO]  [Validating] > You can use '--warning-mode all' to show the individual deprecation warnings and determine if they come from your own scripts or plugins.
22:58:42.134 [INFO]  [Validating] > 
22:58:42.134 [INFO]  [Validating] > For more on this, please refer to https://docs.gradle.org/8.2/userguide/command_line_interface.html#sec:command_line_warnings in the Gradle documentation.
22:58:42.134 [INFO]  [Validating] > 
22:58:42.134 [INFO]  [Validating] > BUILD SUCCESSFUL in 1s
22:58:42.134 [INFO]  [Validating] > 3 actionable tasks: 2 executed, 1 up-to-date
22:58:42.134 [INFO]  [Validating] > Watched directory hierarchies: [C:\Users\cbontoiu\Desktop\DiffblueTutorials\DemoCLI]
22:58:42.134 [INFO]  [Validating] Standard error of build tool (gradle)
22:58:42.134 [INFO]  [Validating] > 
22:58:42.148 [INFO]  [Validating] All 14 created tests were successfully validated.
22:58:42.229 [INFO]  [Reporting] Writing JSON report to C:\Users\cbontoiu\Desktop\DiffblueTutorials\DemoCLI\extra\.diffblue\reports\report.json
22:58:42.274 [INFO]  [Reporting] Log file: C:\Users\cbontoiu\Desktop\DiffblueTutorials\DemoCLI\extra\.diffblue\log\user-20230917T225817.log
22:58:42.274 [INFO]  [Reporting] Finished in 23s
