21:54:51.028 [INFO]  [Preparing] Diffblue Cover 2023.09.01-9200f07-unrestricted
21:54:51.029 [INFO]  [Preparing] 
21:54:51.030 [INFO]  [Preparing] Running: dcover create --working-directory=extra source
21:54:52.960 [INFO]  [Checking] Detecting environment:
21:54:52.961 [INFO]  [Checking] ----------------------
21:54:53.042 [INFO]  [Checking] Detected Java version 17.0.6
21:54:55.505 [INFO]  [Checking] Detected build system: Gradle 8.2
21:54:55.509 [INFO]  [Checking] Operating System: Windows 11 amd64 10.0
21:54:55.510 [INFO]  [Checking] Default charset: windows-1252
21:54:55.512 [INFO]  [Checking] Default locale: en_GB
21:54:55.512 [INFO]  [Checking] Default time zone: Europe/London
21:54:55.514 [INFO]  [Checking] Selected build system: Gradle
21:54:55.517 [INFO]  [Checking] Selected classpath from build system Gradle
21:54:55.519 [INFO]  [Checking] Expanded classpath: 
C:\Users\cbontoiu\Desktop\DiffblueTutorials\DemoCLI\extra\build\classes\java\main (code under test)
C:\Users\cbontoiu\Desktop\DiffblueTutorials\DemoCLI\extra\build\resources\test
C:\Users\cbontoiu\Desktop\DiffblueTutorials\DemoCLI\extra\build\resources\main
C:\Users\cbontoiu\.gradle\caches\modules-2\files-2.1\org.junit.jupiter\junit-jupiter\5.9.1\9274d3757e224bc02eae367bd481062a263c150b\junit-jupiter-5.9.1.jar
C:\Users\cbontoiu\.gradle\caches\modules-2\files-2.1\org.junit.jupiter\junit-jupiter-params\5.9.1\ffcd1013edaeee112be11fcddeb38882d79238de\junit-jupiter-params-5.9.1.jar
C:\Users\cbontoiu\.gradle\caches\modules-2\files-2.1\org.junit.jupiter\junit-jupiter-engine\5.9.1\1bf771097bde296c3ab174861954e8aafaaf2e94\junit-jupiter-engine-5.9.1.jar
C:\Users\cbontoiu\.gradle\caches\modules-2\files-2.1\org.junit.jupiter\junit-jupiter-api\5.9.1\7bb53fbc0173e9f6a9d21d58297af94b1f2f9ce1\junit-jupiter-api-5.9.1.jar
C:\Users\cbontoiu\.gradle\caches\modules-2\files-2.1\org.junit.platform\junit-platform-engine\1.9.1\83591e5089d6cea5f324aa3ecca9b19d5a275803\junit-platform-engine-1.9.1.jar
C:\Users\cbontoiu\.gradle\caches\modules-2\files-2.1\org.junit.platform\junit-platform-commons\1.9.1\3145f821b5cd10abcdc5f925baa5fffa6f1b628f\junit-platform-commons-1.9.1.jar
C:\Users\cbontoiu\.gradle\caches\modules-2\files-2.1\org.mockito\mockito-core\5.4.0\30bcbe79f7bd51b53debfc4c6014d0bea4935e37\mockito-core-5.4.0.jar
C:\Users\cbontoiu\.gradle\caches\modules-2\files-2.1\net.bytebuddy\byte-buddy\1.14.5\28a424c0c4f362568e904d992c239c996cf7adc7\byte-buddy-1.14.5.jar
C:\Users\cbontoiu\.gradle\caches\modules-2\files-2.1\net.bytebuddy\byte-buddy-agent\1.14.5\20f4e9b9d0ffb953657bfa4b92c0cceb27907d58\byte-buddy-agent-1.14.5.jar
C:\Users\cbontoiu\.gradle\caches\modules-2\files-2.1\org.objenesis\objenesis\3.3\1049c09f1de4331e8193e579448d0916d75b7631\objenesis-3.3.jar
C:\Users\cbontoiu\.gradle\caches\modules-2\files-2.1\org.opentest4j\opentest4j\1.2.0\28c11eb91f9b6d8e200631d46e20a7f407f2a046\opentest4j-1.2.0.jar
21:54:55.660 [INFO]  [Checking] Detected test framework: JUnit Jupiter 5.9.1
21:54:55.664 [INFO]  [Checking] Detected JUnit Jupiter version 5.9.1
21:54:55.668 [INFO]  [Checking] Detected JUnit Jupiter Params version 5.9.1
21:54:55.699 [INFO]  [Checking] Detected Mockito version 5.4.0
21:54:56.208 [INFO]  [Checking] Indexing...
21:54:56.509 [INFO]  [Checking] Selected test output directory: C:\Users\cbontoiu\Desktop\DiffblueTutorials\DemoCLI\extra\src\test\java
21:54:56.517 [INFO]  [Checking] Running: Using JAVA_HOME: C:\Program Files\Java\jdk-17 : in C:\Users\cbontoiu\Desktop\DiffblueTutorials\DemoCLI\extra : gradle test -i  DummyJupiterDiffblueTest
21:54:58.523 [INFO]  [Checking] Selected test framework: JUnit Jupiter
21:54:58.559 [INFO]  [Checking] Running: Using JAVA_HOME: C:\Program Files\Java\jdk-17 : in C:\Users\cbontoiu\Desktop\DiffblueTutorials\DemoCLI\extra : gradle test -i  DummyJUnitJupiterLauncherDiffblueTest
21:54:59.801 [INFO]  [Checking] Detected JVM architecture: 64-Bit
21:55:00.415 [INFO]  [Checking] Selected Java language compliance level: 17
21:55:00.416 [INFO]  [Checking] Selected test validation: enabled
21:55:00.419 [INFO]  [Checking] Prefixes for filtering classes/methods:
21:55:00.421 [INFO]  [Checking] - source
21:55:00.422 [INFO]  [Checking] Gathering methods to test...
21:55:01.168 [INFO]  [Reporting] 
21:55:01.168 [INFO]  [Reporting] Environment summary:
21:55:01.168 [INFO]  [Reporting] --------------------
21:55:01.171 [INFO]  [Reporting] Java version                  17.0.6                        SUCCESS        
21:55:01.171 [INFO]  [Reporting] Build system                  Gradle                        SUCCESS        
21:55:01.171 [INFO]  [Reporting] Mocking Framework             Mockito 5.4.0                 SUCCESS        
21:55:01.171 [INFO]  [Reporting] Testing framework             JUnit Jupiter 5               SUCCESS        
21:55:01.171 [INFO]  [Reporting] Launcher                      JUnit Jupiter                 SUCCESS        
21:55:01.171 [INFO]  [Reporting] Test validation               Enabled                       SUCCESS        
21:55:01.171 [INFO]  [Reporting] 
21:55:01.172 [INFO]  [Reporting] Environment check status: SUCCESS
21:55:01.204 [INFO]  [Creating] Found 6 callable methods in 3 classes
21:55:01.205 [INFO]  [Creating] 
21:55:01.206 [INFO]  [Creating] Creating tests:
21:55:01.207 [INFO]  [Creating] ---------------
21:55:01.225 [INFO]  [Creating] 
================================================================================
= Starting analysis for class 'source.A'
================================================================================
21:55:01.225 [INFO]  [Creating] Filtering out non-testable methods...
21:55:02.718 [INFO]  [Creating] Filtering of methods complete. Creating analysis request
21:55:02.719 [INFO]  [Creating] Attempting to get service client, retry 1.
21:55:02.727 [INFO]  [Creating] Starting monitoring server.
21:55:02.895 [INFO]  [Creating] Monitoring server listening on localhost/127.0.0.1:54941
21:55:02.898 [INFO]  [Creating] Starting analyzer server process...
21:55:02.898 [INFO]  [Creating] Server command-line: C:\Program Files\Java\jdk-17\bin\java.exe -XX:+IgnoreUnrecognizedVMOptions -Djdk.attach.allowAttachSelf=true -ea -javaagent:C:\DiffblueCoverProduct\launcher-shared-jar.jar -Dlogback.configurationFile=C:\Users\cbontoiu\AppData\Local\Temp\diffblue\config\logback-remote-service.xml -Dcom.diffblue.springIsolationJar=C:\DiffblueCoverProduct\cover-isolation-layer.jar -Dcover.jar.path=C:\DiffblueCoverProduct\cover-service-analyzer.jar -Dcom.diffblue.assertionSuggestionJar=C:\DiffblueCoverProduct\cover-service-analyzer.jar -Dcover.main.class=com.diffblue.cover.service.analyzer.Main -jar C:\DiffblueCoverProduct\launcher-shared-jar.jar --service-lifespan 120 --monitoring-service-port 54941 --index-service-port 54941 --debug-log
21:55:02.906 [INFO]  [Creating] Server started. Waiting up to 300 seconds for a connection to be established...
21:55:03.785 [INFO]  [Creating] Starting new remote monitor client
21:55:04.506 [INFO]  [Creating] Attempting to start remote server.
21:55:04.768 [INFO]  [Creating] Server started, listening on localhost/127.0.0.1:54943
21:55:04.923 [INFO]  [Creating] Expect analyzer service to be listening on port 54943.
21:55:05.532 [INFO]  [Creating] Started analyzer service and client retrieved.
21:55:08.066 [INFO]  [Creating] 
================================================================================
= Creating tests for 'source.A.<init>:()V' using 'TrM (!sp, !fnm, df, !ris)'
================================================================================
21:55:10.010 [INFO]  [Creating]     [1/6] source.A.<init>
21:55:10.011 [INFO]  [Creating]     [1/6]   Tests created: 1
21:55:10.013 [INFO]  [Creating] 
================================================================================
= Creating tests for 'source.A.method:(D)I' using 'SiM (!sp, fnm, df, !ris)'
================================================================================
21:55:11.638 [INFO]  [Creating] Created 1+0 tests and partial tests via 'SiM (!sp, fnm, df, !ris)', 1/2, returning all 1
21:55:11.776 [INFO]  [Creating]     [2/6] source.A.method
21:55:11.776 [INFO]  [Creating]     [2/6]   Tests created: 1
21:55:11.782 [INFO]  [Creating] [1/3] source.A
21:55:11.783 [INFO]  [Creating] [1/3]   Tests created: 2
21:55:11.784 [INFO]  [Creating] 
================================================================================
= Starting analysis for class 'source.B'
================================================================================
21:55:11.785 [INFO]  [Creating] Filtering out non-testable methods...
21:55:11.785 [INFO]  [Creating] Filtering of methods complete. Creating analysis request
21:55:11.785 [INFO]  [Creating] Attempting to get service client, retry 1.
21:55:11.829 [INFO]  [Creating] 
================================================================================
= Creating tests for 'source.B.<init>:()V' using 'TrM (!sp, !fnm, df, !ris)'
================================================================================
21:55:11.967 [INFO]  [Creating]     [3/6] source.B.<init>
21:55:11.967 [INFO]  [Creating]     [3/6]   Tests created: 1
21:55:11.970 [INFO]  [Creating] 
================================================================================
= Creating tests for 'source.B.method:(D)I' using 'SiM (!sp, fnm, df, !ris)'
================================================================================
21:55:12.181 [INFO]  [Creating] Created 1+0 tests and partial tests via 'SiM (!sp, fnm, df, !ris)', 1/2, returning all 1
21:55:12.270 [INFO]  [Creating]     [4/6] source.B.method
21:55:12.270 [INFO]  [Creating]     [4/6]   Tests created: 1
21:55:12.275 [INFO]  [Creating] [2/3] source.B
21:55:12.277 [INFO]  [Creating] [2/3]   Tests created: 2
21:55:12.277 [INFO]  [Creating] 
================================================================================
= Starting analysis for class 'source.C'
================================================================================
21:55:12.278 [INFO]  [Creating] Filtering out non-testable methods...
21:55:12.278 [INFO]  [Creating] Filtering of methods complete. Creating analysis request
21:55:12.278 [INFO]  [Creating] Attempting to get service client, retry 1.
21:55:12.319 [INFO]  [Creating] 
================================================================================
= Creating tests for 'source.C.<init>:()V' using 'TrM (!sp, !fnm, df, !ris)'
================================================================================
21:55:12.458 [INFO]  [Creating]     [5/6] source.C.<init>
21:55:12.458 [INFO]  [Creating]     [5/6]   Tests created: 1
21:55:12.462 [INFO]  [Creating] 
================================================================================
= Creating tests for 'source.C.method:(D)I' using 'SiM (!sp, fnm, df, !ris)'
================================================================================
21:55:12.651 [INFO]  [Creating] Created 1+0 tests and partial tests via 'SiM (!sp, fnm, df, !ris)', 1/2, returning all 1
21:55:12.753 [INFO]  [Creating]     [6/6] source.C.method
21:55:12.753 [INFO]  [Creating]     [6/6]   Tests created: 1
21:55:12.759 [INFO]  [Creating] [3/3] source.C
21:55:12.760 [INFO]  [Creating] [3/3]   Tests created: 2
21:55:12.767 [INFO]  [Reporting] 
21:55:12.768 [INFO]  [Reporting] Summary:
21:55:12.769 [INFO]  [Reporting] --------
21:55:12.769 [INFO]  [Reporting] Total:                                               6 methods
21:55:12.770 [INFO]  [Reporting] 6 tests created for:                                 6 methods
21:55:12.771 [INFO]  [Reporting] 
21:55:12.948 [INFO]  [Validating] 
21:55:12.949 [INFO]  [Validating] Running validation command.
21:55:12.955 [INFO]  [Validating] Running: Using JAVA_HOME: C:\Program Files\Java\jdk-17 : in C:\Users\cbontoiu\Desktop\DiffblueTutorials\DemoCLI\extra : gradle test -i  
21:55:14.238 [INFO]  [Validating] Standard output of build tool (gradle)
21:55:14.238 [INFO]  [Validating] > The client will now receive all logging from the daemon (pid: 7736). The daemon log file: C:\Users\cbontoiu\.gradle\daemon\8.2\daemon-7736.out.log
21:55:14.238 [INFO]  [Validating] > Starting 4th build in daemon [uptime: 1 hrs 6 mins 14.427 secs, performance: 100%, GC rate: 0.00/s, heap usage: 0% of 3.9 GiB]
21:55:14.240 [INFO]  [Validating] > Closing daemon's stdin at end of input.
21:55:14.240 [INFO]  [Validating] > The daemon will no longer process any standard input.
21:55:14.240 [INFO]  [Validating] > Using 8 worker leases.
21:55:14.240 [INFO]  [Validating] > Now considering [C:\Users\cbontoiu\Desktop\DiffblueTutorials\DemoCLI] as hierarchies to watch
21:55:14.240 [INFO]  [Validating] > Watching the file system is configured to be enabled if available
21:55:14.240 [INFO]  [Validating] > File system watching is active
21:55:14.240 [INFO]  [Validating] > Starting Build
21:55:14.240 [INFO]  [Validating] > Settings evaluated using settings file 'C:\Users\cbontoiu\Desktop\DiffblueTutorials\DemoCLI\settings.gradle'.
21:55:14.240 [INFO]  [Validating] > Projects loaded. Root project using build file 'C:\Users\cbontoiu\Desktop\DiffblueTutorials\DemoCLI\build.gradle'.
21:55:14.240 [INFO]  [Validating] > Included projects: [root project 'DemoCLI', project ':app', project ':common', project ':extra']
21:55:14.240 [INFO]  [Validating] > 
21:55:14.240 [INFO]  [Validating] > > Configure project :
21:55:14.240 [INFO]  [Validating] > Evaluating root project 'DemoCLI' using build file 'C:\Users\cbontoiu\Desktop\DiffblueTutorials\DemoCLI\build.gradle'.
21:55:14.240 [INFO]  [Validating] > 
21:55:14.240 [INFO]  [Validating] > > Configure project :app
21:55:14.240 [INFO]  [Validating] > Evaluating project ':app' using build file 'C:\Users\cbontoiu\Desktop\DiffblueTutorials\DemoCLI\app\build.gradle'.
21:55:14.240 [INFO]  [Validating] > 
21:55:14.240 [INFO]  [Validating] > > Configure project :common
21:55:14.240 [INFO]  [Validating] > Evaluating project ':common' using build file 'C:\Users\cbontoiu\Desktop\DiffblueTutorials\DemoCLI\common\build.gradle'.
21:55:14.240 [INFO]  [Validating] > 
21:55:14.240 [INFO]  [Validating] > > Configure project :extra
21:55:14.240 [INFO]  [Validating] > Evaluating project ':extra' using build file 'C:\Users\cbontoiu\Desktop\DiffblueTutorials\DemoCLI\extra\build.gradle'.
21:55:14.240 [INFO]  [Validating] > All projects evaluated.
21:55:14.240 [INFO]  [Validating] > Task path ':extra:test' matched project ':extra'
21:55:14.240 [INFO]  [Validating] > Task name matched 'test'
21:55:14.240 [INFO]  [Validating] > Selected primary task 'test' from project :extra
21:55:14.240 [INFO]  [Validating] > The configuration :extra:mainSourceElements is both consumable and declarable. This combination is incorrect, only one of these flags should be set.
21:55:14.240 [INFO]  [Validating] > Tasks to be executed: [task ':extra:compileJava', task ':extra:processResources', task ':extra:classes', task ':extra:compileTestJava', task ':extra:processTestResources', task ':extra:testClasses', task ':extra:test']
21:55:14.240 [INFO]  [Validating] > Tasks that were excluded: []
21:55:14.240 [INFO]  [Validating] > Resolve mutations for :extra:compileJava (Thread[Execution worker,5,main]) started.
21:55:14.240 [INFO]  [Validating] > :extra:compileJava (Thread[Execution worker Thread 6,5,main]) started.
21:55:14.240 [INFO]  [Validating] > 
21:55:14.240 [INFO]  [Validating] > > Task :extra:compileJava UP-TO-DATE
21:55:14.240 [INFO]  [Validating] > Caching disabled for task ':extra:compileJava' because:
21:55:14.240 [INFO]  [Validating] >   Build cache is disabled
21:55:14.240 [INFO]  [Validating] > Skipping task ':extra:compileJava' as it is up-to-date.
21:55:14.240 [INFO]  [Validating] > Resolve mutations for :extra:processResources (Thread[Execution worker Thread 6,5,main]) started.
21:55:14.240 [INFO]  [Validating] > :extra:processResources (Thread[Execution worker Thread 6,5,main]) started.
21:55:14.240 [INFO]  [Validating] > 
21:55:14.240 [INFO]  [Validating] > > Task :extra:processResources NO-SOURCE
21:55:14.240 [INFO]  [Validating] > Skipping task ':extra:processResources' as it has no source files and no previous output files.
21:55:14.240 [INFO]  [Validating] > Resolve mutations for :extra:classes (Thread[Execution worker Thread 6,5,main]) started.
21:55:14.240 [INFO]  [Validating] > :extra:classes (Thread[Execution worker Thread 6,5,main]) started.
21:55:14.240 [INFO]  [Validating] > 
21:55:14.240 [INFO]  [Validating] > > Task :extra:classes UP-TO-DATE
21:55:14.240 [INFO]  [Validating] > Skipping task ':extra:classes' as it has no actions.
21:55:14.240 [INFO]  [Validating] > Resolve mutations for :extra:compileTestJava (Thread[Execution worker Thread 7,5,main]) started.
21:55:14.240 [INFO]  [Validating] > :extra:compileTestJava (Thread[Execution worker Thread 7,5,main]) started.
21:55:14.240 [INFO]  [Validating] > 
21:55:14.240 [INFO]  [Validating] > > Task :extra:compileTestJava
21:55:14.240 [INFO]  [Validating] > Caching disabled for task ':extra:compileTestJava' because:
21:55:14.240 [INFO]  [Validating] >   Build cache is disabled
21:55:14.240 [INFO]  [Validating] > Task ':extra:compileTestJava' is not up-to-date because:
21:55:14.240 [INFO]  [Validating] >   Input property 'stableSources' file C:\Users\cbontoiu\Desktop\DiffblueTutorials\DemoCLI\extra\src\test\java\DummyJUnitJupiterLauncherDiffblueTest.java has been removed.
21:55:14.240 [INFO]  [Validating] >   Input property 'stableSources' file C:\Users\cbontoiu\Desktop\DiffblueTutorials\DemoCLI\extra\src\test\java\source\ADiffblueTest.java has changed.
21:55:14.240 [INFO]  [Validating] >   Input property 'stableSources' file C:\Users\cbontoiu\Desktop\DiffblueTutorials\DemoCLI\extra\src\test\java\source\BDiffblueTest.java has changed.
21:55:14.240 [INFO]  [Validating] > Created classpath snapshot for incremental compilation in 0.002 secs.
21:55:14.240 [INFO]  [Validating] > Compiling with toolchain 'C:\Program Files\Java\jdk-17'.
21:55:14.240 [INFO]  [Validating] > Compiling with JDK Java compiler API.
21:55:14.240 [INFO]  [Validating] > Incremental compilation of 5 classes completed in 0.157 secs.
21:55:14.241 [INFO]  [Validating] > Class dependency analysis for incremental compilation took 0.022 secs.
21:55:14.241 [INFO]  [Validating] > Resolve mutations for :extra:processTestResources (Thread[Execution worker Thread 7,5,main]) started.
21:55:14.241 [INFO]  [Validating] > :extra:processTestResources (Thread[Execution worker Thread 7,5,main]) started.
21:55:14.241 [INFO]  [Validating] > 
21:55:14.241 [INFO]  [Validating] > > Task :extra:processTestResources NO-SOURCE
21:55:14.241 [INFO]  [Validating] > Skipping task ':extra:processTestResources' as it has no source files and no previous output files.
21:55:14.241 [INFO]  [Validating] > Resolve mutations for :extra:testClasses (Thread[Execution worker Thread 7,5,main]) started.
21:55:14.241 [INFO]  [Validating] > :extra:testClasses (Thread[Execution worker Thread 7,5,main]) started.
21:55:14.241 [INFO]  [Validating] > 
21:55:14.241 [INFO]  [Validating] > > Task :extra:testClasses
21:55:14.241 [INFO]  [Validating] > Skipping task ':extra:testClasses' as it has no actions.
21:55:14.241 [INFO]  [Validating] > Resolve mutations for :extra:test (Thread[Execution worker Thread 7,5,main]) started.
21:55:14.241 [INFO]  [Validating] > :extra:test (Thread[Execution worker Thread 4,5,main]) started.
21:55:14.241 [INFO]  [Validating] > Gradle Test Executor 3 started executing tests.
21:55:14.241 [INFO]  [Validating] > Gradle Test Executor 3 finished executing tests.
21:55:14.241 [INFO]  [Validating] > 
21:55:14.241 [INFO]  [Validating] > > Task :extra:test
21:55:14.241 [INFO]  [Validating] > Caching disabled for task ':extra:test' because:
21:55:14.241 [INFO]  [Validating] >   Build cache is disabled
21:55:14.241 [INFO]  [Validating] > Task ':extra:test' is not up-to-date because:
21:55:14.241 [INFO]  [Validating] >   Value of input property 'filter.failOnNoMatchingTests' has changed for task ':extra:test'
21:55:14.241 [INFO]  [Validating] >   Value of input property 'filter.includePatterns' has changed for task ':extra:test'
21:55:14.241 [INFO]  [Validating] > Starting process 'Gradle Test Executor 3'. Working directory: C:\Users\cbontoiu\Desktop\DiffblueTutorials\DemoCLI\extra Command: C:\Program Files\Java\jdk-17\bin\java.exe -Dorg.gradle.internal.worker.tmpdir=C:\Users\cbontoiu\Desktop\DiffblueTutorials\DemoCLI\extra\build\tmp\test\work -Dorg.gradle.native=false @C:\Users\cbontoiu\.gradle\.tmp\gradle-worker-classpath175886024916208201txt -Xmx512m -Dfile.encoding=windows-1252 -Duser.country=GB -Duser.language=en -Duser.variant -ea worker.org.gradle.process.internal.worker.GradleWorkerMain 'Gradle Test Executor 3'
21:55:14.241 [INFO]  [Validating] > Successfully started process 'Gradle Test Executor 3'
21:55:14.241 [INFO]  [Validating] > Finished generating test XML results (0.005 secs) into: C:\Users\cbontoiu\Desktop\DiffblueTutorials\DemoCLI\extra\build\test-results\test
21:55:14.241 [INFO]  [Validating] > Generating HTML test report...
21:55:14.241 [INFO]  [Validating] > Finished generating test html results (0.01 secs) into: C:\Users\cbontoiu\Desktop\DiffblueTutorials\DemoCLI\extra\build\reports\tests\test
21:55:14.241 [INFO]  [Validating] > 
21:55:14.241 [INFO]  [Validating] > Deprecated Gradle features were used in this build, making it incompatible with Gradle 9.0.
21:55:14.241 [INFO]  [Validating] > 
21:55:14.241 [INFO]  [Validating] > You can use '--warning-mode all' to show the individual deprecation warnings and determine if they come from your own scripts or plugins.
21:55:14.241 [INFO]  [Validating] > 
21:55:14.241 [INFO]  [Validating] > For more on this, please refer to https://docs.gradle.org/8.2/userguide/command_line_interface.html#sec:command_line_warnings in the Gradle documentation.
21:55:14.242 [INFO]  [Validating] > 
21:55:14.242 [INFO]  [Validating] > BUILD SUCCESSFUL in 1s
21:55:14.242 [INFO]  [Validating] > 3 actionable tasks: 2 executed, 1 up-to-date
21:55:14.242 [INFO]  [Validating] > Watched directory hierarchies: [C:\Users\cbontoiu\Desktop\DiffblueTutorials\DemoCLI]
21:55:14.242 [INFO]  [Validating] Standard error of build tool (gradle)
21:55:14.242 [INFO]  [Validating] > 
21:55:14.252 [INFO]  [Validating] All 6 created tests were successfully validated.
21:55:14.322 [INFO]  [Reporting] Writing JSON report to C:\Users\cbontoiu\Desktop\DiffblueTutorials\DemoCLI\extra\.diffblue\reports\report.json
21:55:14.359 [INFO]  [Reporting] Log file: C:\Users\cbontoiu\Desktop\DiffblueTutorials\DemoCLI\extra\.diffblue\log\user-20230917T215450.log
21:55:14.360 [INFO]  [Reporting] Finished in 23s
