21:56:10.611 [INFO]  [Preparing] Diffblue Cover 2023.09.01-9200f07-unrestricted
21:56:10.612 [INFO]  [Preparing] 
21:56:10.612 [INFO]  [Preparing] Running: dcover create --working-directory=extra source --keep-partial-tests
21:56:12.555 [INFO]  [Checking] Detecting environment:
21:56:12.556 [INFO]  [Checking] ----------------------
21:56:12.636 [INFO]  [Checking] Detected Java version 17.0.6
21:56:15.052 [INFO]  [Checking] Detected build system: Gradle 8.2
21:56:15.056 [INFO]  [Checking] Operating System: Windows 11 amd64 10.0
21:56:15.057 [INFO]  [Checking] Default charset: windows-1252
21:56:15.059 [INFO]  [Checking] Default locale: en_GB
21:56:15.059 [INFO]  [Checking] Default time zone: Europe/London
21:56:15.061 [INFO]  [Checking] Selected build system: Gradle
21:56:15.066 [INFO]  [Checking] Selected classpath from build system Gradle
21:56:15.067 [INFO]  [Checking] Expanded classpath: 
C:\Users\cbontoiu\Desktop\DiffblueTutorials\DemoCLI\extra\build\classes\java\test
C:\Users\cbontoiu\Desktop\DiffblueTutorials\DemoCLI\extra\build\classes\java\main (code under test)
C:\Users\cbontoiu\Desktop\DiffblueTutorials\DemoCLI\extra\build\resources\test
C:\Users\cbontoiu\Desktop\DiffblueTutorials\DemoCLI\extra\build\resources\main
C:\Users\cbontoiu\.gradle\caches\modules-2\files-2.1\org.junit.jupiter\junit-jupiter\5.9.1\9274d3757e224bc02eae367bd481062a263c150b\junit-jupiter-5.9.1.jar
C:\Users\cbontoiu\.gradle\caches\modules-2\files-2.1\org.junit.jupiter\junit-jupiter-params\5.9.1\ffcd1013edaeee112be11fcddeb38882d79238de\junit-jupiter-params-5.9.1.jar
C:\Users\cbontoiu\.gradle\caches\modules-2\files-2.1\org.junit.jupiter\junit-jupiter-engine\5.9.1\1bf771097bde296c3ab174861954e8aafaaf2e94\junit-jupiter-engine-5.9.1.jar
C:\Users\cbontoiu\.gradle\caches\modules-2\files-2.1\org.junit.jupiter\junit-jupiter-api\5.9.1\7bb53fbc0173e9f6a9d21d58297af94b1f2f9ce1\junit-jupiter-api-5.9.1.jar
C:\Users\cbontoiu\.gradle\caches\modules-2\files-2.1\org.junit.platform\junit-platform-engine\1.9.1\83591e5089d6cea5f324aa3ecca9b19d5a275803\junit-platform-engine-1.9.1.jar
C:\Users\cbontoiu\.gradle\caches\modules-2\files-2.1\org.junit.platform\junit-platform-commons\1.9.1\3145f821b5cd10abcdc5f925baa5fffa6f1b628f\junit-platform-commons-1.9.1.jar
C:\Users\cbontoiu\.gradle\caches\modules-2\files-2.1\org.mockito\mockito-core\5.4.0\30bcbe79f7bd51b53debfc4c6014d0bea4935e37\mockito-core-5.4.0.jar
C:\Users\cbontoiu\.gradle\caches\modules-2\files-2.1\net.bytebuddy\byte-buddy\1.14.5\28a424c0c4f362568e904d992c239c996cf7adc7\byte-buddy-1.14.5.jar
C:\Users\cbontoiu\.gradle\caches\modules-2\files-2.1\net.bytebuddy\byte-buddy-agent\1.14.5\20f4e9b9d0ffb953657bfa4b92c0cceb27907d58\byte-buddy-agent-1.14.5.jar
C:\Users\cbontoiu\.gradle\caches\modules-2\files-2.1\org.objenesis\objenesis\3.3\1049c09f1de4331e8193e579448d0916d75b7631\objenesis-3.3.jar
C:\Users\cbontoiu\.gradle\caches\modules-2\files-2.1\org.opentest4j\opentest4j\1.2.0\28c11eb91f9b6d8e200631d46e20a7f407f2a046\opentest4j-1.2.0.jar
21:56:15.188 [INFO]  [Checking] Detected test framework: JUnit Jupiter 5.9.1
21:56:15.194 [INFO]  [Checking] Detected JUnit Jupiter version 5.9.1
21:56:15.198 [INFO]  [Checking] Detected JUnit Jupiter Params version 5.9.1
21:56:15.239 [INFO]  [Checking] Detected Mockito version 5.4.0
21:56:15.768 [INFO]  [Checking] Indexing...
21:56:16.077 [INFO]  [Checking] Selected test output directory: C:\Users\cbontoiu\Desktop\DiffblueTutorials\DemoCLI\extra\src\test\java
21:56:16.086 [INFO]  [Checking] Running: Using JAVA_HOME: C:\Program Files\Java\jdk-17 : in C:\Users\cbontoiu\Desktop\DiffblueTutorials\DemoCLI\extra : gradle test -i  DummyJupiterDiffblueTest
21:56:17.300 [INFO]  [Checking] Selected test framework: JUnit Jupiter
21:56:17.337 [INFO]  [Checking] Running: Using JAVA_HOME: C:\Program Files\Java\jdk-17 : in C:\Users\cbontoiu\Desktop\DiffblueTutorials\DemoCLI\extra : gradle test -i  DummyJUnitJupiterLauncherDiffblueTest
21:56:18.577 [INFO]  [Checking] Detected JVM architecture: 64-Bit
21:56:19.206 [INFO]  [Checking] Selected Java language compliance level: 17
21:56:19.208 [INFO]  [Checking] Selected test validation: enabled
21:56:19.211 [INFO]  [Checking] Prefixes for filtering classes/methods:
21:56:19.214 [INFO]  [Checking] - source
21:56:19.215 [INFO]  [Checking] Gathering methods to test...
21:56:19.819 [INFO]  [Reporting] 
21:56:19.820 [INFO]  [Reporting] Environment summary:
21:56:19.820 [INFO]  [Reporting] --------------------
21:56:19.822 [INFO]  [Reporting] Java version                  17.0.6                        SUCCESS        
21:56:19.822 [INFO]  [Reporting] Build system                  Gradle                        SUCCESS        
21:56:19.822 [INFO]  [Reporting] Mocking Framework             Mockito 5.4.0                 SUCCESS        
21:56:19.822 [INFO]  [Reporting] Testing framework             JUnit Jupiter 5               SUCCESS        
21:56:19.822 [INFO]  [Reporting] Launcher                      JUnit Jupiter                 SUCCESS        
21:56:19.823 [INFO]  [Reporting] Test validation               Enabled                       SUCCESS        
21:56:19.823 [INFO]  [Reporting] 
21:56:19.823 [INFO]  [Reporting] Environment check status: SUCCESS
21:56:19.855 [INFO]  [Creating] Found 6 callable methods in 3 classes
21:56:19.857 [INFO]  [Creating] 
21:56:19.857 [INFO]  [Creating] Creating tests:
21:56:19.858 [INFO]  [Creating] ---------------
21:56:19.874 [INFO]  [Creating] 
================================================================================
= Starting analysis for class 'source.A'
================================================================================
21:56:19.875 [INFO]  [Creating] Filtering out non-testable methods...
21:56:21.439 [INFO]  [Creating] Filtering of methods complete. Creating analysis request
21:56:21.440 [INFO]  [Creating] Attempting to get service client, retry 1.
21:56:21.448 [INFO]  [Creating] Starting monitoring server.
21:56:21.613 [INFO]  [Creating] Monitoring server listening on localhost/127.0.0.1:54972
21:56:21.615 [INFO]  [Creating] Starting analyzer server process...
21:56:21.616 [INFO]  [Creating] Server command-line: C:\Program Files\Java\jdk-17\bin\java.exe -XX:+IgnoreUnrecognizedVMOptions -Djdk.attach.allowAttachSelf=true -ea -javaagent:C:\DiffblueCoverProduct\launcher-shared-jar.jar -Dlogback.configurationFile=C:\Users\cbontoiu\AppData\Local\Temp\diffblue\config\logback-remote-service.xml -Dcom.diffblue.springIsolationJar=C:\DiffblueCoverProduct\cover-isolation-layer.jar -Dcover.jar.path=C:\DiffblueCoverProduct\cover-service-analyzer.jar -Dcom.diffblue.assertionSuggestionJar=C:\DiffblueCoverProduct\cover-service-analyzer.jar -Dcover.main.class=com.diffblue.cover.service.analyzer.Main -jar C:\DiffblueCoverProduct\launcher-shared-jar.jar --service-lifespan 120 --monitoring-service-port 54972 --index-service-port 54972 --debug-log
21:56:21.626 [INFO]  [Creating] Server started. Waiting up to 300 seconds for a connection to be established...
21:56:22.461 [INFO]  [Creating] Starting new remote monitor client
21:56:23.148 [INFO]  [Creating] Attempting to start remote server.
21:56:23.417 [INFO]  [Creating] Server started, listening on localhost/127.0.0.1:54974
21:56:23.641 [INFO]  [Creating] Expect analyzer service to be listening on port 54974.
21:56:24.293 [INFO]  [Creating] Started analyzer service and client retrieved.
21:56:27.524 [INFO]  [Creating] 
================================================================================
= Creating tests for 'source.A.<init>:()V' using 'TrM (!sp, !fnm, df, !ris)'
================================================================================
21:56:30.740 [INFO]  [Creating]     [1/6] source.A.<init>
21:56:30.740 [INFO]  [Creating]     [1/6]   Tests created: 1
21:56:30.744 [INFO]  [Creating] 
================================================================================
= Creating tests for 'source.A.method:(D)I' using 'SiM (!sp, fnm, df, !ris)'
================================================================================
21:56:33.216 [INFO]  [Creating] Created 1+0 tests and partial tests via 'SiM (!sp, fnm, df, !ris)', 1/2, returning all 1
21:56:33.420 [INFO]  [Creating]     [2/6] source.A.method
21:56:33.420 [INFO]  [Creating]     [2/6]   Tests created: 1
21:56:33.439 [INFO]  [Creating] [1/3] source.A
21:56:33.441 [INFO]  [Creating] [1/3]   Tests created: 2
21:56:33.444 [INFO]  [Creating] 
================================================================================
= Starting analysis for class 'source.B'
================================================================================
21:56:33.444 [INFO]  [Creating] Filtering out non-testable methods...
21:56:33.444 [INFO]  [Creating] Filtering of methods complete. Creating analysis request
21:56:33.445 [INFO]  [Creating] Attempting to get service client, retry 1.
21:56:33.526 [INFO]  [Creating] 
================================================================================
= Creating tests for 'source.B.<init>:()V' using 'TrM (!sp, !fnm, df, !ris)'
================================================================================
21:56:33.727 [INFO]  [Creating]     [3/6] source.B.<init>
21:56:33.727 [INFO]  [Creating]     [3/6]   Tests created: 1
21:56:33.731 [INFO]  [Creating] 
================================================================================
= Creating tests for 'source.B.method:(D)I' using 'SiM (!sp, fnm, df, !ris)'
================================================================================
21:56:33.976 [INFO]  [Creating] Created 1+0 tests and partial tests via 'SiM (!sp, fnm, df, !ris)', 1/2, returning all 1
21:56:34.104 [INFO]  [Creating]     [4/6] source.B.method
21:56:34.104 [INFO]  [Creating]     [4/6]   Tests created: 1
21:56:34.111 [INFO]  [Creating] [2/3] source.B
21:56:34.113 [INFO]  [Creating] [2/3]   Tests created: 2
21:56:34.114 [INFO]  [Creating] 
================================================================================
= Starting analysis for class 'source.C'
================================================================================
21:56:34.114 [INFO]  [Creating] Filtering out non-testable methods...
21:56:34.115 [INFO]  [Creating] Filtering of methods complete. Creating analysis request
21:56:34.115 [INFO]  [Creating] Attempting to get service client, retry 1.
21:56:34.169 [INFO]  [Creating] 
================================================================================
= Creating tests for 'source.C.<init>:()V' using 'TrM (!sp, !fnm, df, !ris)'
================================================================================
21:56:34.328 [INFO]  [Creating]     [5/6] source.C.<init>
21:56:34.328 [INFO]  [Creating]     [5/6]   Tests created: 1
21:56:34.332 [INFO]  [Creating] 
================================================================================
= Creating tests for 'source.C.method:(D)I' using 'SiM (!sp, fnm, df, !ris)'
================================================================================
21:56:34.548 [INFO]  [Creating] Created 1+0 tests and partial tests via 'SiM (!sp, fnm, df, !ris)', 1/2, returning all 1
21:56:34.668 [INFO]  [Creating]     [6/6] source.C.method
21:56:34.668 [INFO]  [Creating]     [6/6]   Tests created: 1
21:56:34.675 [INFO]  [Creating] [3/3] source.C
21:56:34.677 [INFO]  [Creating] [3/3]   Tests created: 2
21:56:34.683 [INFO]  [Reporting] 
21:56:34.684 [INFO]  [Reporting] Summary:
21:56:34.685 [INFO]  [Reporting] --------
21:56:34.685 [INFO]  [Reporting] Total:                                               6 methods
21:56:34.686 [INFO]  [Reporting] 6 tests created for:                                 6 methods
21:56:34.687 [INFO]  [Reporting] 
21:56:34.853 [INFO]  [Validating] 
21:56:34.854 [INFO]  [Validating] Running validation command.
21:56:34.860 [INFO]  [Validating] Running: Using JAVA_HOME: C:\Program Files\Java\jdk-17 : in C:\Users\cbontoiu\Desktop\DiffblueTutorials\DemoCLI\extra : gradle test -i  
21:56:36.170 [INFO]  [Validating] Standard output of build tool (gradle)
21:56:36.171 [INFO]  [Validating] > The client will now receive all logging from the daemon (pid: 7736). The daemon log file: C:\Users\cbontoiu\.gradle\daemon\8.2\daemon-7736.out.log
21:56:36.171 [INFO]  [Validating] > Starting 7th build in daemon [uptime: 1 hrs 7 mins 36.344 secs, performance: 100%, GC rate: 0.00/s, heap usage: 0% of 3.9 GiB]
21:56:36.171 [INFO]  [Validating] > Closing daemon's stdin at end of input.
21:56:36.171 [INFO]  [Validating] > The daemon will no longer process any standard input.
21:56:36.171 [INFO]  [Validating] > Using 8 worker leases.
21:56:36.171 [INFO]  [Validating] > Now considering [C:\Users\cbontoiu\Desktop\DiffblueTutorials\DemoCLI] as hierarchies to watch
21:56:36.171 [INFO]  [Validating] > Watching the file system is configured to be enabled if available
21:56:36.171 [INFO]  [Validating] > File system watching is active
21:56:36.171 [INFO]  [Validating] > Starting Build
21:56:36.171 [INFO]  [Validating] > Settings evaluated using settings file 'C:\Users\cbontoiu\Desktop\DiffblueTutorials\DemoCLI\settings.gradle'.
21:56:36.171 [INFO]  [Validating] > Projects loaded. Root project using build file 'C:\Users\cbontoiu\Desktop\DiffblueTutorials\DemoCLI\build.gradle'.
21:56:36.171 [INFO]  [Validating] > Included projects: [root project 'DemoCLI', project ':app', project ':common', project ':extra']
21:56:36.171 [INFO]  [Validating] > 
21:56:36.171 [INFO]  [Validating] > > Configure project :
21:56:36.171 [INFO]  [Validating] > Evaluating root project 'DemoCLI' using build file 'C:\Users\cbontoiu\Desktop\DiffblueTutorials\DemoCLI\build.gradle'.
21:56:36.172 [INFO]  [Validating] > 
21:56:36.172 [INFO]  [Validating] > > Configure project :app
21:56:36.172 [INFO]  [Validating] > Evaluating project ':app' using build file 'C:\Users\cbontoiu\Desktop\DiffblueTutorials\DemoCLI\app\build.gradle'.
21:56:36.172 [INFO]  [Validating] > 
21:56:36.172 [INFO]  [Validating] > > Configure project :common
21:56:36.172 [INFO]  [Validating] > Evaluating project ':common' using build file 'C:\Users\cbontoiu\Desktop\DiffblueTutorials\DemoCLI\common\build.gradle'.
21:56:36.172 [INFO]  [Validating] > 
21:56:36.172 [INFO]  [Validating] > > Configure project :extra
21:56:36.172 [INFO]  [Validating] > Evaluating project ':extra' using build file 'C:\Users\cbontoiu\Desktop\DiffblueTutorials\DemoCLI\extra\build.gradle'.
21:56:36.172 [INFO]  [Validating] > All projects evaluated.
21:56:36.172 [INFO]  [Validating] > Task path ':extra:test' matched project ':extra'
21:56:36.172 [INFO]  [Validating] > Task name matched 'test'
21:56:36.172 [INFO]  [Validating] > Selected primary task 'test' from project :extra
21:56:36.172 [INFO]  [Validating] > The configuration :extra:mainSourceElements is both consumable and declarable. This combination is incorrect, only one of these flags should be set.
21:56:36.172 [INFO]  [Validating] > Tasks to be executed: [task ':extra:compileJava', task ':extra:processResources', task ':extra:classes', task ':extra:compileTestJava', task ':extra:processTestResources', task ':extra:testClasses', task ':extra:test']
21:56:36.172 [INFO]  [Validating] > Tasks that were excluded: []
21:56:36.172 [INFO]  [Validating] > Resolve mutations for :extra:compileJava (Thread[Execution worker,5,main]) started.
21:56:36.172 [INFO]  [Validating] > :extra:compileJava (Thread[Execution worker,5,main]) started.
21:56:36.172 [INFO]  [Validating] > 
21:56:36.172 [INFO]  [Validating] > > Task :extra:compileJava UP-TO-DATE
21:56:36.172 [INFO]  [Validating] > Caching disabled for task ':extra:compileJava' because:
21:56:36.172 [INFO]  [Validating] >   Build cache is disabled
21:56:36.172 [INFO]  [Validating] > Skipping task ':extra:compileJava' as it is up-to-date.
21:56:36.172 [INFO]  [Validating] > Resolve mutations for :extra:processResources (Thread[Execution worker,5,main]) started.
21:56:36.173 [INFO]  [Validating] > :extra:processResources (Thread[Execution worker,5,main]) started.
21:56:36.173 [INFO]  [Validating] > 
21:56:36.173 [INFO]  [Validating] > > Task :extra:processResources NO-SOURCE
21:56:36.173 [INFO]  [Validating] > Skipping task ':extra:processResources' as it has no source files and no previous output files.
21:56:36.173 [INFO]  [Validating] > Resolve mutations for :extra:classes (Thread[Execution worker,5,main]) started.
21:56:36.173 [INFO]  [Validating] > :extra:classes (Thread[Execution worker,5,main]) started.
21:56:36.173 [INFO]  [Validating] > 
21:56:36.173 [INFO]  [Validating] > > Task :extra:classes UP-TO-DATE
21:56:36.173 [INFO]  [Validating] > Skipping task ':extra:classes' as it has no actions.
21:56:36.173 [INFO]  [Validating] > Resolve mutations for :extra:compileTestJava (Thread[Execution worker,5,main]) started.
21:56:36.173 [INFO]  [Validating] > :extra:compileTestJava (Thread[Execution worker,5,main]) started.
21:56:36.173 [INFO]  [Validating] > 
21:56:36.173 [INFO]  [Validating] > > Task :extra:compileTestJava UP-TO-DATE
21:56:36.173 [INFO]  [Validating] > Caching disabled for task ':extra:compileTestJava' because:
21:56:36.173 [INFO]  [Validating] >   Build cache is disabled
21:56:36.173 [INFO]  [Validating] > Task ':extra:compileTestJava' is not up-to-date because:
21:56:36.173 [INFO]  [Validating] >   Input property 'stableSources' file C:\Users\cbontoiu\Desktop\DiffblueTutorials\DemoCLI\extra\src\test\java\DummyJUnitJupiterLauncherDiffblueTest.java has been removed.
21:56:36.173 [INFO]  [Validating] > Created classpath snapshot for incremental compilation in 0.003 secs.
21:56:36.173 [INFO]  [Validating] > None of the classes needs to be compiled! Analysis took 0.01 secs. 
21:56:36.173 [INFO]  [Validating] > Resolve mutations for :extra:processTestResources (Thread[Execution worker,5,main]) started.
21:56:36.173 [INFO]  [Validating] > :extra:processTestResources (Thread[Execution worker,5,main]) started.
21:56:36.173 [INFO]  [Validating] > 
21:56:36.173 [INFO]  [Validating] > > Task :extra:processTestResources NO-SOURCE
21:56:36.173 [INFO]  [Validating] > Skipping task ':extra:processTestResources' as it has no source files and no previous output files.
21:56:36.173 [INFO]  [Validating] > Resolve mutations for :extra:testClasses (Thread[Execution worker,5,main]) started.
21:56:36.173 [INFO]  [Validating] > :extra:testClasses (Thread[Execution worker,5,main]) started.
21:56:36.173 [INFO]  [Validating] > 
21:56:36.173 [INFO]  [Validating] > > Task :extra:testClasses UP-TO-DATE
21:56:36.174 [INFO]  [Validating] > Skipping task ':extra:testClasses' as it has no actions.
21:56:36.174 [INFO]  [Validating] > Resolve mutations for :extra:test (Thread[Execution worker,5,main]) started.
21:56:36.174 [INFO]  [Validating] > :extra:test (Thread[Execution worker,5,main]) started.
21:56:36.174 [INFO]  [Validating] > Gradle Test Executor 6 started executing tests.
21:56:36.174 [INFO]  [Validating] > Gradle Test Executor 6 finished executing tests.
21:56:36.174 [INFO]  [Validating] > 
21:56:36.174 [INFO]  [Validating] > > Task :extra:test
21:56:36.174 [INFO]  [Validating] > Caching disabled for task ':extra:test' because:
21:56:36.174 [INFO]  [Validating] >   Build cache is disabled
21:56:36.174 [INFO]  [Validating] > Task ':extra:test' is not up-to-date because:
21:56:36.174 [INFO]  [Validating] >   Value of input property 'filter.failOnNoMatchingTests' has changed for task ':extra:test'
21:56:36.174 [INFO]  [Validating] >   Value of input property 'filter.includePatterns' has changed for task ':extra:test'
21:56:36.174 [INFO]  [Validating] > Starting process 'Gradle Test Executor 6'. Working directory: C:\Users\cbontoiu\Desktop\DiffblueTutorials\DemoCLI\extra Command: C:\Program Files\Java\jdk-17\bin\java.exe -Dorg.gradle.internal.worker.tmpdir=C:\Users\cbontoiu\Desktop\DiffblueTutorials\DemoCLI\extra\build\tmp\test\work -Dorg.gradle.native=false @C:\Users\cbontoiu\.gradle\.tmp\gradle-worker-classpath6404716217464559210txt -Xmx512m -Dfile.encoding=windows-1252 -Duser.country=GB -Duser.language=en -Duser.variant -ea worker.org.gradle.process.internal.worker.GradleWorkerMain 'Gradle Test Executor 6'
21:56:36.174 [INFO]  [Validating] > Successfully started process 'Gradle Test Executor 6'
21:56:36.174 [INFO]  [Validating] > Finished generating test XML results (0.005 secs) into: C:\Users\cbontoiu\Desktop\DiffblueTutorials\DemoCLI\extra\build\test-results\test
21:56:36.174 [INFO]  [Validating] > Generating HTML test report...
21:56:36.174 [INFO]  [Validating] > Finished generating test html results (0.012 secs) into: C:\Users\cbontoiu\Desktop\DiffblueTutorials\DemoCLI\extra\build\reports\tests\test
21:56:36.174 [INFO]  [Validating] > 
21:56:36.174 [INFO]  [Validating] > Deprecated Gradle features were used in this build, making it incompatible with Gradle 9.0.
21:56:36.174 [INFO]  [Validating] > 
21:56:36.174 [INFO]  [Validating] > You can use '--warning-mode all' to show the individual deprecation warnings and determine if they come from your own scripts or plugins.
21:56:36.174 [INFO]  [Validating] > 
21:56:36.174 [INFO]  [Validating] > For more on this, please refer to https://docs.gradle.org/8.2/userguide/command_line_interface.html#sec:command_line_warnings in the Gradle documentation.
21:56:36.174 [INFO]  [Validating] > 
21:56:36.174 [INFO]  [Validating] > BUILD SUCCESSFUL in 1s
21:56:36.174 [INFO]  [Validating] > 3 actionable tasks: 1 executed, 2 up-to-date
21:56:36.175 [INFO]  [Validating] > Watched directory hierarchies: [C:\Users\cbontoiu\Desktop\DiffblueTutorials\DemoCLI]
21:56:36.175 [INFO]  [Validating] Standard error of build tool (gradle)
21:56:36.175 [INFO]  [Validating] > 
21:56:36.185 [INFO]  [Validating] All 6 created tests were successfully validated.
21:56:36.265 [INFO]  [Reporting] Writing JSON report to C:\Users\cbontoiu\Desktop\DiffblueTutorials\DemoCLI\extra\.diffblue\reports\report.json
21:56:36.313 [INFO]  [Reporting] Log file: C:\Users\cbontoiu\Desktop\DiffblueTutorials\DemoCLI\extra\.diffblue\log\user-20230917T215610.log
21:56:36.314 [INFO]  [Reporting] Finished in 25s
