22:09:31.931 [INFO]  [Preparing] Diffblue Cover 2023.09.01-9200f07-unrestricted
22:09:31.932 [INFO]  [Preparing] 
22:09:31.932 [INFO]  [Preparing] Running: dcover create --working-directory=extra source --keep-partial-tests
22:09:33.900 [INFO]  [Checking] Detecting environment:
22:09:33.901 [INFO]  [Checking] ----------------------
22:09:33.978 [INFO]  [Checking] Detected Java version 17.0.6
22:09:36.240 [INFO]  [Checking] Detected build system: Gradle 8.2
22:09:36.244 [INFO]  [Checking] Operating System: Windows 11 amd64 10.0
22:09:36.245 [INFO]  [Checking] Default charset: windows-1252
22:09:36.245 [INFO]  [Checking] Default locale: en_GB
22:09:36.245 [INFO]  [Checking] Default time zone: Europe/London
22:09:36.247 [INFO]  [Checking] Selected build system: Gradle
22:09:36.250 [INFO]  [Checking] Selected classpath from build system Gradle
22:09:36.252 [INFO]  [Checking] Expanded classpath: 
C:\Users\cbontoiu\Desktop\DiffblueTutorials\DemoCLI\extra\build\classes\java\main (code under test)
C:\Users\cbontoiu\Desktop\DiffblueTutorials\DemoCLI\extra\build\resources\test
C:\Users\cbontoiu\Desktop\DiffblueTutorials\DemoCLI\extra\build\resources\main
C:\Users\cbontoiu\.gradle\caches\modules-2\files-2.1\org.junit.jupiter\junit-jupiter\5.9.1\9274d3757e224bc02eae367bd481062a263c150b\junit-jupiter-5.9.1.jar
C:\Users\cbontoiu\.gradle\caches\modules-2\files-2.1\org.junit.jupiter\junit-jupiter-params\5.9.1\ffcd1013edaeee112be11fcddeb38882d79238de\junit-jupiter-params-5.9.1.jar
C:\Users\cbontoiu\.gradle\caches\modules-2\files-2.1\org.junit.jupiter\junit-jupiter-engine\5.9.1\1bf771097bde296c3ab174861954e8aafaaf2e94\junit-jupiter-engine-5.9.1.jar
C:\Users\cbontoiu\.gradle\caches\modules-2\files-2.1\org.junit.jupiter\junit-jupiter-api\5.9.1\7bb53fbc0173e9f6a9d21d58297af94b1f2f9ce1\junit-jupiter-api-5.9.1.jar
C:\Users\cbontoiu\.gradle\caches\modules-2\files-2.1\org.junit.platform\junit-platform-engine\1.9.1\83591e5089d6cea5f324aa3ecca9b19d5a275803\junit-platform-engine-1.9.1.jar
C:\Users\cbontoiu\.gradle\caches\modules-2\files-2.1\org.junit.platform\junit-platform-commons\1.9.1\3145f821b5cd10abcdc5f925baa5fffa6f1b628f\junit-platform-commons-1.9.1.jar
C:\Users\cbontoiu\.gradle\caches\modules-2\files-2.1\org.mockito\mockito-core\5.4.0\30bcbe79f7bd51b53debfc4c6014d0bea4935e37\mockito-core-5.4.0.jar
C:\Users\cbontoiu\.gradle\caches\modules-2\files-2.1\net.bytebuddy\byte-buddy\1.14.5\28a424c0c4f362568e904d992c239c996cf7adc7\byte-buddy-1.14.5.jar
C:\Users\cbontoiu\.gradle\caches\modules-2\files-2.1\net.bytebuddy\byte-buddy-agent\1.14.5\20f4e9b9d0ffb953657bfa4b92c0cceb27907d58\byte-buddy-agent-1.14.5.jar
C:\Users\cbontoiu\.gradle\caches\modules-2\files-2.1\org.objenesis\objenesis\3.3\1049c09f1de4331e8193e579448d0916d75b7631\objenesis-3.3.jar
C:\Users\cbontoiu\.gradle\caches\modules-2\files-2.1\org.opentest4j\opentest4j\1.2.0\28c11eb91f9b6d8e200631d46e20a7f407f2a046\opentest4j-1.2.0.jar
22:09:36.384 [INFO]  [Checking] Detected test framework: JUnit Jupiter 5.9.1
22:09:36.389 [INFO]  [Checking] Detected JUnit Jupiter version 5.9.1
22:09:36.392 [INFO]  [Checking] Detected JUnit Jupiter Params version 5.9.1
22:09:36.422 [INFO]  [Checking] Detected Mockito version 5.4.0
22:09:36.898 [INFO]  [Checking] Indexing...
22:09:37.410 [INFO]  [Checking] Selected test output directory: C:\Users\cbontoiu\Desktop\DiffblueTutorials\DemoCLI\extra\src\test\java
22:09:37.419 [INFO]  [Checking] Running: Using JAVA_HOME: C:\Program Files\Java\jdk-17 : in C:\Users\cbontoiu\Desktop\DiffblueTutorials\DemoCLI\extra : gradle test -i  DummyJupiterDiffblueTest
22:09:39.151 [INFO]  [Checking] Selected test framework: JUnit Jupiter
22:09:39.193 [INFO]  [Checking] Running: Using JAVA_HOME: C:\Program Files\Java\jdk-17 : in C:\Users\cbontoiu\Desktop\DiffblueTutorials\DemoCLI\extra : gradle test -i  DummyJUnitJupiterLauncherDiffblueTest
22:09:40.334 [INFO]  [Checking] Detected JVM architecture: 64-Bit
22:09:40.969 [INFO]  [Checking] Selected Java language compliance level: 17
22:09:40.971 [INFO]  [Checking] Selected test validation: enabled
22:09:40.974 [INFO]  [Checking] Prefixes for filtering classes/methods:
22:09:40.976 [INFO]  [Checking] - source
22:09:40.977 [INFO]  [Checking] Gathering methods to test...
22:09:41.785 [INFO]  [Reporting] 
22:09:41.785 [INFO]  [Reporting] Environment summary:
22:09:41.785 [INFO]  [Reporting] --------------------
22:09:41.789 [INFO]  [Reporting] Java version                  17.0.6                        SUCCESS        
22:09:41.789 [INFO]  [Reporting] Build system                  Gradle                        SUCCESS        
22:09:41.789 [INFO]  [Reporting] Mocking Framework             Mockito 5.4.0                 SUCCESS        
22:09:41.789 [INFO]  [Reporting] Testing framework             JUnit Jupiter 5               SUCCESS        
22:09:41.789 [INFO]  [Reporting] Launcher                      JUnit Jupiter                 SUCCESS        
22:09:41.789 [INFO]  [Reporting] Test validation               Enabled                       SUCCESS        
22:09:41.789 [INFO]  [Reporting] 
22:09:41.790 [INFO]  [Reporting] Environment check status: SUCCESS
22:09:41.826 [INFO]  [Creating] Found 10 callable methods in 5 classes
22:09:41.828 [INFO]  [Creating] 
22:09:41.829 [INFO]  [Creating] Creating tests:
22:09:41.829 [INFO]  [Creating] ---------------
22:09:41.849 [INFO]  [Creating] 
================================================================================
= Starting analysis for class 'source.A'
================================================================================
22:09:41.850 [INFO]  [Creating] Filtering out non-testable methods...
22:09:43.371 [INFO]  [Creating] Filtering of methods complete. Creating analysis request
22:09:43.375 [INFO]  [Creating] Attempting to get service client, retry 1.
22:09:43.382 [INFO]  [Creating] Starting monitoring server.
22:09:43.551 [INFO]  [Creating] Monitoring server listening on localhost/127.0.0.1:55382
22:09:43.554 [INFO]  [Creating] Starting analyzer server process...
22:09:43.554 [INFO]  [Creating] Server command-line: C:\Program Files\Java\jdk-17\bin\java.exe -XX:+IgnoreUnrecognizedVMOptions -Djdk.attach.allowAttachSelf=true -ea -javaagent:C:\DiffblueCoverProduct\launcher-shared-jar.jar -Dlogback.configurationFile=C:\Users\cbontoiu\AppData\Local\Temp\diffblue\config\logback-remote-service.xml -Dcom.diffblue.springIsolationJar=C:\DiffblueCoverProduct\cover-isolation-layer.jar -Dcover.jar.path=C:\DiffblueCoverProduct\cover-service-analyzer.jar -Dcom.diffblue.assertionSuggestionJar=C:\DiffblueCoverProduct\cover-service-analyzer.jar -Dcover.main.class=com.diffblue.cover.service.analyzer.Main -jar C:\DiffblueCoverProduct\launcher-shared-jar.jar --service-lifespan 120 --monitoring-service-port 55382 --index-service-port 55382 --debug-log
22:09:43.563 [INFO]  [Creating] Server started. Waiting up to 300 seconds for a connection to be established...
22:09:44.394 [INFO]  [Creating] Starting new remote monitor client
22:09:45.078 [INFO]  [Creating] Attempting to start remote server.
22:09:45.344 [INFO]  [Creating] Server started, listening on localhost/127.0.0.1:55384
22:09:45.587 [INFO]  [Creating] Expect analyzer service to be listening on port 55384.
22:09:46.224 [INFO]  [Creating] Started analyzer service and client retrieved.
22:09:48.773 [INFO]  [Creating] 
================================================================================
= Creating tests for 'source.A.<init>:()V' using 'TrM (!sp, !fnm, df, !ris)'
================================================================================
22:09:50.682 [INFO]  [Creating]      [1/10] source.A.<init>
22:09:50.682 [INFO]  [Creating]      [1/10]   Tests created: 1
22:09:50.685 [INFO]  [Creating] 
================================================================================
= Creating tests for 'source.A.method:(D)I' using 'SiM (!sp, fnm, df, !ris)'
================================================================================
22:09:52.302 [INFO]  [Creating] Created 1+0 tests and partial tests via 'SiM (!sp, fnm, df, !ris)', 1/2, returning all 1
22:09:52.432 [INFO]  [Creating]      [2/10] source.A.method
22:09:52.432 [INFO]  [Creating]      [2/10]   Tests created: 1
22:09:52.443 [INFO]  [Creating] [1/5] source.A
22:09:52.444 [INFO]  [Creating] [1/5]   Tests created: 2
22:09:52.445 [INFO]  [Creating] 
================================================================================
= Starting analysis for class 'source.B'
================================================================================
22:09:52.445 [INFO]  [Creating] Filtering out non-testable methods...
22:09:52.446 [INFO]  [Creating] Filtering of methods complete. Creating analysis request
22:09:52.446 [INFO]  [Creating] Attempting to get service client, retry 1.
22:09:52.496 [INFO]  [Creating] 
================================================================================
= Creating tests for 'source.B.<init>:()V' using 'TrM (!sp, !fnm, df, !ris)'
================================================================================
22:09:52.614 [INFO]  [Creating]      [3/10] source.B.<init>
22:09:52.615 [INFO]  [Creating]      [3/10]   Tests created: 1
22:09:52.617 [INFO]  [Creating] 
================================================================================
= Creating tests for 'source.B.method:(D)I' using 'SiM (!sp, fnm, df, !ris)'
================================================================================
22:09:52.815 [INFO]  [Creating] Created 1+0 tests and partial tests via 'SiM (!sp, fnm, df, !ris)', 1/2, returning all 1
22:09:52.885 [INFO]  [Creating]      [4/10] source.B.method
22:09:52.885 [INFO]  [Creating]      [4/10]   Tests created: 1
22:09:52.891 [INFO]  [Creating] [2/5] source.B
22:09:52.892 [INFO]  [Creating] [2/5]   Tests created: 2
22:09:52.893 [INFO]  [Creating] 
================================================================================
= Starting analysis for class 'source.C'
================================================================================
22:09:52.893 [INFO]  [Creating] Filtering out non-testable methods...
22:09:52.893 [INFO]  [Creating] Filtering of methods complete. Creating analysis request
22:09:52.893 [INFO]  [Creating] Attempting to get service client, retry 1.
22:09:52.930 [INFO]  [Creating] 
================================================================================
= Creating tests for 'source.C.<init>:()V' using 'TrM (!sp, !fnm, df, !ris)'
================================================================================
22:09:53.038 [INFO]  [Creating]      [5/10] source.C.<init>
22:09:53.038 [INFO]  [Creating]      [5/10]   Tests created: 1
22:09:53.041 [INFO]  [Creating] 
================================================================================
= Creating tests for 'source.C.method:(D)I' using 'SiM (!sp, fnm, df, !ris)'
================================================================================
22:09:53.194 [INFO]  [Creating] Created 1+0 tests and partial tests via 'SiM (!sp, fnm, df, !ris)', 1/2, returning all 1
22:09:53.268 [INFO]  [Creating]      [6/10] source.C.method
22:09:53.268 [INFO]  [Creating]      [6/10]   Tests created: 1
22:09:53.274 [INFO]  [Creating] [3/5] source.C
22:09:53.275 [INFO]  [Creating] [3/5]   Tests created: 2
22:09:53.276 [INFO]  [Creating] 
================================================================================
= Starting analysis for class 'source.D'
================================================================================
22:09:53.276 [INFO]  [Creating] Filtering out non-testable methods...
22:09:53.277 [INFO]  [Creating] Filtering of methods complete. Creating analysis request
22:09:53.277 [INFO]  [Creating] Attempting to get service client, retry 1.
22:09:53.322 [INFO]  [Creating] 
================================================================================
= Creating tests for 'source.D.<init>:()V' using 'TrM (!sp, !fnm, df, !ris)'
================================================================================
22:09:53.458 [INFO]  [Creating]      [7/10] source.D.<init>
22:09:53.458 [INFO]  [Creating]      [7/10]   Tests created: 1
22:09:53.461 [INFO]  [Creating] 
================================================================================
= Creating tests for 'source.D.method:(D)I' using 'SiM (!sp, fnm, df, !ris)'
================================================================================
22:09:53.594 [INFO]  [Creating] Created 1+0 tests and partial tests via 'SiM (!sp, fnm, df, !ris)', 1/2, returning all 1
22:09:53.656 [INFO]  [Creating]      [8/10] source.D.method
22:09:53.657 [INFO]  [Creating]      [8/10]   Tests created: 1
22:09:53.662 [INFO]  [Creating] [4/5] source.D
22:09:53.662 [INFO]  [Creating] [4/5]   Tests created: 2
22:09:53.663 [INFO]  [Creating] 
================================================================================
= Starting analysis for class 'source.E'
================================================================================
22:09:53.663 [INFO]  [Creating] Filtering out non-testable methods...
22:09:53.664 [INFO]  [Creating] Filtering of methods complete. Creating analysis request
22:09:53.664 [INFO]  [Creating] Attempting to get service client, retry 1.
22:09:53.708 [INFO]  [Creating] 
================================================================================
= Creating tests for 'source.E.<init>:()V' using 'TrM (!sp, !fnm, df, !ris)'
================================================================================
22:09:53.792 [INFO]  [Creating]      [9/10] source.E.<init>
22:09:53.792 [INFO]  [Creating]      [9/10]   Tests created: 1
22:09:53.795 [INFO]  [Creating] 
================================================================================
= Creating tests for 'source.E.method:(D)I' using 'SiM (!sp, fnm, df, !ris)'
================================================================================
22:09:53.900 [INFO]  [Creating] Created 1+0 tests and partial tests via 'SiM (!sp, fnm, df, !ris)', 1/2, returning all 1
22:09:53.961 [INFO]  [Creating]     [10/10] source.E.method
22:09:53.961 [INFO]  [Creating]     [10/10]   Tests created: 1
22:09:53.966 [INFO]  [Creating] [5/5] source.E
22:09:53.967 [INFO]  [Creating] [5/5]   Tests created: 2
22:09:53.974 [INFO]  [Reporting] 
22:09:53.975 [INFO]  [Reporting] Summary:
22:09:53.976 [INFO]  [Reporting] --------
22:09:53.977 [INFO]  [Reporting] Total:                                              10 methods
22:09:53.977 [INFO]  [Reporting] 10 tests created for:                               10 methods
22:09:53.978 [INFO]  [Reporting] 
22:09:54.131 [INFO]  [Validating] 
22:09:54.131 [INFO]  [Validating] Running validation command.
22:09:54.135 [INFO]  [Validating] Running: Using JAVA_HOME: C:\Program Files\Java\jdk-17 : in C:\Users\cbontoiu\Desktop\DiffblueTutorials\DemoCLI\extra : gradle test -i  
22:09:55.243 [INFO]  [Validating] Standard output of build tool (gradle)
22:09:55.243 [INFO]  [Validating] > The client will now receive all logging from the daemon (pid: 7736). The daemon log file: C:\Users\cbontoiu\.gradle\daemon\8.2\daemon-7736.out.log
22:09:55.243 [INFO]  [Validating] > Starting 16th build in daemon [uptime: 1 hrs 20 mins 55.607 secs, performance: 100%, GC rate: 0.00/s, heap usage: 0% of 3.9 GiB]
22:09:55.243 [INFO]  [Validating] > Closing daemon's stdin at end of input.
22:09:55.243 [INFO]  [Validating] > The daemon will no longer process any standard input.
22:09:55.243 [INFO]  [Validating] > Using 8 worker leases.
22:09:55.243 [INFO]  [Validating] > Now considering [C:\Users\cbontoiu\Desktop\DiffblueTutorials\DemoCLI] as hierarchies to watch
22:09:55.243 [INFO]  [Validating] > Watching the file system is configured to be enabled if available
22:09:55.244 [INFO]  [Validating] > File system watching is active
22:09:55.244 [INFO]  [Validating] > Starting Build
22:09:55.244 [INFO]  [Validating] > Settings evaluated using settings file 'C:\Users\cbontoiu\Desktop\DiffblueTutorials\DemoCLI\settings.gradle'.
22:09:55.244 [INFO]  [Validating] > Projects loaded. Root project using build file 'C:\Users\cbontoiu\Desktop\DiffblueTutorials\DemoCLI\build.gradle'.
22:09:55.244 [INFO]  [Validating] > Included projects: [root project 'DemoCLI', project ':app', project ':common', project ':extra']
22:09:55.244 [INFO]  [Validating] > 
22:09:55.244 [INFO]  [Validating] > > Configure project :
22:09:55.244 [INFO]  [Validating] > Evaluating root project 'DemoCLI' using build file 'C:\Users\cbontoiu\Desktop\DiffblueTutorials\DemoCLI\build.gradle'.
22:09:55.244 [INFO]  [Validating] > 
22:09:55.244 [INFO]  [Validating] > > Configure project :app
22:09:55.244 [INFO]  [Validating] > Evaluating project ':app' using build file 'C:\Users\cbontoiu\Desktop\DiffblueTutorials\DemoCLI\app\build.gradle'.
22:09:55.244 [INFO]  [Validating] > 
22:09:55.244 [INFO]  [Validating] > > Configure project :common
22:09:55.244 [INFO]  [Validating] > Evaluating project ':common' using build file 'C:\Users\cbontoiu\Desktop\DiffblueTutorials\DemoCLI\common\build.gradle'.
22:09:55.244 [INFO]  [Validating] > 
22:09:55.244 [INFO]  [Validating] > > Configure project :extra
22:09:55.244 [INFO]  [Validating] > Evaluating project ':extra' using build file 'C:\Users\cbontoiu\Desktop\DiffblueTutorials\DemoCLI\extra\build.gradle'.
22:09:55.244 [INFO]  [Validating] > All projects evaluated.
22:09:55.244 [INFO]  [Validating] > Task path ':extra:test' matched project ':extra'
22:09:55.244 [INFO]  [Validating] > Task name matched 'test'
22:09:55.244 [INFO]  [Validating] > Selected primary task 'test' from project :extra
22:09:55.244 [INFO]  [Validating] > The configuration :extra:mainSourceElements is both consumable and declarable. This combination is incorrect, only one of these flags should be set.
22:09:55.244 [INFO]  [Validating] > Tasks to be executed: [task ':extra:compileJava', task ':extra:processResources', task ':extra:classes', task ':extra:compileTestJava', task ':extra:processTestResources', task ':extra:testClasses', task ':extra:test']
22:09:55.244 [INFO]  [Validating] > Tasks that were excluded: []
22:09:55.244 [INFO]  [Validating] > Resolve mutations for :extra:compileJava (Thread[Execution worker,5,main]) started.
22:09:55.244 [INFO]  [Validating] > :extra:compileJava (Thread[Execution worker,5,main]) started.
22:09:55.244 [INFO]  [Validating] > 
22:09:55.244 [INFO]  [Validating] > > Task :extra:compileJava UP-TO-DATE
22:09:55.244 [INFO]  [Validating] > Caching disabled for task ':extra:compileJava' because:
22:09:55.244 [INFO]  [Validating] >   Build cache is disabled
22:09:55.245 [INFO]  [Validating] > Skipping task ':extra:compileJava' as it is up-to-date.
22:09:55.245 [INFO]  [Validating] > Resolve mutations for :extra:processResources (Thread[Execution worker,5,main]) started.
22:09:55.245 [INFO]  [Validating] > :extra:processResources (Thread[Execution worker,5,main]) started.
22:09:55.245 [INFO]  [Validating] > 
22:09:55.245 [INFO]  [Validating] > > Task :extra:processResources NO-SOURCE
22:09:55.245 [INFO]  [Validating] > Skipping task ':extra:processResources' as it has no source files and no previous output files.
22:09:55.245 [INFO]  [Validating] > Resolve mutations for :extra:classes (Thread[Execution worker,5,main]) started.
22:09:55.245 [INFO]  [Validating] > :extra:classes (Thread[Execution worker,5,main]) started.
22:09:55.245 [INFO]  [Validating] > 
22:09:55.245 [INFO]  [Validating] > > Task :extra:classes UP-TO-DATE
22:09:55.245 [INFO]  [Validating] > Skipping task ':extra:classes' as it has no actions.
22:09:55.245 [INFO]  [Validating] > Resolve mutations for :extra:compileTestJava (Thread[Execution worker,5,main]) started.
22:09:55.245 [INFO]  [Validating] > :extra:compileTestJava (Thread[Execution worker,5,main]) started.
22:09:55.245 [INFO]  [Validating] > 
22:09:55.245 [INFO]  [Validating] > > Task :extra:compileTestJava
22:09:55.245 [INFO]  [Validating] > Caching disabled for task ':extra:compileTestJava' because:
22:09:55.245 [INFO]  [Validating] >   Build cache is disabled
22:09:55.245 [INFO]  [Validating] > Task ':extra:compileTestJava' is not up-to-date because:
22:09:55.245 [INFO]  [Validating] >   Input property 'stableSources' file C:\Users\cbontoiu\Desktop\DiffblueTutorials\DemoCLI\extra\src\test\java\DummyJUnitJupiterLauncherDiffblueTest.java has been removed.
22:09:55.245 [INFO]  [Validating] >   Input property 'stableSources' file C:\Users\cbontoiu\Desktop\DiffblueTutorials\DemoCLI\extra\src\test\java\source\EDiffblueTest.java has been added.
22:09:55.245 [INFO]  [Validating] > Created classpath snapshot for incremental compilation in 0.002 secs.
22:09:55.245 [INFO]  [Validating] > Compiling with toolchain 'C:\Program Files\Java\jdk-17'.
22:09:55.245 [INFO]  [Validating] > Compiling with JDK Java compiler API.
22:09:55.245 [INFO]  [Validating] > Incremental compilation of 3 classes completed in 0.09 secs.
22:09:55.245 [INFO]  [Validating] > Class dependency analysis for incremental compilation took 0.004 secs.
22:09:55.245 [INFO]  [Validating] > Resolve mutations for :extra:processTestResources (Thread[Execution worker,5,main]) started.
22:09:55.245 [INFO]  [Validating] > :extra:processTestResources (Thread[Execution worker,5,main]) started.
22:09:55.245 [INFO]  [Validating] > 
22:09:55.245 [INFO]  [Validating] > > Task :extra:processTestResources NO-SOURCE
22:09:55.245 [INFO]  [Validating] > Skipping task ':extra:processTestResources' as it has no source files and no previous output files.
22:09:55.246 [INFO]  [Validating] > Resolve mutations for :extra:testClasses (Thread[Execution worker,5,main]) started.
22:09:55.246 [INFO]  [Validating] > :extra:testClasses (Thread[Execution worker,5,main]) started.
22:09:55.246 [INFO]  [Validating] > 
22:09:55.246 [INFO]  [Validating] > > Task :extra:testClasses
22:09:55.246 [INFO]  [Validating] > Skipping task ':extra:testClasses' as it has no actions.
22:09:55.246 [INFO]  [Validating] > Resolve mutations for :extra:test (Thread[Execution worker,5,main]) started.
22:09:55.246 [INFO]  [Validating] > :extra:test (Thread[Execution worker,5,main]) started.
22:09:55.246 [INFO]  [Validating] > Gradle Test Executor 15 started executing tests.
22:09:55.246 [INFO]  [Validating] > Gradle Test Executor 15 finished executing tests.
22:09:55.246 [INFO]  [Validating] > 
22:09:55.246 [INFO]  [Validating] > > Task :extra:test
22:09:55.246 [INFO]  [Validating] > Caching disabled for task ':extra:test' because:
22:09:55.246 [INFO]  [Validating] >   Build cache is disabled
22:09:55.246 [INFO]  [Validating] > Task ':extra:test' is not up-to-date because:
22:09:55.246 [INFO]  [Validating] >   Value of input property 'filter.failOnNoMatchingTests' has changed for task ':extra:test'
22:09:55.246 [INFO]  [Validating] >   Value of input property 'filter.includePatterns' has changed for task ':extra:test'
22:09:55.246 [INFO]  [Validating] > Starting process 'Gradle Test Executor 15'. Working directory: C:\Users\cbontoiu\Desktop\DiffblueTutorials\DemoCLI\extra Command: C:\Program Files\Java\jdk-17\bin\java.exe -Dorg.gradle.internal.worker.tmpdir=C:\Users\cbontoiu\Desktop\DiffblueTutorials\DemoCLI\extra\build\tmp\test\work -Dorg.gradle.native=false @C:\Users\cbontoiu\.gradle\.tmp\gradle-worker-classpath2975598350898060106txt -Xmx512m -Dfile.encoding=windows-1252 -Duser.country=GB -Duser.language=en -Duser.variant -ea worker.org.gradle.process.internal.worker.GradleWorkerMain 'Gradle Test Executor 15'
22:09:55.246 [INFO]  [Validating] > Successfully started process 'Gradle Test Executor 15'
22:09:55.246 [INFO]  [Validating] > Finished generating test XML results (0.01 secs) into: C:\Users\cbontoiu\Desktop\DiffblueTutorials\DemoCLI\extra\build\test-results\test
22:09:55.246 [INFO]  [Validating] > Generating HTML test report...
22:09:55.246 [INFO]  [Validating] > Finished generating test html results (0.013 secs) into: C:\Users\cbontoiu\Desktop\DiffblueTutorials\DemoCLI\extra\build\reports\tests\test
22:09:55.246 [INFO]  [Validating] > 
22:09:55.246 [INFO]  [Validating] > Deprecated Gradle features were used in this build, making it incompatible with Gradle 9.0.
22:09:55.246 [INFO]  [Validating] > 
22:09:55.246 [INFO]  [Validating] > You can use '--warning-mode all' to show the individual deprecation warnings and determine if they come from your own scripts or plugins.
22:09:55.246 [INFO]  [Validating] > 
22:09:55.246 [INFO]  [Validating] > For more on this, please refer to https://docs.gradle.org/8.2/userguide/command_line_interface.html#sec:command_line_warnings in the Gradle documentation.
22:09:55.246 [INFO]  [Validating] > 
22:09:55.246 [INFO]  [Validating] > BUILD SUCCESSFUL in 1s
22:09:55.246 [INFO]  [Validating] > 3 actionable tasks: 2 executed, 1 up-to-date
22:09:55.247 [INFO]  [Validating] > Watched directory hierarchies: [C:\Users\cbontoiu\Desktop\DiffblueTutorials\DemoCLI]
22:09:55.247 [INFO]  [Validating] Standard error of build tool (gradle)
22:09:55.247 [INFO]  [Validating] > 
22:09:55.257 [INFO]  [Validating] All 10 created tests were successfully validated.
22:09:55.332 [INFO]  [Reporting] Writing JSON report to C:\Users\cbontoiu\Desktop\DiffblueTutorials\DemoCLI\extra\.diffblue\reports\report.json
22:09:55.366 [INFO]  [Reporting] Log file: C:\Users\cbontoiu\Desktop\DiffblueTutorials\DemoCLI\extra\.diffblue\log\user-20230917T220931.log
22:09:55.367 [INFO]  [Reporting] Finished in 23s
