15:02:04.825 [INFO]  [Preparing] Diffblue Cover 2023.09.01-9200f07-unrestricted
15:02:04.826 [INFO]  [Preparing] 
15:02:04.826 [INFO]  [Preparing] Running: dcover create --working-directory=extra source --keep-partial-tests
15:02:06.738 [INFO]  [Checking] Detecting environment:
15:02:06.739 [INFO]  [Checking] ----------------------
15:02:06.816 [INFO]  [Checking] Detected Java version 17.0.6
15:02:09.172 [INFO]  [Checking] Detected build system: Gradle 8.2
15:02:09.176 [INFO]  [Checking] Operating System: Windows 11 amd64 10.0
15:02:09.176 [INFO]  [Checking] Default charset: windows-1252
15:02:09.176 [INFO]  [Checking] Default locale: en_GB
15:02:09.177 [INFO]  [Checking] Default time zone: Europe/London
15:02:09.179 [INFO]  [Checking] Selected build system: Gradle
15:02:09.183 [INFO]  [Checking] Selected classpath from build system Gradle
15:02:09.185 [INFO]  [Checking] Expanded classpath: 
C:\Users\cbontoiu\Desktop\DiffblueTutorials\DemoCLI\extra\build\classes\java\main (code under test)
C:\Users\cbontoiu\Desktop\DiffblueTutorials\DemoCLI\extra\build\resources\test
C:\Users\cbontoiu\Desktop\DiffblueTutorials\DemoCLI\extra\build\resources\main
C:\Users\cbontoiu\.gradle\caches\modules-2\files-2.1\org.junit.jupiter\junit-jupiter\5.9.1\9274d3757e224bc02eae367bd481062a263c150b\junit-jupiter-5.9.1.jar
C:\Users\cbontoiu\.gradle\caches\modules-2\files-2.1\org.junit.jupiter\junit-jupiter-params\5.9.1\ffcd1013edaeee112be11fcddeb38882d79238de\junit-jupiter-params-5.9.1.jar
C:\Users\cbontoiu\.gradle\caches\modules-2\files-2.1\org.junit.jupiter\junit-jupiter-engine\5.9.1\1bf771097bde296c3ab174861954e8aafaaf2e94\junit-jupiter-engine-5.9.1.jar
C:\Users\cbontoiu\.gradle\caches\modules-2\files-2.1\org.junit.jupiter\junit-jupiter-api\5.9.1\7bb53fbc0173e9f6a9d21d58297af94b1f2f9ce1\junit-jupiter-api-5.9.1.jar
C:\Users\cbontoiu\.gradle\caches\modules-2\files-2.1\org.junit.platform\junit-platform-engine\1.9.1\83591e5089d6cea5f324aa3ecca9b19d5a275803\junit-platform-engine-1.9.1.jar
C:\Users\cbontoiu\.gradle\caches\modules-2\files-2.1\org.junit.platform\junit-platform-commons\1.9.1\3145f821b5cd10abcdc5f925baa5fffa6f1b628f\junit-platform-commons-1.9.1.jar
C:\Users\cbontoiu\.gradle\caches\modules-2\files-2.1\org.mockito\mockito-core\5.4.0\30bcbe79f7bd51b53debfc4c6014d0bea4935e37\mockito-core-5.4.0.jar
C:\Users\cbontoiu\.gradle\caches\modules-2\files-2.1\net.bytebuddy\byte-buddy\1.14.5\28a424c0c4f362568e904d992c239c996cf7adc7\byte-buddy-1.14.5.jar
C:\Users\cbontoiu\.gradle\caches\modules-2\files-2.1\net.bytebuddy\byte-buddy-agent\1.14.5\20f4e9b9d0ffb953657bfa4b92c0cceb27907d58\byte-buddy-agent-1.14.5.jar
C:\Users\cbontoiu\.gradle\caches\modules-2\files-2.1\org.objenesis\objenesis\3.3\1049c09f1de4331e8193e579448d0916d75b7631\objenesis-3.3.jar
C:\Users\cbontoiu\.gradle\caches\modules-2\files-2.1\org.opentest4j\opentest4j\1.2.0\28c11eb91f9b6d8e200631d46e20a7f407f2a046\opentest4j-1.2.0.jar
15:02:09.303 [INFO]  [Checking] Detected test framework: JUnit Jupiter 5.9.1
15:02:09.308 [INFO]  [Checking] Detected JUnit Jupiter version 5.9.1
15:02:09.312 [INFO]  [Checking] Detected JUnit Jupiter Params version 5.9.1
15:02:09.341 [INFO]  [Checking] Detected Mockito version 5.4.0
15:02:09.810 [INFO]  [Checking] Indexing...
15:02:10.132 [INFO]  [Checking] Selected test output directory: C:\Users\cbontoiu\Desktop\DiffblueTutorials\DemoCLI\extra\src\test\java
15:02:10.140 [INFO]  [Checking] Running: Using JAVA_HOME: C:\Program Files\Java\jdk-17 : in C:\Users\cbontoiu\Desktop\DiffblueTutorials\DemoCLI\extra : gradle test -i  DummyJupiterDiffblueTest
15:02:11.919 [INFO]  [Checking] Selected test framework: JUnit Jupiter
15:02:11.953 [INFO]  [Checking] Running: Using JAVA_HOME: C:\Program Files\Java\jdk-17 : in C:\Users\cbontoiu\Desktop\DiffblueTutorials\DemoCLI\extra : gradle test -i  DummyJUnitJupiterLauncherDiffblueTest
15:02:13.142 [INFO]  [Checking] Detected JVM architecture: 64-Bit
15:02:13.744 [INFO]  [Checking] Selected Java language compliance level: 17
15:02:13.745 [INFO]  [Checking] Selected test validation: enabled
15:02:13.749 [INFO]  [Checking] Prefixes for filtering classes/methods:
15:02:13.753 [INFO]  [Checking] - source
15:02:13.755 [INFO]  [Checking] Gathering methods to test...
15:02:14.531 [INFO]  [Reporting] 
15:02:14.532 [INFO]  [Reporting] Environment summary:
15:02:14.532 [INFO]  [Reporting] --------------------
15:02:14.534 [INFO]  [Reporting] Java version                  17.0.6                        SUCCESS        
15:02:14.534 [INFO]  [Reporting] Build system                  Gradle                        SUCCESS        
15:02:14.534 [INFO]  [Reporting] Mocking Framework             Mockito 5.4.0                 SUCCESS        
15:02:14.534 [INFO]  [Reporting] Testing framework             JUnit Jupiter 5               SUCCESS        
15:02:14.535 [INFO]  [Reporting] Launcher                      JUnit Jupiter                 SUCCESS        
15:02:14.535 [INFO]  [Reporting] Test validation               Enabled                       SUCCESS        
15:02:14.535 [INFO]  [Reporting] 
15:02:14.535 [INFO]  [Reporting] Environment check status: SUCCESS
15:02:14.565 [INFO]  [Creating] Found 3 callable methods in 2 classes
15:02:14.567 [INFO]  [Creating] 
15:02:14.568 [INFO]  [Creating] Creating tests:
15:02:14.569 [INFO]  [Creating] ---------------
15:02:14.585 [INFO]  [Creating] 
================================================================================
= Starting analysis for class 'source.A'
================================================================================
15:02:14.585 [INFO]  [Creating] Filtering out non-testable methods...
15:02:16.071 [INFO]  [Creating] Filtering of methods complete. Creating analysis request
15:02:16.073 [INFO]  [Creating] Attempting to get service client, retry 1.
15:02:16.080 [INFO]  [Creating] Starting monitoring server.
15:02:16.245 [INFO]  [Creating] Monitoring server listening on localhost/127.0.0.1:58928
15:02:16.248 [INFO]  [Creating] Starting analyzer server process...
15:02:16.248 [INFO]  [Creating] Server command-line: C:\Program Files\Java\jdk-17\bin\java.exe -XX:+IgnoreUnrecognizedVMOptions -Djdk.attach.allowAttachSelf=true -ea -javaagent:C:\DiffblueCoverProduct\launcher-shared-jar.jar -Dlogback.configurationFile=C:\Users\cbontoiu\AppData\Local\Temp\diffblue\config\logback-remote-service.xml -Dcom.diffblue.springIsolationJar=C:\DiffblueCoverProduct\cover-isolation-layer.jar -Dcover.jar.path=C:\DiffblueCoverProduct\cover-service-analyzer.jar -Dcom.diffblue.assertionSuggestionJar=C:\DiffblueCoverProduct\cover-service-analyzer.jar -Dcover.main.class=com.diffblue.cover.service.analyzer.Main -jar C:\DiffblueCoverProduct\launcher-shared-jar.jar --service-lifespan 120 --monitoring-service-port 58928 --index-service-port 58928 --debug-log
15:02:16.258 [INFO]  [Creating] Server started. Waiting up to 300 seconds for a connection to be established...
15:02:17.099 [INFO]  [Creating] Starting new remote monitor client
15:02:17.786 [INFO]  [Creating] Attempting to start remote server.
15:02:18.035 [INFO]  [Creating] Server started, listening on localhost/127.0.0.1:58930
15:02:18.284 [INFO]  [Creating] Expect analyzer service to be listening on port 58930.
15:02:18.931 [INFO]  [Creating] Started analyzer service and client retrieved.
15:02:21.517 [INFO]  [Creating] 
================================================================================
= Creating tests for 'source.A.<init>:()V' using 'TrM (!sp, !fnm, df, !ris)'
================================================================================
15:02:24.014 [INFO]  [Creating]     [1/3] source.A.<init>
15:02:24.015 [INFO]  [Creating]     [1/3]   Tests created: 1
15:02:24.018 [INFO]  [Creating] 
================================================================================
= Creating tests for 'source.A.method:(D)I' using 'SiM (!sp, fnm, df, !ris)'
================================================================================
15:02:25.739 [INFO]  [Creating] Created 1+0 tests and partial tests via 'SiM (!sp, fnm, df, !ris)', 1/2, returning all 1
15:02:25.890 [INFO]  [Creating]     [2/3] source.A.method
15:02:25.891 [INFO]  [Creating]     [2/3]   Tests created: 1
15:02:25.900 [INFO]  [Creating] [1/2] source.A
15:02:25.902 [INFO]  [Creating] [1/2]   Tests created: 2
15:02:25.904 [INFO]  [Creating] 
================================================================================
= Starting analysis for class 'source.B'
================================================================================
15:02:25.904 [INFO]  [Creating] Filtering out non-testable methods...
15:02:25.904 [INFO]  [Creating] Filtering of methods complete. Creating analysis request
15:02:25.904 [INFO]  [Creating] Attempting to get service client, retry 1.
15:02:25.969 [INFO]  [Creating] 
================================================================================
= Creating tests for 'source.B.<init>:()V' using 'TrM (!sp, !fnm, df, !ris)'
================================================================================
15:02:26.087 [INFO]  [Creating]     [3/3] source.B.<init>
15:02:26.087 [INFO]  [Creating]     [3/3]   Tests created: 1
15:02:26.093 [INFO]  [Creating] [2/2] source.B
15:02:26.094 [INFO]  [Creating] [2/2]   Tests created: 1
15:02:26.101 [INFO]  [Reporting] 
15:02:26.101 [INFO]  [Reporting] Summary:
15:02:26.102 [INFO]  [Reporting] --------
15:02:26.103 [INFO]  [Reporting] Total:                                               3 methods
15:02:26.103 [INFO]  [Reporting] 3 tests created for:                                 3 methods
15:02:26.104 [INFO]  [Reporting] 
15:02:26.272 [INFO]  [Validating] 
15:02:26.272 [INFO]  [Validating] Running validation command.
15:02:26.277 [INFO]  [Validating] Running: Using JAVA_HOME: C:\Program Files\Java\jdk-17 : in C:\Users\cbontoiu\Desktop\DiffblueTutorials\DemoCLI\extra : gradle test -i  
15:02:27.525 [INFO]  [Validating] Standard output of build tool (gradle)
15:02:27.525 [INFO]  [Validating] > The client will now receive all logging from the daemon (pid: 9376). The daemon log file: C:\Users\cbontoiu\.gradle\daemon\8.2\daemon-9376.out.log
15:02:27.525 [INFO]  [Validating] > Starting 6th build in daemon [uptime: 2 mins 26.188 secs, performance: 100%, GC rate: 0.00/s, heap usage: 0% of 3.9 GiB]
15:02:27.525 [INFO]  [Validating] > Closing daemon's stdin at end of input.
15:02:27.525 [INFO]  [Validating] > The daemon will no longer process any standard input.
15:02:27.525 [INFO]  [Validating] > Using 8 worker leases.
15:02:27.526 [INFO]  [Validating] > Now considering [C:\Users\cbontoiu\Desktop\DiffblueTutorials\DemoCLI] as hierarchies to watch
15:02:27.526 [INFO]  [Validating] > Watching the file system is configured to be enabled if available
15:02:27.526 [INFO]  [Validating] > File system watching is active
15:02:27.526 [INFO]  [Validating] > Starting Build
15:02:27.526 [INFO]  [Validating] > Settings evaluated using settings file 'C:\Users\cbontoiu\Desktop\DiffblueTutorials\DemoCLI\settings.gradle'.
15:02:27.526 [INFO]  [Validating] > Projects loaded. Root project using build file 'C:\Users\cbontoiu\Desktop\DiffblueTutorials\DemoCLI\build.gradle'.
15:02:27.526 [INFO]  [Validating] > Included projects: [root project 'DemoCLI', project ':app', project ':common', project ':extra']
15:02:27.526 [INFO]  [Validating] > 
15:02:27.526 [INFO]  [Validating] > > Configure project :
15:02:27.526 [INFO]  [Validating] > Evaluating root project 'DemoCLI' using build file 'C:\Users\cbontoiu\Desktop\DiffblueTutorials\DemoCLI\build.gradle'.
15:02:27.526 [INFO]  [Validating] > 
15:02:27.526 [INFO]  [Validating] > > Configure project :app
15:02:27.526 [INFO]  [Validating] > Evaluating project ':app' using build file 'C:\Users\cbontoiu\Desktop\DiffblueTutorials\DemoCLI\app\build.gradle'.
15:02:27.526 [INFO]  [Validating] > 
15:02:27.526 [INFO]  [Validating] > > Configure project :common
15:02:27.526 [INFO]  [Validating] > Evaluating project ':common' using build file 'C:\Users\cbontoiu\Desktop\DiffblueTutorials\DemoCLI\common\build.gradle'.
15:02:27.526 [INFO]  [Validating] > 
15:02:27.526 [INFO]  [Validating] > > Configure project :extra
15:02:27.526 [INFO]  [Validating] > Evaluating project ':extra' using build file 'C:\Users\cbontoiu\Desktop\DiffblueTutorials\DemoCLI\extra\build.gradle'.
15:02:27.526 [INFO]  [Validating] > All projects evaluated.
15:02:27.526 [INFO]  [Validating] > Task path ':extra:test' matched project ':extra'
15:02:27.526 [INFO]  [Validating] > Task name matched 'test'
15:02:27.526 [INFO]  [Validating] > Selected primary task 'test' from project :extra
15:02:27.526 [INFO]  [Validating] > The configuration :extra:mainSourceElements is both consumable and declarable. This combination is incorrect, only one of these flags should be set.
15:02:27.526 [INFO]  [Validating] > Tasks to be executed: [task ':extra:compileJava', task ':extra:processResources', task ':extra:classes', task ':extra:compileTestJava', task ':extra:processTestResources', task ':extra:testClasses', task ':extra:test']
15:02:27.526 [INFO]  [Validating] > Tasks that were excluded: []
15:02:27.526 [INFO]  [Validating] > Resolve mutations for :extra:compileJava (Thread[Execution worker,5,main]) started.
15:02:27.527 [INFO]  [Validating] > :extra:compileJava (Thread[Execution worker,5,main]) started.
15:02:27.527 [INFO]  [Validating] > 
15:02:27.527 [INFO]  [Validating] > > Task :extra:compileJava UP-TO-DATE
15:02:27.527 [INFO]  [Validating] > Caching disabled for task ':extra:compileJava' because:
15:02:27.527 [INFO]  [Validating] >   Build cache is disabled
15:02:27.527 [INFO]  [Validating] > Skipping task ':extra:compileJava' as it is up-to-date.
15:02:27.527 [INFO]  [Validating] > Resolve mutations for :extra:processResources (Thread[Execution worker,5,main]) started.
15:02:27.527 [INFO]  [Validating] > :extra:processResources (Thread[Execution worker,5,main]) started.
15:02:27.527 [INFO]  [Validating] > 
15:02:27.527 [INFO]  [Validating] > > Task :extra:processResources NO-SOURCE
15:02:27.527 [INFO]  [Validating] > Skipping task ':extra:processResources' as it has no source files and no previous output files.
15:02:27.527 [INFO]  [Validating] > Resolve mutations for :extra:classes (Thread[Execution worker,5,main]) started.
15:02:27.527 [INFO]  [Validating] > :extra:classes (Thread[Execution worker,5,main]) started.
15:02:27.527 [INFO]  [Validating] > 
15:02:27.527 [INFO]  [Validating] > > Task :extra:classes UP-TO-DATE
15:02:27.527 [INFO]  [Validating] > Skipping task ':extra:classes' as it has no actions.
15:02:27.527 [INFO]  [Validating] > Resolve mutations for :extra:compileTestJava (Thread[Execution worker,5,main]) started.
15:02:27.527 [INFO]  [Validating] > :extra:compileTestJava (Thread[Execution worker,5,main]) started.
15:02:27.527 [INFO]  [Validating] > 
15:02:27.527 [INFO]  [Validating] > > Task :extra:compileTestJava
15:02:27.527 [INFO]  [Validating] > Caching disabled for task ':extra:compileTestJava' because:
15:02:27.527 [INFO]  [Validating] >   Build cache is disabled
15:02:27.527 [INFO]  [Validating] > Task ':extra:compileTestJava' is not up-to-date because:
15:02:27.527 [INFO]  [Validating] >   Input property 'stableSources' file C:\Users\cbontoiu\Desktop\DiffblueTutorials\DemoCLI\extra\src\test\java\DummyJUnitJupiterLauncherDiffblueTest.java has been removed.
15:02:27.527 [INFO]  [Validating] >   Input property 'stableSources' file C:\Users\cbontoiu\Desktop\DiffblueTutorials\DemoCLI\extra\src\test\java\source\BDiffblueTest.java has been added.
15:02:27.527 [INFO]  [Validating] > Created classpath snapshot for incremental compilation in 0.002 secs.
15:02:27.527 [INFO]  [Validating] > Compiling with toolchain 'C:\Program Files\Java\jdk-17'.
15:02:27.528 [INFO]  [Validating] > Compiling with JDK Java compiler API.
15:02:27.528 [INFO]  [Validating] > Incremental compilation of 3 classes completed in 0.107 secs.
15:02:27.528 [INFO]  [Validating] > Class dependency analysis for incremental compilation took 0.005 secs.
15:02:27.528 [INFO]  [Validating] > Resolve mutations for :extra:processTestResources (Thread[included builds,5,main]) started.
15:02:27.528 [INFO]  [Validating] > :extra:processTestResources (Thread[included builds,5,main]) started.
15:02:27.528 [INFO]  [Validating] > 
15:02:27.528 [INFO]  [Validating] > > Task :extra:processTestResources NO-SOURCE
15:02:27.528 [INFO]  [Validating] > Skipping task ':extra:processTestResources' as it has no source files and no previous output files.
15:02:27.528 [INFO]  [Validating] > Resolve mutations for :extra:testClasses (Thread[included builds,5,main]) started.
15:02:27.528 [INFO]  [Validating] > :extra:testClasses (Thread[included builds,5,main]) started.
15:02:27.528 [INFO]  [Validating] > 
15:02:27.528 [INFO]  [Validating] > > Task :extra:testClasses
15:02:27.528 [INFO]  [Validating] > Skipping task ':extra:testClasses' as it has no actions.
15:02:27.528 [INFO]  [Validating] > Resolve mutations for :extra:test (Thread[included builds,5,main]) started.
15:02:27.528 [INFO]  [Validating] > :extra:test (Thread[included builds,5,main]) started.
15:02:27.528 [INFO]  [Validating] > Gradle Test Executor 6 started executing tests.
15:02:27.528 [INFO]  [Validating] > Gradle Test Executor 6 finished executing tests.
15:02:27.528 [INFO]  [Validating] > 
15:02:27.528 [INFO]  [Validating] > > Task :extra:test
15:02:27.528 [INFO]  [Validating] > Caching disabled for task ':extra:test' because:
15:02:27.528 [INFO]  [Validating] >   Build cache is disabled
15:02:27.528 [INFO]  [Validating] > Task ':extra:test' is not up-to-date because:
15:02:27.528 [INFO]  [Validating] >   Value of input property 'filter.failOnNoMatchingTests' has changed for task ':extra:test'
15:02:27.528 [INFO]  [Validating] >   Value of input property 'filter.includePatterns' has changed for task ':extra:test'
15:02:27.528 [INFO]  [Validating] > Starting process 'Gradle Test Executor 6'. Working directory: C:\Users\cbontoiu\Desktop\DiffblueTutorials\DemoCLI\extra Command: C:\Program Files\Java\jdk-17\bin\java.exe -Dorg.gradle.internal.worker.tmpdir=C:\Users\cbontoiu\Desktop\DiffblueTutorials\DemoCLI\extra\build\tmp\test\work -Dorg.gradle.native=false @C:\Users\cbontoiu\.gradle\.tmp\gradle-worker-classpath4290572967989952072txt -Xmx512m -Dfile.encoding=windows-1252 -Duser.country=GB -Duser.language=en -Duser.variant -ea worker.org.gradle.process.internal.worker.GradleWorkerMain 'Gradle Test Executor 6'
15:02:27.528 [INFO]  [Validating] > Successfully started process 'Gradle Test Executor 6'
15:02:27.528 [INFO]  [Validating] > Finished generating test XML results (0.004 secs) into: C:\Users\cbontoiu\Desktop\DiffblueTutorials\DemoCLI\extra\build\test-results\test
15:02:27.528 [INFO]  [Validating] > Generating HTML test report...
15:02:27.528 [INFO]  [Validating] > Finished generating test html results (0.009 secs) into: C:\Users\cbontoiu\Desktop\DiffblueTutorials\DemoCLI\extra\build\reports\tests\test
15:02:27.528 [INFO]  [Validating] > 
15:02:27.529 [INFO]  [Validating] > Deprecated Gradle features were used in this build, making it incompatible with Gradle 9.0.
15:02:27.529 [INFO]  [Validating] > 
15:02:27.529 [INFO]  [Validating] > You can use '--warning-mode all' to show the individual deprecation warnings and determine if they come from your own scripts or plugins.
15:02:27.529 [INFO]  [Validating] > 
15:02:27.529 [INFO]  [Validating] > For more on this, please refer to https://docs.gradle.org/8.2/userguide/command_line_interface.html#sec:command_line_warnings in the Gradle documentation.
15:02:27.529 [INFO]  [Validating] > 
15:02:27.529 [INFO]  [Validating] > BUILD SUCCESSFUL in 1s
15:02:27.529 [INFO]  [Validating] > 3 actionable tasks: 2 executed, 1 up-to-date
15:02:27.529 [INFO]  [Validating] > Watched directory hierarchies: [C:\Users\cbontoiu\Desktop\DiffblueTutorials\DemoCLI]
15:02:27.529 [INFO]  [Validating] Standard error of build tool (gradle)
15:02:27.529 [INFO]  [Validating] > 
15:02:27.538 [INFO]  [Validating] All 3 created tests were successfully validated.
15:02:27.611 [INFO]  [Reporting] Writing JSON report to C:\Users\cbontoiu\Desktop\DiffblueTutorials\DemoCLI\extra\.diffblue\reports\report.json
15:02:27.646 [INFO]  [Reporting] Log file: C:\Users\cbontoiu\Desktop\DiffblueTutorials\DemoCLI\extra\.diffblue\log\user-20230917T150204.log
15:02:27.647 [INFO]  [Reporting] Finished in 22s
