22:24:42.862 [INFO]  [Preparing] Diffblue Cover 2023.09.01-9200f07-unrestricted
22:24:42.862 [INFO]  [Preparing] 
22:24:42.863 [INFO]  [Preparing] Running: dcover create --working-directory=extra source --keep-partial-tests
22:24:44.828 [INFO]  [Checking] Detecting environment:
22:24:44.828 [INFO]  [Checking] ----------------------
22:24:44.901 [INFO]  [Checking] Detected Java version 17.0.6
22:24:47.213 [INFO]  [Checking] Detected build system: Gradle 8.2
22:24:47.217 [INFO]  [Checking] Operating System: Windows 11 amd64 10.0
22:24:47.217 [INFO]  [Checking] Default charset: windows-1252
22:24:47.218 [INFO]  [Checking] Default locale: en_GB
22:24:47.218 [INFO]  [Checking] Default time zone: Europe/London
22:24:47.219 [INFO]  [Checking] Selected build system: Gradle
22:24:47.223 [INFO]  [Checking] Selected classpath from build system Gradle
22:24:47.225 [INFO]  [Checking] Expanded classpath: 
C:\Users\cbontoiu\Desktop\DiffblueTutorials\DemoCLI\extra\build\classes\java\main (code under test)
C:\Users\cbontoiu\Desktop\DiffblueTutorials\DemoCLI\extra\build\resources\test
C:\Users\cbontoiu\Desktop\DiffblueTutorials\DemoCLI\extra\build\resources\main
C:\Users\cbontoiu\.gradle\caches\modules-2\files-2.1\org.junit.jupiter\junit-jupiter\5.9.1\9274d3757e224bc02eae367bd481062a263c150b\junit-jupiter-5.9.1.jar
C:\Users\cbontoiu\.gradle\caches\modules-2\files-2.1\org.junit.jupiter\junit-jupiter-params\5.9.1\ffcd1013edaeee112be11fcddeb38882d79238de\junit-jupiter-params-5.9.1.jar
C:\Users\cbontoiu\.gradle\caches\modules-2\files-2.1\org.junit.jupiter\junit-jupiter-engine\5.9.1\1bf771097bde296c3ab174861954e8aafaaf2e94\junit-jupiter-engine-5.9.1.jar
C:\Users\cbontoiu\.gradle\caches\modules-2\files-2.1\org.junit.jupiter\junit-jupiter-api\5.9.1\7bb53fbc0173e9f6a9d21d58297af94b1f2f9ce1\junit-jupiter-api-5.9.1.jar
C:\Users\cbontoiu\.gradle\caches\modules-2\files-2.1\org.junit.platform\junit-platform-engine\1.9.1\83591e5089d6cea5f324aa3ecca9b19d5a275803\junit-platform-engine-1.9.1.jar
C:\Users\cbontoiu\.gradle\caches\modules-2\files-2.1\org.junit.platform\junit-platform-commons\1.9.1\3145f821b5cd10abcdc5f925baa5fffa6f1b628f\junit-platform-commons-1.9.1.jar
C:\Users\cbontoiu\.gradle\caches\modules-2\files-2.1\org.mockito\mockito-core\5.4.0\30bcbe79f7bd51b53debfc4c6014d0bea4935e37\mockito-core-5.4.0.jar
C:\Users\cbontoiu\.gradle\caches\modules-2\files-2.1\net.bytebuddy\byte-buddy\1.14.5\28a424c0c4f362568e904d992c239c996cf7adc7\byte-buddy-1.14.5.jar
C:\Users\cbontoiu\.gradle\caches\modules-2\files-2.1\net.bytebuddy\byte-buddy-agent\1.14.5\20f4e9b9d0ffb953657bfa4b92c0cceb27907d58\byte-buddy-agent-1.14.5.jar
C:\Users\cbontoiu\.gradle\caches\modules-2\files-2.1\org.objenesis\objenesis\3.3\1049c09f1de4331e8193e579448d0916d75b7631\objenesis-3.3.jar
C:\Users\cbontoiu\.gradle\caches\modules-2\files-2.1\org.opentest4j\opentest4j\1.2.0\28c11eb91f9b6d8e200631d46e20a7f407f2a046\opentest4j-1.2.0.jar
22:24:47.361 [INFO]  [Checking] Detected test framework: JUnit Jupiter 5.9.1
22:24:47.366 [INFO]  [Checking] Detected JUnit Jupiter version 5.9.1
22:24:47.370 [INFO]  [Checking] Detected JUnit Jupiter Params version 5.9.1
22:24:47.403 [INFO]  [Checking] Detected Mockito version 5.4.0
22:24:47.866 [INFO]  [Checking] Indexing...
22:24:48.186 [INFO]  [Checking] Selected test output directory: C:\Users\cbontoiu\Desktop\DiffblueTutorials\DemoCLI\extra\src\test\java
22:24:48.194 [INFO]  [Checking] Running: Using JAVA_HOME: C:\Program Files\Java\jdk-17 : in C:\Users\cbontoiu\Desktop\DiffblueTutorials\DemoCLI\extra : gradle test -i  DummyJupiterDiffblueTest
22:24:49.805 [INFO]  [Checking] Selected test framework: JUnit Jupiter
22:24:49.837 [INFO]  [Checking] Running: Using JAVA_HOME: C:\Program Files\Java\jdk-17 : in C:\Users\cbontoiu\Desktop\DiffblueTutorials\DemoCLI\extra : gradle test -i  DummyJUnitJupiterLauncherDiffblueTest
22:24:50.967 [INFO]  [Checking] Detected JVM architecture: 64-Bit
22:24:51.583 [INFO]  [Checking] Selected Java language compliance level: 17
22:24:51.584 [INFO]  [Checking] Selected test validation: enabled
22:24:51.591 [INFO]  [Checking] Prefixes for filtering classes/methods:
22:24:51.595 [INFO]  [Checking] - source
22:24:51.596 [INFO]  [Checking] Gathering methods to test...
22:24:52.302 [INFO]  [Reporting] 
22:24:52.302 [INFO]  [Reporting] Environment summary:
22:24:52.302 [INFO]  [Reporting] --------------------
22:24:52.305 [INFO]  [Reporting] Java version                  17.0.6                        SUCCESS        
22:24:52.306 [INFO]  [Reporting] Build system                  Gradle                        SUCCESS        
22:24:52.306 [INFO]  [Reporting] Mocking Framework             Mockito 5.4.0                 SUCCESS        
22:24:52.306 [INFO]  [Reporting] Testing framework             JUnit Jupiter 5               SUCCESS        
22:24:52.306 [INFO]  [Reporting] Launcher                      JUnit Jupiter                 SUCCESS        
22:24:52.306 [INFO]  [Reporting] Test validation               Enabled                       SUCCESS        
22:24:52.306 [INFO]  [Reporting] 
22:24:52.307 [INFO]  [Reporting] Environment check status: SUCCESS
22:24:52.351 [INFO]  [Creating] Found 10 callable methods in 5 classes
22:24:52.353 [INFO]  [Creating] 
22:24:52.354 [INFO]  [Creating] Creating tests:
22:24:52.355 [INFO]  [Creating] ---------------
22:24:52.377 [INFO]  [Creating] 
================================================================================
= Starting analysis for class 'source.A'
================================================================================
22:24:52.378 [INFO]  [Creating] Filtering out non-testable methods...
22:24:53.950 [INFO]  [Creating] Filtering of methods complete. Creating analysis request
22:24:53.953 [INFO]  [Creating] Attempting to get service client, retry 1.
22:24:53.961 [INFO]  [Creating] Starting monitoring server.
22:24:54.111 [INFO]  [Creating] Monitoring server listening on localhost/127.0.0.1:55657
22:24:54.114 [INFO]  [Creating] Starting analyzer server process...
22:24:54.114 [INFO]  [Creating] Server command-line: C:\Program Files\Java\jdk-17\bin\java.exe -XX:+IgnoreUnrecognizedVMOptions -Djdk.attach.allowAttachSelf=true -ea -javaagent:C:\DiffblueCoverProduct\launcher-shared-jar.jar -Dlogback.configurationFile=C:\Users\cbontoiu\AppData\Local\Temp\diffblue\config\logback-remote-service.xml -Dcom.diffblue.springIsolationJar=C:\DiffblueCoverProduct\cover-isolation-layer.jar -Dcover.jar.path=C:\DiffblueCoverProduct\cover-service-analyzer.jar -Dcom.diffblue.assertionSuggestionJar=C:\DiffblueCoverProduct\cover-service-analyzer.jar -Dcover.main.class=com.diffblue.cover.service.analyzer.Main -jar C:\DiffblueCoverProduct\launcher-shared-jar.jar --service-lifespan 120 --monitoring-service-port 55657 --index-service-port 55657 --debug-log
22:24:54.122 [INFO]  [Creating] Server started. Waiting up to 300 seconds for a connection to be established...
22:24:54.961 [INFO]  [Creating] Starting new remote monitor client
22:24:55.629 [INFO]  [Creating] Attempting to start remote server.
22:24:55.879 [INFO]  [Creating] Server started, listening on localhost/127.0.0.1:55659
22:24:56.137 [INFO]  [Creating] Expect analyzer service to be listening on port 55659.
22:24:56.733 [INFO]  [Creating] Started analyzer service and client retrieved.
22:24:59.278 [INFO]  [Creating] 
================================================================================
= Creating tests for 'source.A.<init>:()V' using 'TrM (!sp, !fnm, df, !ris)'
================================================================================
22:25:01.183 [INFO]  [Creating]      [1/10] source.A.<init>
22:25:01.184 [INFO]  [Creating]      [1/10]   Tests created: 1
22:25:01.186 [INFO]  [Creating] 
================================================================================
= Creating tests for 'source.A.method:(D)I' using 'SiM (!sp, fnm, df, !ris)'
================================================================================
22:25:02.821 [INFO]  [Creating] Created 1+0 tests and partial tests via 'SiM (!sp, fnm, df, !ris)', 1/2, returning all 1
22:25:02.935 [INFO]  [Creating]      [2/10] source.A.method
22:25:02.935 [INFO]  [Creating]      [2/10]   Tests created: 1
22:25:02.941 [INFO]  [Creating] [1/5] source.A
22:25:02.942 [INFO]  [Creating] [1/5]   Tests created: 2
22:25:02.943 [INFO]  [Creating] 
================================================================================
= Starting analysis for class 'source.B'
================================================================================
22:25:02.943 [INFO]  [Creating] Filtering out non-testable methods...
22:25:02.943 [INFO]  [Creating] Filtering of methods complete. Creating analysis request
22:25:02.943 [INFO]  [Creating] Attempting to get service client, retry 1.
22:25:02.987 [INFO]  [Creating] 
================================================================================
= Creating tests for 'source.B.<init>:()V' using 'TrM (!sp, !fnm, df, !ris)'
================================================================================
22:25:03.098 [INFO]  [Creating]      [3/10] source.B.<init>
22:25:03.098 [INFO]  [Creating]      [3/10]   Tests created: 1
22:25:03.100 [INFO]  [Creating] 
================================================================================
= Creating tests for 'source.B.method:(D)I' using 'SiM (!sp, fnm, df, !ris)'
================================================================================
22:25:03.317 [INFO]  [Creating] Created 1+0 tests and partial tests via 'SiM (!sp, fnm, df, !ris)', 1/2, returning all 1
22:25:03.401 [INFO]  [Creating]      [4/10] source.B.method
22:25:03.401 [INFO]  [Creating]      [4/10]   Tests created: 1
22:25:03.407 [INFO]  [Creating] [2/5] source.B
22:25:03.408 [INFO]  [Creating] [2/5]   Tests created: 2
22:25:03.409 [INFO]  [Creating] 
================================================================================
= Starting analysis for class 'source.C'
================================================================================
22:25:03.409 [INFO]  [Creating] Filtering out non-testable methods...
22:25:03.409 [INFO]  [Creating] Filtering of methods complete. Creating analysis request
22:25:03.409 [INFO]  [Creating] Attempting to get service client, retry 1.
22:25:03.447 [INFO]  [Creating] 
================================================================================
= Creating tests for 'source.C.<init>:()V' using 'TrM (!sp, !fnm, df, !ris)'
================================================================================
22:25:03.566 [INFO]  [Creating]      [5/10] source.C.<init>
22:25:03.566 [INFO]  [Creating]      [5/10]   Tests created: 1
22:25:03.569 [INFO]  [Creating] 
================================================================================
= Creating tests for 'source.C.method:(D)I' using 'SiM (!sp, fnm, df, !ris)'
================================================================================
22:25:03.727 [INFO]  [Creating] Created 1+0 tests and partial tests via 'SiM (!sp, fnm, df, !ris)', 1/2, returning all 1
22:25:03.800 [INFO]  [Creating]      [6/10] source.C.method
22:25:03.800 [INFO]  [Creating]      [6/10]   Tests created: 1
22:25:03.804 [INFO]  [Creating] [3/5] source.C
22:25:03.805 [INFO]  [Creating] [3/5]   Tests created: 2
22:25:03.806 [INFO]  [Creating] 
================================================================================
= Starting analysis for class 'source.D'
================================================================================
22:25:03.806 [INFO]  [Creating] Filtering out non-testable methods...
22:25:03.806 [INFO]  [Creating] Filtering of methods complete. Creating analysis request
22:25:03.806 [INFO]  [Creating] Attempting to get service client, retry 1.
22:25:03.840 [INFO]  [Creating] 
================================================================================
= Creating tests for 'source.D.<init>:()V' using 'TrM (!sp, !fnm, df, !ris)'
================================================================================
22:25:03.948 [INFO]  [Creating]      [7/10] source.D.<init>
22:25:03.948 [INFO]  [Creating]      [7/10]   Tests created: 1
22:25:03.950 [INFO]  [Creating] 
================================================================================
= Creating tests for 'source.D.method:(D)I' using 'SiM (!sp, fnm, df, !ris)'
================================================================================
22:25:04.087 [INFO]  [Creating] Created 1+0 tests and partial tests via 'SiM (!sp, fnm, df, !ris)', 1/2, returning all 1
22:25:04.148 [INFO]  [Creating]      [8/10] source.D.method
22:25:04.148 [INFO]  [Creating]      [8/10]   Tests created: 1
22:25:04.153 [INFO]  [Creating] [4/5] source.D
22:25:04.154 [INFO]  [Creating] [4/5]   Tests created: 2
22:25:04.155 [INFO]  [Creating] 
================================================================================
= Starting analysis for class 'source.E'
================================================================================
22:25:04.155 [INFO]  [Creating] Filtering out non-testable methods...
22:25:04.156 [INFO]  [Creating] Filtering of methods complete. Creating analysis request
22:25:04.156 [INFO]  [Creating] Attempting to get service client, retry 1.
22:25:04.187 [INFO]  [Creating] 
================================================================================
= Creating tests for 'source.E.<init>:()V' using 'TrM (!sp, !fnm, df, !ris)'
================================================================================
22:25:04.288 [INFO]  [Creating]      [9/10] source.E.<init>
22:25:04.289 [INFO]  [Creating]      [9/10]   Tests created: 1
22:25:04.291 [INFO]  [Creating] 
================================================================================
= Creating tests for 'source.E.method:(D)I' using 'SiM (!sp, fnm, df, !ris)'
================================================================================
22:25:04.390 [INFO]  [Creating] Created 1+0 tests and partial tests via 'SiM (!sp, fnm, df, !ris)', 1/2, returning all 1
22:25:04.469 [INFO]  [Creating]     [10/10] source.E.method
22:25:04.469 [INFO]  [Creating]     [10/10]   Tests created: 1
22:25:04.474 [INFO]  [Creating] [5/5] source.E
22:25:04.475 [INFO]  [Creating] [5/5]   Tests created: 2
22:25:04.480 [INFO]  [Reporting] 
22:25:04.481 [INFO]  [Reporting] Summary:
22:25:04.482 [INFO]  [Reporting] --------
22:25:04.482 [INFO]  [Reporting] Total:                                              10 methods
22:25:04.483 [INFO]  [Reporting] 10 tests created for:                               10 methods
22:25:04.483 [INFO]  [Reporting] 
22:25:04.623 [INFO]  [Validating] 
22:25:04.624 [INFO]  [Validating] Running validation command.
22:25:04.628 [INFO]  [Validating] Running: Using JAVA_HOME: C:\Program Files\Java\jdk-17 : in C:\Users\cbontoiu\Desktop\DiffblueTutorials\DemoCLI\extra : gradle test -i  
22:25:05.736 [INFO]  [Validating] Standard output of build tool (gradle)
22:25:05.737 [INFO]  [Validating] > The client will now receive all logging from the daemon (pid: 7736). The daemon log file: C:\Users\cbontoiu\.gradle\daemon\8.2\daemon-7736.out.log
22:25:05.737 [INFO]  [Validating] > Starting 19th build in daemon [uptime: 1 hrs 36 mins 6.1 secs, performance: 100%, GC rate: 0.00/s, heap usage: 0% of 3.9 GiB]
22:25:05.737 [INFO]  [Validating] > Closing daemon's stdin at end of input.
22:25:05.737 [INFO]  [Validating] > The daemon will no longer process any standard input.
22:25:05.737 [INFO]  [Validating] > Using 8 worker leases.
22:25:05.737 [INFO]  [Validating] > Now considering [C:\Users\cbontoiu\Desktop\DiffblueTutorials\DemoCLI] as hierarchies to watch
22:25:05.737 [INFO]  [Validating] > Watching the file system is configured to be enabled if available
22:25:05.737 [INFO]  [Validating] > File system watching is active
22:25:05.737 [INFO]  [Validating] > Starting Build
22:25:05.737 [INFO]  [Validating] > Settings evaluated using settings file 'C:\Users\cbontoiu\Desktop\DiffblueTutorials\DemoCLI\settings.gradle'.
22:25:05.737 [INFO]  [Validating] > Projects loaded. Root project using build file 'C:\Users\cbontoiu\Desktop\DiffblueTutorials\DemoCLI\build.gradle'.
22:25:05.737 [INFO]  [Validating] > Included projects: [root project 'DemoCLI', project ':app', project ':common', project ':extra']
22:25:05.737 [INFO]  [Validating] > 
22:25:05.737 [INFO]  [Validating] > > Configure project :
22:25:05.737 [INFO]  [Validating] > Evaluating root project 'DemoCLI' using build file 'C:\Users\cbontoiu\Desktop\DiffblueTutorials\DemoCLI\build.gradle'.
22:25:05.737 [INFO]  [Validating] > 
22:25:05.737 [INFO]  [Validating] > > Configure project :app
22:25:05.737 [INFO]  [Validating] > Evaluating project ':app' using build file 'C:\Users\cbontoiu\Desktop\DiffblueTutorials\DemoCLI\app\build.gradle'.
22:25:05.737 [INFO]  [Validating] > 
22:25:05.737 [INFO]  [Validating] > > Configure project :common
22:25:05.737 [INFO]  [Validating] > Evaluating project ':common' using build file 'C:\Users\cbontoiu\Desktop\DiffblueTutorials\DemoCLI\common\build.gradle'.
22:25:05.737 [INFO]  [Validating] > 
22:25:05.737 [INFO]  [Validating] > > Configure project :extra
22:25:05.737 [INFO]  [Validating] > Evaluating project ':extra' using build file 'C:\Users\cbontoiu\Desktop\DiffblueTutorials\DemoCLI\extra\build.gradle'.
22:25:05.738 [INFO]  [Validating] > All projects evaluated.
22:25:05.738 [INFO]  [Validating] > Task path ':extra:test' matched project ':extra'
22:25:05.738 [INFO]  [Validating] > Task name matched 'test'
22:25:05.738 [INFO]  [Validating] > Selected primary task 'test' from project :extra
22:25:05.738 [INFO]  [Validating] > The configuration :extra:mainSourceElements is both consumable and declarable. This combination is incorrect, only one of these flags should be set.
22:25:05.738 [INFO]  [Validating] > Tasks to be executed: [task ':extra:compileJava', task ':extra:processResources', task ':extra:classes', task ':extra:compileTestJava', task ':extra:processTestResources', task ':extra:testClasses', task ':extra:test']
22:25:05.738 [INFO]  [Validating] > Tasks that were excluded: []
22:25:05.738 [INFO]  [Validating] > Resolve mutations for :extra:compileJava (Thread[Execution worker,5,main]) started.
22:25:05.738 [INFO]  [Validating] > :extra:compileJava (Thread[Execution worker,5,main]) started.
22:25:05.738 [INFO]  [Validating] > 
22:25:05.738 [INFO]  [Validating] > > Task :extra:compileJava UP-TO-DATE
22:25:05.738 [INFO]  [Validating] > Caching disabled for task ':extra:compileJava' because:
22:25:05.738 [INFO]  [Validating] >   Build cache is disabled
22:25:05.738 [INFO]  [Validating] > Skipping task ':extra:compileJava' as it is up-to-date.
22:25:05.738 [INFO]  [Validating] > Resolve mutations for :extra:processResources (Thread[Execution worker,5,main]) started.
22:25:05.738 [INFO]  [Validating] > :extra:processResources (Thread[Execution worker,5,main]) started.
22:25:05.738 [INFO]  [Validating] > 
22:25:05.738 [INFO]  [Validating] > > Task :extra:processResources NO-SOURCE
22:25:05.738 [INFO]  [Validating] > Skipping task ':extra:processResources' as it has no source files and no previous output files.
22:25:05.738 [INFO]  [Validating] > Resolve mutations for :extra:classes (Thread[Execution worker,5,main]) started.
22:25:05.738 [INFO]  [Validating] > :extra:classes (Thread[Execution worker Thread 7,5,main]) started.
22:25:05.738 [INFO]  [Validating] > 
22:25:05.738 [INFO]  [Validating] > > Task :extra:classes UP-TO-DATE
22:25:05.738 [INFO]  [Validating] > Skipping task ':extra:classes' as it has no actions.
22:25:05.738 [INFO]  [Validating] > Resolve mutations for :extra:compileTestJava (Thread[Execution worker Thread 7,5,main]) started.
22:25:05.738 [INFO]  [Validating] > :extra:compileTestJava (Thread[Execution worker Thread 7,5,main]) started.
22:25:05.738 [INFO]  [Validating] > 
22:25:05.738 [INFO]  [Validating] > > Task :extra:compileTestJava
22:25:05.738 [INFO]  [Validating] > Caching disabled for task ':extra:compileTestJava' because:
22:25:05.738 [INFO]  [Validating] >   Build cache is disabled
22:25:05.738 [INFO]  [Validating] > Task ':extra:compileTestJava' is not up-to-date because:
22:25:05.738 [INFO]  [Validating] >   Input property 'stableSources' file C:\Users\cbontoiu\Desktop\DiffblueTutorials\DemoCLI\extra\src\test\java\DummyJUnitJupiterLauncherDiffblueTest.java has been removed.
22:25:05.738 [INFO]  [Validating] >   Input property 'stableSources' file C:\Users\cbontoiu\Desktop\DiffblueTutorials\DemoCLI\extra\src\test\java\source\DDiffblueTest.java has changed.
22:25:05.738 [INFO]  [Validating] >   Input property 'stableSources' file C:\Users\cbontoiu\Desktop\DiffblueTutorials\DemoCLI\extra\src\test\java\source\EDiffblueTest.java has changed.
22:25:05.738 [INFO]  [Validating] > Created classpath snapshot for incremental compilation in 0.002 secs.
22:25:05.738 [INFO]  [Validating] > Compiling with toolchain 'C:\Program Files\Java\jdk-17'.
22:25:05.738 [INFO]  [Validating] > Compiling with JDK Java compiler API.
22:25:05.738 [INFO]  [Validating] > Incremental compilation of 4 classes completed in 0.137 secs.
22:25:05.739 [INFO]  [Validating] > Class dependency analysis for incremental compilation took 0.01 secs.
22:25:05.739 [INFO]  [Validating] > Resolve mutations for :extra:processTestResources (Thread[Execution worker Thread 7,5,main]) started.
22:25:05.739 [INFO]  [Validating] > :extra:processTestResources (Thread[Execution worker Thread 7,5,main]) started.
22:25:05.739 [INFO]  [Validating] > 
22:25:05.739 [INFO]  [Validating] > > Task :extra:processTestResources NO-SOURCE
22:25:05.739 [INFO]  [Validating] > Skipping task ':extra:processTestResources' as it has no source files and no previous output files.
22:25:05.739 [INFO]  [Validating] > Resolve mutations for :extra:testClasses (Thread[Execution worker Thread 7,5,main]) started.
22:25:05.739 [INFO]  [Validating] > :extra:testClasses (Thread[Execution worker Thread 7,5,main]) started.
22:25:05.739 [INFO]  [Validating] > 
22:25:05.739 [INFO]  [Validating] > > Task :extra:testClasses
22:25:05.739 [INFO]  [Validating] > Skipping task ':extra:testClasses' as it has no actions.
22:25:05.739 [INFO]  [Validating] > Resolve mutations for :extra:test (Thread[Execution worker Thread 3,5,main]) started.
22:25:05.739 [INFO]  [Validating] > :extra:test (Thread[Execution worker Thread 3,5,main]) started.
22:25:05.739 [INFO]  [Validating] > Gradle Test Executor 18 started executing tests.
22:25:05.739 [INFO]  [Validating] > Gradle Test Executor 18 finished executing tests.
22:25:05.739 [INFO]  [Validating] > 
22:25:05.739 [INFO]  [Validating] > > Task :extra:test
22:25:05.739 [INFO]  [Validating] > Caching disabled for task ':extra:test' because:
22:25:05.739 [INFO]  [Validating] >   Build cache is disabled
22:25:05.739 [INFO]  [Validating] > Task ':extra:test' is not up-to-date because:
22:25:05.739 [INFO]  [Validating] >   Value of input property 'filter.failOnNoMatchingTests' has changed for task ':extra:test'
22:25:05.739 [INFO]  [Validating] >   Value of input property 'filter.includePatterns' has changed for task ':extra:test'
22:25:05.739 [INFO]  [Validating] > Starting process 'Gradle Test Executor 18'. Working directory: C:\Users\cbontoiu\Desktop\DiffblueTutorials\DemoCLI\extra Command: C:\Program Files\Java\jdk-17\bin\java.exe -Dorg.gradle.internal.worker.tmpdir=C:\Users\cbontoiu\Desktop\DiffblueTutorials\DemoCLI\extra\build\tmp\test\work -Dorg.gradle.native=false @C:\Users\cbontoiu\.gradle\.tmp\gradle-worker-classpath7305090350758470155txt -Xmx512m -Dfile.encoding=windows-1252 -Duser.country=GB -Duser.language=en -Duser.variant -ea worker.org.gradle.process.internal.worker.GradleWorkerMain 'Gradle Test Executor 18'
22:25:05.739 [INFO]  [Validating] > Successfully started process 'Gradle Test Executor 18'
22:25:05.739 [INFO]  [Validating] > Finished generating test XML results (0.008 secs) into: C:\Users\cbontoiu\Desktop\DiffblueTutorials\DemoCLI\extra\build\test-results\test
22:25:05.739 [INFO]  [Validating] > Generating HTML test report...
22:25:05.739 [INFO]  [Validating] > Finished generating test html results (0.011 secs) into: C:\Users\cbontoiu\Desktop\DiffblueTutorials\DemoCLI\extra\build\reports\tests\test
22:25:05.739 [INFO]  [Validating] > 
22:25:05.739 [INFO]  [Validating] > Deprecated Gradle features were used in this build, making it incompatible with Gradle 9.0.
22:25:05.740 [INFO]  [Validating] > 
22:25:05.740 [INFO]  [Validating] > You can use '--warning-mode all' to show the individual deprecation warnings and determine if they come from your own scripts or plugins.
22:25:05.740 [INFO]  [Validating] > 
22:25:05.740 [INFO]  [Validating] > For more on this, please refer to https://docs.gradle.org/8.2/userguide/command_line_interface.html#sec:command_line_warnings in the Gradle documentation.
22:25:05.740 [INFO]  [Validating] > 
22:25:05.740 [INFO]  [Validating] > BUILD SUCCESSFUL in 1s
22:25:05.740 [INFO]  [Validating] > 3 actionable tasks: 2 executed, 1 up-to-date
22:25:05.740 [INFO]  [Validating] > Watched directory hierarchies: [C:\Users\cbontoiu\Desktop\DiffblueTutorials\DemoCLI]
22:25:05.740 [INFO]  [Validating] Standard error of build tool (gradle)
22:25:05.740 [INFO]  [Validating] > 
22:25:05.755 [INFO]  [Validating] All 10 created tests were successfully validated.
22:25:05.819 [INFO]  [Reporting] Writing JSON report to C:\Users\cbontoiu\Desktop\DiffblueTutorials\DemoCLI\extra\.diffblue\reports\report.json
22:25:05.858 [INFO]  [Reporting] Log file: C:\Users\cbontoiu\Desktop\DiffblueTutorials\DemoCLI\extra\.diffblue\log\user-20230917T222442.log
22:25:05.859 [INFO]  [Reporting] Finished in 22s
