17:39:18.874 [INFO]  [Preparing] Diffblue Cover 2023.09.01-9200f07-unrestricted
17:39:18.875 [INFO]  [Preparing] 
17:39:18.875 [INFO]  [Preparing] Running: dcover create --working-directory=extra source --keep-partial-tests
17:39:20.875 [INFO]  [Checking] Detecting environment:
17:39:20.876 [INFO]  [Checking] ----------------------
17:39:20.956 [INFO]  [Checking] Detected Java version 17.0.6
17:39:24.191 [INFO]  [Checking] Detected build system: Gradle 8.2
17:39:24.196 [INFO]  [Checking] Operating System: Windows 11 amd64 10.0
17:39:24.196 [INFO]  [Checking] Default charset: windows-1252
17:39:24.199 [INFO]  [Checking] Default locale: en_GB
17:39:24.199 [INFO]  [Checking] Default time zone: Europe/London
17:39:24.201 [INFO]  [Checking] Selected build system: Gradle
17:39:24.205 [INFO]  [Checking] Selected classpath from build system Gradle
17:39:24.206 [INFO]  [Checking] Expanded classpath: 
C:\Users\cbontoiu\Desktop\DiffblueTutorials\DemoCLI\extra\build\classes\java\main (code under test)
C:\Users\cbontoiu\Desktop\DiffblueTutorials\DemoCLI\extra\build\resources\test
C:\Users\cbontoiu\Desktop\DiffblueTutorials\DemoCLI\extra\build\resources\main
C:\Users\cbontoiu\.gradle\caches\modules-2\files-2.1\org.junit.jupiter\junit-jupiter\5.9.1\9274d3757e224bc02eae367bd481062a263c150b\junit-jupiter-5.9.1.jar
C:\Users\cbontoiu\.gradle\caches\modules-2\files-2.1\org.junit.jupiter\junit-jupiter-params\5.9.1\ffcd1013edaeee112be11fcddeb38882d79238de\junit-jupiter-params-5.9.1.jar
C:\Users\cbontoiu\.gradle\caches\modules-2\files-2.1\org.junit.jupiter\junit-jupiter-engine\5.9.1\1bf771097bde296c3ab174861954e8aafaaf2e94\junit-jupiter-engine-5.9.1.jar
C:\Users\cbontoiu\.gradle\caches\modules-2\files-2.1\org.junit.jupiter\junit-jupiter-api\5.9.1\7bb53fbc0173e9f6a9d21d58297af94b1f2f9ce1\junit-jupiter-api-5.9.1.jar
C:\Users\cbontoiu\.gradle\caches\modules-2\files-2.1\org.junit.platform\junit-platform-engine\1.9.1\83591e5089d6cea5f324aa3ecca9b19d5a275803\junit-platform-engine-1.9.1.jar
C:\Users\cbontoiu\.gradle\caches\modules-2\files-2.1\org.junit.platform\junit-platform-commons\1.9.1\3145f821b5cd10abcdc5f925baa5fffa6f1b628f\junit-platform-commons-1.9.1.jar
C:\Users\cbontoiu\.gradle\caches\modules-2\files-2.1\org.mockito\mockito-core\5.4.0\30bcbe79f7bd51b53debfc4c6014d0bea4935e37\mockito-core-5.4.0.jar
C:\Users\cbontoiu\.gradle\caches\modules-2\files-2.1\net.bytebuddy\byte-buddy\1.14.5\28a424c0c4f362568e904d992c239c996cf7adc7\byte-buddy-1.14.5.jar
C:\Users\cbontoiu\.gradle\caches\modules-2\files-2.1\net.bytebuddy\byte-buddy-agent\1.14.5\20f4e9b9d0ffb953657bfa4b92c0cceb27907d58\byte-buddy-agent-1.14.5.jar
C:\Users\cbontoiu\.gradle\caches\modules-2\files-2.1\org.objenesis\objenesis\3.3\1049c09f1de4331e8193e579448d0916d75b7631\objenesis-3.3.jar
C:\Users\cbontoiu\.gradle\caches\modules-2\files-2.1\org.opentest4j\opentest4j\1.2.0\28c11eb91f9b6d8e200631d46e20a7f407f2a046\opentest4j-1.2.0.jar
17:39:24.393 [INFO]  [Checking] Detected test framework: JUnit Jupiter 5.9.1
17:39:24.398 [INFO]  [Checking] Detected JUnit Jupiter version 5.9.1
17:39:24.402 [INFO]  [Checking] Detected JUnit Jupiter Params version 5.9.1
17:39:24.433 [INFO]  [Checking] Detected Mockito version 5.4.0
17:39:24.933 [INFO]  [Checking] Indexing...
17:39:25.265 [INFO]  [Checking] Selected test output directory: C:\Users\cbontoiu\Desktop\DiffblueTutorials\DemoCLI\extra\src\test\java
17:39:25.273 [INFO]  [Checking] Running: Using JAVA_HOME: C:\Program Files\Java\jdk-17 : in C:\Users\cbontoiu\Desktop\DiffblueTutorials\DemoCLI\extra : gradle test -i  DummyJupiterDiffblueTest
17:39:32.373 [INFO]  [Checking] Selected test framework: JUnit Jupiter
17:39:32.406 [INFO]  [Checking] Running: Using JAVA_HOME: C:\Program Files\Java\jdk-17 : in C:\Users\cbontoiu\Desktop\DiffblueTutorials\DemoCLI\extra : gradle test -i  DummyJUnitJupiterLauncherDiffblueTest
17:39:33.867 [INFO]  [Checking] Detected JVM architecture: 64-Bit
17:39:34.612 [INFO]  [Checking] Selected Java language compliance level: 17
17:39:34.613 [INFO]  [Checking] Selected test validation: enabled
17:39:34.617 [INFO]  [Checking] Prefixes for filtering classes/methods:
17:39:34.620 [INFO]  [Checking] - source
17:39:34.621 [INFO]  [Checking] Gathering methods to test...
17:39:35.314 [INFO]  [Reporting] 
17:39:35.314 [INFO]  [Reporting] Environment summary:
17:39:35.314 [INFO]  [Reporting] --------------------
17:39:35.317 [INFO]  [Reporting] Java version                  17.0.6                        SUCCESS        
17:39:35.317 [INFO]  [Reporting] Build system                  Gradle                        SUCCESS        
17:39:35.318 [INFO]  [Reporting] Mocking Framework             Mockito 5.4.0                 SUCCESS        
17:39:35.318 [INFO]  [Reporting] Testing framework             JUnit Jupiter 5               SUCCESS        
17:39:35.318 [INFO]  [Reporting] Launcher                      JUnit Jupiter                 SUCCESS        
17:39:35.318 [INFO]  [Reporting] Test validation               Enabled                       SUCCESS        
17:39:35.318 [INFO]  [Reporting] 
17:39:35.318 [INFO]  [Reporting] Environment check status: SUCCESS
17:39:35.359 [INFO]  [Creating] Found 9 callable methods in 6 classes
17:39:35.361 [INFO]  [Creating] 
17:39:35.361 [INFO]  [Creating] Creating tests:
17:39:35.362 [INFO]  [Creating] ---------------
17:39:35.383 [INFO]  [Creating] 
================================================================================
= Starting analysis for class 'source.A'
================================================================================
17:39:35.383 [INFO]  [Creating] Filtering out non-testable methods...
17:39:37.080 [INFO]  [Creating] Filtering of methods complete. Creating analysis request
17:39:37.081 [INFO]  [Creating] Attempting to get service client, retry 1.
17:39:37.091 [INFO]  [Creating] Starting monitoring server.
17:39:37.296 [INFO]  [Creating] Monitoring server listening on localhost/127.0.0.1:56803
17:39:37.311 [INFO]  [Creating] Starting analyzer server process...
17:39:37.311 [INFO]  [Creating] Server command-line: C:\Program Files\Java\jdk-17\bin\java.exe -XX:+IgnoreUnrecognizedVMOptions -Djdk.attach.allowAttachSelf=true -ea -javaagent:C:\DiffblueCoverProduct\launcher-shared-jar.jar -Dlogback.configurationFile=C:\Users\cbontoiu\AppData\Local\Temp\diffblue\config\logback-remote-service.xml -Dcom.diffblue.springIsolationJar=C:\DiffblueCoverProduct\cover-isolation-layer.jar -Dcover.jar.path=C:\DiffblueCoverProduct\cover-service-analyzer.jar -Dcom.diffblue.assertionSuggestionJar=C:\DiffblueCoverProduct\cover-service-analyzer.jar -Dcover.main.class=com.diffblue.cover.service.analyzer.Main -jar C:\DiffblueCoverProduct\launcher-shared-jar.jar --service-lifespan 120 --monitoring-service-port 56803 --index-service-port 56803 --debug-log
17:39:37.320 [INFO]  [Creating] Server started. Waiting up to 300 seconds for a connection to be established...
17:39:38.231 [INFO]  [Creating] Starting new remote monitor client
17:39:39.049 [INFO]  [Creating] Attempting to start remote server.
17:39:39.327 [INFO]  [Creating] Server started, listening on localhost/127.0.0.1:56807
17:39:39.335 [INFO]  [Creating] Expect analyzer service to be listening on port 56807.
17:39:40.009 [INFO]  [Creating] Started analyzer service and client retrieved.
17:39:42.763 [INFO]  [Creating] 
================================================================================
= Creating tests for 'source.A.<init>:()V' using 'TrM (!sp, !fnm, df, !ris)'
================================================================================
17:39:45.026 [INFO]  [Creating]     [1/9] source.A.<init>
17:39:45.026 [INFO]  [Creating]     [1/9]   Tests created: 1
17:39:45.029 [INFO]  [Creating] 
================================================================================
= Creating tests for 'source.A.method:(D)I' using 'SiM (!sp, fnm, df, !ris)'
================================================================================
17:39:46.577 [INFO]  [Creating] Created 1+0 tests and partial tests via 'SiM (!sp, fnm, df, !ris)', 1/2, returning all 1
17:39:46.700 [INFO]  [Creating]     [2/9] source.A.method
17:39:46.700 [INFO]  [Creating]     [2/9]   Tests created: 1
17:39:46.706 [INFO]  [Creating] [1/6] source.A
17:39:46.706 [INFO]  [Creating] [1/6]   Tests created: 2
17:39:46.707 [INFO]  [Creating] 
================================================================================
= Starting analysis for class 'source.B'
================================================================================
17:39:46.707 [INFO]  [Creating] Filtering out non-testable methods...
17:39:46.707 [INFO]  [Creating] Filtering of methods complete. Creating analysis request
17:39:46.707 [INFO]  [Creating] Attempting to get service client, retry 1.
17:39:46.754 [INFO]  [Creating] 
================================================================================
= Creating tests for 'source.B.<init>:()V' using 'TrM (!sp, !fnm, df, !ris)'
================================================================================
17:39:46.867 [INFO]  [Creating]     [3/9] source.B.<init>
17:39:46.867 [INFO]  [Creating]     [3/9]   Tests created: 1
17:39:46.869 [INFO]  [Creating] 
================================================================================
= Creating tests for 'source.B.method:(D)I' using 'SiM (!sp, fnm, df, !ris)'
================================================================================
17:39:47.026 [INFO]  [Creating] Created 1+0 tests and partial tests via 'SiM (!sp, fnm, df, !ris)', 1/2, returning all 1
17:39:47.110 [INFO]  [Creating]     [4/9] source.B.method
17:39:47.110 [INFO]  [Creating]     [4/9]   Tests created: 1
17:39:47.115 [INFO]  [Creating] [2/6] source.B
17:39:47.116 [INFO]  [Creating] [2/6]   Tests created: 2
17:39:47.117 [INFO]  [Creating] 
================================================================================
= Starting analysis for class 'source.C'
================================================================================
17:39:47.117 [INFO]  [Creating] Filtering out non-testable methods...
17:39:47.117 [INFO]  [Creating] Filtering of methods complete. Creating analysis request
17:39:47.117 [INFO]  [Creating] Attempting to get service client, retry 1.
17:39:47.153 [INFO]  [Creating] 
================================================================================
= Creating tests for 'source.C.<init>:()V' using 'TrM (!sp, !fnm, df, !ris)'
================================================================================
17:39:47.260 [INFO]  [Creating]     [5/9] source.C.<init>
17:39:47.261 [INFO]  [Creating]     [5/9]   Tests created: 1
17:39:47.263 [INFO]  [Creating] 
================================================================================
= Creating tests for 'source.C.method:(D)I' using 'SiM (!sp, fnm, df, !ris)'
================================================================================
17:39:47.372 [INFO]  [Creating] Created 1+0 tests and partial tests via 'SiM (!sp, fnm, df, !ris)', 1/2, returning all 1
17:39:47.481 [INFO]  [Creating]     [6/9] source.C.method
17:39:47.482 [INFO]  [Creating]     [6/9]   Tests created: 1
17:39:47.487 [INFO]  [Creating] [3/6] source.C
17:39:47.488 [INFO]  [Creating] [3/6]   Tests created: 2
17:39:47.489 [INFO]  [Creating] 
================================================================================
= Starting analysis for class 'source.M'
================================================================================
17:39:47.490 [INFO]  [Creating] Filtering out non-testable methods...
17:39:47.491 [INFO]  [Creating] Filtering of methods complete. Creating analysis request
17:39:47.491 [INFO]  [Creating] Attempting to get service client, retry 1.
17:39:47.536 [INFO]  [Creating] 
================================================================================
= Creating tests for 'source.M.<init>:()V' using 'TrM (!sp, !fnm, df, !ris)'
================================================================================
17:39:47.691 [INFO]  [Creating]     [7/9] source.M.<init>
17:39:47.691 [INFO]  [Creating]     [7/9]   Tests created: 1
17:39:47.701 [INFO]  [Creating] [4/6] source.M
17:39:47.702 [INFO]  [Creating] [4/6]   Tests created: 1
17:39:47.703 [INFO]  [Creating] 
================================================================================
= Starting analysis for class 'source.N'
================================================================================
17:39:47.703 [INFO]  [Creating] Filtering out non-testable methods...
17:39:47.706 [INFO]  [Creating] Filtering of methods complete. Creating analysis request
17:39:47.706 [INFO]  [Creating] Attempting to get service client, retry 1.
17:39:47.770 [INFO]  [Creating] 
================================================================================
= Creating tests for 'source.N.<init>:()V' using 'SiM (!sp, fnm, df, !ris)'
================================================================================
17:39:47.822 [INFO]  [Creating] Created 1+0 tests and partial tests via 'SiM (!sp, fnm, df, !ris)', 1/2, returning all 1
17:39:47.891 [INFO]  [Creating]     [8/9] source.N.<init>
17:39:47.892 [INFO]  [Creating]     [8/9]   Tests created: 1
17:39:47.897 [INFO]  [Creating] [5/6] source.N
17:39:47.898 [INFO]  [Creating] [5/6]   Tests created: 1
17:39:47.899 [INFO]  [Creating] 
================================================================================
= Starting analysis for class 'source.P'
================================================================================
17:39:47.899 [INFO]  [Creating] Filtering out non-testable methods...
17:39:47.900 [INFO]  [Creating] Filtering of methods complete. Creating analysis request
17:39:47.900 [INFO]  [Creating] Attempting to get service client, retry 1.
17:39:47.945 [INFO]  [Creating] 
================================================================================
= Creating tests for 'source.P.<init>:()V' using 'SiM (!sp, fnm, df, !ris)'
================================================================================
17:39:48.005 [INFO]  [Creating] Created 1+0 tests and partial tests via 'SiM (!sp, fnm, df, !ris)', 1/2, returning all 1
17:39:48.081 [INFO]  [Creating]     [9/9] source.P.<init>
17:39:48.081 [INFO]  [Creating]     [9/9]   Tests created: 1
17:39:48.086 [INFO]  [Creating] [6/6] source.P
17:39:48.087 [INFO]  [Creating] [6/6]   Tests created: 1
17:39:48.093 [INFO]  [Reporting] 
17:39:48.093 [INFO]  [Reporting] Summary:
17:39:48.094 [INFO]  [Reporting] --------
17:39:48.094 [INFO]  [Reporting] Total:                                               9 methods
17:39:48.095 [INFO]  [Reporting] 9 tests created for:                                 9 methods
17:39:48.096 [INFO]  [Reporting] 
17:39:48.255 [INFO]  [Validating] 
17:39:48.256 [INFO]  [Validating] Running validation command.
17:39:48.259 [INFO]  [Validating] Running: Using JAVA_HOME: C:\Program Files\Java\jdk-17 : in C:\Users\cbontoiu\Desktop\DiffblueTutorials\DemoCLI\extra : gradle test -i  
17:39:49.510 [INFO]  [Validating] Standard output of build tool (gradle)
17:39:49.511 [INFO]  [Validating] > The client will now receive all logging from the daemon (pid: 16360). The daemon log file: C:\Users\cbontoiu\.gradle\daemon\8.2\daemon-16360.out.log
17:39:49.511 [INFO]  [Validating] > Starting 3rd build in daemon [uptime: 21.815 secs, performance: 100%, GC rate: 0.00/s, heap usage: 0% of 3.9 GiB]
17:39:49.511 [INFO]  [Validating] > Closing daemon's stdin at end of input.
17:39:49.511 [INFO]  [Validating] > The daemon will no longer process any standard input.
17:39:49.511 [INFO]  [Validating] > Using 8 worker leases.
17:39:49.511 [INFO]  [Validating] > Now considering [C:\Users\cbontoiu\Desktop\DiffblueTutorials\DemoCLI] as hierarchies to watch
17:39:49.511 [INFO]  [Validating] > Watching the file system is configured to be enabled if available
17:39:49.511 [INFO]  [Validating] > File system watching is active
17:39:49.511 [INFO]  [Validating] > Starting Build
17:39:49.511 [INFO]  [Validating] > Settings evaluated using settings file 'C:\Users\cbontoiu\Desktop\DiffblueTutorials\DemoCLI\settings.gradle'.
17:39:49.511 [INFO]  [Validating] > Projects loaded. Root project using build file 'C:\Users\cbontoiu\Desktop\DiffblueTutorials\DemoCLI\build.gradle'.
17:39:49.511 [INFO]  [Validating] > Included projects: [root project 'DemoCLI', project ':app', project ':common', project ':extra']
17:39:49.511 [INFO]  [Validating] > 
17:39:49.511 [INFO]  [Validating] > > Configure project :
17:39:49.511 [INFO]  [Validating] > Evaluating root project 'DemoCLI' using build file 'C:\Users\cbontoiu\Desktop\DiffblueTutorials\DemoCLI\build.gradle'.
17:39:49.511 [INFO]  [Validating] > 
17:39:49.511 [INFO]  [Validating] > > Configure project :app
17:39:49.511 [INFO]  [Validating] > Evaluating project ':app' using build file 'C:\Users\cbontoiu\Desktop\DiffblueTutorials\DemoCLI\app\build.gradle'.
17:39:49.511 [INFO]  [Validating] > 
17:39:49.511 [INFO]  [Validating] > > Configure project :common
17:39:49.511 [INFO]  [Validating] > Evaluating project ':common' using build file 'C:\Users\cbontoiu\Desktop\DiffblueTutorials\DemoCLI\common\build.gradle'.
17:39:49.511 [INFO]  [Validating] > 
17:39:49.511 [INFO]  [Validating] > > Configure project :extra
17:39:49.511 [INFO]  [Validating] > Evaluating project ':extra' using build file 'C:\Users\cbontoiu\Desktop\DiffblueTutorials\DemoCLI\extra\build.gradle'.
17:39:49.511 [INFO]  [Validating] > All projects evaluated.
17:39:49.511 [INFO]  [Validating] > Task path ':extra:test' matched project ':extra'
17:39:49.511 [INFO]  [Validating] > Task name matched 'test'
17:39:49.512 [INFO]  [Validating] > Selected primary task 'test' from project :extra
17:39:49.512 [INFO]  [Validating] > The configuration :extra:mainSourceElements is both consumable and declarable. This combination is incorrect, only one of these flags should be set.
17:39:49.512 [INFO]  [Validating] > Tasks to be executed: [task ':extra:compileJava', task ':extra:processResources', task ':extra:classes', task ':extra:compileTestJava', task ':extra:processTestResources', task ':extra:testClasses', task ':extra:test']
17:39:49.512 [INFO]  [Validating] > Tasks that were excluded: []
17:39:49.512 [INFO]  [Validating] > Resolve mutations for :extra:compileJava (Thread[Execution worker,5,main]) started.
17:39:49.512 [INFO]  [Validating] > :extra:compileJava (Thread[Execution worker,5,main]) started.
17:39:49.512 [INFO]  [Validating] > 
17:39:49.512 [INFO]  [Validating] > > Task :extra:compileJava UP-TO-DATE
17:39:49.512 [INFO]  [Validating] > Caching disabled for task ':extra:compileJava' because:
17:39:49.512 [INFO]  [Validating] >   Build cache is disabled
17:39:49.512 [INFO]  [Validating] > Skipping task ':extra:compileJava' as it is up-to-date.
17:39:49.512 [INFO]  [Validating] > Resolve mutations for :extra:processResources (Thread[Execution worker,5,main]) started.
17:39:49.512 [INFO]  [Validating] > :extra:processResources (Thread[Execution worker,5,main]) started.
17:39:49.512 [INFO]  [Validating] > 
17:39:49.512 [INFO]  [Validating] > > Task :extra:processResources NO-SOURCE
17:39:49.512 [INFO]  [Validating] > Skipping task ':extra:processResources' as it has no source files and no previous output files.
17:39:49.512 [INFO]  [Validating] > Resolve mutations for :extra:classes (Thread[Execution worker,5,main]) started.
17:39:49.512 [INFO]  [Validating] > :extra:classes (Thread[Execution worker Thread 3,5,main]) started.
17:39:49.512 [INFO]  [Validating] > 
17:39:49.513 [INFO]  [Validating] > > Task :extra:classes UP-TO-DATE
17:39:49.513 [INFO]  [Validating] > Skipping task ':extra:classes' as it has no actions.
17:39:49.513 [INFO]  [Validating] > Resolve mutations for :extra:compileTestJava (Thread[Execution worker Thread 3,5,main]) started.
17:39:49.513 [INFO]  [Validating] > :extra:compileTestJava (Thread[Execution worker Thread 3,5,main]) started.
17:39:49.513 [INFO]  [Validating] > 
17:39:49.513 [INFO]  [Validating] > > Task :extra:compileTestJava
17:39:49.513 [INFO]  [Validating] > Caching disabled for task ':extra:compileTestJava' because:
17:39:49.513 [INFO]  [Validating] >   Build cache is disabled
17:39:49.513 [INFO]  [Validating] > Task ':extra:compileTestJava' is not up-to-date because:
17:39:49.513 [INFO]  [Validating] >   Input property 'stableSources' file C:\Users\cbontoiu\Desktop\DiffblueTutorials\DemoCLI\extra\src\test\java\DummyJUnitJupiterLauncherDiffblueTest.java has been removed.
17:39:49.513 [INFO]  [Validating] >   Input property 'stableSources' file C:\Users\cbontoiu\Desktop\DiffblueTutorials\DemoCLI\extra\src\test\java\source\ADiffblueTest.java has been added.
17:39:49.513 [INFO]  [Validating] >   Input property 'stableSources' file C:\Users\cbontoiu\Desktop\DiffblueTutorials\DemoCLI\extra\src\test\java\source\BDiffblueTest.java has been added.
17:39:49.513 [INFO]  [Validating] > Created classpath snapshot for incremental compilation in 0.002 secs.
17:39:49.513 [INFO]  [Validating] > Compiling with toolchain 'C:\Program Files\Java\jdk-17'.
17:39:49.513 [INFO]  [Validating] > Compiling with JDK Java compiler API.
17:39:49.514 [INFO]  [Validating] > Incremental compilation of 8 classes completed in 0.178 secs.
17:39:49.514 [INFO]  [Validating] > Class dependency analysis for incremental compilation took 0.034 secs.
17:39:49.514 [INFO]  [Validating] > Resolve mutations for :extra:processTestResources (Thread[Execution worker Thread 3,5,main]) started.
17:39:49.514 [INFO]  [Validating] > :extra:processTestResources (Thread[Execution worker Thread 3,5,main]) started.
17:39:49.514 [INFO]  [Validating] > 
17:39:49.514 [INFO]  [Validating] > > Task :extra:processTestResources NO-SOURCE
17:39:49.514 [INFO]  [Validating] > Skipping task ':extra:processTestResources' as it has no source files and no previous output files.
17:39:49.514 [INFO]  [Validating] > Resolve mutations for :extra:testClasses (Thread[Execution worker Thread 7,5,main]) started.
17:39:49.514 [INFO]  [Validating] > :extra:testClasses (Thread[Execution worker Thread 7,5,main]) started.
17:39:49.514 [INFO]  [Validating] > 
17:39:49.514 [INFO]  [Validating] > > Task :extra:testClasses
17:39:49.514 [INFO]  [Validating] > Skipping task ':extra:testClasses' as it has no actions.
17:39:49.515 [INFO]  [Validating] > Resolve mutations for :extra:test (Thread[Execution worker Thread 7,5,main]) started.
17:39:49.515 [INFO]  [Validating] > :extra:test (Thread[Execution worker Thread 7,5,main]) started.
17:39:49.515 [INFO]  [Validating] > Gradle Test Executor 3 started executing tests.
17:39:49.515 [INFO]  [Validating] > Gradle Test Executor 3 finished executing tests.
17:39:49.515 [INFO]  [Validating] > 
17:39:49.515 [INFO]  [Validating] > > Task :extra:test
17:39:49.515 [INFO]  [Validating] > Caching disabled for task ':extra:test' because:
17:39:49.515 [INFO]  [Validating] >   Build cache is disabled
17:39:49.515 [INFO]  [Validating] > Task ':extra:test' is not up-to-date because:
17:39:49.515 [INFO]  [Validating] >   Value of input property 'filter.failOnNoMatchingTests' has changed for task ':extra:test'
17:39:49.515 [INFO]  [Validating] >   Value of input property 'filter.includePatterns' has changed for task ':extra:test'
17:39:49.515 [INFO]  [Validating] > Starting process 'Gradle Test Executor 3'. Working directory: C:\Users\cbontoiu\Desktop\DiffblueTutorials\DemoCLI\extra Command: C:\Program Files\Java\jdk-17\bin\java.exe -Dorg.gradle.internal.worker.tmpdir=C:\Users\cbontoiu\Desktop\DiffblueTutorials\DemoCLI\extra\build\tmp\test\work -Dorg.gradle.native=false @C:\Users\cbontoiu\.gradle\.tmp\gradle-worker-classpath17269594955922618071txt -Xmx512m -Dfile.encoding=windows-1252 -Duser.country=GB -Duser.language=en -Duser.variant -ea worker.org.gradle.process.internal.worker.GradleWorkerMain 'Gradle Test Executor 3'
17:39:49.515 [INFO]  [Validating] > Successfully started process 'Gradle Test Executor 3'
17:39:49.515 [INFO]  [Validating] > Finished generating test XML results (0.008 secs) into: C:\Users\cbontoiu\Desktop\DiffblueTutorials\DemoCLI\extra\build\test-results\test
17:39:49.515 [INFO]  [Validating] > Generating HTML test report...
17:39:49.515 [INFO]  [Validating] > Finished generating test html results (0.013 secs) into: C:\Users\cbontoiu\Desktop\DiffblueTutorials\DemoCLI\extra\build\reports\tests\test
17:39:49.515 [INFO]  [Validating] > 
17:39:49.515 [INFO]  [Validating] > Deprecated Gradle features were used in this build, making it incompatible with Gradle 9.0.
17:39:49.515 [INFO]  [Validating] > 
17:39:49.516 [INFO]  [Validating] > You can use '--warning-mode all' to show the individual deprecation warnings and determine if they come from your own scripts or plugins.
17:39:49.516 [INFO]  [Validating] > 
17:39:49.516 [INFO]  [Validating] > For more on this, please refer to https://docs.gradle.org/8.2/userguide/command_line_interface.html#sec:command_line_warnings in the Gradle documentation.
17:39:49.516 [INFO]  [Validating] > 
17:39:49.516 [INFO]  [Validating] > BUILD SUCCESSFUL in 1s
17:39:49.516 [INFO]  [Validating] > 3 actionable tasks: 2 executed, 1 up-to-date
17:39:49.516 [INFO]  [Validating] > Watched directory hierarchies: [C:\Users\cbontoiu\Desktop\DiffblueTutorials\DemoCLI]
17:39:49.516 [INFO]  [Validating] Standard error of build tool (gradle)
17:39:49.516 [INFO]  [Validating] > 
17:39:49.528 [INFO]  [Validating] All 9 created tests were successfully validated.
17:39:49.591 [INFO]  [Reporting] Writing JSON report to C:\Users\cbontoiu\Desktop\DiffblueTutorials\DemoCLI\extra\.diffblue\reports\report.json
17:39:49.633 [INFO]  [Reporting] Log file: C:\Users\cbontoiu\Desktop\DiffblueTutorials\DemoCLI\extra\.diffblue\log\user-20230918T173918.log
17:39:49.634 [INFO]  [Reporting] Finished in 30s
